58000	34039	0.160434	23992	9172	875	1	1	1	1	1
58001	34039	0.159582	24039	9136	864	1	1	1	29560	1
58002	17480	0.179805	12061	4552	867	0.5	0.5	1	21834	1
58003	17443	0.201771	11455	4937	1051	0.5	0.5	1	15106	1
58004	17727	0.231145	10921	5417	1389	0.5	0.5	1	15112	1
58005	17936	0.275675	9948	6087	1901	0.5	0.5	1	15343	1
58006	34039	0.277167	17836	13537	2666	1	1	1	17522	1
58007	34039	0.277314	17844	13511	2684	1	1	1	29483	1
58008	34039	0.281324	17582	13762	2695	1	1	1	29485	1
58009	34039	0.283116	17479	13846	2714	1	1	1	29412	1
58010	34039	0.282309	17500	13859	2680	1	1	1	29427	1
58011	34039	0.282823	17527	13770	2742	1	1	1	29445	1
58012	34039	0.280179	17718	13568	2753	1	1	1	29483	1
58013	34039	0.279518	17666	13717	2656	1	1	1	29461	1
58014	34039	0.280561	17556	13866	2617	1	1	1	29456	1
58015	34039	0.280355	17609	13774	2656	1	1	1	29344	1
58016	34039	0.279429	17707	13641	2691	1	1	1	29463	1
58000	34039	0.160434	23992	9172	875	1	1	1	1	2
58001	34039	0.16155	23935	9210	894	1	1	1	29434	2
58002	17393	0.1822	11919	4610	864	0.5	0.5	1	21775	2
58003	17536	0.210367	11309	5076	1151	0.5	0.5	1	15020	2
58004	17763	0.24703	10522	5706	1535	0.5	0.5	1	15197	2
58005	18064	0.29974	9445	6409	2210	0.5	0.5	1	15417	2
58006	34039	0.297365	16838	14158	3043	1	1	1	17657	2
58007	34039	0.298055	16767	14253	3019	1	1	1	29383	2
58008	34039	0.29785	16769	14263	3007	1	1	1	29432	2
58009	34039	0.296821	16872	14127	3040	1	1	1	29417	2
58010	34039	0.295617	16915	14123	3001	1	1	1	29410	2
58011	34039	0.297042	16823	14210	3006	1	1	1	29383	2
58012	34039	0.298937	16788	14151	3100	1	1	1	29460	2
58013	34039	0.297938	16817	14161	3061	1	1	1	29399	2
58014	34039	0.299274	16708	14288	3043	1	1	1	29378	2
58015	34039	0.300993	16610	14367	3062	1	1	1	29419	2
58016	34039	0.299965	16706	14245	3088	1	1	1	29435	2
58000	34039	0.160434	23992	9172	875	1	1	1	1	3
58001	34039	0.161286	23987	9124	928	1	1	1	29383	3
58002	17513	0.183692	11981	4630	902	0.5	0.5	1	21861	3
58003	17686	0.206632	11499	5065	1122	0.5	0.5	1	15207	3
58004	17519	0.238512	10594	5493	1432	0.5	0.5	1	15230	3
58005	18009	0.273613	9988	6187	1834	0.5	0.5	1	15240	3
58006	34039	0.277182	17784	13640	2615	1	1	1	17628	3
58007	34039	0.276169	17840	13597	2602	1	1	1	29358	3
58008	34039	0.275772	17873	13558	2608	1	1	1	29372	3
58009	34039	0.277446	17698	13794	2547	1	1	1	29448	3
58010	34039	0.278063	17779	13590	2670	1	1	1	29433	3
58011	34039	0.276315	17800	13667	2572	1	1	1	29413	3
58012	34039	0.278254	17776	13583	2680	1	1	1	29519	3
58013	34039	0.278431	17751	13621	2667	1	1	1	29508	3
58014	34039	0.278387	17718	13690	2631	1	1	1	29482	3
58015	34039	0.277285	17753	13695	2591	1	1	1	29428	3
58016	34039	0.276242	17865	13542	2632	1	1	1	29452	3
58000	34039	0.160434	23992	9172	875	1	1	1	1	4
58001	34039	0.159831	24035	9127	877	1	1	1	29469	4
58002	17434	0.180739	12017	4532	885	0.5	0.5	1	21792	4
58003	17506	0.208014	11335	5059	1112	0.5	0.5	1	15115	4
58004	17720	0.242805	10621	5593	1506	0.5	0.5	1	15257	4
58005	18064	0.285457	9784	6247	2033	0.5	0.5	1	15322	4
58006	34039	0.288463	17247	13946	2846	1	1	1	17664	4
58007	34039	0.28958	17162	14040	2837	1	1	1	29491	4
58008	34039	0.289418	17209	13957	2873	1	1	1	29437	4
58009	34039	0.288111	17261	13942	2836	1	1	1	29394	4
58010	34039	0.285261	17363	13932	2744	1	1	1	29486	4
58011	34039	0.287714	17251	13989	2799	1	1	1	29391	4
58012	34039	0.29002	17140	14054	2845	1	1	1	29503	4
58013	34039	0.285511	17346	13949	2744	1	1	1	29424	4
58014	34039	0.285393	17396	13857	2786	1	1	1	29489	4
58015	34039	0.285525	17342	13956	2741	1	1	1	29437	4
58016	34039	0.285834	17335	13949	2755	1	1	1	29424	4
58000	34039	0.160434	23992	9172	875	1	1	1	1	5
58001	34039	0.161462	23961	9164	914	1	1	1	29334	5
58002	17529	0.182098	12069	4536	924	0.5	0.5	1	21879	5
58003	17644	0.207379	11463	5044	1137	0.5	0.5	1	15251	5
58004	17563	0.245801	10400	5692	1471	0.5	0.5	1	15170	5
58005	18164	0.286886	9797	6312	2055	0.5	0.5	1	15305	5
58006	34039	0.289624	17137	14087	2815	1	1	1	17729	5
58007	34039	0.291607	17101	14024	2914	1	1	1	29425	5
58008	34039	0.292326	17038	14101	2900	1	1	1	29392	5
58009	34039	0.289095	17234	13929	2876	1	1	1	29443	5
58010	34039	0.289462	17211	13950	2878	1	1	1	29460	5
58011	34039	0.289242	17180	14027	2832	1	1	1	29353	5
58012	34039	0.290946	17169	13933	2937	1	1	1	29365	5
58013	34039	0.291386	17064	14113	2862	1	1	1	29400	5
58014	34039	0.291049	17082	14100	2857	1	1	1	29460	5
58015	34039	0.29171	17053	14113	2873	1	1	1	29363	5
58016	34039	0.291063	17156	13951	2932	1	1	1	29508	5
58000	34039	0.160434	23992	9172	875	1	1	1	1	6
58001	34039	0.161609	23955	9166	918	1	1	1	29337	6
58002	17642	0.18079	12120	4665	857	0.5	0.5	1	21929	6
58003	17619	0.206056	11426	5125	1068	0.5	0.5	1	15234	6
58004	17806	0.240284	10753	5549	1504	0.5	0.5	1	15336	6
58005	18054	0.28016	9934	6124	1996	0.5	0.5	1	15454	6
58006	34039	0.280472	17668	13648	2723	1	1	1	17651	6
58007	34039	0.283425	17435	13913	2691	1	1	1	29418	6
58008	34039	0.28366	17486	13795	2758	1	1	1	29472	6
58009	34039	0.285981	17435	13739	2865	1	1	1	29386	6
58010	34039	0.286025	17387	13832	2820	1	1	1	29357	6
58011	34039	0.284468	17464	13784	2791	1	1	1	29389	6
58012	34039	0.283454	17506	13769	2764	1	1	1	29520	6
58013	34039	0.284879	17368	13948	2723	1	1	1	29378	6
58014	34039	0.284541	17470	13767	2802	1	1	1	29378	6
58015	34039	0.285217	17388	13885	2766	1	1	1	29473	6
58016	34039	0.285878	17311	13994	2734	1	1	1	29461	6
58000	34039	0.160434	23992	9172	875	1	1	1	1	7
58001	34039	0.160037	24052	9079	908	1	1	1	29460	7
58002	17438	0.184453	11898	4647	893	0.5	0.5	1	21779	7
58003	17728	0.209809	11395	5227	1106	0.5	0.5	1	15094	7
58004	17666	0.243632	10563	5598	1505	0.5	0.5	1	15251	7
58005	17901	0.283169	9712	6240	1949	0.5	0.5	1	15355	7
58006	34039	0.283807	17443	13871	2725	1	1	1	17521	7
58007	34039	0.282881	17455	13910	2674	1	1	1	29332	7
58008	34039	0.283954	17406	13935	2698	1	1	1	29392	7
58009	34039	0.282837	17532	13759	2748	1	1	1	29499	7
58010	34039	0.279841	17653	13721	2665	1	1	1	29433	7
58011	34039	0.279312	17700	13663	2676	1	1	1	29444	7
58012	34039	0.276418	17853	13554	2632	1	1	1	29412	7
58013	34039	0.274024	17927	13569	2543	1	1	1	29494	7
58014	34039	0.272408	18005	13523	2511	1	1	1	29536	7
58015	34039	0.273451	17976	13510	2553	1	1	1	29355	7
58016	34039	0.270719	18087	13474	2478	1	1	1	29365	7
58000	34039	0.160434	23992	9172	875	1	1	1	1	8
58001	34039	0.156805	24211	8981	847	1	1	1	29330	8
58002	17524	0.177956	12104	4603	817	0.5	0.5	1	21875	8
58003	17701	0.204847	11518	5114	1069	0.5	0.5	1	15144	8
58004	17865	0.236636	10832	5611	1422	0.5	0.5	1	15336	8
58005	17991	0.275193	9999	6082	1910	0.5	0.5	1	15536	8
58006	34039	0.274582	17890	13605	2544	1	1	1	17568	8
58007	34039	0.271762	18006	13565	2468	1	1	1	29385	8
58008	34039	0.271953	18013	13538	2488	1	1	1	29438	8
58009	34039	0.269353	18064	13613	2362	1	1	1	29424	8
58010	34039	0.27044	18108	13451	2480	1	1	1	29431	8
58011	34039	0.270366	18142	13388	2509	1	1	1	29428	8
58012	34039	0.267987	18220	13394	2425	1	1	1	29371	8
58013	34039	0.267987	18234	13366	2439	1	1	1	29390	8
58014	34039	0.266973	18309	13285	2445	1	1	1	29482	8
58015	34039	0.268104	18175	13476	2388	1	1	1	29421	8
58016	34039	0.270366	18099	13474	2466	1	1	1	29485	8
58000	34039	0.160434	23992	9172	875	1	1	1	1	9
58001	34039	0.16155	23938	9204	897	1	1	1	29425	9
58002	17402	0.183916	11913	4577	912	0.5	0.5	1	21815	9
58003	17522	0.206312	11408	4998	1116	0.5	0.5	1	15046	9
58004	17802	0.237249	10788	5581	1433	0.5	0.5	1	15275	9
58005	18045	0.2734	10058	6107	1880	0.5	0.5	1	15483	9
58006	34039	0.272379	18024	13487	2528	1	1	1	17602	9
58007	34039	0.272085	18097	13361	2581	1	1	1	29340	9
58008	34039	0.271483	18043	13510	2486	1	1	1	29356	9
58009	34039	0.271453	18057	13484	2498	1	1	1	29441	9
58010	34039	0.269529	18202	13325	2512	1	1	1	29489	9
58011	34039	0.268442	18206	13391	2442	1	1	1	29430	9
58012	34039	0.270748	18075	13496	2468	1	1	1	29461	9
58013	34039	0.271512	18055	13484	2500	1	1	1	29532	9
58014	34039	0.270469	18124	13417	2498	1	1	1	29405	9
58015	34039	0.268589	18205	13383	2451	1	1	1	29470	9
58016	34039	0.268971	18160	13447	2432	1	1	1	29402	9
58000	34039	0.160434	23992	9172	875	1	1	1	1	10
58001	34039	0.160478	23962	9229	848	1	1	1	29440	10
58002	17434	0.182718	11948	4601	885	0.5	0.5	1	21759	10
58003	17525	0.210528	11312	5047	1166	0.5	0.5	1	15040	10
58004	17637	0.241453	10615	5527	1495	0.5	0.5	1	15170	10
58005	17927	0.282646	9730	6260	1937	0.5	0.5	1	15269	10
58006	34039	0.282529	17445	13954	2640	1	1	1	17563	10
58007	34039	0.283851	17434	13886	2719	1	1	1	29456	10
58008	34039	0.281354	17562	13800	2677	1	1	1	29458	10
58009	34039	0.282059	17572	13732	2735	1	1	1	29419	10
58010	34039	0.281457	17613	13691	2735	1	1	1	29409	10
58011	34039	0.279709	17668	13700	2671	1	1	1	29442	10
58012	34039	0.278945	17743	13602	2694	1	1	1	29439	10
58013	34039	0.278431	17765	13593	2681	1	1	1	29446	10
58014	34039	0.279562	17652	13742	2645	1	1	1	29483	10
58015	34039	0.278871	17714	13665	2660	1	1	1	29486	10
58016	34039	0.279767	17582	13868	2589	1	1	1	29401	10
58000	34039	0.160434	23992	9172	875	1	1	1	1	11
58001	34039	0.159567	24077	9061	901	1	1	1	29387	11
58002	17415	0.179185	12030	4529	856	0.5	0.5	1	21840	11
58003	17619	0.199018	11663	4899	1057	0.5	0.5	1	15120	11
58004	17879	0.229403	11047	5461	1371	0.5	0.5	1	15313	11
58005	17948	0.265489	10204	5958	1786	0.5	0.5	1	15446	11
58006	34039	0.267546	18248	13368	2423	1	1	1	17530	11
58007	34039	0.265651	18320	13353	2366	1	1	1	29486	11
58008	34039	0.266929	18225	13456	2358	1	1	1	29377	11
58009	34039	0.269059	18210	13341	2488	1	1	1	29392	11
58010	34039	0.267678	18280	13295	2464	1	1	1	29430	11
58011	34039	0.265475	18332	13341	2366	1	1	1	29471	11
58012	34039	0.267458	18217	13436	2386	1	1	1	29507	11
58013	34039	0.266679	18291	13341	2407	1	1	1	29465	11
58014	34039	0.265225	18364	13294	2381	1	1	1	29423	11
58015	34039	0.266459	18316	13306	2417	1	1	1	29382	11
58016	34039	0.264285	18391	13304	2344	1	1	1	29390	11
58000	34039	0.160434	23992	9172	875	1	1	1	1	12
58001	34039	0.162417	23837	9347	855	1	1	1	29488	12
58002	17573	0.184601	11980	4698	895	0.5	0.5	1	21895	12
58003	17830	0.209282	11473	5251	1106	0.5	0.5	1	15277	12
58004	17866	0.241044	10743	5633	1490	0.5	0.5	1	15467	12
58005	18098	0.2826	9859	6249	1990	0.5	0.5	1	15426	12
58006	34039	0.281559	17597	13716	2726	1	1	1	17697	12
58007	34039	0.283675	17470	13826	2743	1	1	1	29463	12
58008	34039	0.284615	17468	13766	2805	1	1	1	29425	12
58009	34039	0.285041	17479	13715	2845	1	1	1	29423	12
58010	34039	0.283058	17488	13832	2719	1	1	1	29405	12
58011	34039	0.279944	17640	13740	2659	1	1	1	29397	12
58012	34039	0.277432	17803	13585	2651	1	1	1	29514	12
58013	34039	0.275757	17825	13655	2559	1	1	1	29427	12
58014	34039	0.27423	17912	13585	2542	1	1	1	29393	12
58015	34039	0.275317	17869	13597	2573	1	1	1	29502	12
58016	34039	0.275698	17821	13667	2551	1	1	1	29425	12
58000	34039	0.160434	23992	9172	875	1	1	1	1	13
58001	34039	0.159376	24049	9130	860	1	1	1	29396	13
58002	17374	0.179579	11947	4614	813	0.5	0.5	1	21840	13
58003	17653	0.203422	11579	4966	1108	0.5	0.5	1	15000	13
58004	17554	0.232511	10770	5405	1379	0.5	0.5	1	15145	13
58005	17938	0.271853	10021	6081	1836	0.5	0.5	1	15257	13
58006	34039	0.271894	18060	13448	2531	1	1	1	17548	13
58007	34039	0.273245	17964	13548	2527	1	1	1	29418	13
58008	34039	0.26994	18114	13473	2452	1	1	1	29386	13
58009	34039	0.26618	18379	13199	2461	1	1	1	29537	13
58010	34039	0.269221	18151	13448	2440	1	1	1	29439	13
58011	34039	0.267708	18254	13345	2440	1	1	1	29415	13
58012	34039	0.271556	18058	13475	2506	1	1	1	29502	13
58013	34039	0.268927	18247	13276	2516	1	1	1	29486	13
58014	34039	0.265769	18376	13233	2430	1	1	1	29357	13
58015	34039	0.264623	18373	13317	2349	1	1	1	29285	13
58016	34039	0.262669	18554	13088	2397	1	1	1	29497	13
58000	34039	0.160434	23992	9172	875	1	1	1	1	14
58001	34039	0.162784	23824	9348	867	1	1	1	29461	14
58002	17355	0.184529	11837	4631	887	0.5	0.5	1	21715	14
58003	17461	0.212273	11256	4997	1208	0.5	0.5	1	14998	14
58004	17656	0.248952	10454	5613	1589	0.5	0.5	1	15141	14
58005	18090	0.29497	9504	6500	2086	0.5	0.5	1	15372	14
58006	34039	0.295294	16933	14109	2997	1	1	1	17682	14
58007	34039	0.292282	17139	13902	2998	1	1	1	29488	14
58008	34039	0.293164	17054	14012	2973	1	1	1	29439	14
58009	34039	0.294089	16966	14125	2948	1	1	1	29458	14
58010	34039	0.291754	17037	14142	2860	1	1	1	29458	14
58011	34039	0.29265	16997	14161	2881	1	1	1	29459	14
58012	34039	0.291915	17100	14005	2934	1	1	1	29394	14
58013	34039	0.291401	17128	13984	2927	1	1	1	29407	14
58014	34039	0.291695	17004	14212	2823	1	1	1	29379	14
58015	34039	0.289873	17108	14128	2803	1	1	1	29398	14
58016	34039	0.290006	17192	13951	2896	1	1	1	29461	14
58000	34039	0.160434	23992	9172	875	1	1	1	1	15
58001	34039	0.159934	24040	9110	889	1	1	1	29432	15
58002	17460	0.180498	11991	4635	834	0.5	0.5	1	21851	15
58003	17629	0.204266	11533	4990	1106	0.5	0.5	1	15102	15
58004	17667	0.238892	10658	5577	1432	0.5	0.5	1	15258	15
58005	17957	0.281394	9785	6238	1934	0.5	0.5	1	15276	15
58006	34039	0.281031	17531	13884	2624	1	1	1	17561	15
58007	34039	0.28222	17526	13813	2700	1	1	1	29404	15
58008	34039	0.281001	17554	13840	2645	1	1	1	29469	15
58009	34039	0.281501	17575	13764	2700	1	1	1	29349	15
58010	34039	0.284483	17385	13941	2713	1	1	1	29443	15
58011	34039	0.285144	17409	13848	2782	1	1	1	29509	15
58012	34039	0.286231	17352	13888	2799	1	1	1	29511	15
58013	34039	0.287141	17374	13782	2883	1	1	1	29334	15
58014	34039	0.288801	17226	13965	2848	1	1	1	29455	15
58015	34039	0.288698	17198	14028	2813	1	1	1	29447	15
58016	34039	0.290241	17177	13965	2897	1	1	1	29490	15
58000	34039	0.160434	23992	9172	875	1	1	1	1	16
58001	34039	0.160889	23973	9179	887	1	1	1	29372	16
58002	17392	0.181405	11965	4544	883	0.5	0.5	1	21891	16
58003	17623	0.208875	11392	5100	1131	0.5	0.5	1	15114	16
58004	17722	0.245401	10496	5754	1472	0.5	0.5	1	15206	16
58005	18175	0.288446	9799	6267	2109	0.5	0.5	1	15419	16
58006	34039	0.288463	17216	14008	2815	1	1	1	17728	16
58007	34039	0.288184	17316	13827	2896	1	1	1	29305	16
58008	34039	0.288434	17223	13996	2820	1	1	1	29467	16
58009	34039	0.286906	17252	14042	2745	1	1	1	29404	16
58010	34039	0.287538	17267	13969	2803	1	1	1	29393	16
58011	34039	0.290461	17117	14070	2852	1	1	1	29357	16
58012	34039	0.290549	17123	14052	2864	1	1	1	29442	16
58013	34039	0.294192	16933	14184	2922	1	1	1	29398	16
58014	34039	0.292796	16997	14151	2891	1	1	1	29455	16
58015	34039	0.293546	16884	14326	2829	1	1	1	29444	16
58016	34039	0.295529	16877	14205	2957	1	1	1	29499	16
58000	34039	0.160434	23992	9172	875	1	1	1	1	17
58001	34039	0.161888	23916	9225	898	1	1	1	29507	17
58002	17502	0.180294	12025	4643	834	0.5	0.5	1	21820	17
58003	17631	0.204866	11475	5088	1068	0.5	0.5	1	15171	17
58004	17790	0.236172	10852	5473	1465	0.5	0.5	1	15234	17
58005	17767	0.276186	9855	6010	1902	0.5	0.5	1	15393	17
58006	34039	0.274553	17945	13497	2597	1	1	1	17368	17
58007	34039	0.274185	17923	13566	2550	1	1	1	29475	17
58008	34039	0.27301	17991	13510	2538	1	1	1	29360	17
58009	34039	0.272217	18014	13518	2507	1	1	1	29429	17
58010	34039	0.27326	17992	13491	2556	1	1	1	29351	17
58011	34039	0.274097	17921	13576	2542	1	1	1	29379	17
58012	34039	0.27467	17904	13571	2564	1	1	1	29427	17
58013	34039	0.274582	17957	13471	2611	1	1	1	29350	17
58014	34039	0.276418	17848	13564	2627	1	1	1	29412	17
58015	34039	0.271365	18061	13482	2496	1	1	1	29403	17
58016	34039	0.27326	17966	13543	2530	1	1	1	29416	17
58000	34039	0.160434	23992	9172	875	1	1	1	1	18
58001	34039	0.160698	24016	9106	917	1	1	1	29464	18
58002	17525	0.184451	11957	4671	897	0.5	0.5	1	21863	18
58003	17643	0.211954	11354	5099	1190	0.5	0.5	1	15129	18
58004	17818	0.245061	10675	5553	1590	0.5	0.5	1	15350	18
58005	18131	0.285202	9823	6274	2034	0.5	0.5	1	15402	18
58006	34039	0.285041	17417	13839	2783	1	1	1	17729	18
58007	34039	0.286069	17375	13853	2811	1	1	1	29394	18
58008	34039	0.288096	17264	13937	2838	1	1	1	29449	18
58009	34039	0.287185	17304	13919	2816	1	1	1	29363	18
58010	34039	0.286392	17335	13911	2793	1	1	1	29454	18
58011	34039	0.287817	17204	14076	2759	1	1	1	29449	18
58012	34039	0.286363	17349	13885	2805	1	1	1	29390	18
58013	34039	0.281662	17550	13803	2686	1	1	1	29451	18
58014	34039	0.283469	17468	13844	2727	1	1	1	29420	18
58015	34039	0.283205	17576	13646	2817	1	1	1	29425	18
58016	34039	0.283821	17436	13884	2719	1	1	1	29418	18
58000	34039	0.160434	23992	9172	875	1	1	1	1	19
58001	34039	0.160625	23982	9179	878	1	1	1	29454	19
58002	17548	0.179023	12133	4547	868	0.5	0.5	1	21913	19
58003	17629	0.207017	11474	5011	1144	0.5	0.5	1	15167	19
58004	17958	0.235912	10934	5575	1449	0.5	0.5	1	15302	19
58005	17923	0.27992	9814	6184	1925	0.5	0.5	1	15492	19
58006	34039	0.278548	17716	13683	2640	1	1	1	17495	19
58007	34039	0.277623	17778	13622	2639	1	1	1	29481	19
58008	34039	0.275331	17907	13520	2612	1	1	1	29469	19
58009	34039	0.272144	18015	13521	2503	1	1	1	29512	19
58010	34039	0.272349	18058	13421	2560	1	1	1	29399	19
58011	34039	0.271615	18020	13547	2472	1	1	1	29448	19
58012	34039	0.270264	18062	13555	2422	1	1	1	29411	19
58013	34039	0.26759	18267	13327	2445	1	1	1	29382	19
58014	34039	0.264887	18389	13267	2383	1	1	1	29408	19
58015	34039	0.263404	18426	13294	2319	1	1	1	29463	19
58016	34039	0.261127	18625	13051	2363	1	1	1	29460	19
58000	34039	0.160434	23992	9172	875	1	1	1	1	20
58001	34039	0.161961	23911	9230	898	1	1	1	29388	20
58002	17552	0.177928	12182	4494	876	0.5	0.5	1	21872	20
58003	17480	0.207637	11347	5007	1126	0.5	0.5	1	15117	20
58004	17892	0.241225	10718	5716	1458	0.5	0.5	1	15188	20
58005	17911	0.282229	9779	6154	1978	0.5	0.5	1	15474	20
58006	34039	0.279356	17696	13668	2675	1	1	1	17502	20
58007	34039	0.279429	17703	13649	2687	1	1	1	29419	20
58008	34039	0.278019	17695	13761	2583	1	1	1	29412	20
58009	34039	0.279048	17655	13771	2613	1	1	1	29307	20
58010	34039	0.276932	17786	13653	2600	1	1	1	29432	20
58011	34039	0.276903	17804	13619	2616	1	1	1	29351	20
58012	34039	0.277755	17803	13563	2673	1	1	1	29367	20
58013	34039	0.27799	17756	13641	2642	1	1	1	29427	20
58014	34039	0.275904	17849	13597	2593	1	1	1	29386	20
58015	34039	0.277358	17764	13668	2607	1	1	1	29425	20
58016	34039	0.277388	17807	13580	2652	1	1	1	29514	20
58000	34039	0.160434	23992	9172	875	1	1	1	1	21
58001	34039	0.161741	23908	9251	880	1	1	1	29392	21
58002	17291	0.185154	11801	4577	913	0.5	0.5	1	21754	21
58003	17607	0.211194	11341	5095	1171	0.5	0.5	1	15007	21
58004	17830	0.244448	10651	5641	1538	0.5	0.5	1	15193	21
58005	17914	0.284554	9716	6201	1997	0.5	0.5	1	15391	21
58006	34039	0.281648	17551	13802	2686	1	1	1	17499	21
58007	34039	0.282279	17586	13689	2764	1	1	1	29423	21
58008	34039	0.282661	17487	13861	2691	1	1	1	29368	21
58009	34039	0.284497	17455	13800	2784	1	1	1	29442	21
58010	34039	0.28554	17395	13849	2795	1	1	1	29463	21
58011	34039	0.285672	17402	13826	2811	1	1	1	29435	21
58012	34039	0.285511	17402	13837	2800	1	1	1	29457	21
58013	34039	0.284585	17398	13908	2733	1	1	1	29454	21
58014	34039	0.284659	17483	13733	2823	1	1	1	29428	21
58015	34039	0.286172	17314	13968	2757	1	1	1	29392	21
58016	34039	0.286892	17289	13969	2781	1	1	1	29396	21
58000	34039	0.160434	23992	9172	875	1	1	1	1	22
58001	34039	0.160581	23984	9178	877	1	1	1	29420	22
58002	17523	0.182446	11983	4686	854	0.5	0.5	1	21930	22
58003	17515	0.205852	11402	5015	1098	0.5	0.5	1	15114	22
58004	17886	0.236638	10841	5625	1420	0.5	0.5	1	15241	22
58005	18037	0.27682	9939	6210	1888	0.5	0.5	1	15463	22
58006	34039	0.275287	17914	13509	2616	1	1	1	17630	22
58007	34039	0.275052	17945	13463	2631	1	1	1	29349	22
58008	34039	0.280605	17627	13721	2691	1	1	1	29322	22
58009	34039	0.283616	17508	13754	2777	1	1	1	29444	22
58010	34039	0.283968	17474	13798	2767	1	1	1	29359	22
58011	34039	0.284306	17451	13821	2767	1	1	1	29406	22
58012	34039	0.281251	17593	13745	2701	1	1	1	29439	22
58013	34039	0.281501	17598	13718	2723	1	1	1	29486	22
58014	34039	0.280957	17586	13779	2674	1	1	1	29515	22
58015	34039	0.28131	17650	13627	2762	1	1	1	29446	22
58016	34039	0.282896	17490	13839	2710	1	1	1	29369	22
58000	34039	0.160434	23992	9172	875	1	1	1	1	23
58001	34039	0.160301	23971	9223	845	1	1	1	29466	23
58002	17447	0.185333	11916	4595	936	0.5	0.5	1	21680	23
58003	17600	0.209489	11394	5038	1168	0.5	0.5	1	15140	23
58004	17775	0.247286	10558	5643	1574	0.5	0.5	1	15222	23
58005	18091	0.291388	9648	6343	2100	0.5	0.5	1	15464	23
58006	34039	0.286216	17275	14043	2721	1	1	1	17655	23
58007	34039	0.28742	17283	13945	2811	1	1	1	29482	23
58008	34039	0.287802	17287	13911	2841	1	1	1	29443	23
58009	34039	0.288199	17271	13916	2852	1	1	1	29525	23
58010	34039	0.290755	17102	14080	2857	1	1	1	29382	23
58011	34039	0.291754	17019	14178	2842	1	1	1	29384	23
58012	34039	0.29005	17147	14038	2854	1	1	1	29500	23
58013	34039	0.29171	17102	14015	2922	1	1	1	29348	23
58014	34039	0.293972	16965	14135	2939	1	1	1	29378	23
58015	34039	0.289771	17187	13977	2875	1	1	1	29493	23
58016	34039	0.289345	17192	13996	2851	1	1	1	29381	23
58000	34039	0.160434	23992	9172	875	1	1	1	1	24
58001	34039	0.161374	23951	9190	898	1	1	1	29462	24
58002	17506	0.184137	11966	4633	907	0.5	0.5	1	21825	24
58003	17630	0.204368	11522	5010	1098	0.5	0.5	1	15154	24
58004	17658	0.238221	10673	5557	1428	0.5	0.5	1	15236	24
58005	17942	0.281881	9797	6175	1970	0.5	0.5	1	15296	24
58006	34039	0.280825	17678	13604	2757	1	1	1	17536	24
58007	34039	0.279944	17663	13694	2682	1	1	1	29392	24
58008	34039	0.27846	17778	13565	2696	1	1	1	29439	24
58009	34039	0.2794	17585	13887	2567	1	1	1	29432	24
58010	34039	0.280487	17588	13807	2644	1	1	1	29383	24
58011	34039	0.28059	17654	13668	2717	1	1	1	29386	24
58012	34039	0.280296	17594	13808	2637	1	1	1	29387	24
58013	34039	0.282353	17487	13882	2670	1	1	1	29413	24
58014	34039	0.282925	17534	13749	2756	1	1	1	29368	24
58015	34039	0.283777	17433	13893	2713	1	1	1	29486	24
58016	34039	0.283998	17445	13854	2740	1	1	1	29466	24
58000	34039	0.160434	23992	9172	875	1	1	1	1	25
58001	34039	0.160213	23954	9263	822	1	1	1	29378	25
58002	17337	0.182067	11916	4529	892	0.5	0.5	1	21757	25
58003	17867	0.209017	11587	5091	1189	0.5	0.5	1	15099	25
58004	17877	0.238826	10815	5585	1477	0.5	0.5	1	15449	25
58005	18058	0.27791	9933	6213	1912	0.5	0.5	1	15469	25
58006	34039	0.278651	17774	13560	2705	1	1	1	17641	25
58007	34039	0.27799	17715	13723	2601	1	1	1	29445	25
58008	34039	0.276947	17846	13532	2661	1	1	1	29541	25
58009	34039	0.274479	17876	13640	2523	1	1	1	29357	25
58010	34039	0.270557	18123	13413	2503	1	1	1	29416	25
58011	34039	0.269118	18150	13457	2432	1	1	1	29442	25
58012	34039	0.269632	18164	13394	2481	1	1	1	29491	25
58013	34039	0.269838	18130	13448	2461	1	1	1	29418	25
58014	34039	0.270528	18119	13423	2497	1	1	1	29488	25
58015	34039	0.271292	18091	13427	2521	1	1	1	29368	25
58016	34039	0.269338	18202	13338	2499	1	1	1	29405	25
58000	34039	0.160434	23992	9172	875	1	1	1	1	26
58001	34039	0.158656	24091	9095	853	1	1	1	29499	26
58002	17249	0.17746	11994	4388	867	0.5	0.5	1	21688	26
58003	17515	0.20177	11522	4918	1075	0.5	0.5	1	15021	26
58004	17740	0.232413	10852	5530	1358	0.5	0.5	1	15194	26
58005	17834	0.276298	9867	6079	1888	0.5	0.5	1	15368	26
58006	34039	0.274846	17895	13577	2567	1	1	1	17436	26
58007	34039	0.275552	17914	13491	2634	1	1	1	29417	26
58008	34039	0.275596	17875	13566	2598	1	1	1	29505	26
58009	34039	0.277211	17730	13746	2563	1	1	1	29419	26
58010	34039	0.279297	17719	13626	2694	1	1	1	29259	26
58011	34039	0.2773	17765	13670	2604	1	1	1	29409	26
58012	34039	0.277035	17831	13556	2652	1	1	1	29396	26
58013	34039	0.275948	17909	13474	2656	1	1	1	29503	26
58014	34039	0.277373	17725	13745	2569	1	1	1	29408	26
58015	34039	0.277608	17771	13637	2631	1	1	1	29342	26
58016	34039	0.275919	17852	13590	2597	1	1	1	29425	26
58000	34039	0.160434	23992	9172	875	1	1	1	1	27
58001	34039	0.160669	23952	9236	851	1	1	1	29320	27
58002	17406	0.181748	11919	4647	840	0.5	0.5	1	21741	27
58003	17725	0.205783	11542	5071	1112	0.5	0.5	1	15151	27
58004	17772	0.238127	10714	5652	1406	0.5	0.5	1	15328	27
58005	17947	0.282498	9753	6248	1946	0.5	0.5	1	15388	27
58006	34039	0.282837	17501	13821	2717	1	1	1	17509	27
58007	34039	0.278989	17689	13707	2643	1	1	1	29400	27
58008	34039	0.276639	17797	13651	2591	1	1	1	29418	27
58009	34039	0.276448	17786	13686	2567	1	1	1	29435	27
58010	34039	0.274846	17881	13605	2553	1	1	1	29458	27
58011	34039	0.27821	17745	13648	2646	1	1	1	29493	27
58012	34039	0.279562	17656	13734	2649	1	1	1	29428	27
58013	34039	0.281148	17562	13814	2663	1	1	1	29391	27
58014	34039	0.278533	17690	13736	2613	1	1	1	29459	27
58015	34039	0.277314	17739	13721	2579	1	1	1	29477	27
58016	34039	0.279297	17648	13768	2623	1	1	1	29375	27
58000	34039	0.160434	23992	9172	875	1	1	1	1	28
58001	34039	0.158407	24095	9104	840	1	1	1	29480	28
58002	17382	0.176476	12115	4399	868	0.5	0.5	1	21724	28
58003	17564	0.198133	11657	4854	1053	0.5	0.5	1	15033	28
58004	17658	0.227942	10939	5388	1331	0.5	0.5	1	15200	28
58005	17909	0.266374	10192	5893	1824	0.5	0.5	1	15333	28
58006	34039	0.264505	18406	13259	2374	1	1	1	17509	28
58007	34039	0.263183	18486	13189	2364	1	1	1	29449	28
58008	34039	0.263565	18460	13215	2364	1	1	1	29415	28
58009	34039	0.266253	18297	13358	2384	1	1	1	29426	28
58010	34039	0.266107	18329	13304	2406	1	1	1	29447	28
58011	34039	0.268883	18212	13349	2478	1	1	1	29398	28
58012	34039	0.269	18192	13381	2466	1	1	1	29441	28
58013	34039	0.267664	18223	13410	2406	1	1	1	29474	28
58014	34039	0.266312	18330	13288	2421	1	1	1	29468	28
58015	34039	0.266386	18307	13329	2403	1	1	1	29469	28
58016	34039	0.265739	18321	13345	2373	1	1	1	29368	28
58000	34039	0.160434	23992	9172	875	1	1	1	1	29
58001	34039	0.160816	23922	9286	831	1	1	1	29475	29
58002	17409	0.180855	11968	4585	856	0.5	0.5	1	21748	29
58003	17577	0.209108	11395	5013	1169	0.5	0.5	1	15053	29
58004	17647	0.241826	10577	5605	1465	0.5	0.5	1	15233	29
58005	17998	0.283865	9802	6174	2022	0.5	0.5	1	15333	29
58006	34039	0.284159	17477	13779	2783	1	1	1	17586	29
58007	34039	0.284497	17373	13964	2702	1	1	1	29467	29
58008	34039	0.286304	17355	13877	2807	1	1	1	29430	29
58009	34039	0.287876	17286	13908	2845	1	1	1	29379	29
58010	34039	0.286216	17387	13819	2833	1	1	1	29318	29
58011	34039	0.286994	17328	13884	2827	1	1	1	29445	29
58012	34039	0.288037	17207	14055	2777	1	1	1	29521	29
58013	34039	0.290696	17176	13936	2927	1	1	1	29420	29
58014	34039	0.288625	17190	14049	2800	1	1	1	29508	29
58015	34039	0.291342	17017	14210	2812	1	1	1	29387	29
58016	34039	0.288684	17214	13997	2828	1	1	1	29466	29
58000	34039	0.160434	23992	9172	875	1	1	1	1	30
58001	34039	0.162255	23933	9166	940	1	1	1	29490	30
58002	17455	0.183357	11963	4583	909	0.5	0.5	1	21683	30
58003	17679	0.209486	11420	5111	1148	0.5	0.5	1	15145	30
58004	17827	0.243984	10619	5717	1491	0.5	0.5	1	15323	30
58005	17870	0.286486	9670	6161	2039	0.5	0.5	1	15376	30
58006	34039	0.284174	17451	13830	2758	1	1	1	17507	30
58007	34039	0.284292	17404	13916	2719	1	1	1	29355	30
58008	34039	0.281192	17581	13773	2685	1	1	1	29505	30
58009	34039	0.28175	17610	13677	2752	1	1	1	29405	30
58010	34039	0.280193	17579	13845	2615	1	1	1	29477	30
58011	34039	0.280237	17615	13770	2654	1	1	1	29488	30
58012	34039	0.278871	17714	13665	2660	1	1	1	29388	30
58013	34039	0.278078	17685	13777	2577	1	1	1	29483	30
58014	34039	0.274582	17877	13631	2531	1	1	1	29434	30
58015	34039	0.273715	17951	13542	2546	1	1	1	29392	30
58016	34039	0.270528	18066	13529	2444	1	1	1	29375	30
58000	34039	0.160434	23992	9172	875	1	1	1	1	31
58001	34039	0.160522	23958	9234	847	1	1	1	29421	31
58002	17593	0.181066	12094	4627	872	0.5	0.5	1	21820	31
58003	17428	0.205818	11378	4926	1124	0.5	0.5	1	15108	31
58004	17706	0.239269	10685	5569	1452	0.5	0.5	1	15168	31
58005	17889	0.28224	9757	6166	1966	0.5	0.5	1	15320	31
58006	34039	0.28084	17605	13749	2685	1	1	1	17479	31
58007	34039	0.280737	17536	13894	2609	1	1	1	29413	31
58008	34039	0.278695	17704	13697	2638	1	1	1	29409	31
58009	34039	0.280135	17614	13779	2646	1	1	1	29474	31
58010	34039	0.276962	17806	13611	2622	1	1	1	29520	31
58011	34039	0.276506	17853	13548	2638	1	1	1	29452	31
58012	34039	0.275419	17814	13700	2525	1	1	1	29479	31
58013	34039	0.277696	17707	13759	2573	1	1	1	29441	31
58014	34039	0.276565	17800	13650	2589	1	1	1	29399	31
58015	34039	0.275184	17859	13626	2554	1	1	1	29474	31
58016	34039	0.272893	18020	13460	2559	1	1	1	29405	31
58000	34039	0.160434	23992	9172	875	1	1	1	1	33
58001	34039	0.16039	24004	9151	884	1	1	1	29389	33
58002	17313	0.180009	11922	4549	842	0.5	0.5	1	21727	33
58003	17509	0.204666	11475	4901	1133	0.5	0.5	1	15077	33
58004	17774	0.233487	10872	5504	1398	0.5	0.5	1	15183	33
58005	17715	0.274203	9822	6071	1822	0.5	0.5	1	15308	33
58006	34039	0.274465	17898	13597	2544	1	1	1	17375	33
58007	34039	0.273495	17977	13505	2557	1	1	1	29397	33
58008	34039	0.273025	17983	13525	2531	1	1	1	29462	33
58009	34039	0.272584	18047	13427	2565	1	1	1	29428	33
58010	34039	0.276506	17800	13654	2585	1	1	1	29462	33
58011	34039	0.275831	17845	13610	2584	1	1	1	29408	33
58012	34039	0.275713	17885	13538	2616	1	1	1	29420	33
58013	34039	0.274039	17890	13642	2507	1	1	1	29409	33
58014	34039	0.276154	17861	13556	2622	1	1	1	29433	33
58015	34039	0.275272	17928	13482	2629	1	1	1	29436	33
58016	34039	0.274861	17819	13728	2492	1	1	1	29473	33
58000	34039	0.160434	23992	9172	875	1	1	1	1	32
58001	34039	0.1592	24055	9130	854	1	1	1	29412	32
58002	17465	0.180303	12069	4494	902	0.5	0.5	1	21855	32
58003	17494	0.207157	11358	5024	1112	0.5	0.5	1	15150	32
58004	17947	0.240542	10782	5696	1469	0.5	0.5	1	15263	32
58005	17945	0.282809	9762	6216	1967	0.5	0.5	1	15396	32
58006	34039	0.283807	17359	14039	2641	1	1	1	17501	32
58007	34039	0.285511	17430	13781	2828	1	1	1	29473	32
58008	34039	0.284688	17469	13759	2811	1	1	1	29348	32
58009	34039	0.285217	17473	13715	2851	1	1	1	29400	32
58010	34039	0.288287	17329	13794	2916	1	1	1	29443	32
58011	34039	0.289477	17228	13915	2896	1	1	1	29477	32
58012	34039	0.290138	17203	13920	2916	1	1	1	29354	32
58013	34039	0.28886	17237	13939	2863	1	1	1	29412	32
58014	34039	0.288067	17224	14019	2796	1	1	1	29368	32
58015	34039	0.286275	17356	13877	2806	1	1	1	29393	32
58016	34039	0.282911	17499	13820	2720	1	1	1	29365	32
58000	34039	0.160434	23992	9172	875	1	1	1	1	34
58001	34039	0.160654	23993	9155	891	1	1	1	29475	34
58002	17388	0.183029	11914	4583	891	0.5	0.5	1	21825	34
58003	17594	0.208935	11381	5074	1139	0.5	0.5	1	15062	34
58004	17799	0.243075	10681	5583	1535	0.5	0.5	1	15243	34
58005	18051	0.287574	9709	6302	2040	0.5	0.5	1	15401	34
58006	34039	0.285951	17379	13853	2807	1	1	1	17610	34
58007	34039	0.284453	17418	13877	2744	1	1	1	29429	34
58008	34039	0.282118	17532	13808	2699	1	1	1	29482	34
58009	34039	0.282206	17549	13768	2722	1	1	1	29512	34
58010	34039	0.28269	17542	13749	2748	1	1	1	29411	34
58011	34039	0.280384	17595	13800	2644	1	1	1	29494	34
58012	34039	0.284247	17407	13913	2719	1	1	1	29428	34
58013	34039	0.284982	17359	13959	2721	1	1	1	29431	34
58014	34039	0.283572	17402	13969	2668	1	1	1	29403	34
58015	34039	0.284923	17380	13921	2738	1	1	1	29470	34
58016	34039	0.284086	17420	13898	2721	1	1	1	29528	34
58000	34039	0.160434	23992	9172	875	1	1	1	1	35
58001	34039	0.158069	24071	9175	793	1	1	1	29414	35
58002	17337	0.178058	12031	4438	868	0.5	0.5	1	21663	35
58003	17510	0.203598	11446	4998	1066	0.5	0.5	1	15062	35
58004	17837	0.233756	10910	5515	1412	0.5	0.5	1	15208	35
58005	17967	0.273696	9909	6281	1777	0.5	0.5	1	15399	35
58006	34039	0.271659	17984	13616	2439	1	1	1	17594	35
58007	34039	0.272908	17980	13539	2520	1	1	1	29469	35
58008	34039	0.272437	18000	13531	2508	1	1	1	29428	35
58009	34039	0.270587	18124	13409	2506	1	1	1	29440	35
58010	34039	0.269691	18145	13428	2466	1	1	1	29435	35
58011	34039	0.26809	18287	13253	2499	1	1	1	29480	35
58012	34039	0.268251	18168	13480	2391	1	1	1	29449	35
58013	34039	0.27138	18083	13437	2519	1	1	1	29462	35
58014	34039	0.272966	17932	13631	2476	1	1	1	29345	35
58015	34039	0.275375	17869	13593	2577	1	1	1	29414	35
58016	34039	0.274406	17950	13497	2592	1	1	1	29523	35
58000	34039	0.160434	23992	9172	875	1	1	1	1	36
58001	34039	0.161286	23927	9244	868	1	1	1	29465	36
58002	17465	0.180389	12009	4611	845	0.5	0.5	1	21725	36
58003	17546	0.203551	11456	5037	1053	0.5	0.5	1	15129	36
58004	17804	0.236071	10810	5582	1412	0.5	0.5	1	15223	36
58005	18133	0.276678	10078	6076	1979	0.5	0.5	1	15471	36
58006	34039	0.272761	17982	13545	2512	1	1	1	17694	36
58007	34039	0.272452	17974	13582	2483	1	1	1	29334	36
58008	34039	0.267737	18232	13387	2420	1	1	1	29428	36
58009	34039	0.266709	18364	13193	2482	1	1	1	29429	36
58010	34039	0.266327	18281	13385	2373	1	1	1	29400	36
58011	34039	0.265534	18333	13335	2371	1	1	1	29418	36
58012	34039	0.265416	18347	13315	2377	1	1	1	29419	36
58013	34039	0.265901	18388	13200	2451	1	1	1	29455	36
58014	34039	0.264579	18421	13224	2394	1	1	1	29369	36
58015	34039	0.262934	18554	13070	2415	1	1	1	29471	36
58016	34039	0.263198	18474	13212	2353	1	1	1	29434	36
58000	34039	0.160434	23992	9172	875	1	1	1	1	38
58001	34039	0.160375	23971	9218	850	1	1	1	29501	38
58002	17456	0.181886	11996	4570	890	0.5	0.5	1	21745	38
58003	17479	0.203988	11451	4925	1103	0.5	0.5	1	15152	38
58004	17774	0.235231	10809	5568	1397	0.5	0.5	1	15129	38
58005	18041	0.276066	9967	6187	1887	0.5	0.5	1	15413	38
58006	34039	0.275978	17850	13590	2599	1	1	1	17641	38
58007	34039	0.275654	17855	13602	2582	1	1	1	29353	38
58008	34039	0.273833	18002	13432	2605	1	1	1	29419	38
58009	34039	0.276315	17836	13595	2608	1	1	1	29383	38
58010	34039	0.276771	17826	13584	2629	1	1	1	29370	38
58011	34039	0.275757	17854	13597	2588	1	1	1	29394	38
58012	34039	0.278078	17722	13703	2614	1	1	1	29359	38
58013	34039	0.277461	17768	13653	2618	1	1	1	29533	38
58014	34039	0.278489	17693	13733	2613	1	1	1	29327	38
58015	34039	0.279532	17657	13734	2648	1	1	1	29399	38
58016	34039	0.277167	17837	13535	2667	1	1	1	29439	38
58000	34039	0.160434	23992	9172	875	1	1	1	1	37
58001	34039	0.158201	24109	9090	840	1	1	1	29434	37
58002	17488	0.17978	12079	4530	879	0.5	0.5	1	21784	37
58003	17683	0.205706	11527	5037	1119	0.5	0.5	1	15133	37
58004	17786	0.239908	10686	5666	1434	0.5	0.5	1	15252	37
58005	17855	0.28191	9774	6095	1986	0.5	0.5	1	15392	37
58006	34039	0.28034	17670	13653	2716	1	1	1	17434	37
58007	34039	0.279914	17612	13798	2629	1	1	1	29353	37
58008	34039	0.282074	17520	13835	2684	1	1	1	29428	37
58009	34039	0.283087	17512	13782	2745	1	1	1	29446	37
58010	34039	0.282617	17531	13776	2732	1	1	1	29453	37
58011	34039	0.281119	17584	13772	2683	1	1	1	29460	37
58012	34039	0.281736	17536	13826	2677	1	1	1	29536	37
58013	34039	0.284982	17424	13829	2786	1	1	1	29434	37
58014	34039	0.284409	17420	13876	2743	1	1	1	29373	37
58015	34039	0.28789	17197	14085	2757	1	1	1	29472	37
58016	34039	0.289712	17194	13967	2878	1	1	1	29566	37
58000	34039	0.160434	23992	9172	875	1	1	1	1	39
58001	34039	0.162196	23901	9234	904	1	1	1	29490	39
58002	17371	0.184474	11828	4677	866	0.5	0.5	1	21700	39
58003	17651	0.211603	11332	5168	1151	0.5	0.5	1	15073	39
58004	17799	0.244649	10611	5667	1521	0.5	0.5	1	15247	39
58005	17958	0.290316	9634	6221	2103	0.5	0.5	1	15357	39
58006	34039	0.287641	17370	13756	2913	1	1	1	17570	39
58007	34039	0.288258	17271	13912	2856	1	1	1	29457	39
58008	34039	0.289565	17236	13893	2910	1	1	1	29364	39
58009	34039	0.28933	17240	13901	2898	1	1	1	29423	39
58010	34039	0.291166	17057	14142	2840	1	1	1	29465	39
58011	34039	0.294354	16917	14205	2917	1	1	1	29462	39
58012	34039	0.295485	16800	14362	2877	1	1	1	29393	39
58013	34039	0.299686	16708	14260	3071	1	1	1	29451	39
58014	34039	0.301595	16613	14320	3106	1	1	1	29417	39
58015	34039	0.302491	16592	14301	3146	1	1	1	29515	39
58016	34039	0.304151	16470	14432	3137	1	1	1	29473	39
58000	34039	0.160434	23992	9172	875	1	1	1	1	40
58001	34039	0.160228	23994	9182	863	1	1	1	29430	40
58002	17384	0.180051	12003	4502	879	0.5	0.5	1	21831	40
58003	17443	0.210801	11265	5002	1176	0.5	0.5	1	15008	40
58004	17903	0.247891	10598	5734	1571	0.5	0.5	1	15204	40
58005	17910	0.297348	9453	6263	2194	0.5	0.5	1	15485	40
58006	34039	0.30161	16664	14217	3158	1	1	1	17508	40
58007	34039	0.303064	16624	14198	3217	1	1	1	29414	40
58008	34039	0.30656	16367	14474	3198	1	1	1	29350	40
58009	34039	0.304562	16445	14454	3140	1	1	1	29513	40
58010	34039	0.304269	16460	14444	3135	1	1	1	29336	40
58011	34039	0.304592	16435	14472	3132	1	1	1	29358	40
58012	34039	0.303417	16470	14482	3087	1	1	1	29446	40
58013	34039	0.300758	16691	14221	3127	1	1	1	29372	40
58014	34039	0.301404	16641	14277	3121	1	1	1	29456	40
58015	34039	0.301536	16611	14328	3100	1	1	1	29429	40
58016	34039	0.299362	16681	14336	3022	1	1	1	29404	40
58000	34039	0.160434	23992	9172	875	1	1	1	1	42
58001	34039	0.16011	23992	9194	853	1	1	1	29381	42
58002	17492	0.184227	11988	4563	941	0.5	0.5	1	21765	42
58003	17556	0.211438	11301	5086	1169	0.5	0.5	1	15097	42
58004	17559	0.244775	10422	5678	1459	0.5	0.5	1	15182	42
58005	17952	0.2876	9643	6292	2017	0.5	0.5	1	15229	42
58006	34039	0.288493	17243	13952	2844	1	1	1	17525	42
58007	34039	0.288816	17204	14008	2827	1	1	1	29368	42
58008	34039	0.287141	17274	13982	2783	1	1	1	29392	42
58009	34039	0.28579	17345	13932	2762	1	1	1	29440	42
58010	34039	0.287699	17226	14040	2773	1	1	1	29410	42
58011	34039	0.29099	17120	14028	2891	1	1	1	29409	42
58012	34039	0.290211	17148	14025	2866	1	1	1	29417	42
58013	34039	0.293781	16874	14330	2835	1	1	1	29447	42
58014	34039	0.293032	16962	14205	2872	1	1	1	29395	42
58015	34039	0.296851	16840	14189	3010	1	1	1	29490	42
58016	34039	0.2976	16800	14218	3021	1	1	1	29499	42
58000	34039	0.160434	23992	9172	875	1	1	1	1	41
58001	34039	0.162064	23912	9221	906	1	1	1	29345	41
58002	17434	0.181743	11966	4599	869	0.5	0.5	1	21767	41
58003	17403	0.209648	11232	5045	1126	0.5	0.5	1	15031	41
58004	17573	0.2431	10481	5640	1452	0.5	0.5	1	15102	41
58005	18152	0.285643	9835	6264	2053	0.5	0.5	1	15278	41
58006	34039	0.286994	17320	13900	2819	1	1	1	17682	41
58007	34039	0.287494	17288	13930	2821	1	1	1	29471	41
58008	34039	0.286965	17322	13898	2819	1	1	1	29344	41
58009	34039	0.285423	17363	13921	2755	1	1	1	29312	41
58010	34039	0.287949	17297	13881	2861	1	1	1	29491	41
58011	34039	0.290887	17098	14079	2862	1	1	1	29444	41
58012	34039	0.293766	16982	14115	2942	1	1	1	29439	41
58013	34039	0.296131	16875	14168	2996	1	1	1	29511	41
58014	34039	0.295235	16882	14215	2942	1	1	1	29391	41
58015	34039	0.298657	16680	14386	2973	1	1	1	29427	41
58016	34039	0.29641	16834	14231	2974	1	1	1	29462	41
58000	34039	0.160434	23992	9172	875	1	1	1	1	43
58001	34039	0.162857	23816	9359	864	1	1	1	29457	43
58002	17482	0.182016	12011	4578	893	0.5	0.5	1	21888	43
58003	17615	0.208686	11399	5080	1136	0.5	0.5	1	15120	43
58004	17880	0.242338	10723	5648	1509	0.5	0.5	1	15250	43
58005	18063	0.286497	9747	6282	2034	0.5	0.5	1	15534	43
58006	34039	0.286069	17368	13867	2804	1	1	1	17646	43
58007	34039	0.287273	17288	13945	2806	1	1	1	29542	43
58008	34039	0.288728	17250	13922	2867	1	1	1	29416	43
58009	34039	0.28883	17305	13805	2929	1	1	1	29422	43
58010	34039	0.288507	17219	13999	2821	1	1	1	29473	43
58011	34039	0.287846	17256	13970	2813	1	1	1	29411	43
58012	34039	0.285011	17402	13871	2766	1	1	1	29426	43
58013	34039	0.283939	17441	13866	2732	1	1	1	29468	43
58014	34039	0.286407	17327	13926	2786	1	1	1	29387	43
58015	34039	0.28883	17212	13991	2836	1	1	1	29403	43
58016	34039	0.289212	17168	14053	2818	1	1	1	29403	43
58000	34039	0.160434	23992	9172	875	1	1	1	1	44
58001	34039	0.161667	23949	9174	916	1	1	1	29428	44
58002	17555	0.181116	12059	4633	863	0.5	0.5	1	21999	44
58003	17459	0.20594	11354	5019	1086	0.5	0.5	1	15166	44
58004	17865	0.241198	10721	5670	1474	0.5	0.5	1	15207	44
58005	17891	0.285423	9655	6259	1977	0.5	0.5	1	15421	44
58006	34039	0.283733	17463	13836	2740	1	1	1	17482	44
58007	34039	0.283807	17437	13883	2719	1	1	1	29436	44
58008	34039	0.280472	17606	13772	2661	1	1	1	29488	44
58009	34039	0.282059	17549	13778	2712	1	1	1	29423	44
58010	34039	0.280942	17607	13738	2694	1	1	1	29452	44
58011	34039	0.283205	17420	13958	2661	1	1	1	29350	44
58012	34039	0.282162	17550	13769	2720	1	1	1	29409	44
58013	34039	0.282544	17531	13781	2727	1	1	1	29408	44
58014	34039	0.279855	17679	13668	2692	1	1	1	29402	44
58015	34039	0.277726	17769	13633	2637	1	1	1	29411	44
58016	34039	0.279224	17656	13757	2626	1	1	1	29421	44
58000	34039	0.160434	23992	9172	875	1	1	1	1	45
58001	34039	0.160316	23974	9216	849	1	1	1	29394	45
58002	17363	0.181564	11920	4581	862	0.5	0.5	1	21789	45
58003	17585	0.208274	11388	5069	1128	0.5	0.5	1	15077	45
58004	17877	0.244057	10705	5618	1554	0.5	0.5	1	15307	45
58005	18060	0.286849	9714	6331	2015	0.5	0.5	1	15502	45
58006	34039	0.287508	17305	13895	2839	1	1	1	17627	45
58007	34039	0.291298	17042	14163	2834	1	1	1	29342	45
58008	34039	0.291195	17083	14088	2868	1	1	1	29545	45
58009	34039	0.291959	17075	14052	2912	1	1	1	29484	45
58010	34039	0.290197	17178	13966	2895	1	1	1	29408	45
58011	34039	0.290578	17154	13988	2897	1	1	1	29361	45
58012	34039	0.291151	17103	14051	2885	1	1	1	29488	45
58013	34039	0.292767	17105	13937	2997	1	1	1	29438	45
58014	34039	0.292841	17076	13990	2973	1	1	1	29433	45
58015	34039	0.294163	16963	14126	2950	1	1	1	29460	45
58016	34039	0.295485	16907	14148	2984	1	1	1	29433	45
58000	34039	0.160434	23992	9172	875	1	1	1	1	46
58001	34039	0.163283	23796	9370	873	1	1	1	29464	46
58002	17467	0.184434	11894	4703	870	0.5	0.5	1	21949	46
58003	17655	0.209091	11414	5099	1142	0.5	0.5	1	15076	46
58004	17828	0.242287	10691	5635	1502	0.5	0.5	1	15310	46
58005	18140	0.284647	9831	6291	2018	0.5	0.5	1	15456	46
58006	34039	0.284673	17432	13834	2773	1	1	1	17761	46
58007	34039	0.28507	17430	13811	2798	1	1	1	29446	46
58008	34039	0.283939	17423	13902	2714	1	1	1	29469	46
58009	34039	0.285481	17475	13693	2871	1	1	1	29367	46
58010	34039	0.286745	17281	13995	2763	1	1	1	29419	46
58011	34039	0.286436	17381	13816	2842	1	1	1	29424	46
58012	34039	0.28883	17181	14053	2805	1	1	1	29329	46
58013	34039	0.291269	17181	13887	2971	1	1	1	29419	46
58014	34039	0.289682	17127	14103	2809	1	1	1	29396	46
58015	34039	0.28864	17208	14012	2819	1	1	1	29359	46
58016	34039	0.289829	17237	13873	2929	1	1	1	29458	46
58000	34039	0.160434	23992	9172	875	1	1	1	1	47
58001	34039	0.1587	24070	9134	835	1	1	1	29472	47
58002	17402	0.178227	11999	4603	800	0.5	0.5	1	21787	47
58003	17576	0.204711	11485	4986	1105	0.5	0.5	1	15103	47
58004	17736	0.240274	10693	5563	1480	0.5	0.5	1	15167	47
58005	17855	0.285214	9685	6155	2015	0.5	0.5	1	15334	47
58006	34039	0.282588	17487	13866	2686	1	1	1	17472	47
58007	34039	0.280575	17544	13889	2606	1	1	1	29404	47
58008	34039	0.280061	17667	13678	2694	1	1	1	29470	47
58009	34039	0.281824	17571	13750	2718	1	1	1	29394	47
58010	34039	0.279283	17746	13573	2720	1	1	1	29435	47
58011	34039	0.281412	17555	13810	2674	1	1	1	29363	47
58012	34039	0.280605	17594	13787	2658	1	1	1	29439	47
58013	34039	0.282558	17551	13740	2748	1	1	1	29471	47
58014	34039	0.284864	17431	13823	2785	1	1	1	29490	47
58015	34039	0.286671	17333	13896	2810	1	1	1	29451	47
58016	34039	0.287229	17349	13826	2864	1	1	1	29405	47
58000	34039	0.160434	23992	9172	875	1	1	1	1	48
58001	34039	0.160816	23936	9258	845	1	1	1	29355	48
58002	17461	0.184125	11911	4670	880	0.5	0.5	1	21682	48
58003	17650	0.207195	11471	5044	1135	0.5	0.5	1	15224	48
58004	17661	0.240077	10671	5500	1490	0.5	0.5	1	15269	48
58005	17978	0.282401	9816	6170	1992	0.5	0.5	1	15334	48
58006	34039	0.284218	17418	13893	2728	1	1	1	17579	48
58007	34039	0.281912	17505	13876	2658	1	1	1	29475	48
58008	34039	0.282294	17535	13790	2714	1	1	1	29435	48
58009	34039	0.280693	17613	13743	2683	1	1	1	29389	48
58010	34039	0.280634	17597	13779	2663	1	1	1	29469	48
58011	34039	0.284262	17461	13804	2774	1	1	1	29565	48
58012	34039	0.286069	17291	14021	2727	1	1	1	29391	48
58013	34039	0.284027	17464	13814	2761	1	1	1	29508	48
58014	34039	0.284541	17443	13821	2775	1	1	1	29510	48
58015	34039	0.287156	17401	13727	2911	1	1	1	29490	48
58016	34039	0.287626	17267	13963	2809	1	1	1	29451	48
58000	34039	0.160434	23992	9172	875	1	1	1	1	49
58001	34039	0.158965	24088	9080	871	1	1	1	29352	49
58002	17552	0.179096	12136	4545	871	0.5	0.5	1	21887	49
58003	17593	0.205934	11465	5010	1118	0.5	0.5	1	15210	49
58004	17721	0.240647	10656	5601	1464	0.5	0.5	1	15250	49
58005	17888	0.280775	9758	6215	1915	0.5	0.5	1	15349	49
58006	34039	0.277476	17763	13662	2614	1	1	1	17493	49
58007	34039	0.278607	17654	13803	2582	1	1	1	29574	49
58008	34039	0.279811	17653	13723	2663	1	1	1	29417	49
58009	34039	0.281251	17619	13693	2727	1	1	1	29525	49
58010	34039	0.27893	17719	13651	2669	1	1	1	29452	49
58011	34039	0.279929	17608	13805	2626	1	1	1	29507	49
58012	34039	0.27962	17663	13716	2660	1	1	1	29446	49
58013	34039	0.277961	17741	13673	2625	1	1	1	29484	49
58014	34039	0.277799	17798	13570	2671	1	1	1	29389	49
58015	34039	0.276918	17821	13584	2634	1	1	1	29460	49
58016	34039	0.276242	17867	13538	2634	1	1	1	29352	49
58000	34039	0.160434	23992	9172	875	1	1	1	1	50
58001	34039	0.15964	24069	9072	898	1	1	1	29449	50
58002	17372	0.182765	11908	4578	886	0.5	0.5	1	21821	50
58003	17745	0.208876	11466	5145	1134	0.5	0.5	1	15128	50
58004	17792	0.23845	10737	5625	1430	0.5	0.5	1	15301	50
58005	17821	0.279305	9789	6109	1923	0.5	0.5	1	15387	50
58006	34039	0.277946	17769	13618	2652	1	1	1	17454	50
58007	34039	0.27683	17815	13602	2622	1	1	1	29569	50
58008	34039	0.275816	17869	13563	2607	1	1	1	29391	50
58009	34039	0.273554	17991	13473	2575	1	1	1	29497	50
58010	34039	0.272276	18003	13536	2500	1	1	1	29405	50
58011	34039	0.272893	18057	13386	2596	1	1	1	29542	50
58012	34039	0.270557	18098	13463	2478	1	1	1	29543	50
58013	34039	0.270587	18167	13323	2549	1	1	1	29424	50
58014	34039	0.269529	18171	13387	2481	1	1	1	29405	50
58015	34039	0.269838	18177	13354	2508	1	1	1	29375	50
58016	34039	0.269103	18232	13294	2513	1	1	1	29408	50
58000	34039	0.160434	23992	9172	875	1	1	1	1	51
58001	34039	0.160243	24034	9101	904	1	1	1	29491	51
58002	17399	0.181964	11911	4644	844	0.5	0.5	1	21716	51
58003	17585	0.207535	11395	5081	1109	0.5	0.5	1	15088	51
58004	17849	0.238697	10780	5617	1452	0.5	0.5	1	15269	51
58005	17951	0.278731	9896	6103	1952	0.5	0.5	1	15437	51
58006	34039	0.276756	17791	13655	2593	1	1	1	17528	51
58007	34039	0.274156	17925	13564	2550	1	1	1	29525	51
58008	34039	0.273936	17912	13605	2522	1	1	1	29449	51
58009	34039	0.274685	17887	13604	2548	1	1	1	29415	51
58010	34039	0.272467	18002	13525	2512	1	1	1	29423	51
58011	34039	0.275184	17902	13540	2597	1	1	1	29474	51
58012	34039	0.27423	17904	13601	2534	1	1	1	29439	51
58013	34039	0.275199	17935	13473	2631	1	1	1	29438	51
58014	34039	0.275831	17858	13584	2597	1	1	1	29390	51
58015	34039	0.276536	17774	13704	2561	1	1	1	29426	51
58016	34039	0.272599	17974	13572	2493	1	1	1	29436	51
58000	34039	0.160434	23992	9172	875	1	1	1	1	52
58001	34039	0.161521	23877	9328	834	1	1	1	29381	52
58002	17351	0.183765	11859	4607	885	0.5	0.5	1	21803	52
58003	17689	0.208265	11436	5138	1115	0.5	0.5	1	15032	52
58004	17943	0.240233	10820	5625	1498	0.5	0.5	1	15269	52
58005	18093	0.277621	9998	6144	1951	0.5	0.5	1	15481	52
58006	34039	0.277505	17761	13664	2614	1	1	1	17668	52
58007	34039	0.278783	17720	13659	2660	1	1	1	29452	52
58008	34039	0.277961	17728	13699	2612	1	1	1	29532	52
58009	34039	0.280017	17656	13703	2680	1	1	1	29379	52
58010	34039	0.277094	17818	13578	2643	1	1	1	29467	52
58011	34039	0.276154	17777	13724	2538	1	1	1	29451	52
58012	34039	0.27467	17899	13581	2559	1	1	1	29388	52
58013	34039	0.272261	18028	13487	2524	1	1	1	29399	52
58014	34039	0.272863	18026	13450	2563	1	1	1	29396	52
58015	34039	0.274024	17859	13705	2475	1	1	1	29436	52
58016	34039	0.273187	17984	13512	2543	1	1	1	29493	52
58000	34039	0.160434	23992	9172	875	1	1	1	1	53
58001	34039	0.161653	23952	9169	918	1	1	1	29434	53
58002	17477	0.183412	11950	4643	884	0.5	0.5	1	21889	53
58003	17461	0.207978	11309	5041	1111	0.5	0.5	1	15101	53
58004	17657	0.239905	10666	5510	1481	0.5	0.5	1	15093	53
58005	17920	0.28072	9810	6159	1951	0.5	0.5	1	15291	53
58006	34039	0.280678	17609	13752	2678	1	1	1	17518	53
58007	34039	0.281133	17609	13721	2709	1	1	1	29501	53
58008	34039	0.280987	17567	13815	2657	1	1	1	29355	53
58009	34039	0.278284	17729	13675	2635	1	1	1	29481	53
58010	34039	0.277256	17776	13651	2612	1	1	1	29389	53
58011	34039	0.275258	17939	13461	2639	1	1	1	29416	53
58012	34039	0.272511	18076	13374	2589	1	1	1	29535	53
58013	34039	0.272952	17977	13542	2520	1	1	1	29406	53
58014	34039	0.273025	18018	13455	2566	1	1	1	29492	53
58015	34039	0.272922	17985	13528	2526	1	1	1	29405	53
58016	34039	0.274376	17934	13531	2574	1	1	1	29408	53
58000	34039	0.160434	23992	9172	875	1	1	1	1	54
58001	34039	0.159626	24030	9151	858	1	1	1	29444	54
58002	17452	0.182243	11982	4579	891	0.5	0.5	1	21925	54
58003	17520	0.207791	11331	5097	1092	0.5	0.5	1	15088	54
58004	17647	0.237292	10654	5611	1382	0.5	0.5	1	15233	54
58005	18052	0.270967	10127	6067	1858	0.5	0.5	1	15356	54
58006	34039	0.268545	18258	13280	2501	1	1	1	17633	54
58007	34039	0.271776	18024	13528	2487	1	1	1	29527	54
58008	34039	0.271424	18052	13496	2491	1	1	1	29421	54
58009	34039	0.271013	18146	13336	2557	1	1	1	29431	54
58010	34039	0.269882	18171	13363	2505	1	1	1	29378	54
58011	34039	0.270998	18159	13311	2569	1	1	1	29386	54
58012	34039	0.269882	18155	13395	2489	1	1	1	29296	54
58013	34039	0.269867	18109	13488	2442	1	1	1	29543	54
58014	34039	0.271174	18067	13483	2489	1	1	1	29454	54
58015	34039	0.271218	18129	13356	2554	1	1	1	29443	54
58016	34039	0.271483	18095	13406	2538	1	1	1	29426	54
58000	34039	0.160434	23992	9172	875	1	1	1	1	55
58001	34039	0.159082	24070	9108	861	1	1	1	29567	55
58002	17471	0.180528	12057	4520	894	0.5	0.5	1	21783	55
58003	17540	0.205245	11429	5022	1089	0.5	0.5	1	15117	55
58004	17757	0.23616	10830	5467	1460	0.5	0.5	1	15253	55
58005	17929	0.272659	9973	6135	1821	0.5	0.5	1	15339	55
58006	34039	0.274259	18025	13357	2657	1	1	1	17531	55
58007	34039	0.275449	17867	13592	2580	1	1	1	29397	55
58008	34039	0.278063	17773	13602	2664	1	1	1	29370	55
58009	34039	0.279841	17695	13637	2707	1	1	1	29400	55
58010	34039	0.282426	17557	13737	2745	1	1	1	29479	55
58011	34039	0.282455	17529	13791	2719	1	1	1	29465	55
58012	34039	0.283043	17465	13879	2695	1	1	1	29441	55
58013	34039	0.281427	17505	13909	2625	1	1	1	29425	55
58014	34039	0.282867	17521	13779	2739	1	1	1	29508	55
58015	34039	0.283616	17518	13734	2787	1	1	1	29395	55
58016	34039	0.283954	17407	13933	2699	1	1	1	29530	55
58000	34039	0.160434	23992	9172	875	1	1	1	1	56
58001	34039	0.15729	24200	8970	869	1	1	1	29455	56
58002	17522	0.179489	12079	4596	847	0.5	0.5	1	21878	56
58003	17587	0.208449	11384	5074	1129	0.5	0.5	1	15165	56
58004	17640	0.242602	10537	5647	1456	0.5	0.5	1	15269	56
58005	17982	0.286564	9651	6356	1975	0.5	0.5	1	15292	56
58006	34039	0.287508	17287	13931	2821	1	1	1	17552	56
58007	34039	0.287802	17327	13831	2881	1	1	1	29381	56
58008	34039	0.289007	17246	13911	2882	1	1	1	29425	56
58009	34039	0.286847	17328	13894	2817	1	1	1	29456	56
58010	34039	0.285467	17421	13802	2816	1	1	1	29552	56
58011	34039	0.285555	17417	13804	2818	1	1	1	29433	56
58012	34039	0.284012	17459	13825	2755	1	1	1	29452	56
58013	34039	0.281692	17640	13621	2778	1	1	1	29311	56
58014	34039	0.281589	17521	13866	2652	1	1	1	29443	56
58015	34039	0.280649	17574	13824	2641	1	1	1	29463	56
58016	34039	0.278695	17742	13621	2676	1	1	1	29469	56
58000	34039	0.160434	23992	9172	875	1	1	1	1	57
58001	34039	0.159714	24055	9095	889	1	1	1	29476	57
58002	17391	0.179346	12013	4518	860	0.5	0.5	1	21839	57
58003	17592	0.2066	11454	5007	1131	0.5	0.5	1	15106	57
58004	17718	0.237386	10786	5452	1480	0.5	0.5	1	15150	57
58005	18065	0.277443	9943	6220	1902	0.5	0.5	1	15347	57
58006	34039	0.276918	17765	13696	2578	1	1	1	17646	57
58007	34039	0.277961	17758	13639	2642	1	1	1	29428	57
58008	34039	0.278137	17761	13621	2657	1	1	1	29473	57
58009	34039	0.278475	17680	13760	2599	1	1	1	29590	57
58010	34039	0.276477	17801	13654	2584	1	1	1	29512	57
58011	34039	0.275963	17846	13599	2594	1	1	1	29536	57
58012	34039	0.277887	17755	13650	2634	1	1	1	29360	57
58013	34039	0.277402	17781	13631	2627	1	1	1	29459	57
58014	34039	0.27868	17681	13744	2614	1	1	1	29362	57
58015	34039	0.278666	17754	13599	2686	1	1	1	29351	57
58016	34039	0.278886	17646	13800	2593	1	1	1	29475	57
58000	34039	0.160434	23992	9172	875	1	1	1	1	58
58001	34039	0.161638	23944	9186	909	1	1	1	29476	58
58002	17536	0.182596	12028	4612	896	0.5	0.5	1	21905	58
58003	17493	0.207283	11333	5068	1092	0.5	0.5	1	15147	58
58004	17694	0.239516	10626	5660	1408	0.5	0.5	1	15099	58
58005	18074	0.28422	9844	6186	2044	0.5	0.5	1	15383	58
58006	34039	0.28297	17524	13766	2749	1	1	1	17632	58
58007	34039	0.28178	17555	13785	2699	1	1	1	29438	58
58008	34039	0.282	17533	13814	2692	1	1	1	29370	58
58009	34039	0.283484	17478	13823	2738	1	1	1	29339	58
58010	34039	0.283748	17436	13889	2714	1	1	1	29407	58
58011	34039	0.284585	17400	13904	2735	1	1	1	29427	58
58012	34039	0.285188	17405	13853	2781	1	1	1	29463	58
58013	34039	0.281662	17555	13793	2691	1	1	1	29370	58
58014	34039	0.283821	17497	13762	2780	1	1	1	29348	58
58015	34039	0.282852	17544	13734	2761	1	1	1	29503	58
58016	34039	0.283528	17497	13782	2760	1	1	1	29440	58
58000	34039	0.160434	23992	9172	875	1	1	1	1	59
58001	34039	0.161271	23966	9167	906	1	1	1	29528	59
58002	17429	0.182311	11954	4595	880	0.5	0.5	1	21830	59
58003	17722	0.207595	11493	5100	1129	0.5	0.5	1	15130	59
58004	17661	0.24036	10693	5446	1522	0.5	0.5	1	15331	59
58005	17830	0.284577	9640	6232	1958	0.5	0.5	1	15279	59
58006	34039	0.286803	17318	13917	2804	1	1	1	17457	59
58007	34039	0.288478	17188	14063	2788	1	1	1	29374	59
58008	34039	0.287288	17281	13958	2800	1	1	1	29426	59
58009	34039	0.284159	17409	13915	2715	1	1	1	29303	59
58010	34039	0.282191	17534	13799	2706	1	1	1	29466	59
58011	34039	0.28128	17597	13735	2707	1	1	1	29367	59
58012	34039	0.278049	17756	13637	2646	1	1	1	29400	59
58013	34039	0.278122	17790	13564	2685	1	1	1	29413	59
58014	34039	0.277931	17684	13789	2566	1	1	1	29479	59
58015	34039	0.278607	17752	13607	2680	1	1	1	29497	59
58016	34039	0.276506	17843	13568	2628	1	1	1	29482	59
58000	34039	0.160434	23992	9172	875	1	1	1	1	61
58001	34039	0.160771	23982	9169	888	1	1	1	29413	61
58002	17476	0.182622	11970	4629	877	0.5	0.5	1	21789	61
58003	17702	0.211473	11385	5147	1170	0.5	0.5	1	15104	61
58004	17733	0.244544	10579	5635	1519	0.5	0.5	1	15317	61
58005	18025	0.285631	9779	6195	2051	0.5	0.5	1	15411	61
58006	34039	0.287068	17362	13811	2866	1	1	1	17639	61
58007	34039	0.286627	17300	13965	2774	1	1	1	29438	61
58008	34039	0.28576	17331	13962	2746	1	1	1	29415	61
58009	34039	0.284571	17444	13817	2778	1	1	1	29486	61
58010	34039	0.283807	17505	13747	2787	1	1	1	29435	61
58011	34039	0.281016	17570	13807	2662	1	1	1	29498	61
58012	34039	0.280502	17573	13836	2630	1	1	1	29391	61
58013	34039	0.282132	17545	13781	2713	1	1	1	29440	61
58014	34039	0.282309	17481	13897	2661	1	1	1	29517	61
58015	34039	0.282206	17550	13766	2723	1	1	1	29364	61
58016	34039	0.284027	17419	13904	2716	1	1	1	29376	61
58000	34039	0.160434	23992	9172	875	1	1	1	1	60
58001	34039	0.16133	23941	9213	885	1	1	1	29387	60
58002	17430	0.183161	11988	4499	943	0.5	0.5	1	21795	60
58003	17590	0.210716	11301	5165	1124	0.5	0.5	1	15169	60
58004	17644	0.243454	10586	5525	1533	0.5	0.5	1	15212	60
58005	18070	0.283896	9865	6150	2055	0.5	0.5	1	15367	60
58006	34039	0.282103	17518	13837	2684	1	1	1	17655	60
58007	34039	0.280017	17665	13685	2689	1	1	1	29374	60
58008	34039	0.279371	17707	13645	2687	1	1	1	29477	60
58009	34039	0.278533	17732	13652	2655	1	1	1	29421	60
58010	34039	0.281031	17574	13798	2667	1	1	1	29428	60
58011	34039	0.283322	17457	13876	2706	1	1	1	29368	60
58012	34039	0.28576	17339	13946	2754	1	1	1	29417	60
58013	34039	0.28839	17216	14013	2810	1	1	1	29467	60
58014	34039	0.288258	17200	14054	2785	1	1	1	29405	60
58015	34039	0.28839	17168	14109	2762	1	1	1	29510	60
58016	34039	0.288875	17173	14066	2800	1	1	1	29413	60
58000	34039	0.160434	23992	9172	875	1	1	1	1	62
58001	34039	0.16271	23868	9265	906	1	1	1	29383	62
58002	17444	0.185823	11904	4597	943	0.5	0.5	1	21777	62
58003	17662	0.215689	11259	5187	1216	0.5	0.5	1	15123	62
58004	17762	0.248593	10472	5749	1541	0.5	0.5	1	15299	62
58005	17890	0.291168	9552	6258	2080	0.5	0.5	1	15315	62
58006	34039	0.291739	17105	14007	2927	1	1	1	17466	62
58007	34039	0.289242	17182	14023	2834	1	1	1	29417	62
58008	34039	0.288155	17173	14115	2751	1	1	1	29391	62
58009	34039	0.288375	17207	14032	2800	1	1	1	29457	62
58010	34039	0.289991	17147	14042	2850	1	1	1	29367	62
58011	34039	0.287288	17374	13772	2893	1	1	1	29272	62
58012	34039	0.287611	17270	13958	2811	1	1	1	29499	62
58013	34039	0.291151	17083	14091	2865	1	1	1	29427	62
58014	34039	0.291166	17051	14154	2834	1	1	1	29357	62
58015	34039	0.2919	17102	14002	2935	1	1	1	29451	62
58016	34039	0.291548	17122	13986	2931	1	1	1	29440	62
58000	34039	0.160434	23992	9172	875	1	1	1	1	64
58001	34039	0.16011	24011	9156	872	1	1	1	29368	64
58002	17551	0.178964	12130	4560	861	0.5	0.5	1	21897	64
58003	17651	0.205739	11455	5129	1067	0.5	0.5	1	15220	64
58004	17516	0.241294	10529	5521	1466	0.5	0.5	1	15273	64
58005	17901	0.285738	9684	6204	2013	0.5	0.5	1	15259	64
58006	34039	0.285085	17412	13846	2781	1	1	1	17526	64
58007	34039	0.285085	17391	13888	2760	1	1	1	29451	64
58008	34039	0.285643	17390	13852	2797	1	1	1	29492	64
58009	34039	0.283337	17461	13867	2711	1	1	1	29449	64
58010	34039	0.283454	17455	13871	2713	1	1	1	29369	64
58011	34039	0.283146	17455	13892	2692	1	1	1	29513	64
58012	34039	0.27987	17691	13643	2705	1	1	1	29385	64
58013	34039	0.279562	17654	13738	2647	1	1	1	29462	64
58014	34039	0.278431	17726	13671	2642	1	1	1	29391	64
58015	34039	0.277329	17770	13658	2611	1	1	1	29474	64
58016	34039	0.278857	17761	13572	2706	1	1	1	29388	64
58000	34039	0.160434	23992	9172	875	1	1	1	1	63
58001	34039	0.161756	23908	9250	881	1	1	1	29407	63
58002	17647	0.185074	12019	4724	904	0.5	0.5	1	21985	63
58003	17594	0.212118	11306	5112	1176	0.5	0.5	1	15247	63
58004	17660	0.24731	10467	5651	1542	0.5	0.5	1	15149	63
58005	17910	0.291681	9548	6276	2086	0.5	0.5	1	15334	63
58006	34039	0.291871	17007	14194	2838	1	1	1	17500	63
58007	34039	0.294515	16904	14220	2915	1	1	1	29497	63
58008	34039	0.294956	16966	14066	3007	1	1	1	29412	63
58009	34039	0.29547	16821	14321	2897	1	1	1	29428	63
58010	34039	0.294647	16909	14201	2929	1	1	1	29266	63
58011	34039	0.296057	16891	14141	3007	1	1	1	29336	63
58012	34039	0.295382	16830	14309	2900	1	1	1	29467	63
58013	34039	0.294853	16958	14089	2992	1	1	1	29409	63
58014	34039	0.294456	16914	14204	2921	1	1	1	29394	63
58015	34039	0.293898	16998	14074	2967	1	1	1	29549	63
58016	34039	0.293648	17043	14001	2995	1	1	1	29418	63
58000	34039	0.160434	23992	9172	875	1	1	1	1	65
58001	34039	0.158862	24070	9123	846	1	1	1	29421	65
58002	17544	0.178181	12122	4592	830	0.5	0.5	1	21898	65
58003	17623	0.199342	11610	5000	1013	0.5	0.5	1	15300	65
58004	17678	0.228872	10906	5452	1320	0.5	0.5	1	15253	65
58005	17998	0.266307	10150	6110	1738	0.5	0.5	1	15323	65
58006	34039	0.266018	18315	13338	2386	1	1	1	17609	65
58007	34039	0.265519	18356	13290	2393	1	1	1	29320	65
58008	34039	0.264873	18394	13258	2387	1	1	1	29437	65
58009	34039	0.26524	18409	13203	2427	1	1	1	29333	65
58010	34039	0.26593	18357	13260	2422	1	1	1	29435	65
58011	34039	0.2664	18326	13290	2423	1	1	1	29510	65
58012	34039	0.26643	18341	13258	2440	1	1	1	29390	65
58013	34039	0.265974	18337	13297	2405	1	1	1	29423	65
58014	34039	0.266459	18280	13378	2381	1	1	1	29365	65
58015	34039	0.264594	18439	13187	2413	1	1	1	29343	65
58016	34039	0.264182	18435	13223	2381	1	1	1	29419	65
58000	34039	0.160434	23992	9172	875	1	1	1	1	66
58001	34039	0.161506	23981	9121	937	1	1	1	29418	66
58002	17441	0.180724	11981	4616	844	0.5	0.5	1	21815	66
58003	17606	0.204391	11502	5011	1093	0.5	0.5	1	15222	66
58004	17701	0.23397	10830	5459	1412	0.5	0.5	1	15215	66
58005	17897	0.275046	9905	6139	1853	0.5	0.5	1	15289	66
58006	34039	0.274949	17899	13562	2578	1	1	1	17490	66
58007	34039	0.275978	17845	13600	2594	1	1	1	29396	66
58008	34039	0.275728	17842	13623	2574	1	1	1	29415	66
58009	34039	0.274523	17937	13515	2587	1	1	1	29513	66
58010	34039	0.27373	17966	13511	2562	1	1	1	29418	66
58011	34039	0.275243	17812	13716	2511	1	1	1	29453	66
58012	34039	0.275008	17850	13656	2533	1	1	1	29404	66
58013	34039	0.275214	17907	13528	2604	1	1	1	29453	66
58014	34039	0.276007	17770	13748	2521	1	1	1	29322	66
58015	34039	0.279914	17636	13750	2653	1	1	1	29375	66
58016	34039	0.277373	17791	13613	2635	1	1	1	29516	66
58000	34039	0.160434	23992	9172	875	1	1	1	1	67
58001	34039	0.158994	24078	9098	863	1	1	1	29418	67
58002	17347	0.180781	11904	4614	829	0.5	0.5	1	21795	67
58003	17718	0.20863	11484	5075	1159	0.5	0.5	1	15041	67
58004	17856	0.241067	10764	5575	1517	0.5	0.5	1	15384	67
58005	18147	0.280267	9939	6244	1964	0.5	0.5	1	15449	67
58006	34039	0.27893	17730	13629	2680	1	1	1	17722	67
58007	34039	0.278005	17756	13640	2643	1	1	1	29460	67
58008	34039	0.279767	17694	13644	2701	1	1	1	29480	67
58009	34039	0.280751	17645	13675	2719	1	1	1	29425	67
58010	34039	0.28084	17650	13659	2730	1	1	1	29385	67
58011	34039	0.279356	17647	13766	2626	1	1	1	29488	67
58012	34039	0.275537	17862	13596	2581	1	1	1	29406	67
58013	34039	0.2768	17844	13546	2649	1	1	1	29464	67
58014	34039	0.275082	17884	13583	2572	1	1	1	29407	67
58015	34039	0.27514	17931	13485	2623	1	1	1	29413	67
58016	34039	0.278636	17748	13613	2678	1	1	1	29369	67
58000	34039	0.160434	23992	9172	875	1	1	1	1	68
58001	34039	0.159009	24064	9125	850	1	1	1	29365	68
58002	17390	0.177315	12065	4483	842	0.5	0.5	1	21804	68
58003	17605	0.201903	11523	5055	1027	0.5	0.5	1	14996	68
58004	17624	0.234765	10745	5483	1396	0.5	0.5	1	15167	68
58005	17913	0.273544	10006	6014	1893	0.5	0.5	1	15283	68
58006	34039	0.276257	17845	13581	2613	1	1	1	17507	68
58007	34039	0.278387	17721	13684	2634	1	1	1	29319	68
58008	34039	0.276536	17747	13758	2534	1	1	1	29424	68
58009	34039	0.277623	17742	13694	2603	1	1	1	29491	68
58010	34039	0.278607	17762	13587	2690	1	1	1	29433	68
58011	34039	0.276859	17762	13706	2571	1	1	1	29383	68
58012	34039	0.274611	17926	13531	2582	1	1	1	29413	68
58013	34039	0.27561	17801	13713	2525	1	1	1	29441	68
58014	34039	0.277123	17802	13608	2629	1	1	1	29334	68
58015	34039	0.27539	17916	13498	2625	1	1	1	29449	68
58016	34039	0.27279	17988	13531	2520	1	1	1	29413	68
58000	34039	0.160434	23992	9172	875	1	1	1	1	69
58001	34039	0.160669	24021	9098	920	1	1	1	29460	69
58002	17557	0.181381	12074	4597	886	0.5	0.5	1	21975	69
58003	17729	0.209995	11439	5134	1156	0.5	0.5	1	15115	69
58004	17764	0.243808	10610	5646	1508	0.5	0.5	1	15354	69
58005	18073	0.289769	9713	6246	2114	0.5	0.5	1	15382	69
58006	34039	0.292224	17017	14150	2872	1	1	1	17638	69
58007	34039	0.291357	17136	13971	2932	1	1	1	29481	69
58008	34039	0.292885	17019	14101	2919	1	1	1	29465	69
58009	34039	0.291621	17111	14003	2925	1	1	1	29475	69
58010	34039	0.291195	17041	14172	2826	1	1	1	29455	69
58011	34039	0.290343	17155	14002	2882	1	1	1	29408	69
58012	34039	0.292371	17062	14050	2927	1	1	1	29427	69
58013	34039	0.292488	17046	14074	2919	1	1	1	29515	69
58014	34039	0.293781	16961	14156	2922	1	1	1	29468	69
58015	34039	0.295323	16902	14169	2968	1	1	1	29384	69
58016	34039	0.295764	16822	14299	2918	1	1	1	29469	69
58000	34039	0.160434	23992	9172	875	1	1	1	1	70
58001	34039	0.160228	24035	9100	904	1	1	1	29322	70
58002	17599	0.184584	11990	4721	888	0.5	0.5	1	21915	70
58003	17579	0.209198	11376	5051	1152	0.5	0.5	1	15239	70
58004	17616	0.243188	10518	5628	1470	0.5	0.5	1	15192	70
58005	18143	0.286943	9778	6318	2047	0.5	0.5	1	15331	70
58006	34039	0.285863	17333	13951	2755	1	1	1	17708	70
58007	34039	0.285981	17295	14019	2725	1	1	1	29421	70
58008	34039	0.287964	17270	13934	2835	1	1	1	29459	70
58009	34039	0.288948	17202	14003	2834	1	1	1	29457	70
58010	34039	0.291798	17058	14097	2884	1	1	1	29393	70
58011	34039	0.289286	17150	14084	2805	1	1	1	29484	70
58012	34039	0.291372	17073	14096	2870	1	1	1	29467	70
58013	34039	0.290564	17062	14173	2804	1	1	1	29427	70
58014	34039	0.289932	17219	13902	2918	1	1	1	29496	70
58015	34039	0.288581	17179	14074	2786	1	1	1	29365	70
58016	34039	0.289286	17230	13924	2885	1	1	1	29506	70
58000	34039	0.160434	23992	9172	875	1	1	1	1	71
58001	34039	0.159831	24012	9173	854	1	1	1	29408	71
58002	17485	0.184816	11916	4675	894	0.5	0.5	1	21829	71
58003	17615	0.214136	11231	5224	1160	0.5	0.5	1	15151	71
58004	17702	0.251158	10378	5756	1568	0.5	0.5	1	15243	71
58005	18246	0.295133	9586	6550	2110	0.5	0.5	1	15503	71
58006	34039	0.295117	16959	14069	3011	1	1	1	17800	71
58007	34039	0.297012	16818	14222	2999	1	1	1	29396	71
58008	34039	0.300126	16676	14294	3069	1	1	1	29426	71
58009	34039	0.301346	16595	14373	3071	1	1	1	29428	71
58010	34039	0.299686	16731	14214	3094	1	1	1	29464	71
58011	34039	0.301022	16572	14441	3026	1	1	1	29455	71
58012	34039	0.29854	16788	14178	3073	1	1	1	29352	71
58013	34039	0.297453	16738	14352	2949	1	1	1	29420	71
58014	34039	0.29641	16865	14169	3005	1	1	1	29514	71
58015	34039	0.29829	16807	14157	3075	1	1	1	29465	71
58016	34039	0.297482	16761	14304	2974	1	1	1	29517	71
58000	34039	0.160434	23992	9172	875	1	1	1	1	72
58001	34039	0.159214	24042	9155	842	1	1	1	29438	72
58002	17532	0.178673	12096	4607	829	0.5	0.5	1	21825	72
58003	17474	0.20665	11348	5030	1096	0.5	0.5	1	15107	72
58004	17644	0.239118	10618	5614	1412	0.5	0.5	1	15105	72
58005	17992	0.280263	9823	6253	1916	0.5	0.5	1	15318	72
58006	34039	0.28153	17502	13908	2629	1	1	1	17544	72
58007	34039	0.282367	17525	13805	2709	1	1	1	29492	72
58008	34039	0.284703	17459	13778	2802	1	1	1	29510	72
58009	34039	0.288537	17251	13933	2855	1	1	1	29398	72
58010	34039	0.28814	17199	14064	2776	1	1	1	29528	72
58011	34039	0.287655	17324	13847	2868	1	1	1	29410	72
58012	34039	0.286892	17358	13831	2850	1	1	1	29422	72
58013	34039	0.288375	17227	13992	2820	1	1	1	29460	72
58014	34039	0.28955	17125	14116	2798	1	1	1	29526	72
58015	34039	0.289183	17251	13889	2899	1	1	1	29380	72
58016	34039	0.291034	17044	14177	2818	1	1	1	29429	72
58000	34039	0.160434	23992	9172	875	1	1	1	1	73
58001	34039	0.15992	23999	9193	847	1	1	1	29477	73
58002	17380	0.18061	11939	4604	837	0.5	0.5	1	21763	73
58003	17587	0.210667	11356	5052	1179	0.5	0.5	1	15038	73
58004	17542	0.244242	10436	5643	1463	0.5	0.5	1	15163	73
58005	18011	0.291044	9634	6270	2107	0.5	0.5	1	15295	73
58006	34039	0.290946	17030	14211	2798	1	1	1	17613	73
58007	34039	0.290755	17132	14020	2887	1	1	1	29517	73
58008	34039	0.293399	17061	13982	2996	1	1	1	29413	73
58009	34039	0.293619	16965	14159	2915	1	1	1	29438	73
58010	34039	0.294486	16965	14100	2974	1	1	1	29302	73
58011	34039	0.292459	17005	14158	2876	1	1	1	29521	73
58012	34039	0.295441	16937	14091	3011	1	1	1	29449	73
58013	34039	0.292811	16984	14176	2879	1	1	1	29491	73
58014	34039	0.288875	17246	13920	2873	1	1	1	29489	73
58015	34039	0.288258	17221	14012	2806	1	1	1	29423	73
58016	34039	0.287317	17290	13938	2811	1	1	1	29518	73
58000	34039	0.160434	23992	9172	875	1	1	1	1	74
58001	34039	0.158421	24105	9083	851	1	1	1	29433	74
58002	17379	0.179728	11979	4553	847	0.5	0.5	1	21859	74
58003	17669	0.203435	11575	4999	1095	0.5	0.5	1	15104	74
58004	17611	0.237323	10667	5529	1415	0.5	0.5	1	15183	74
58005	17934	0.278689	9861	6150	1923	0.5	0.5	1	15295	74
58006	34039	0.279297	17682	13700	2657	1	1	1	17556	74
58007	34039	0.27846	17786	13549	2704	1	1	1	29346	74
58008	34039	0.278695	17731	13643	2665	1	1	1	29442	74
58009	34039	0.278754	17645	13811	2583	1	1	1	29415	74
58010	34039	0.279753	17678	13677	2684	1	1	1	29465	74
58011	34039	0.28037	17606	13779	2654	1	1	1	29499	74
58012	34039	0.280135	17737	13533	2769	1	1	1	29425	74
58013	34039	0.277432	17737	13717	2585	1	1	1	29475	74
58014	34039	0.279474	17644	13764	2631	1	1	1	29453	74
58015	34039	0.280502	17589	13804	2646	1	1	1	29444	74
58016	34039	0.282925	17456	13905	2678	1	1	1	29356	74
58000	34039	0.160434	23992	9172	875	1	1	1	1	75
58001	34039	0.158627	24127	9025	887	1	1	1	29425	75
58002	17685	0.177071	12232	4643	810	0.5	0.5	1	22022	75
58003	17586	0.202292	11551	4955	1080	0.5	0.5	1	15245	75
58004	17693	0.231391	10847	5504	1342	0.5	0.5	1	15266	75
58005	17975	0.270682	10103	6013	1859	0.5	0.5	1	15322	75
58006	34039	0.271997	18058	13445	2536	1	1	1	17570	75
58007	34039	0.269015	18174	13416	2449	1	1	1	29456	75
58008	34039	0.270028	18158	13379	2502	1	1	1	29469	75
58009	34039	0.268148	18308	13207	2524	1	1	1	29498	75
58010	34039	0.272335	18035	13468	2536	1	1	1	29453	75
58011	34039	0.270469	18132	13401	2506	1	1	1	29457	75
58012	34039	0.268721	18257	13270	2512	1	1	1	29419	75
58013	34039	0.265989	18351	13268	2420	1	1	1	29556	75
58014	34039	0.266474	18302	13333	2404	1	1	1	29441	75
58015	34039	0.266606	18315	13298	2426	1	1	1	29424	75
58016	34039	0.268163	18211	13400	2428	1	1	1	29486	75
58000	34039	0.160434	23992	9172	875	1	1	1	1	76
58001	34039	0.160287	24012	9142	885	1	1	1	29391	76
58002	17454	0.181162	12017	4550	887	0.5	0.5	1	21800	76
58003	17432	0.208725	11230	5127	1075	0.5	0.5	1	15123	76
58004	17725	0.242482	10625	5604	1496	0.5	0.5	1	15123	76
58005	18123	0.284197	9845	6255	2023	0.5	0.5	1	15430	76
58006	34039	0.287553	17297	13908	2834	1	1	1	17691	76
58007	34039	0.286113	17320	13960	2759	1	1	1	29432	76
58008	34039	0.284233	17431	13866	2742	1	1	1	29406	76
58009	34039	0.283895	17439	13873	2727	1	1	1	29405	76
58010	34039	0.28131	17644	13639	2756	1	1	1	29524	76
58011	34039	0.279018	17743	13597	2699	1	1	1	29399	76
58012	34039	0.280399	17630	13729	2680	1	1	1	29407	76
58013	34039	0.280825	17658	13644	2737	1	1	1	29517	76
58014	34039	0.280693	17602	13765	2672	1	1	1	29422	76
58015	34039	0.283469	17474	13832	2733	1	1	1	29424	76
58016	34039	0.284585	17404	13896	2739	1	1	1	29530	76
58000	34039	0.160434	23992	9172	875	1	1	1	1	77
58001	34039	0.15826	24109	9086	844	1	1	1	29469	77
58002	17334	0.178234	12023	4443	868	0.5	0.5	1	21752	77
58003	17606	0.205214	11462	5062	1082	0.5	0.5	1	15062	77
58004	17708	0.235487	10805	5466	1437	0.5	0.5	1	15233	77
58005	18047	0.274866	9984	6205	1858	0.5	0.5	1	15302	77
58006	34039	0.273862	17943	13548	2548	1	1	1	17652	77
58007	34039	0.275155	17851	13644	2544	1	1	1	29444	77
58008	34039	0.275272	17871	13596	2572	1	1	1	29479	77
58009	34039	0.274656	17843	13694	2502	1	1	1	29393	77
58010	34039	0.276227	17825	13623	2591	1	1	1	29436	77
58011	34039	0.277035	17827	13564	2648	1	1	1	29375	77
58012	34039	0.27918	17719	13634	2686	1	1	1	29447	77
58013	34039	0.281133	17571	13797	2671	1	1	1	29412	77
58014	34039	0.280443	17616	13754	2669	1	1	1	29445	77
58015	34039	0.281706	17628	13644	2767	1	1	1	29391	77
58016	34039	0.279429	17689	13677	2673	1	1	1	29381	77
58000	34039	0.160434	23992	9172	875	1	1	1	1	79
58001	34039	0.159714	24024	9157	858	1	1	1	29472	79
58002	17556	0.180223	12128	4528	900	0.5	0.5	1	21867	79
58003	17476	0.208028	11334	5013	1129	0.5	0.5	1	15139	79
58004	17746	0.237828	10748	5555	1443	0.5	0.5	1	15161	79
58005	17844	0.279226	9832	6059	1953	0.5	0.5	1	15340	79
58006	34039	0.280223	17608	13785	2646	1	1	1	17458	79
58007	34039	0.280693	17620	13729	2690	1	1	1	29464	79
58008	34039	0.281045	17559	13827	2653	1	1	1	29395	79
58009	34039	0.281119	17607	13726	2706	1	1	1	29366	79
58010	34039	0.277344	17771	13655	2613	1	1	1	29423	79
58011	34039	0.280722	17607	13753	2679	1	1	1	29480	79
58012	34039	0.281133	17553	13833	2653	1	1	1	29424	79
58013	34039	0.281853	17560	13770	2709	1	1	1	29431	79
58014	34039	0.280311	17650	13695	2694	1	1	1	29425	79
58015	34039	0.279459	17708	13637	2694	1	1	1	29395	79
58016	34039	0.279547	17733	13581	2725	1	1	1	29472	79
58000	34039	0.160434	23992	9172	875	1	1	1	1	78
58001	34039	0.160874	23981	9164	894	1	1	1	29432	78
58002	17552	0.179752	12107	4580	865	0.5	0.5	1	21847	78
58003	17410	0.202412	11451	4870	1089	0.5	0.5	1	15089	78
58004	17681	0.230643	10862	5482	1337	0.5	0.5	1	15140	78
58005	17912	0.266665	10124	6023	1765	0.5	0.5	1	15337	78
58006	34039	0.266062	18336	13293	2410	1	1	1	17510	78
58007	34039	0.265798	18327	13329	2383	1	1	1	29352	78
58008	34039	0.266518	18328	13278	2433	1	1	1	29343	78
58009	34039	0.265387	18320	13371	2348	1	1	1	29516	78
58010	34039	0.266195	18295	13366	2378	1	1	1	29443	78
58011	34039	0.266738	18211	13497	2331	1	1	1	29432	78
58012	34039	0.265181	18416	13193	2430	1	1	1	29508	78
58013	34039	0.26643	18359	13222	2458	1	1	1	29427	78
58014	34039	0.266914	18301	13305	2433	1	1	1	29482	78
58015	34039	0.265827	18344	13293	2402	1	1	1	29400	78
58016	34039	0.264329	18394	13295	2350	1	1	1	29432	78
58000	34039	0.160434	23992	9172	875	1	1	1	1	80
58001	34039	0.160551	23967	9214	858	1	1	1	29512	80
58002	17478	0.18057	12018	4608	852	0.5	0.5	1	21826	80
58003	17607	0.207531	11402	5102	1103	0.5	0.5	1	15115	80
58004	17806	0.237027	10844	5483	1479	0.5	0.5	1	15211	80
58005	18120	0.280712	9869	6329	1922	0.5	0.5	1	15483	80
58006	34039	0.2846	17410	13883	2746	1	1	1	17676	80
58007	34039	0.282059	17551	13774	2714	1	1	1	29459	80
58008	34039	0.280355	17588	13816	2635	1	1	1	29401	80
58009	34039	0.279209	17667	13736	2636	1	1	1	29526	80
58010	34039	0.279782	17629	13773	2637	1	1	1	29387	80
58011	34039	0.282059	17584	13708	2747	1	1	1	29505	80
58012	34039	0.280267	17598	13802	2639	1	1	1	29367	80
58013	34039	0.278313	17625	13881	2533	1	1	1	29362	80
58014	34039	0.278034	17721	13708	2610	1	1	1	29498	80
58015	34039	0.274494	17931	13529	2579	1	1	1	29414	80
58016	34039	0.272731	18082	13347	2610	1	1	1	29400	80
58000	34039	0.160434	23992	9172	875	1	1	1	1	81
58001	34039	0.161374	23956	9180	903	1	1	1	29344	81
58002	17466	0.186104	11870	4691	905	0.5	0.5	1	21910	81
58003	17626	0.213208	11314	5108	1204	0.5	0.5	1	15130	81
58004	17859	0.249286	10484	5846	1529	0.5	0.5	1	15269	81
58005	18265	0.293813	9631	6535	2099	0.5	0.5	1	15513	81
58006	34039	0.295646	16850	14251	2938	1	1	1	17836	81
58007	34039	0.295367	16895	14180	2964	1	1	1	29388	81
58008	34039	0.298276	16793	14186	3060	1	1	1	29418	81
58009	34039	0.299509	16634	14420	2985	1	1	1	29421	81
58010	34039	0.29666	16907	14068	3064	1	1	1	29421	81
58011	34039	0.299157	16711	14290	3038	1	1	1	29404	81
58012	34039	0.296043	16938	14048	3053	1	1	1	29430	81
58013	34039	0.29497	16914	14169	2956	1	1	1	29500	81
58014	34039	0.294192	16960	14130	2949	1	1	1	29402	81
58015	34039	0.294897	16866	14270	2903	1	1	1	29348	81
58016	34039	0.293604	17037	14016	2986	1	1	1	29542	81
58000	34039	0.160434	23992	9172	875	1	1	1	1	84
58001	34039	0.159141	24052	9140	847	1	1	1	29507	84
58002	17339	0.179999	11918	4600	821	0.5	0.5	1	21733	84
58003	17663	0.204495	11546	5010	1107	0.5	0.5	1	15090	84
58004	17615	0.238376	10634	5564	1417	0.5	0.5	1	15248	84
58005	17865	0.279373	9820	6108	1937	0.5	0.5	1	15262	84
58006	34039	0.278269	17727	13680	2632	1	1	1	17475	84
58007	34039	0.27799	17726	13701	2612	1	1	1	29470	84
58008	34039	0.275831	17841	13618	2580	1	1	1	29452	84
58009	34039	0.273216	18001	13476	2562	1	1	1	29467	84
58010	34039	0.273128	18000	13484	2555	1	1	1	29422	84
58011	34039	0.273745	17925	13592	2522	1	1	1	29362	84
58012	34039	0.272452	18005	13520	2514	1	1	1	29435	84
58013	34039	0.272158	18072	13406	2561	1	1	1	29379	84
58014	34039	0.272775	18039	13430	2570	1	1	1	29436	84
58015	34039	0.272687	17996	13522	2521	1	1	1	29529	84
58016	34039	0.270998	18097	13435	2507	1	1	1	29452	84
58000	34039	0.160434	23992	9172	875	1	1	1	1	83
58001	34039	0.160257	24001	9166	872	1	1	1	29538	83
58002	17418	0.18079	11982	4574	862	0.5	0.5	1	21842	83
58003	17525	0.205963	11381	5069	1075	0.5	0.5	1	15029	83
58004	17644	0.234187	10794	5436	1414	0.5	0.5	1	15171	83
58005	17885	0.276153	9892	6108	1885	0.5	0.5	1	15347	83
58006	34039	0.276492	17830	13595	2614	1	1	1	17477	83
58007	34039	0.2773	17793	13614	2632	1	1	1	29342	83
58008	34039	0.276271	17865	13540	2634	1	1	1	29484	83
58009	34039	0.2747	17944	13489	2606	1	1	1	29420	83
58010	34039	0.275963	17886	13519	2634	1	1	1	29430	83
58011	34039	0.27586	17802	13694	2543	1	1	1	29389	83
58012	34039	0.275566	17848	13622	2569	1	1	1	29400	83
58013	34039	0.275522	17858	13605	2576	1	1	1	29528	83
58014	34039	0.274406	17950	13497	2592	1	1	1	29458	83
58015	34039	0.275287	17908	13521	2610	1	1	1	29506	83
58016	34039	0.27561	17883	13549	2607	1	1	1	29449	83
58000	34039	0.160434	23992	9172	875	1	1	1	1	82
58001	34039	0.159449	24026	9171	842	1	1	1	29358	82
58002	17374	0.17742	12017	4549	808	0.5	0.5	1	21773	82
58003	17693	0.200644	11633	5020	1040	0.5	0.5	1	15126	82
58004	17833	0.229434	11016	5451	1366	0.5	0.5	1	15366	82
58005	17992	0.268592	10109	6101	1782	0.5	0.5	1	15458	82
58006	34039	0.267208	18251	13385	2403	1	1	1	17571	82
58007	34039	0.267135	18230	13432	2377	1	1	1	29502	82
58008	34039	0.266165	18326	13306	2407	1	1	1	29305	82
58009	34039	0.266562	18303	13325	2411	1	1	1	29423	82
58010	34039	0.264594	18438	13189	2412	1	1	1	29409	82
58011	34039	0.264549	18348	13372	2319	1	1	1	29515	82
58012	34039	0.262787	18442	13304	2293	1	1	1	29372	82
58013	34039	0.264461	18427	13220	2392	1	1	1	29443	82
58014	34039	0.266077	18322	13320	2397	1	1	1	29406	82
58015	34039	0.26781	18255	13336	2448	1	1	1	29495	82
58016	34039	0.268618	18242	13307	2490	1	1	1	29383	82
58000	34039	0.160434	23992	9172	875	1	1	1	1	85
58001	34039	0.158671	24098	9080	861	1	1	1	29434	85
58002	17349	0.181134	11925	4563	861	0.5	0.5	1	21604	85
58003	17579	0.206127	11433	5045	1101	0.5	0.5	1	15057	85
58004	17832	0.236261	10843	5552	1437	0.5	0.5	1	15208	85
58005	18028	0.277291	9919	6220	1889	0.5	0.5	1	15462	85
58006	34039	0.279635	17720	13601	2718	1	1	1	17671	85
58007	34039	0.281045	17638	13669	2732	1	1	1	29493	85
58008	34039	0.282529	17491	13862	2686	1	1	1	29463	85
58009	34039	0.281016	17526	13895	2618	1	1	1	29460	85
58010	34039	0.279958	17612	13795	2632	1	1	1	29352	85
58011	34039	0.280854	17567	13824	2648	1	1	1	29570	85
58012	34039	0.280884	17648	13660	2731	1	1	1	29340	85
58013	34039	0.279944	17685	13650	2704	1	1	1	29518	85
58014	34039	0.282426	17519	13813	2707	1	1	1	29433	85
58015	34039	0.28601	17405	13797	2837	1	1	1	29418	85
58016	34039	0.28388	17454	13844	2741	1	1	1	29385	85
58000	34039	0.160434	23992	9172	875	1	1	1	1	86
58001	34039	0.158847	24052	9160	827	1	1	1	29486	86
58002	17454	0.177552	12121	4468	865	0.5	0.5	1	21771	86
58003	17808	0.200051	11730	5031	1047	0.5	0.5	1	15211	86
58004	17825	0.232931	10900	5546	1379	0.5	0.5	1	15420	86
58005	17986	0.270683	10081	6073	1832	0.5	0.5	1	15397	86
58006	34039	0.27254	18063	13398	2578	1	1	1	17575	86
58007	34039	0.270763	18015	13615	2409	1	1	1	29503	86
58008	34039	0.269808	18127	13456	2456	1	1	1	29515	86
58009	34039	0.270499	18059	13545	2435	1	1	1	29349	86
58010	34039	0.272834	18102	13300	2637	1	1	1	29404	86
58011	34039	0.274465	17907	13579	2553	1	1	1	29501	86
58012	34039	0.271321	18063	13481	2495	1	1	1	29390	86
58013	34039	0.272158	18017	13516	2506	1	1	1	29413	86
58014	34039	0.272849	17989	13525	2525	1	1	1	29460	86
58015	34039	0.272012	18009	13542	2488	1	1	1	29408	86
58016	34039	0.26947	18177	13379	2483	1	1	1	29472	86
58000	34039	0.160434	23992	9172	875	1	1	1	1	87
58001	34039	0.158862	24074	9115	850	1	1	1	29364	87
58002	17433	0.177996	12068	4524	841	0.5	0.5	1	21809	87
58003	17657	0.205641	11472	5108	1077	0.5	0.5	1	15052	87
58004	17788	0.236986	10776	5593	1419	0.5	0.5	1	15246	87
58005	18023	0.28139	9885	6133	2005	0.5	0.5	1	15388	87
58006	34039	0.281618	17564	13778	2697	1	1	1	17611	87
58007	34039	0.278284	17668	13797	2574	1	1	1	29385	87
58008	34039	0.274611	17844	13695	2500	1	1	1	29412	87
58009	34039	0.275508	17868	13586	2585	1	1	1	29383	87
58010	34039	0.275801	17899	13504	2636	1	1	1	29522	87
58011	34039	0.272335	18007	13524	2508	1	1	1	29495	87
58012	34039	0.272305	18073	13394	2572	1	1	1	29453	87
58013	34039	0.26997	18116	13467	2456	1	1	1	29491	87
58014	34039	0.270043	18165	13364	2510	1	1	1	29479	87
58015	34039	0.271027	18051	13525	2463	1	1	1	29446	87
58016	34039	0.271292	18081	13447	2511	1	1	1	29387	87
58000	34039	0.160434	23992	9172	875	1	1	1	1	89
58001	34039	0.160037	24042	9099	898	1	1	1	29517	89
58002	17242	0.183679	11787	4576	879	0.5	0.5	1	21675	89
58003	17518	0.20653	11386	5028	1104	0.5	0.5	1	14932	89
58004	18012	0.239785	10853	5680	1479	0.5	0.5	1	15240	89
58005	17874	0.281834	9753	6167	1954	0.5	0.5	1	15504	89
58006	34039	0.282309	17547	13765	2727	1	1	1	17450	89
58007	34039	0.281838	17563	13765	2711	1	1	1	29418	89
58008	34039	0.280796	17603	13756	2680	1	1	1	29411	89
58009	34039	0.277726	17737	13697	2605	1	1	1	29346	89
58010	34039	0.278122	17752	13640	2647	1	1	1	29451	89
58011	34039	0.27774	17731	13708	2600	1	1	1	29489	89
58012	34039	0.2768	17772	13690	2577	1	1	1	29430	89
58013	34039	0.275287	17931	13475	2633	1	1	1	29364	89
58014	34039	0.27539	17855	13620	2564	1	1	1	29481	89
58015	34039	0.273627	17915	13620	2504	1	1	1	29470	89
58016	34039	0.276418	17828	13604	2607	1	1	1	29351	89
58000	34039	0.160434	23992	9172	875	1	1	1	1	88
58001	34039	0.159596	24033	9147	859	1	1	1	29374	88
58002	17351	0.181286	11973	4465	913	0.5	0.5	1	21838	88
58003	17457	0.204417	11405	4967	1085	0.5	0.5	1	15053	88
58004	17962	0.233187	10974	5599	1389	0.5	0.5	1	15225	88
58005	18073	0.271261	10105	6131	1837	0.5	0.5	1	15487	88
58006	34039	0.271967	18095	13373	2571	1	1	1	17622	88
58007	34039	0.273378	18035	13397	2607	1	1	1	29353	88
58008	34039	0.272349	18061	13415	2563	1	1	1	29435	88
58009	34039	0.270175	18142	13401	2496	1	1	1	29485	88
58010	34039	0.270381	18128	13415	2496	1	1	1	29469	88
58011	34039	0.272408	17994	13545	2500	1	1	1	29457	88
58012	34039	0.271439	17976	13647	2416	1	1	1	29479	88
58013	34039	0.274421	17857	13682	2500	1	1	1	29508	88
58014	34039	0.273319	17952	13567	2520	1	1	1	29431	88
58015	34039	0.275052	17870	13613	2556	1	1	1	29452	88
58016	34039	0.274141	17932	13551	2556	1	1	1	29444	88
58000	34039	0.160434	23992	9172	875	1	1	1	1	90
58001	34039	0.159993	24057	9072	910	1	1	1	29345	90
58002	17410	0.178834	12048	4497	865	0.5	0.5	1	21712	90
58003	17644	0.202618	11586	4966	1092	0.5	0.5	1	15099	90
58004	17770	0.237282	10767	5573	1430	0.5	0.5	1	15268	90
58005	18077	0.27795	9942	6221	1914	0.5	0.5	1	15435	90
58006	34039	0.27705	17804	13609	2626	1	1	1	17708	90
58007	34039	0.277623	17721	13736	2582	1	1	1	29434	90
58008	34039	0.276051	17838	13609	2592	1	1	1	29272	90
58009	34039	0.277153	17801	13608	2630	1	1	1	29421	90
58010	34039	0.275287	17834	13669	2536	1	1	1	29480	90
58011	34039	0.274861	17891	13584	2564	1	1	1	29294	90
58012	34039	0.274876	17857	13651	2531	1	1	1	29506	90
58013	34039	0.272775	18059	13390	2590	1	1	1	29401	90
58014	34039	0.273378	17937	13593	2509	1	1	1	29422	90
58015	34039	0.274391	17924	13550	2565	1	1	1	29512	90
58016	34039	0.276506	17801	13652	2586	1	1	1	29568	90
58000	34039	0.160434	23992	9172	875	1	1	1	1	91
58001	34039	0.160008	24003	9179	857	1	1	1	29353	91
58002	17370	0.177605	12037	4496	837	0.5	0.5	1	21742	91
58003	17566	0.201867	11533	4974	1059	0.5	0.5	1	15041	91
58004	17584	0.232967	10778	5419	1387	0.5	0.5	1	15208	91
58005	18037	0.275933	9984	6152	1901	0.5	0.5	1	15314	91
58006	34039	0.27727	17762	13678	2599	1	1	1	17622	91
58007	34039	0.277726	17749	13673	2617	1	1	1	29347	91
58008	34039	0.279136	17698	13679	2662	1	1	1	29463	91
58009	34039	0.279341	17711	13639	2689	1	1	1	29406	91
58010	34039	0.278445	17720	13682	2637	1	1	1	29517	91
58011	34039	0.279562	17640	13766	2633	1	1	1	29440	91
58012	34039	0.279385	17650	13758	2631	1	1	1	29388	91
58013	34039	0.279709	17713	13610	2716	1	1	1	29476	91
58014	34039	0.283454	17455	13871	2713	1	1	1	29466	91
58015	34039	0.282793	17481	13864	2694	1	1	1	29352	91
58016	34039	0.282705	17569	13694	2776	1	1	1	29429	91
58000	34039	0.160434	23992	9172	875	1	1	1	1	92
58001	34039	0.161976	23928	9195	916	1	1	1	29455	92
58002	17455	0.184217	11915	4649	891	0.5	0.5	1	21836	92
58003	17590	0.214525	11235	5163	1192	0.5	0.5	1	15115	92
58004	17663	0.248599	10445	5654	1564	0.5	0.5	1	15189	92
58005	18006	0.293402	9556	6334	2116	0.5	0.5	1	15342	92
58006	34039	0.294838	16930	14146	2963	1	1	1	17612	92
58007	34039	0.294427	16950	14134	2955	1	1	1	29521	92
58008	34039	0.296763	16894	14087	3058	1	1	1	29425	92
58009	34039	0.2971	16826	14200	3013	1	1	1	29463	92
58010	34039	0.297512	16820	14184	3035	1	1	1	29474	92
58011	34039	0.298393	16790	14184	3065	1	1	1	29429	92
58012	34039	0.296146	16877	14163	2999	1	1	1	29411	92
58013	34039	0.295073	16942	14106	2991	1	1	1	29410	92
58014	34039	0.292943	17017	14101	2921	1	1	1	29483	92
58015	34039	0.295543	16918	14122	2999	1	1	1	29447	92
58016	34039	0.297306	16799	14240	3000	1	1	1	29359	92
58000	34039	0.160434	23992	9172	875	1	1	1	1	93
58001	34039	0.158509	24090	9107	842	1	1	1	29329	93
58002	17462	0.176211	12164	4442	856	0.5	0.5	1	21871	93
58003	17666	0.202847	11589	4987	1090	0.5	0.5	1	15108	93
58004	17756	0.237722	10794	5482	1480	0.5	0.5	1	15309	93
58005	17914	0.2802	9803	6183	1928	0.5	0.5	1	15416	93
58006	34039	0.282059	17564	13748	2727	1	1	1	17528	93
58007	34039	0.282074	17536	13803	2700	1	1	1	29411	93
58008	34039	0.281545	17517	13877	2645	1	1	1	29353	93
58009	34039	0.282294	17580	13700	2759	1	1	1	29409	93
58010	34039	0.280693	17613	13743	2683	1	1	1	29393	93
58011	34039	0.279958	17663	13693	2683	1	1	1	29453	93
58012	34039	0.282206	17502	13862	2675	1	1	1	29398	93
58013	34039	0.28247	17504	13840	2695	1	1	1	29323	93
58014	34039	0.279503	17701	13648	2690	1	1	1	29446	93
58015	34039	0.277491	17801	13585	2653	1	1	1	29474	93
58016	34039	0.27777	17794	13580	2665	1	1	1	29344	93
58000	34039	0.160434	23992	9172	875	1	1	1	1	95
58001	34039	0.162049	23893	9260	886	1	1	1	29458	95
58002	17447	0.181722	11947	4659	841	0.5	0.5	1	21917	95
58003	17724	0.208587	11469	5116	1139	0.5	0.5	1	15132	95
58004	17684	0.24033	10648	5572	1464	0.5	0.5	1	15294	95
58005	18257	0.2817	9959	6310	1988	0.5	0.5	1	15380	95
58006	34039	0.281119	17553	13834	2652	1	1	1	17818	95
58007	34039	0.279092	17648	13782	2609	1	1	1	29453	95
58008	34039	0.277123	17826	13560	2653	1	1	1	29411	95
58009	34039	0.276139	17900	13479	2660	1	1	1	29481	95
58010	34039	0.275625	17837	13640	2562	1	1	1	29375	95
58011	34039	0.274993	17907	13543	2589	1	1	1	29524	95
58012	34039	0.274597	17894	13596	2549	1	1	1	29511	95
58013	34039	0.274949	17852	13656	2531	1	1	1	29462	95
58014	34039	0.274597	17928	13528	2583	1	1	1	29400	95
58015	34039	0.273818	17950	13537	2552	1	1	1	29416	95
58016	34039	0.274421	17925	13546	2568	1	1	1	29483	95
58000	34039	0.160434	23992	9172	875	1	1	1	1	94
58001	34039	0.160581	23961	9224	854	1	1	1	29421	94
58002	17465	0.179473	12067	4527	871	0.5	0.5	1	21814	94
58003	17442	0.206255	11343	5003	1096	0.5	0.5	1	15051	94
58004	17756	0.234428	10788	5611	1357	0.5	0.5	1	15169	94
58005	17882	0.275501	9908	6095	1879	0.5	0.5	1	15384	94
58006	34039	0.276345	17803	13659	2577	1	1	1	17463	94
58007	34039	0.278871	17752	13589	2698	1	1	1	29481	94
58008	34039	0.274435	17944	13507	2588	1	1	1	29386	94
58009	34039	0.274993	17914	13529	2596	1	1	1	29430	94
58010	34039	0.274949	17923	13514	2602	1	1	1	29439	94
58011	34039	0.275933	17845	13603	2591	1	1	1	29442	94
58012	34039	0.274846	17879	13609	2551	1	1	1	29422	94
58013	34039	0.273862	17942	13550	2547	1	1	1	29467	94
58014	34039	0.273524	17961	13535	2543	1	1	1	29416	94
58015	34039	0.272658	17941	13634	2464	1	1	1	29379	94
58016	34039	0.271395	18005	13592	2442	1	1	1	29426	94
58000	34039	0.160434	23992	9172	875	1	1	1	1	97
58001	34039	0.158656	24102	9073	864	1	1	1	29494	97
58002	17396	0.179524	12018	4510	868	0.5	0.5	1	21759	97
58003	17531	0.207775	11366	5045	1120	0.5	0.5	1	15052	97
58004	17806	0.237841	10777	5588	1441	0.5	0.5	1	15187	97
58005	17923	0.280394	9782	6231	1910	0.5	0.5	1	15430	97
58006	34039	0.278445	17743	13636	2660	1	1	1	17533	97
58007	34039	0.280076	17622	13767	2650	1	1	1	29401	97
58008	34039	0.280046	17707	13599	2733	1	1	1	29402	97
58009	34039	0.279209	17707	13656	2676	1	1	1	29554	97
58010	34039	0.281589	17563	13782	2694	1	1	1	29430	97
58011	34039	0.279973	17600	13818	2621	1	1	1	29513	97
58012	34039	0.276565	17756	13738	2545	1	1	1	29409	97
58013	34039	0.278533	17678	13760	2601	1	1	1	29439	97
58014	34039	0.279944	17603	13814	2622	1	1	1	29436	97
58015	34039	0.283484	17490	13799	2750	1	1	1	29353	97
58016	34039	0.282059	17490	13896	2653	1	1	1	29387	97
58000	34039	0.160434	23992	9172	875	1	1	1	1	96
58001	34039	0.164032	23805	9301	933	1	1	1	29415	96
58002	17346	0.188718	11740	4665	941	0.5	0.5	1	21727	96
58003	17534	0.214098	11256	5048	1230	0.5	0.5	1	14941	96
58004	17775	0.249283	10546	5596	1633	0.5	0.5	1	15109	96
58005	18017	0.291863	9602	6313	2102	0.5	0.5	1	15400	96
58006	34039	0.293458	16941	14218	2880	1	1	1	17632	96
58007	34039	0.292987	17007	14118	2914	1	1	1	29392	96
58008	34039	0.292752	17032	14084	2923	1	1	1	29530	96
58009	34039	0.293105	16963	14198	2878	1	1	1	29372	96
58010	34039	0.289491	17216	13938	2885	1	1	1	29505	96
58011	34039	0.289345	17252	13876	2911	1	1	1	29480	96
58012	34039	0.288845	17136	14142	2761	1	1	1	29461	96
58013	34039	0.289154	17203	13987	2849	1	1	1	29411	96
58014	34039	0.291357	17111	14021	2907	1	1	1	29490	96
58015	34039	0.288889	17166	14079	2794	1	1	1	29375	96
58016	34039	0.291166	17062	14132	2845	1	1	1	29516	96
58000	34039	0.160434	23992	9172	875	1	1	1	1	98
58001	34039	0.159303	23987	9259	793	1	1	1	29433	98
58002	17500	0.179886	12042	4620	838	0.5	0.5	1	21826	98
58003	17565	0.204925	11497	4937	1131	0.5	0.5	1	15139	98
58004	17845	0.239451	10745	5654	1446	0.5	0.5	1	15277	98
58005	18091	0.279006	9973	6141	1977	0.5	0.5	1	15513	98
58006	34039	0.277373	17805	13585	2649	1	1	1	17658	98
58007	34039	0.2747	17925	13527	2587	1	1	1	29500	98
58008	34039	0.274303	17963	13478	2598	1	1	1	29312	98
58009	34039	0.27185	18023	13525	2491	1	1	1	29478	98
58010	34039	0.270572	18107	13444	2488	1	1	1	29436	98
58011	34039	0.271835	18098	13376	2565	1	1	1	29389	98
58012	34039	0.271351	18107	13391	2541	1	1	1	29408	98
58013	34039	0.272819	17990	13525	2524	1	1	1	29386	98
58014	34039	0.271674	18051	13481	2507	1	1	1	29441	98
58015	34039	0.274274	17928	13550	2561	1	1	1	29427	98
58016	34039	0.274435	17867	13661	2511	1	1	1	29508	98
58000	34039	0.160434	23992	9172	875	1	1	1	1	99
58001	34039	0.158597	24092	9097	850	1	1	1	29440	99
58002	17391	0.177908	12004	4586	801	0.5	0.5	1	21804	99
58003	17455	0.199656	11537	4866	1052	0.5	0.5	1	15105	99
58004	17851	0.227718	11082	5408	1361	0.5	0.5	1	15194	99
58005	17865	0.262301	10228	5902	1735	0.5	0.5	1	15455	99
58006	34039	0.261597	18545	13179	2315	1	1	1	17448	99
58007	34039	0.258909	18718	13016	2305	1	1	1	29437	99
58008	34039	0.259379	18677	13066	2296	1	1	1	29380	99
58009	34039	0.25766	18785	12967	2287	1	1	1	29418	99
58010	34039	0.258938	18678	13094	2267	1	1	1	29497	99
58011	34039	0.256955	18789	13007	2243	1	1	1	29439	99
58012	34039	0.256794	18838	12920	2281	1	1	1	29450	99
58013	34039	0.255207	18886	12932	2221	1	1	1	29353	99
58014	34039	0.255178	18872	12962	2205	1	1	1	29327	99
58015	34039	0.254811	18884	12963	2192	1	1	1	29389	99
58016	34039	0.253636	18949	12913	2177	1	1	1	29451	99
58000	34039	0.160434	23992	9172	875	1	1	1	1	100
58001	34039	0.160889	23962	9201	876	1	1	1	29407	100
58002	17546	0.1848	11983	4641	922	0.5	0.5	1	21836	100
58003	17564	0.210857	11335	5051	1178	0.5	0.5	1	15144	100
58004	17646	0.242406	10557	5623	1466	0.5	0.5	1	15240	100
58005	18150	0.282369	9848	6354	1948	0.5	0.5	1	15409	100
58006	34039	0.281545	17606	13699	2734	1	1	1	17719	100
58007	34039	0.280766	17643	13678	2718	1	1	1	29417	100
58008	34039	0.281266	17574	13782	2683	1	1	1	29407	100
58009	34039	0.282206	17529	13808	2702	1	1	1	29428	100
58010	34039	0.282573	17565	13711	2763	1	1	1	29427	100
58011	34039	0.280443	17539	13908	2592	1	1	1	29472	100
58012	34039	0.284776	17342	14007	2690	1	1	1	29444	100
58013	34039	0.284688	17456	13785	2798	1	1	1	29410	100
58014	34039	0.283484	17459	13861	2719	1	1	1	29331	100
58015	34039	0.284189	17393	13945	2701	1	1	1	29428	100
58016	34039	0.284042	17468	13805	2766	1	1	1	29412	100
