58000	34039	0.160434	23992	9172	875	1	1
58001	34039	0.161741	23916	9235	888	29467	1
58002	17480	0.185154	11628	5231	621	21746	1
58003	17443	0.213123	10783	5885	775	14916	1
58004	17727	0.244824	10090	6594	1043	15081	1
58005	17936	0.284595	9165	7333	1438	15222	1
58006	34039	0.283586	17412	13948	2679	17546	1
58007	34039	0.284908	17383	13916	2740	29374	1
58008	34039	0.284277	17381	13963	2695	29335	1
58009	34039	0.282779	17523	13781	2735	29446	1
58010	34039	0.279709	17665	13706	2668	29389	1
58011	34039	0.2794	17639	13779	2621	29496	1
58012	34039	0.28106	17535	13874	2630	29424	1
58013	34039	0.282338	17563	13731	2745	29530	1
58014	34039	0.28059	17634	13708	2697	29391	1
58015	34039	0.279532	17689	13670	2680	29413	1
58016	34039	0.280605	17669	13637	2733	29406	1
58000	34039	0.160434	23992	9172	875	1	2
58001	34039	0.16343	23825	9302	912	29392	2
58002	17393	0.184701	11554	5253	586	21641	2
58003	17536	0.211251	10934	5795	807	15030	2
58004	17763	0.248888	10033	6618	1112	15140	2
58005	18064	0.294315	8988	7519	1557	15298	2
58006	34039	0.293472	17014	14071	2954	17632	2
58007	34039	0.29688	16815	14237	2987	29412	2
58008	34039	0.296175	16909	14097	3033	29330	2
58009	34039	0.293883	16965	14141	2933	29430	2
58010	34039	0.291137	17143	13972	2924	29482	2
58011	34039	0.29099	17109	14050	2880	29487	2
58012	34039	0.29027	17176	13965	2898	29472	2
58013	34039	0.289315	17220	13942	2877	29404	2
58014	34039	0.291621	17119	13987	2933	29396	2
58015	34039	0.29121	17114	14025	2900	29465	2
58016	34039	0.289212	17229	13931	2879	29409	2
58000	34039	0.160434	23992	9172	875	1	3
58001	34039	0.161609	23933	9210	896	29514	3
58002	17513	0.180152	11748	5220	545	21726	3
58003	17686	0.204173	11229	5692	765	15119	3
58004	17519	0.23974	10113	6412	994	15132	3
58005	18009	0.277278	9413	7205	1391	15150	3
58006	34039	0.278857	17694	13706	2639	17584	3
58007	34039	0.280649	17635	13702	2702	29408	3
58008	34039	0.282632	17497	13843	2699	29404	3
58009	34039	0.284747	17440	13813	2786	29476	3
58010	34039	0.284541	17440	13827	2772	29493	3
58011	34039	0.282118	17495	13882	2662	29455	3
58012	34039	0.284718	17507	13681	2851	29494	3
58013	34039	0.28438	17403	13912	2724	29410	3
58014	34039	0.282823	17506	13812	2721	29323	3
58015	34039	0.28128	17648	13633	2758	29389	3
58016	34039	0.282441	17523	13804	2712	29458	3
58000	34039	0.160434	23992	9172	875	1	4
58001	34039	0.158891	24103	9055	881	29425	4
58002	17434	0.180968	11709	5140	585	21698	4
58003	17506	0.2083	10967	5785	754	14991	4
58004	17720	0.239673	10234	6478	1008	15063	4
58005	18064	0.281942	9318	7306	1440	15292	4
58006	34039	0.284057	17409	13922	2708	17617	4
58007	34039	0.283939	17528	13692	2819	29418	4
58008	34039	0.286774	17308	13939	2792	29428	4
58009	34039	0.285834	17400	13819	2820	29440	4
58010	34039	0.286539	17279	14013	2747	29461	4
58011	34039	0.28886	17259	13895	2885	29536	4
58012	34039	0.289345	17205	13970	2864	29441	4
58013	34039	0.288302	17226	13999	2814	29531	4
58014	34039	0.288008	17184	14103	2752	29501	4
58015	34039	0.288919	17203	14003	2833	29389	4
58016	34039	0.287832	17263	13957	2819	29498	4
58000	34039	0.160434	23992	9172	875	1	5
58001	34039	0.159831	24029	9139	871	29328	5
58002	17529	0.181128	11756	5196	577	21766	5
58003	17644	0.210015	11018	5841	785	15087	5
58004	17563	0.242242	10106	6405	1052	15174	5
58005	18164	0.289088	9170	7486	1508	15239	5
58006	34039	0.287317	17317	13884	2838	17694	5
58007	34039	0.285893	17390	13835	2814	29479	5
58008	34039	0.286186	17344	13907	2788	29451	5
58009	34039	0.28839	17270	13905	2864	29378	5
58010	34039	0.28911	17234	13928	2877	29439	5
58011	34039	0.289374	17157	14064	2818	29448	5
58012	34039	0.289536	17140	14087	2812	29511	5
58013	34039	0.290417	17088	14131	2820	29416	5
58014	34039	0.287259	17322	13878	2839	29398	5
58015	34039	0.284365	17447	13825	2767	29382	5
58016	34039	0.284864	17399	13887	2753	29459	5
58000	34039	0.160434	23992	9172	875	1	6
58001	34039	0.160463	24050	9054	935	29471	6
58002	17642	0.184843	11763	5236	643	21837	6
58003	17619	0.216244	10807	6004	808	15143	6
58004	17806	0.245282	10115	6647	1044	15142	6
58005	18054	0.286446	9151	7463	1440	15260	6
58006	34039	0.285041	17331	14011	2697	17634	6
58007	34039	0.285496	17351	13940	2748	29432	6
58008	34039	0.285261	17401	13856	2782	29479	6
58009	34039	0.285011	17435	13805	2799	29395	6
58010	34039	0.284189	17437	13857	2745	29536	6
58011	34039	0.284189	17430	13871	2738	29502	6
58012	34039	0.284394	17445	13827	2767	29510	6
58013	34039	0.283396	17510	13765	2764	29500	6
58014	34039	0.284483	17432	13847	2760	29492	6
58015	34039	0.286671	17334	13894	2811	29433	6
58016	34039	0.286745	17265	14027	2747	29455	6
58000	34039	0.160434	23992	9172	875	1	7
58001	34039	0.161844	23904	9252	883	29309	7
58002	17438	0.184798	11583	5265	590	21683	7
58003	17728	0.210881	11059	5861	808	15011	7
58004	17666	0.246377	9996	6635	1035	15169	7
58005	17901	0.290487	9001	7400	1500	15162	7
58006	34039	0.289771	17102	14147	2790	17487	7
58007	34039	0.287641	17234	14028	2777	29385	7
58008	34039	0.287758	17332	13824	2883	29441	7
58009	34039	0.284438	17363	13988	2688	29422	7
58010	34039	0.28128	17611	13707	2721	29484	7
58011	34039	0.27962	17664	13714	2661	29399	7
58012	34039	0.278181	17738	13664	2637	29343	7
58013	34039	0.279224	17739	13591	2709	29460	7
58014	34039	0.27965	17693	13654	2692	29488	7
58015	34039	0.277358	17754	13688	2597	29472	7
58016	34039	0.278049	17725	13699	2615	29449	7
58000	34039	0.160434	23992	9172	875	1	8
58001	34039	0.161242	23919	9263	857	29417	8
58002	17524	0.182179	11741	5181	602	21775	8
58003	17701	0.210129	11038	5887	776	15132	8
58004	17865	0.242149	10230	6618	1017	15198	8
58005	17991	0.286782	9152	7359	1480	15346	8
58006	34039	0.286216	17436	13721	2882	17594	8
58007	34039	0.288434	17251	13940	2848	29452	8
58008	34039	0.28864	17281	13866	2892	29434	8
58009	34039	0.285055	17410	13852	2777	29426	8
58010	34039	0.284938	17444	13792	2803	29463	8
58011	34039	0.285995	17384	13840	2815	29451	8
58012	34039	0.286642	17385	13794	2860	29473	8
58013	34039	0.285144	17381	13904	2754	29371	8
58014	34039	0.287597	17342	13815	2882	29531	8
58015	34039	0.283821	17475	13806	2758	29474	8
58016	34039	0.284292	17433	13858	2748	29354	8
58000	34039	0.160434	23992	9172	875	1	9
58001	34039	0.15989	23987	9219	833	29377	9
58002	17402	0.181818	11666	5144	592	21655	9
58003	17522	0.206141	11007	5806	709	14974	9
58004	17802	0.235929	10398	6408	996	15102	9
58005	18045	0.276863	9440	7218	1387	15359	9
58006	34039	0.276389	17846	13570	2623	17601	9
58007	34039	0.276962	17829	13565	2645	29442	9
58008	34039	0.279385	17719	13620	2700	29489	9
58009	34039	0.280252	17746	13507	2786	29457	9
58010	34039	0.282455	17553	13743	2743	29459	9
58011	34039	0.281824	17592	13708	2739	29422	9
58012	34039	0.281941	17526	13832	2681	29374	9
58013	34039	0.284967	17417	13844	2778	29459	9
58014	34039	0.283366	17464	13859	2716	29521	9
58015	34039	0.281809	17540	13813	2686	29394	9
58016	34039	0.282353	17545	13766	2728	29402	9
58000	34039	0.160434	23992	9172	875	1	10
58001	34039	0.161932	23906	9242	891	29425	10
58002	17434	0.182029	11680	5161	593	21681	10
58003	17525	0.208559	10948	5844	733	15091	10
58004	17637	0.240999	10147	6479	1011	15150	10
58005	17927	0.281531	9246	7268	1413	15129	10
58006	34039	0.281883	17531	13826	2682	17498	10
58007	34039	0.284688	17431	13835	2773	29421	10
58008	34039	0.284483	17413	13885	2741	29539	10
58009	34039	0.284776	17423	13845	2771	29430	10
58010	34039	0.283484	17498	13783	2758	29498	10
58011	34039	0.283763	17470	13820	2749	29387	10
58012	34039	0.28485	17442	13802	2795	29472	10
58013	34039	0.285011	17341	13993	2705	29450	10
58014	34039	0.286142	17276	14046	2717	29418	10
58015	34039	0.288346	17177	14094	2768	29440	10
58016	34039	0.287053	17371	13794	2874	29346	10
58000	34039	0.160434	23992	9172	875	1	11
58001	34039	0.158715	24067	9139	833	29386	11
58002	17415	0.175883	11843	5018	554	21650	11
58003	17619	0.202026	11226	5667	726	14995	11
58004	17879	0.236311	10405	6498	976	15161	11
58005	17948	0.27641	9416	7142	1390	15360	11
58006	34039	0.274949	17881	13598	2560	17551	11
58007	34039	0.272496	18048	13431	2560	29492	11
58008	34039	0.270381	18143	13385	2511	29404	11
58009	34039	0.27044	18179	13309	2551	29423	11
58010	34039	0.26781	18221	13404	2414	29346	11
58011	34039	0.270337	18101	13472	2466	29417	11
58012	34039	0.26853	18216	13365	2458	29458	11
58013	34039	0.270087	18085	13521	2433	29429	11
58014	34039	0.268765	18264	13253	2522	29464	11
58015	34039	0.269749	18176	13362	2501	29431	11
58016	34039	0.274053	17971	13479	2589	29510	11
58000	34039	0.160434	23992	9172	875	1	12
58001	34039	0.160316	23958	9248	833	29413	12
58002	17573	0.1782	11869	5145	559	21821	12
58003	17830	0.203982	11291	5804	735	15150	12
58004	17866	0.2336	10472	6441	953	15311	12
58005	18098	0.271715	9579	7203	1316	15350	12
58006	34039	0.273187	17936	13608	2495	17681	12
58007	34039	0.27138	18020	13563	2456	29414	12
58008	34039	0.275772	17834	13636	2569	29440	12
58009	34039	0.275434	17857	13613	2569	29441	12
58010	34039	0.273583	17981	13491	2567	29390	12
58011	34039	0.277182	17774	13660	2605	29450	12
58012	34039	0.275419	17836	13656	2547	29393	12
58013	34039	0.277182	17796	13616	2627	29415	12
58014	34039	0.277828	17698	13768	2573	29339	12
58015	34039	0.279459	17602	13849	2588	29456	12
58016	34039	0.279503	17620	13810	2609	29468	12
58000	34039	0.160434	23992	9172	875	1	13
58001	34039	0.159831	23990	9217	832	29510	13
58002	17374	0.179262	11723	5073	578	21530	13
58003	17653	0.210191	11004	5877	772	15006	13
58004	17554	0.243705	10043	6466	1045	15086	13
58005	17938	0.285232	9128	7387	1423	15159	13
58006	34039	0.28532	17392	13870	2777	17527	13
58007	34039	0.285584	17357	13922	2760	29427	13
58008	34039	0.285525	17379	13882	2778	29473	13
58009	34039	0.284453	17399	13915	2725	29358	13
58010	34039	0.281706	17555	13790	2694	29483	13
58011	34039	0.283307	17402	13987	2650	29483	13
58012	34039	0.283998	17401	13942	2696	29463	13
58013	34039	0.279988	17689	13639	2711	29466	13
58014	34039	0.28012	17656	13696	2687	29405	13
58015	34039	0.276932	17784	13657	2598	29467	13
58016	34039	0.278651	17707	13694	2638	29438	13
58000	34039	0.160434	23992	9172	875	1	14
58001	34039	0.159817	23993	9212	834	29426	14
58002	17355	0.181101	11644	5136	575	21641	14
58003	17461	0.209495	10893	5820	748	15006	14
58004	17656	0.242609	10074	6597	985	15078	14
58005	18090	0.283444	9271	7383	1436	15258	14
58006	34039	0.284174	17464	13804	2771	17658	14
58007	34039	0.284262	17454	13818	2767	29348	14
58008	34039	0.284483	17489	13733	2817	29444	14
58009	34039	0.285746	17364	13897	2778	29329	14
58010	34039	0.284115	17432	13872	2735	29458	14
58011	34039	0.281398	17621	13679	2739	29516	14
58012	34039	0.28178	17561	13773	2705	29442	14
58013	34039	0.281398	17614	13693	2732	29377	14
58014	34039	0.280487	17599	13785	2655	29452	14
58015	34039	0.28222	17546	13773	2720	29459	14
58016	34039	0.283821	17467	13822	2750	29391	14
58000	34039	0.160434	23992	9172	875	1	15
58001	34039	0.162284	23912	9206	921	29441	15
58002	17460	0.185653	11561	5315	584	21782	15
58003	17629	0.212519	10894	5977	758	15090	15
58004	17667	0.244665	10043	6603	1021	15122	15
58005	17957	0.289748	9029	7450	1478	15160	15
58006	34039	0.289726	17248	13858	2933	17526	15
58007	34039	0.288698	17308	13808	2923	29325	15
58008	34039	0.28955	17198	13970	2871	29313	15
58009	34039	0.289653	17198	13963	2878	29414	15
58010	34039	0.287832	17265	13953	2821	29455	15
58011	34039	0.288507	17276	13885	2878	29421	15
58012	34039	0.290681	17139	14011	2889	29414	15
58013	34039	0.290446	17144	14017	2878	29469	15
58014	34039	0.291695	17147	13926	2966	29442	15
58015	34039	0.291768	17043	14129	2867	29516	15
58016	34039	0.292033	17101	13995	2943	29431	15
58000	34039	0.160434	23992	9172	875	1	16
58001	34039	0.161271	23913	9273	853	29551	16
58002	17392	0.178157	11717	5153	522	21635	16
58003	17623	0.200023	11317	5562	744	15007	16
58004	17722	0.236316	10360	6348	1014	15131	16
58005	18175	0.277854	9471	7308	1396	15260	16
58006	34039	0.27846	17754	13613	2672	17719	16
58007	34039	0.276991	17813	13595	2631	29492	16
58008	34039	0.275463	17837	13651	2551	29414	16
58009	34039	0.274009	17969	13486	2584	29432	16
58010	34039	0.275889	17847	13602	2590	29375	16
58011	34039	0.280928	17575	13803	2661	29479	16
58012	34039	0.278768	17682	13736	2621	29591	16
58013	34039	0.280913	17597	13760	2682	29452	16
58014	34039	0.281501	17532	13850	2657	29378	16
58015	34039	0.283763	17437	13886	2716	29404	16
58016	34039	0.284438	17371	13972	2696	29545	16
58000	34039	0.160434	23992	9172	875	1	17
58001	34039	0.160213	24000	9171	868	29416	17
58002	17502	0.182122	11708	5213	581	21806	17
58003	17631	0.204469	11142	5768	721	15136	17
58004	17790	0.23946	10316	6428	1046	15204	17
58005	17767	0.28249	9126	7244	1397	15259	17
58006	34039	0.283043	17502	13805	2732	17344	17
58007	34039	0.282074	17563	13749	2727	29426	17
58008	34039	0.282793	17480	13866	2693	29522	17
58009	34039	0.282455	17568	13713	2758	29348	17
58010	34039	0.280311	17647	13701	2691	29357	17
58011	34039	0.277872	17738	13685	2616	29461	17
58012	34039	0.27824	17752	13632	2655	29457	17
58013	34039	0.277608	17735	13709	2595	29469	17
58014	34039	0.275552	17824	13671	2544	29423	17
58015	34039	0.274773	17917	13538	2584	29405	17
58016	34039	0.275067	17830	13692	2517	29430	17
58000	34039	0.160434	23992	9172	875	1	18
58001	34039	0.159875	23957	9280	802	29469	18
58002	17525	0.180514	11751	5221	553	21830	18
58003	17643	0.207731	11089	5778	776	15078	18
58004	17818	0.237625	10380	6408	1030	15200	18
58005	18131	0.281066	9393	7284	1454	15344	18
58006	34039	0.280869	17612	13733	2694	17709	18
58007	34039	0.281912	17567	13752	2720	29433	18
58008	34039	0.281236	17566	13800	2673	29476	18
58009	34039	0.280531	17632	13716	2691	29486	18
58010	34039	0.278475	17728	13664	2647	29602	18
58011	34039	0.274479	17949	13494	2596	29465	18
58012	34039	0.27232	18046	13447	2546	29424	18
58013	34039	0.273818	17938	13561	2540	29403	18
58014	34039	0.274185	17929	13554	2556	29419	18
58015	34039	0.274127	17902	13612	2525	29498	18
58016	34039	0.276874	17831	13567	2641	29501	18
58000	34039	0.160434	23992	9172	875	1	19
58001	34039	0.160243	24035	9099	905	29359	19
58002	17548	0.184067	11728	5180	640	21746	19
58003	17629	0.205684	11102	5802	725	15075	19
58004	17958	0.237805	10446	6483	1029	15230	19
58005	17923	0.281872	9303	7136	1484	15301	19
58006	34039	0.282764	17522	13784	2733	17515	19
58007	34039	0.282338	17545	13767	2727	29547	19
58008	34039	0.283322	17496	13798	2745	29492	19
58009	34039	0.285937	17379	13854	2806	29455	19
58010	34039	0.284659	17415	13869	2755	29399	19
58011	34039	0.282955	17458	13899	2682	29431	19
58012	34039	0.281794	17506	13882	2651	29480	19
58013	34039	0.279929	17660	13701	2678	29427	19
58014	34039	0.282	17531	13818	2690	29417	19
58015	34039	0.280531	17601	13778	2660	29564	19
58016	34039	0.280032	17678	13658	2703	29413	19
58000	34039	0.160434	23992	9172	875	1	20
58001	34039	0.1613	23906	9285	848	29414	20
58002	17552	0.183597	11678	5303	571	21835	20
58003	17480	0.21024	10874	5862	744	15012	20
58004	17892	0.240051	10322	6550	1020	15108	20
58005	17911	0.282675	9168	7360	1383	15368	20
58006	34039	0.278945	17681	13726	2632	17516	20
58007	34039	0.280854	17576	13806	2657	29505	20
58008	34039	0.283836	17469	13817	2753	29359	20
58009	34039	0.283381	17437	13912	2690	29436	20
58010	34039	0.281809	17612	13669	2758	29528	20
58011	34039	0.281765	17504	13888	2647	29470	20
58012	34039	0.283293	17416	13960	2663	29445	20
58013	34039	0.280825	17641	13678	2720	29460	20
58014	34039	0.280149	17664	13678	2697	29480	20
58015	34039	0.27893	17742	13605	2692	29444	20
58016	34039	0.277446	17777	13636	2626	29510	20
58000	34039	0.160434	23992	9172	875	1	21
58001	34039	0.161491	23903	9278	858	29409	21
58002	17291	0.180932	11604	5117	570	21578	21
58003	17607	0.210115	10995	5825	787	14937	21
58004	17830	0.241475	10214	6621	995	15188	21
58005	17914	0.284498	9114	7407	1393	15265	21
58006	34039	0.283586	17413	13946	2680	17520	21
58007	34039	0.282676	17547	13740	2752	29440	21
58008	34039	0.284012	17438	13867	2734	29339	21
58009	34039	0.283469	17517	13746	2776	29543	21
58010	34039	0.283234	17538	13720	2781	29492	21
58011	34039	0.282955	17529	13757	2753	29431	21
58012	34039	0.284718	17493	13709	2837	29460	21
58013	34039	0.284145	17447	13840	2752	29426	21
58014	34039	0.280869	17610	13737	2692	29309	21
58015	34039	0.277814	17766	13633	2640	29449	21
58016	34039	0.27564	17885	13543	2611	29390	21
58000	34039	0.160434	23992	9172	875	1	22
58001	34039	0.15967	24087	9034	918	29383	22
58002	17523	0.180962	11761	5182	580	21726	22
58003	17515	0.211876	10853	5902	760	14959	22
58004	17886	0.243878	10231	6586	1069	15102	22
58005	18037	0.285496	9201	7373	1463	15362	22
58006	34039	0.286554	17304	13962	2773	17652	22
58007	34039	0.283895	17455	13841	2743	29440	22
58008	34039	0.285995	17355	13898	2786	29449	22
58009	34039	0.287024	17329	13880	2830	29435	22
58010	34039	0.288816	17160	14096	2783	29310	22
58011	34039	0.290681	17102	14085	2852	29403	22
58012	34039	0.288316	17209	14032	2798	29455	22
58013	34039	0.28626	17291	14008	2740	29463	22
58014	34039	0.288713	17222	13979	2838	29432	22
58015	34039	0.290578	17136	14024	2879	29456	22
58016	34039	0.289962	17182	13974	2883	29465	22
58000	34039	0.160434	23992	9172	875	1	23
58001	34039	0.160654	23958	9225	856	29471	23
58002	17447	0.184358	11637	5187	623	21646	23
58003	17600	0.210881	10957	5863	780	15016	23
58004	17775	0.244529	10133	6591	1051	15156	23
58005	18091	0.285004	9243	7384	1464	15300	23
58006	34039	0.283234	17483	13830	2726	17664	23
58007	34039	0.280663	17640	13691	2708	29454	23
58008	34039	0.28294	17521	13774	2744	29399	23
58009	34039	0.283763	17442	13876	2721	29489	23
58010	34039	0.282353	17492	13872	2675	29470	23
58011	34039	0.283351	17521	13746	2772	29514	23
58012	34039	0.284394	17444	13829	2766	29474	23
58013	34039	0.284483	17432	13847	2760	29402	23
58014	34039	0.282264	17506	13850	2683	29471	23
58015	34039	0.283866	17461	13831	2747	29462	23
58016	34039	0.284394	17428	13861	2750	29395	23
58000	34039	0.160434	23992	9172	875	1	24
58001	34039	0.161947	23900	9253	886	29464	24
58002	17506	0.183309	11661	5272	573	21744	24
58003	17630	0.208735	11067	5766	797	15070	24
58004	17658	0.241109	10149	6503	1006	15148	24
58005	17942	0.276335	9368	7232	1342	15232	24
58006	34039	0.27611	17803	13675	2561	17535	24
58007	34039	0.274288	17910	13585	2544	29476	24
58008	34039	0.274553	17896	13595	2548	29439	24
58009	34039	0.275008	17983	13390	2666	29509	24
58010	34039	0.277667	17736	13703	2600	29356	24
58011	34039	0.2799	17673	13677	2689	29438	24
58012	34039	0.279106	17747	13583	2709	29386	24
58013	34039	0.279576	17654	13737	2648	29453	24
58014	34039	0.281648	17524	13856	2659	29397	24
58015	34039	0.280472	17584	13816	2639	29368	24
58016	34039	0.283704	17496	13772	2771	29500	24
58000	34039	0.160434	23992	9172	875	1	25
58001	34039	0.158421	24187	8919	933	29444	25
58002	17337	0.179212	11715	5030	592	21640	25
58003	17867	0.21036	11132	5953	782	14995	25
58004	17877	0.240784	10284	6577	1016	15415	25
58005	18058	0.280679	9298	7383	1377	15356	25
58006	34039	0.277167	17812	13585	2642	17618	25
58007	34039	0.279165	17729	13615	2695	29395	25
58008	34039	0.277505	17755	13676	2608	29412	25
58009	34039	0.277637	17757	13663	2619	29470	25
58010	34039	0.280781	17683	13597	2759	29437	25
58011	34039	0.278489	17724	13671	2644	29445	25
58012	34039	0.280384	17611	13768	2660	29490	25
58013	34039	0.277182	17793	13622	2624	29480	25
58014	34039	0.278504	17641	13836	2562	29467	25
58015	34039	0.276359	17811	13642	2586	29451	25
58016	34039	0.274303	17947	13510	2582	29467	25
58000	34039	0.160434	23992	9172	875	1	26
58001	34039	0.159567	24021	9173	845	29418	26
58002	17249	0.180561	11588	5093	568	21468	26
58003	17515	0.209335	10928	5841	746	14950	26
58004	17740	0.238585	10320	6375	1045	15087	26
58005	17834	0.283419	9157	7245	1432	15137	26
58006	34039	0.281912	17600	13686	2753	17458	26
58007	34039	0.28247	17584	13680	2775	29442	26
58008	34039	0.283234	17489	13818	2732	29460	26
58009	34039	0.283425	17457	13869	2713	29511	26
58010	34039	0.283175	17465	13870	2704	29410	26
58011	34039	0.283895	17459	13833	2747	29484	26
58012	34039	0.282573	17529	13783	2727	29381	26
58013	34039	0.281721	17549	13801	2689	29404	26
58014	34039	0.280399	17544	13901	2594	29452	26
58015	34039	0.281692	17551	13799	2689	29411	26
58016	34039	0.282573	17451	13939	2649	29421	26
58000	34039	0.160434	23992	9172	875	1	27
58001	34039	0.159494	24052	9116	871	29420	27
58002	17406	0.181144	11631	5244	531	21755	27
58003	17725	0.20189	11312	5669	744	15022	27
58004	17772	0.235173	10397	6391	984	15230	27
58005	17947	0.275673	9429	7141	1377	15226	27
58006	34039	0.271497	18098	13399	2542	17549	27
58007	34039	0.273921	17911	13608	2520	29493	27
58008	34039	0.274083	17863	13693	2483	29400	27
58009	34039	0.272614	18006	13507	2526	29425	27
58010	34039	0.274362	17977	13446	2616	29343	27
58011	34039	0.27564	17825	13663	2551	29424	27
58012	34039	0.279415	17720	13616	2703	29439	27
58013	34039	0.282397	17532	13789	2718	29445	27
58014	34039	0.282999	17552	13708	2779	29439	27
58015	34039	0.283337	17484	13821	2734	29435	27
58016	34039	0.282323	17558	13742	2739	29473	27
58000	34039	0.160434	23992	9172	875	1	28
58001	34039	0.160581	23964	9218	857	29473	28
58002	17382	0.182027	11635	5166	581	21543	28
58003	17564	0.205961	11089	5715	760	14959	28
58004	17658	0.241335	10209	6375	1074	15161	28
58005	17909	0.283042	9231	7218	1460	15160	28
58006	34039	0.281912	17552	13782	2705	17519	28
58007	34039	0.282382	17497	13860	2682	29414	28
58008	34039	0.285085	17391	13888	2760	29341	28
58009	34039	0.284042	17476	13789	2774	29469	28
58010	34039	0.285202	17382	13898	2759	29383	28
58011	34039	0.286142	17395	13808	2836	29458	28
58012	34039	0.284145	17460	13814	2765	29374	28
58013	34039	0.287171	17292	13944	2803	29388	28
58014	34039	0.285437	17457	13732	2850	29440	28
58015	34039	0.286128	17343	13913	2783	29362	28
58016	34039	0.285026	17438	13798	2803	29428	28
58000	34039	0.160434	23992	9172	875	1	29
58001	34039	0.161506	23870	9343	826	29468	29
58002	17409	0.183669	11589	5245	575	21756	29
58003	17577	0.210758	10946	5853	778	15009	29
58004	17647	0.247124	9965	6642	1040	15050	29
58005	17998	0.287143	9166	7328	1504	15235	29
58006	34039	0.288228	17227	14002	2810	17619	29
58007	34039	0.288375	17219	14008	2812	29496	29
58008	34039	0.287127	17400	13731	2908	29384	29
58009	34039	0.289242	17256	13875	2908	29447	29
58010	34039	0.287729	17281	13928	2830	29414	29
58011	34039	0.289198	17331	13728	2980	29593	29
58012	34039	0.287024	17222	14094	2723	29424	29
58013	34039	0.285055	17390	13892	2757	29394	29
58014	34039	0.285555	17351	13936	2752	29425	29
58015	34039	0.287758	17254	13980	2805	29332	29
58016	34039	0.286847	17280	13990	2769	29405	29
58000	34039	0.160434	23992	9172	875	1	30
58001	34039	0.158935	24069	9120	850	29368	30
58002	17455	0.181123	11713	5161	581	21616	30
58003	17679	0.205159	11192	5720	767	15066	30
58004	17827	0.237224	10371	6454	1002	15218	30
58005	17870	0.277364	9304	7219	1347	15304	30
58006	34039	0.279444	17780	13494	2765	17474	30
58007	34039	0.278298	17694	13744	2601	29512	30
58008	34039	0.281192	17620	13695	2724	29398	30
58009	34039	0.278754	17691	13719	2629	29495	30
58010	34039	0.275552	17858	13603	2578	29424	30
58011	34039	0.27868	17741	13624	2674	29385	30
58012	34039	0.282485	17606	13635	2798	29421	30
58013	34039	0.282617	17543	13752	2744	29367	30
58014	34039	0.281721	17560	13779	2700	29401	30
58015	34039	0.281618	17537	13832	2670	29482	30
58016	34039	0.282309	17583	13693	2763	29461	30
58000	34039	0.160434	23992	9172	875	1	31
58001	34039	0.160169	24040	9094	905	29557	31
58002	17593	0.182658	11775	5209	609	21784	31
58003	17428	0.208601	10909	5767	752	15077	31
58004	17706	0.242347	10148	6534	1024	14982	31
58005	17889	0.284476	9147	7306	1436	15127	31
58006	34039	0.285379	17397	13856	2786	17490	31
58007	34039	0.285173	17390	13884	2765	29383	31
58008	34039	0.287009	17327	13885	2827	29450	31
58009	34039	0.287347	17291	13934	2814	29450	31
58010	34039	0.287523	17256	13992	2791	29466	31
58011	34039	0.286289	17305	13978	2756	29328	31
58012	34039	0.285467	17392	13860	2787	29478	31
58013	34039	0.287832	17324	13835	2880	29506	31
58014	34039	0.288669	17191	14044	2804	29470	31
58015	34039	0.287244	17339	13845	2855	29417	31
58016	34039	0.287303	17213	14093	2733	29347	31
58000	34039	0.160434	23992	9172	875	1	32
58001	34039	0.161271	23915	9269	855	29348	32
58002	17465	0.182651	11676	5198	591	21738	32
58003	17494	0.210729	10920	5775	799	15087	32
58004	17947	0.244108	10266	6600	1081	15164	32
58005	17945	0.28501	9193	7275	1477	15461	32
58006	34039	0.280619	17525	13924	2590	17530	32
58007	34039	0.279474	17743	13566	2730	29387	32
58008	34039	0.282044	17538	13801	2700	29396	32
58009	34039	0.282294	17522	13816	2701	29411	32
58010	34039	0.285525	17384	13872	2783	29389	32
58011	34039	0.285232	17469	13722	2848	29430	32
58012	34039	0.283763	17431	13898	2710	29492	32
58013	34039	0.28579	17409	13804	2826	29459	32
58014	34039	0.285055	17432	13808	2799	29380	32
58015	34039	0.288889	17210	13991	2838	29507	32
58016	34039	0.291533	17072	14087	2880	29448	32
58000	34039	0.160434	23992	9172	875	1	33
58001	34039	0.161212	23944	9215	880	29454	33
58002	17313	0.183128	11532	5221	560	21589	33
58003	17509	0.210263	10910	5835	764	14916	33
58004	17774	0.246652	10045	6690	1039	15163	33
58005	17715	0.288061	9006	7212	1497	15132	33
58006	34039	0.285981	17348	13913	2778	17323	33
58007	34039	0.285599	17442	13751	2846	29458	33
58008	34039	0.285467	17405	13834	2800	29389	33
58009	34039	0.286921	17397	13751	2891	29425	33
58010	34039	0.289844	17192	13962	2885	29451	33
58011	34039	0.287376	17251	14012	2776	29450	33
58012	34039	0.289815	17235	13878	2926	29521	33
58013	34039	0.2924	17056	14060	2923	29393	33
58014	34039	0.290916	17119	14035	2885	29465	33
58015	34039	0.293149	17056	14009	2974	29411	33
58016	34039	0.289859	17146	14053	2840	29509	33
58000	34039	0.160434	23992	9172	875	1	34
58001	34039	0.160727	24007	9122	910	29514	34
58002	17388	0.18162	11626	5208	554	21698	34
58003	17594	0.209588	10984	5845	765	14962	34
58004	17799	0.241615	10202	6593	1004	15213	34
58005	18051	0.279874	9371	7256	1424	15293	34
58006	34039	0.280032	17573	13868	2598	17656	34
58007	34039	0.284012	17448	13847	2744	29439	34
58008	34039	0.284453	17385	13943	2711	29450	34
58009	34039	0.281133	17585	13769	2685	29314	34
58010	34039	0.284101	17466	13805	2768	29434	34
58011	34039	0.287244	17281	13961	2797	29406	34
58012	34039	0.28413	17454	13827	2758	29467	34
58013	34039	0.28695	17360	13823	2856	29395	34
58014	34039	0.287273	17350	13821	2868	29447	34
58015	34039	0.285702	17282	14064	2693	29426	34
58016	34039	0.284174	17416	13900	2723	29421	34
58000	34039	0.160434	23992	9172	875	1	35
58001	34039	0.162431	23902	9216	921	29425	35
58002	17337	0.183452	11553	5207	577	21634	35
58003	17510	0.210708	10859	5923	728	14989	35
58004	17837	0.241184	10284	6502	1051	15035	35
58005	17967	0.281989	9304	7193	1470	15294	35
58006	34039	0.285217	17374	13913	2752	17568	35
58007	34039	0.28648	17305	13965	2769	29454	35
58008	34039	0.285569	17394	13849	2796	29430	35
58009	34039	0.28651	17383	13807	2849	29456	35
58010	34039	0.286612	17324	13918	2797	29401	35
58011	34039	0.286833	17304	13943	2792	29465	35
58012	34039	0.284629	17423	13855	2761	29381	35
58013	34039	0.286407	17286	14008	2745	29472	35
58014	34039	0.283998	17472	13800	2767	29423	35
58015	34039	0.283513	17515	13747	2777	29381	35
58016	34039	0.284336	17469	13783	2787	29502	35
58000	34039	0.160434	23992	9172	875	1	36
58001	34039	0.162887	23841	9307	891	29479	36
58002	17465	0.18122	11732	5136	597	21673	36
58003	17546	0.206799	11028	5779	739	15044	36
58004	17804	0.236941	10358	6455	991	15117	36
58005	18133	0.278001	9413	7358	1362	15284	36
58006	34039	0.275875	17861	13575	2603	17715	36
58007	34039	0.273157	17992	13498	2549	29455	36
58008	34039	0.273084	17991	13505	2543	29449	36
58009	34039	0.270543	18174	13312	2553	29408	36
58010	34039	0.270102	18175	13340	2524	29499	36
58011	34039	0.269441	18245	13245	2549	29379	36
58012	34039	0.270645	18157	13339	2543	29394	36
58013	34039	0.269705	18134	13449	2456	29401	36
58014	34039	0.268662	18159	13470	2410	29380	36
58015	34039	0.266797	18323	13269	2447	29435	36
58016	34039	0.265064	18397	13239	2403	29352	36
58000	34039	0.160434	23992	9172	875	1	37
58001	34039	0.159684	24089	9029	921	29408	37
58002	17488	0.183383	11674	5214	600	21784	37
58003	17683	0.213906	10909	5983	791	15113	37
58004	17786	0.244349	10131	6618	1037	15235	37
58005	17855	0.289723	9015	7334	1506	15180	37
58006	34039	0.287934	17327	13822	2890	17456	37
58007	34039	0.290564	17048	14201	2790	29416	37
58008	34039	0.290064	17121	14089	2829	29409	37
58009	34039	0.292047	17042	14112	2885	29481	37
58010	34039	0.293149	16998	14125	2916	29391	37
58011	34039	0.291239	17096	14059	2884	29324	37
58012	34039	0.292326	17040	14097	2902	29446	37
58013	34039	0.291871	17113	13982	2944	29453	37
58014	34039	0.290534	17151	13997	2891	29396	37
58015	34039	0.290637	17179	13934	2926	29471	37
58016	34039	0.289653	17170	14019	2850	29455	37
58000	34039	0.160434	23992	9172	875	1	38
58001	34039	0.160536	23981	9187	871	29453	38
58002	17456	0.182459	11665	5212	579	21811	38
58003	17479	0.21174	10879	5798	802	15030	38
58004	17774	0.247834	9999	6740	1035	15051	38
58005	18041	0.288925	9154	7349	1538	15199	38
58006	34039	0.288875	17261	13890	2888	17628	38
58007	34039	0.292209	17032	14121	2886	29388	38
58008	34039	0.294045	16992	14076	2971	29473	38
58009	34039	0.293634	16986	14116	2937	29466	38
58010	34039	0.295382	16895	14179	2965	29457	38
58011	34039	0.296895	16827	14212	3000	29422	38
58012	34039	0.294868	16917	14170	2952	29350	38
58013	34039	0.293061	17001	14125	2913	29464	38
58014	34039	0.292121	17066	14059	2914	29410	38
58015	34039	0.291181	17165	13925	2949	29360	38
58016	34039	0.289991	17164	14008	2867	29416	38
58000	34039	0.160434	23992	9172	875	1	39
58001	34039	0.161829	23905	9251	883	29383	39
58002	17371	0.18197	11636	5148	587	21592	39
58003	17651	0.210753	10996	5870	785	14986	39
58004	17799	0.242963	10220	6509	1070	15253	39
58005	17958	0.286335	9156	7320	1482	15256	39
58006	34039	0.285188	17347	13969	2723	17524	39
58007	34039	0.285746	17434	13757	2848	29436	39
58008	34039	0.287626	17267	13963	2809	29348	39
58009	34039	0.287273	17243	14035	2761	29389	39
58010	34039	0.289154	17180	14033	2826	29453	39
58011	34039	0.290064	17225	13881	2933	29512	39
58012	34039	0.289418	17154	14067	2818	29496	39
58013	34039	0.288346	17222	14004	2813	29418	39
58014	34039	0.289771	17245	13861	2933	29404	39
58015	34039	0.291563	17072	14085	2882	29357	39
58016	34039	0.290946	17074	14123	2842	29417	39
58000	34039	0.160434	23992	9172	875	1	40
58001	34039	0.15917	24029	9184	826	29454	40
58002	17384	0.177663	11771	5049	564	21723	40
58003	17443	0.202173	11093	5647	703	14976	40
58004	17903	0.233034	10503	6456	944	15077	40
58005	17910	0.270826	9530	7059	1321	15370	40
58006	34039	0.272893	18028	13444	2567	17526	40
58007	34039	0.270939	18070	13493	2476	29448	40
58008	34039	0.271527	18120	13353	2566	29467	40
58009	34039	0.269147	18226	13303	2510	29342	40
58010	34039	0.268677	18157	13473	2409	29469	40
58011	34039	0.271174	18163	13291	2585	29369	40
58012	34039	0.269162	18254	13246	2539	29380	40
58013	34039	0.269529	18208	13313	2518	29408	40
58014	34039	0.271483	18105	13386	2548	29563	40
58015	34039	0.271556	18147	13297	2595	29337	40
58016	34039	0.269088	18252	13255	2532	29534	40
58000	34039	0.160434	23992	9172	875	1	41
58001	34039	0.161197	23945	9214	880	29433	41
58002	17434	0.182546	11638	5227	569	21694	41
58003	17403	0.205482	10990	5674	739	14991	41
58004	17573	0.237381	10230	6343	1000	15034	41
58005	18152	0.278867	9466	7248	1438	15254	41
58006	34039	0.278122	17691	13762	2586	17742	41
58007	34039	0.278901	17650	13791	2598	29404	41
58008	34039	0.280561	17647	13684	2708	29467	41
58009	34039	0.280076	17637	13737	2665	29468	41
58010	34039	0.280179	17540	13924	2575	29443	41
58011	34039	0.279283	17667	13731	2641	29548	41
58012	34039	0.27893	17729	13631	2679	29427	41
58013	34039	0.280046	17661	13691	2687	29328	41
58014	34039	0.278093	17749	13648	2642	29337	41
58015	34039	0.27752	17766	13653	2620	29392	41
58016	34039	0.275258	17885	13569	2585	29373	41
58000	34039	0.160434	23992	9172	875	1	42
58001	34039	0.160243	23992	9185	862	29416	42
58002	17492	0.180854	11737	5183	572	21781	42
58003	17556	0.205172	11120	5668	768	15060	42
58004	17559	0.235777	10227	6384	948	15082	42
58005	17952	0.272031	9487	7163	1302	15123	42
58006	34039	0.272188	18102	13344	2593	17544	42
58007	34039	0.268413	18251	13303	2485	29499	42
58008	34039	0.269691	18106	13506	2427	29330	42
58009	34039	0.269441	18149	13437	2453	29415	42
58010	34039	0.270616	18072	13511	2456	29393	42
58011	34039	0.268207	18316	13187	2536	29474	42
58012	34039	0.265695	18341	13308	2390	29430	42
58013	34039	0.266224	18305	13344	2390	29369	42
58014	34039	0.265578	18411	13176	2452	29521	42
58015	34039	0.263081	18478	13212	2349	29472	42
58016	34039	0.262508	18404	13399	2236	29452	42
58000	34039	0.160434	23992	9172	875	1	43
58001	34039	0.162887	23877	9235	927	29378	43
58002	17482	0.182874	11670	5230	582	21716	43
58003	17615	0.20843	11018	5851	746	15099	43
58004	17880	0.242058	10229	6646	1005	15194	43
58005	18063	0.284449	9252	7346	1465	15293	43
58006	34039	0.284277	17436	13853	2750	17646	43
58007	34039	0.287127	17299	13933	2807	29458	43
58008	34039	0.287494	17291	13924	2824	29463	43
58009	34039	0.28698	17294	13953	2792	29415	43
58010	34039	0.286701	17328	13904	2807	29408	43
58011	34039	0.284233	17476	13776	2787	29518	43
58012	34039	0.283924	17474	13801	2764	29409	43
58013	34039	0.284923	17372	13937	2730	29433	43
58014	34039	0.287215	17230	14065	2744	29397	43
58015	34039	0.287479	17233	14041	2765	29449	43
58016	34039	0.285305	17357	13941	2741	29372	43
58000	34039	0.160434	23992	9172	875	1	44
58001	34039	0.16011	24042	9094	903	29473	44
58002	17555	0.182313	11765	5179	611	21754	44
58003	17459	0.208317	10914	5816	729	15069	44
58004	17865	0.237755	10352	6531	982	15128	44
58005	17891	0.279554	9326	7127	1438	15366	44
58006	34039	0.283175	17493	13814	2732	17484	44
58007	34039	0.281721	17560	13779	2700	29481	44
58008	34039	0.281927	17559	13767	2713	29381	44
58009	34039	0.281662	17589	13725	2725	29424	44
58010	34039	0.285775	17327	13969	2743	29318	44
58011	34039	0.285158	17406	13853	2780	29376	44
58012	34039	0.283924	17486	13777	2776	29436	44
58013	34039	0.282191	17581	13705	2753	29452	44
58014	34039	0.28297	17457	13900	2682	29392	44
58015	34039	0.282632	17526	13785	2728	29442	44
58016	34039	0.284174	17444	13844	2751	29462	44
58000	34039	0.160434	23992	9172	875	1	45
58001	34039	0.160478	23922	9309	808	29443	45
58002	17363	0.179145	11692	5121	550	21714	45
58003	17585	0.201535	11197	5688	700	15028	45
58004	17877	0.228925	10600	6369	908	15140	45
58005	18060	0.270155	9640	7082	1338	15389	45
58006	34039	0.269852	18213	13281	2545	17638	45
58007	34039	0.269764	18107	13499	2433	29563	45
58008	34039	0.269426	18195	13346	2498	29399	45
58009	34039	0.269103	18188	13382	2469	29444	45
58010	34039	0.27088	18125	13387	2527	29424	45
58011	34039	0.268809	18174	13430	2435	29445	45
58012	34039	0.26734	18320	13238	2481	29518	45
58013	34039	0.264153	18454	13187	2398	29402	45
58014	34039	0.262096	18577	13081	2381	29467	45
58015	34039	0.261612	18572	13124	2343	29467	45
58016	34039	0.262067	18498	13241	2300	29377	45
58000	34039	0.160434	23992	9172	875	1	46
58001	34039	0.159082	24079	9090	870	29384	46
58002	17467	0.18243	11671	5219	577	21650	46
58003	17655	0.209516	11029	5854	772	15038	46
58004	17828	0.239174	10312	6504	1012	15181	46
58005	18140	0.279879	9403	7320	1417	15322	46
58006	34039	0.282441	17498	13854	2687	17699	46
58007	34039	0.280942	17585	13782	2672	29412	46
58008	34039	0.280678	17596	13778	2665	29504	46
58009	34039	0.279194	17660	13751	2628	29367	46
58010	34039	0.278019	17770	13611	2658	29467	46
58011	34039	0.279547	17720	13607	2712	29449	46
58012	34039	0.280663	17564	13843	2632	29480	46
58013	34039	0.280017	17720	13575	2744	29445	46
58014	34039	0.282015	17522	13835	2682	29424	46
58015	34039	0.279591	17711	13622	2706	29515	46
58016	34039	0.279194	17627	13817	2595	29490	46
58000	34039	0.160434	23992	9172	875	1	47
58001	34039	0.159905	24017	9158	864	29345	47
58002	17402	0.18268	11586	5274	542	21608	47
58003	17576	0.204683	11119	5719	738	15088	47
58004	17736	0.2394	10248	6484	1004	15106	47
58005	17855	0.280426	9247	7202	1406	15177	47
58006	34039	0.282323	17560	13738	2741	17502	47
58007	34039	0.282602	17601	13637	2801	29416	47
58008	34039	0.281412	17573	13774	2692	29554	47
58009	34039	0.281927	17579	13727	2733	29468	47
58010	34039	0.282837	17501	13821	2717	29416	47
58011	34039	0.281912	17565	13756	2718	29455	47
58012	34039	0.281251	17690	13551	2798	29338	47
58013	34039	0.283719	17473	13817	2749	29402	47
58014	34039	0.28153	17502	13908	2629	29540	47
58015	34039	0.281177	17579	13778	2682	29482	47
58016	34039	0.2846	17365	13973	2701	29352	47
58000	34039	0.160434	23992	9172	875	1	48
58001	34039	0.159684	24013	9181	845	29429	48
58002	17461	0.183294	11657	5207	597	21700	48
58003	17650	0.210198	11048	5784	818	14994	48
58004	17661	0.245626	10033	6580	1048	15106	48
58005	17978	0.287546	9097	7423	1458	15177	48
58006	34039	0.286025	17325	13956	2758	17592	48
58007	34039	0.285746	17351	13923	2765	29470	48
58008	34039	0.282881	17476	13868	2695	29427	48
58009	34039	0.281648	17554	13796	2689	29474	48
58010	34039	0.282397	17469	13915	2655	29489	48
58011	34039	0.279826	17652	13724	2663	29402	48
58012	34039	0.279855	17694	13638	2707	29426	48
58013	34039	0.280267	17701	13596	2742	29393	48
58014	34039	0.281956	17556	13771	2712	29420	48
58015	34039	0.281163	17594	13749	2696	29456	48
58016	34039	0.281236	17597	13738	2704	29425	48
58000	34039	0.160434	23992	9172	875	1	49
58001	34039	0.161947	23898	9257	884	29389	49
58002	17552	0.182116	11760	5191	601	21774	49
58003	17593	0.210766	10940	5890	763	15111	49
58004	17721	0.245725	10112	6509	1100	15187	49
58005	17888	0.287986	9090	7293	1505	15240	49
58006	34039	0.288537	17253	13929	2857	17515	49
58007	34039	0.290152	17153	14019	2867	29464	49
58008	34039	0.290799	17110	14061	2868	29485	49
58009	34039	0.289844	17160	14026	2853	29438	49
58010	34039	0.288933	17250	13908	2881	29493	49
58011	34039	0.290681	17061	14167	2811	29382	49
58012	34039	0.294148	16915	14223	2901	29385	49
58013	34039	0.294207	16958	14133	2948	29346	49
58014	34039	0.290872	17149	13978	2912	29395	49
58015	34039	0.293986	16958	14148	2933	29365	49
58016	34039	0.294574	16948	14128	2963	29475	49
58000	34039	0.160434	23992	9172	875	1	50
58001	34039	0.16299	23859	9264	916	29455	50
58002	17372	0.187428	11444	5344	584	21621	50
58003	17745	0.213384	10969	5979	797	15095	50
58004	17792	0.249494	9955	6796	1041	15288	50
58005	17821	0.291201	8971	7321	1529	15231	50
58006	34039	0.292312	17011	14156	2872	17438	50
58007	34039	0.291122	17041	14177	2821	29404	50
58008	34039	0.292459	17026	14116	2897	29409	50
58009	34039	0.295073	16925	14140	2974	29354	50
58010	34039	0.295352	16873	14225	2941	29459	50
58011	34039	0.293458	17006	14088	2945	29411	50
58012	34039	0.297424	16838	14154	3047	29501	50
58013	34039	0.296219	16898	14116	3025	29421	50
58014	34039	0.293854	17012	14049	2978	29443	50
58015	34039	0.294001	16963	14137	2939	29448	50
58016	34039	0.294383	16975	14087	2977	29458	50
58000	34039	0.160434	23992	9172	875	1	51
58001	34039	0.159244	24112	9013	914	29310	51
58002	17399	0.181016	11664	5171	564	21653	51
58003	17585	0.205345	11112	5724	749	14985	51
58004	17849	0.235083	10462	6382	1005	15153	51
58005	17951	0.275834	9415	7169	1367	15272	51
58006	34039	0.277153	17764	13682	2593	17560	51
58007	34039	0.279253	17709	13649	2681	29417	51
58008	34039	0.279459	17641	13771	2627	29467	51
58009	34039	0.280575	17581	13815	2643	29373	51
58010	34039	0.280326	17635	13724	2680	29441	51
58011	34039	0.280208	17627	13748	2664	29439	51
58012	34039	0.281236	17608	13716	2715	29387	51
58013	34039	0.281721	17577	13745	2717	29512	51
58014	34039	0.281794	17603	13688	2748	29364	51
58015	34039	0.279371	17652	13755	2632	29355	51
58016	34039	0.276594	17832	13584	2623	29481	51
58000	34039	0.160434	23992	9172	875	1	52
58001	34039	0.158847	24097	9070	872	29377	52
58002	17351	0.175898	11801	4996	554	21655	52
58003	17689	0.202301	11277	5667	745	15023	52
58004	17943	0.23335	10529	6454	960	15187	52
58005	18093	0.268281	9719	7040	1334	15497	52
58006	34039	0.268574	18209	13376	2454	17683	52
58007	34039	0.267884	18231	13379	2429	29426	52
58008	34039	0.268427	18224	13356	2459	29380	52
58009	34039	0.265504	18348	13307	2384	29375	52
58010	34039	0.262376	18540	13136	2363	29504	52
58011	34039	0.262258	18536	13152	2351	29339	52
58012	34039	0.259643	18614	13174	2251	29405	52
58013	34039	0.258938	18746	12958	2335	29382	52
58014	34039	0.257587	18772	12998	2269	29477	52
58015	34039	0.260246	18636	13089	2314	29558	52
58016	34039	0.259687	18651	13097	2291	29438	52
58000	34039	0.160434	23992	9172	875	1	53
58001	34039	0.158127	24160	8993	886	29504	53
58002	17477	0.181438	11725	5162	590	21520	53
58003	17461	0.2117	10813	5903	745	14973	53
58004	17657	0.245936	10041	6547	1069	14975	53
58005	17920	0.292355	8919	7524	1477	15191	53
58006	34039	0.291533	17047	14137	2855	17535	53
58007	34039	0.291151	17054	14149	2836	29385	53
58008	34039	0.28886	17188	14037	2814	29512	53
58009	34039	0.288155	17229	14003	2807	29360	53
58010	34039	0.290608	17171	13952	2916	29484	53
58011	34039	0.292209	17070	14045	2924	29390	53
58012	34039	0.291137	17163	13932	2944	29428	53
58013	34039	0.287332	17313	13891	2835	29452	53
58014	34039	0.29168	17091	14039	2909	29324	53
58015	34039	0.294119	16919	14217	2903	29441	53
58016	34039	0.295205	16934	14113	2992	29333	53
58000	34039	0.160434	23992	9172	875	1	54
58001	34039	0.162799	23859	9277	903	29451	54
58002	17452	0.182672	11649	5230	573	21646	54
58003	17520	0.209789	10895	5899	726	15006	54
58004	17647	0.240211	10189	6438	1020	15165	54
58005	18052	0.281575	9297	7344	1411	15152	54
58006	34039	0.281412	17575	13770	2694	17647	54
58007	34039	0.279283	17689	13687	2663	29489	54
58008	34039	0.278019	17746	13659	2634	29500	54
58009	34039	0.277858	17752	13658	2629	29416	54
58010	34039	0.275919	17891	13512	2636	29432	54
58011	34039	0.275963	17820	13651	2568	29421	54
58012	34039	0.277388	17729	13736	2574	29453	54
58013	34039	0.275816	17883	13535	2621	29508	54
58014	34039	0.275963	17824	13643	2572	29445	54
58015	34039	0.276668	17869	13505	2665	29421	54
58016	34039	0.275346	17895	13543	2601	29420	54
58000	34039	0.160434	23992	9172	875	1	55
58001	34039	0.15826	24117	9070	852	29419	55
58002	17471	0.178238	11778	5158	535	21715	55
58003	17540	0.202423	11186	5607	747	15068	55
58004	17757	0.239567	10251	6504	1002	15112	55
58005	17929	0.280412	9294	7215	1420	15227	55
58006	34039	0.280149	17686	13634	2719	17535	55
58007	34039	0.281883	17549	13790	2700	29463	55
58008	34039	0.280957	17625	13701	2713	29366	55
58009	34039	0.28178	17545	13805	2689	29524	55
58010	34039	0.282206	17517	13832	2690	29462	55
58011	34039	0.280061	17662	13688	2689	29396	55
58012	34039	0.279459	17636	13781	2622	29366	55
58013	34039	0.278445	17662	13798	2579	29474	55
58014	34039	0.276741	17794	13650	2595	29419	55
58015	34039	0.277623	17805	13568	2666	29489	55
58016	34039	0.278387	17806	13514	2719	29510	55
58000	34039	0.160434	23992	9172	875	1	56
58001	34039	0.163695	23752	9430	857	29492	56
58002	17522	0.18551	11649	5245	628	21765	56
58003	17587	0.21169	10936	5856	795	15027	56
58004	17640	0.244189	10035	6595	1010	15196	56
58005	17982	0.284451	9221	7292	1469	15195	56
58006	34039	0.280957	17614	13723	2702	17620	56
58007	34039	0.282999	17546	13720	2773	29483	56
58008	34039	0.285878	17357	13902	2780	29452	56
58009	34039	0.284718	17399	13897	2743	29426	56
58010	34039	0.283704	17457	13850	2732	29396	56
58011	34039	0.281736	17555	13788	2696	29440	56
58012	34039	0.283586	17517	13738	2784	29488	56
58013	34039	0.28482	17425	13838	2776	29488	56
58014	34039	0.284938	17397	13886	2756	29442	56
58015	34039	0.28626	17331	13928	2780	29383	56
58016	34039	0.288551	17223	13988	2828	29449	56
58000	34039	0.160434	23992	9172	875	1	57
58001	34039	0.158362	24126	9045	868	29427	57
58002	17391	0.179576	11686	5164	541	21731	57
58003	17592	0.20498	11086	5800	706	15034	57
58004	17718	0.237922	10293	6419	1006	15217	57
58005	18065	0.281124	9353	7267	1445	15277	57
58006	34039	0.282426	17521	13809	2709	17639	57
58007	34039	0.281266	17595	13740	2704	29449	57
58008	34039	0.282984	17458	13897	2684	29407	57
58009	34039	0.283425	17517	13749	2773	29498	57
58010	34039	0.282411	17521	13810	2708	29403	57
58011	34039	0.282338	17501	13855	2683	29313	57
58012	34039	0.281324	17626	13674	2739	29467	57
58013	34039	0.280884	17552	13852	2635	29447	57
58014	34039	0.280032	17661	13692	2686	29470	57
58015	34039	0.280546	17636	13707	2696	29432	57
58016	34039	0.280252	17634	13731	2674	29423	57
58000	34039	0.160434	23992	9172	875	1	58
58001	34039	0.162872	23851	9288	900	29513	58
58002	17536	0.1804	11779	5187	570	21861	58
58003	17493	0.204539	11094	5642	757	15129	58
58004	17694	0.235673	10336	6376	982	15117	58
58005	18074	0.275645	9454	7276	1344	15268	58
58006	34039	0.272408	18066	13401	2572	17642	58
58007	34039	0.271497	18097	13401	2541	29485	58
58008	34039	0.269647	18163	13395	2481	29376	58
58009	34039	0.273495	17960	13539	2540	29425	58
58010	34039	0.270851	18176	13287	2576	29485	58
58011	34039	0.273392	17952	13562	2525	29366	58
58012	34039	0.275948	17792	13708	2539	29381	58
58013	34039	0.27655	17860	13531	2648	29416	58
58014	34039	0.276771	17745	13746	2548	29482	58
58015	34039	0.276448	17824	13610	2605	29473	58
58016	34039	0.275831	17847	13606	2586	29449	58
58000	34039	0.160434	23992	9172	875	1	59
58001	34039	0.161594	23899	9279	861	29392	59
58002	17429	0.183401	11633	5199	597	21715	59
58003	17722	0.211037	11036	5892	794	15002	59
58004	17661	0.243361	10114	6498	1049	15199	59
58005	17830	0.289736	9004	7320	1506	15142	59
58006	34039	0.289389	17186	14005	2848	17440	59
58007	34039	0.287655	17237	14021	2781	29449	59
58008	34039	0.28958	17257	13850	2932	29536	59
58009	34039	0.290138	17129	14068	2842	29474	59
58010	34039	0.290711	17184	13919	2936	29453	59
58011	34039	0.288742	17245	13931	2863	29346	59
58012	34039	0.289932	17193	13954	2892	29515	59
58013	34039	0.290211	17112	14097	2830	29351	59
58014	34039	0.291651	17083	14057	2899	29471	59
58015	34039	0.295367	16877	14216	2946	29431	59
58016	34039	0.296953	16848	14166	3025	29438	59
58000	34039	0.160434	23992	9172	875	1	60
58001	34039	0.158965	24067	9122	850	29464	60
58002	17430	0.181727	11680	5165	585	21569	60
58003	17590	0.209665	10980	5844	766	15049	60
58004	17644	0.244531	10080	6499	1065	15113	60
58005	18070	0.285529	9217	7387	1466	15241	60
58006	34039	0.282206	17510	13846	2683	17660	60
58007	34039	0.282617	17475	13888	2676	29523	60
58008	34039	0.283249	17437	13921	2681	29412	60
58009	34039	0.283939	17447	13854	2738	29502	60
58010	34039	0.286201	17364	13866	2809	29428	60
58011	34039	0.284438	17411	13892	2736	29458	60
58012	34039	0.286201	17325	13944	2770	29335	60
58013	34039	0.289491	17204	13962	2873	29530	60
58014	34039	0.289139	17197	14000	2842	29461	60
58015	34039	0.288654	17205	14017	2817	29510	60
58016	34039	0.287582	17241	14018	2780	29473	60
58000	34039	0.160434	23992	9172	875	1	61
58001	34039	0.161462	23908	9270	861	29495	61
58002	17476	0.180533	11723	5196	557	21755	61
58003	17702	0.205033	11188	5769	745	15116	61
58004	17733	0.235832	10351	6400	982	15212	61
58005	18025	0.274424	9536	7085	1404	15222	61
58006	34039	0.275463	17820	13685	2534	17604	61
58007	34039	0.276139	17812	13655	2572	29439	61
58008	34039	0.276301	17775	13718	2546	29524	61
58009	34039	0.274773	17900	13572	2567	29438	61
58010	34039	0.273172	18007	13467	2565	29489	61
58011	34039	0.27517	17925	13495	2619	29472	61
58012	34039	0.275199	17835	13673	2531	29449	61
58013	34039	0.273113	17980	13525	2534	29346	61
58014	34039	0.273466	17951	13559	2529	29391	61
58015	34039	0.27423	17972	13465	2602	29408	61
58016	34039	0.275434	17879	13569	2591	29494	61
58000	34039	0.160434	23992	9172	875	1	62
58001	34039	0.160184	23989	9195	855	29434	62
58002	17444	0.181122	11708	5153	583	21681	62
58003	17662	0.209857	11018	5875	769	15022	62
58004	17762	0.242512	10158	6593	1011	15182	62
58005	17890	0.280939	9236	7256	1398	15249	62
58006	34039	0.280987	17678	13593	2768	17497	62
58007	34039	0.281089	17666	13610	2763	29344	62
58008	34039	0.277505	17816	13554	2669	29477	62
58009	34039	0.275831	17826	13648	2565	29474	62
58010	34039	0.275228	17881	13579	2579	29446	62
58011	34039	0.27348	17993	13474	2572	29509	62
58012	34039	0.273304	18018	13436	2585	29469	62
58013	34039	0.272085	18033	13489	2517	29363	62
58014	34039	0.270499	18151	13361	2527	29395	62
58015	34039	0.273143	17994	13495	2550	29406	62
58016	34039	0.27373	17943	13557	2539	29423	62
58000	34039	0.160434	23992	9172	875	1	63
58001	34039	0.160816	23956	9218	865	29450	63
58002	17647	0.184026	11762	5275	610	21754	63
58003	17594	0.209901	11014	5774	806	15140	63
58004	17660	0.243601	10085	6546	1029	15182	63
58005	17910	0.282272	9272	7165	1473	15162	63
58006	34039	0.278959	17587	13913	2539	17539	63
58007	34039	0.278489	17767	13585	2687	29418	63
58008	34039	0.277314	17794	13611	2634	29400	63
58009	34039	0.278651	17691	13726	2622	29378	63
58010	34039	0.280149	17621	13764	2654	29474	63
58011	34039	0.282779	17442	13943	2654	29508	63
58012	34039	0.283895	17501	13749	2789	29405	63
58013	34039	0.28576	17339	13946	2754	29333	63
58014	34039	0.28789	17279	13921	2839	29490	63
58015	34039	0.289638	17132	14096	2811	29386	63
58016	34039	0.290549	17113	14072	2854	29449	63
58000	34039	0.160434	23992	9172	875	1	64
58001	34039	0.159611	24072	9068	899	29488	64
58002	17551	0.181927	11727	5262	562	21728	64
58003	17651	0.209308	11039	5835	777	15105	64
58004	17516	0.244947	9978	6495	1043	15169	64
58005	17901	0.283001	9227	7216	1458	15090	64
58006	34039	0.281368	17597	13729	2713	17504	64
58007	34039	0.279958	17637	13745	2657	29382	64
58008	34039	0.279547	17643	13761	2635	29390	64
58009	34039	0.279547	17683	13681	2675	29495	64
58010	34039	0.278592	17628	13856	2555	29477	64
58011	34039	0.276683	17732	13778	2529	29484	64
58012	34039	0.276271	17776	13718	2545	29381	64
58013	34039	0.275449	17854	13618	2567	29461	64
58014	34039	0.277564	17754	13674	2611	29439	64
58015	34039	0.278592	17781	13550	2708	29452	64
58016	34039	0.278328	17757	13616	2666	29352	64
58000	34039	0.160434	23992	9172	875	1	65
58001	34039	0.160463	23979	9196	864	29454	65
58002	17544	0.185078	11638	5318	588	21884	65
58003	17623	0.209385	11025	5816	782	15102	65
58004	17678	0.245163	10077	6534	1067	15102	65
58005	17998	0.28656	9154	7373	1471	15186	65
58006	34039	0.285672	17360	13910	2769	17561	65
58007	34039	0.288801	17221	13975	2843	29509	65
58008	34039	0.292561	17042	14077	2920	29477	65
58009	34039	0.295617	16929	14095	3015	29423	65
58010	34039	0.293781	16957	14164	2918	29455	65
58011	34039	0.295529	16847	14265	2927	29475	65
58012	34039	0.293869	16959	14154	2926	29447	65
58013	34039	0.292929	17088	13960	2991	29415	65
58014	34039	0.296204	16877	14159	3003	29379	65
58015	34039	0.298129	16765	14252	3022	29390	65
58016	34039	0.29785	16763	14275	3001	29440	65
58000	34039	0.160434	23992	9172	875	1	66
58001	34039	0.160757	23951	9232	856	29384	66
58002	17441	0.184794	11570	5296	575	21698	66
58003	17606	0.209559	11003	5827	776	15090	66
58004	17701	0.246879	10067	6528	1106	15092	66
58005	17897	0.290579	8984	7425	1488	15188	66
58006	34039	0.289638	17167	14026	2846	17500	66
58007	34039	0.285878	17331	13954	2754	29418	66
58008	34039	0.284864	17408	13869	2762	29442	66
58009	34039	0.283719	17490	13783	2766	29450	66
58010	34039	0.281985	17562	13757	2720	29551	66
58011	34039	0.281207	17560	13814	2665	29383	66
58012	34039	0.281471	17591	13734	2714	29482	66
58013	34039	0.282162	17494	13881	2664	29425	66
58014	34039	0.279753	17623	13787	2629	29452	66
58015	34039	0.279826	17668	13692	2679	29401	66
58016	34039	0.278416	17637	13850	2552	29404	66
58000	34039	0.160434	23992	9172	875	1	67
58001	34039	0.161697	23917	9236	886	29451	67
58002	17347	0.183346	11564	5205	578	21694	67
58003	17718	0.210887	11036	5891	791	15028	67
58004	17856	0.244596	10169	6639	1048	15297	67
58005	18147	0.287651	9233	7388	1526	15344	67
58006	34039	0.286407	17360	13860	2819	17733	67
58007	34039	0.286495	17318	13938	2783	29519	67
58008	34039	0.285114	17375	13918	2746	29486	67
58009	34039	0.28604	17402	13801	2836	29476	67
58010	34039	0.286201	17316	13962	2761	29446	67
58011	34039	0.284879	17383	13918	2738	29401	67
58012	34039	0.287332	17190	14137	2712	29408	67
58013	34039	0.28767	17256	13982	2801	29454	67
58014	34039	0.285951	17371	13869	2799	29457	67
58015	34039	0.28435	17406	13908	2725	29400	67
58016	34039	0.283381	17502	13782	2755	29436	67
58000	34039	0.160434	23992	9172	875	1	68
58001	34039	0.161726	23915	9238	886	29453	68
58002	17390	0.180506	11670	5162	558	21741	68
58003	17605	0.204431	11116	5780	709	14985	68
58004	17624	0.235191	10319	6320	985	15063	68
58005	17913	0.273461	9449	7131	1333	15158	68
58006	34039	0.270219	18113	13456	2470	17512	68
58007	34039	0.273348	18067	13335	2637	29488	68
58008	34039	0.27564	17836	13641	2562	29441	68
58009	34039	0.274567	17917	13552	2570	29437	68
58010	34039	0.271997	18015	13531	2493	29436	68
58011	34039	0.271791	18096	13383	2560	29370	68
58012	34039	0.271071	18105	13414	2520	29512	68
58013	34039	0.271204	18046	13523	2470	29552	68
58014	34039	0.272026	18005	13549	2485	29505	68
58015	34039	0.270778	18098	13448	2493	29349	68
58016	34039	0.269676	18178	13363	2498	29402	68
58000	34039	0.160434	23992	9172	875	1	69
58001	34039	0.158407	24108	9078	853	29531	69
58002	17557	0.178163	11863	5132	562	21823	69
58003	17729	0.20506	11198	5791	740	15122	69
58004	17764	0.236968	10293	6523	948	15227	69
58005	18073	0.276158	9464	7236	1373	15342	69
58006	34039	0.275008	17950	13456	2633	17674	69
58007	34039	0.274641	17910	13561	2568	29357	69
58008	34039	0.271982	18076	13410	2553	29420	69
58009	34039	0.274171	17925	13563	2551	29478	69
58010	34039	0.273172	17962	13557	2520	29328	69
58011	34039	0.269191	18114	13524	2401	29525	69
58012	34039	0.272041	18045	13468	2526	29380	69
58013	34039	0.271071	18077	13470	2492	29446	69
58014	34039	0.269691	18157	13404	2478	29422	69
58015	34039	0.266591	18320	13289	2430	29464	69
58016	34039	0.264829	18409	13231	2399	29452	69
58000	34039	0.160434	23992	9172	875	1	70
58001	34039	0.161829	23894	9273	872	29360	70
58002	17599	0.183618	11735	5265	599	21800	70
58003	17579	0.214432	10848	5923	808	15053	70
58004	17616	0.250312	9905	6603	1108	15087	70
58005	18143	0.297167	8964	7575	1604	15243	70
58006	34039	0.297203	16847	14151	3041	17741	70
58007	34039	0.297923	16767	14262	3010	29462	70
58008	34039	0.296968	16858	14145	3036	29405	70
58009	34039	0.294574	16989	14046	3004	29450	70
58010	34039	0.293869	16965	14142	2932	29411	70
58011	34039	0.292752	17056	14036	2947	29350	70
58012	34039	0.292796	16974	14197	2868	29423	70
58013	34039	0.291974	17082	14037	2920	29492	70
58014	34039	0.292268	17021	14139	2879	29404	70
58015	34039	0.293972	17001	14063	2975	29376	70
58016	34039	0.294706	16935	14145	2959	29380	70
58000	34039	0.160434	23992	9172	875	1	71
58001	34039	0.161447	23935	9217	887	29347	71
58002	17485	0.180498	11749	5160	576	21735	71
58003	17615	0.203775	11152	5747	716	15078	71
58004	17702	0.236357	10348	6340	1014	15171	71
58005	18246	0.27617	9562	7290	1394	15261	71
58006	34039	0.275228	17852	13637	2550	17766	71
58007	34039	0.277006	17770	13680	2589	29454	71
58008	34039	0.272893	18013	13474	2552	29443	71
58009	34039	0.275096	17904	13542	2593	29470	71
58010	34039	0.273245	17974	13528	2537	29389	71
58011	34039	0.274567	17832	13722	2485	29456	71
58012	34039	0.278254	17740	13655	2644	29415	71
58013	34039	0.278901	17739	13613	2687	29496	71
58014	34039	0.279033	17699	13684	2656	29392	71
58015	34039	0.281089	17618	13706	2715	29474	71
58016	34039	0.279694	17641	13755	2643	29400	71
58000	34039	0.160434	23992	9172	875	1	72
58001	34039	0.160948	23957	9207	875	29353	72
58002	17532	0.182096	11726	5227	579	21692	72
58003	17474	0.206764	10992	5738	744	15030	72
58004	17644	0.236228	10302	6348	994	15039	72
58005	17992	0.280263	9370	7159	1463	15168	72
58006	34039	0.279665	17695	13649	2695	17582	72
58007	34039	0.277138	17801	13609	2629	29449	72
58008	34039	0.276154	17878	13522	2639	29479	72
58009	34039	0.273495	17919	13621	2499	29470	72
58010	34039	0.274567	17920	13546	2573	29377	72
58011	34039	0.27561	17869	13577	2593	29470	72
58012	34039	0.271806	18034	13506	2499	29489	72
58013	34039	0.273392	17977	13512	2550	29546	72
58014	34039	0.271233	18136	13341	2562	29397	72
58015	34039	0.273745	17960	13522	2557	29425	72
58016	34039	0.273804	17983	13472	2584	29466	72
58000	34039	0.160434	23992	9172	875	1	73
58001	34039	0.157981	24173	8977	889	29441	73
58002	17380	0.178567	11751	5051	578	21723	73
58003	17587	0.202053	11193	5681	713	14990	73
58004	17542	0.231929	10350	6247	945	15035	73
58005	18011	0.273583	9503	7161	1347	15145	73
58006	34039	0.275008	17886	13584	2569	17591	73
58007	34039	0.276683	17758	13726	2555	29530	73
58008	34039	0.277564	17711	13760	2568	29392	73
58009	34039	0.278768	17740	13620	2679	29447	73
58010	34039	0.277094	17778	13658	2603	29520	73
58011	34039	0.277006	17798	13624	2617	29463	73
58012	34039	0.27376	17966	13509	2564	29394	73
58013	34039	0.274905	17843	13677	2519	29508	73
58014	34039	0.278666	17788	13531	2720	29441	73
58015	34039	0.280737	17670	13626	2743	29441	73
58016	34039	0.279327	17689	13684	2666	29427	73
58000	34039	0.160434	23992	9172	875	1	74
58001	34039	0.163004	23804	9373	862	29371	74
58002	17379	0.183958	11581	5202	596	21682	74
58003	17669	0.212208	10990	5859	820	14946	74
58004	17611	0.245897	10045	6471	1095	15145	74
58005	17934	0.287136	9127	7315	1492	15178	74
58006	34039	0.286583	17292	13984	2763	17551	74
58007	34039	0.286539	17334	13903	2802	29490	74
58008	34039	0.284145	17427	13880	2732	29417	74
58009	34039	0.283337	17419	13951	2669	29547	74
58010	34039	0.283572	17482	13809	2748	29431	74
58011	34039	0.282029	17591	13696	2752	29359	74
58012	34039	0.279327	17648	13766	2625	29448	74
58013	34039	0.280722	17704	13559	2776	29429	74
58014	34039	0.280105	17671	13667	2701	29362	74
58015	34039	0.280326	17627	13740	2672	29409	74
58016	34039	0.278622	17686	13738	2615	29467	74
58000	34039	0.160434	23992	9172	875	1	75
58001	34039	0.159567	24036	9143	860	29451	75
58002	17685	0.177439	11938	5218	529	21958	75
58003	17586	0.201979	11247	5574	765	15115	75
58004	17693	0.237439	10294	6396	1003	15180	75
58005	17975	0.279471	9315	7273	1387	15202	75
58006	34039	0.278093	17770	13606	2663	17577	75
58007	34039	0.278005	17748	13656	2635	29482	75
58008	34039	0.277784	17770	13627	2642	29443	75
58009	34039	0.274846	17896	13575	2568	29417	75
58010	34039	0.275449	17834	13658	2547	29377	75
58011	34039	0.274347	17894	13613	2532	29506	75
58012	34039	0.27727	17796	13610	2633	29534	75
58013	34039	0.275992	17832	13625	2582	29484	75
58014	34039	0.275405	17897	13535	2607	29343	75
58015	34039	0.278122	17793	13558	2688	29425	75
58016	34039	0.277182	17728	13752	2559	29443	75
58000	34039	0.160434	23992	9172	875	1	76
58001	34039	0.160213	23983	9205	851	29402	76
58002	17454	0.180188	11776	5066	612	21846	76
58003	17432	0.210905	10830	5851	751	14961	76
58004	17725	0.244203	10131	6531	1063	15036	76
58005	18123	0.287646	9137	7546	1440	15269	76
58006	34039	0.290167	17113	14098	2828	17688	76
58007	34039	0.291533	17065	14101	2873	29451	76
58008	34039	0.290725	17096	14094	2849	29357	76
58009	34039	0.294618	16925	14171	2943	29409	76
58010	34039	0.294045	16916	14228	2895	29407	76
58011	34039	0.294824	16941	14125	2973	29421	76
58012	34039	0.292429	17047	14076	2916	29430	76
58013	34039	0.291063	17137	13989	2913	29490	76
58014	34039	0.291269	17129	13991	2919	29481	76
58015	34039	0.295411	16902	14163	2974	29443	76
58016	34039	0.29641	16847	14205	2987	29461	76
58000	34039	0.160434	23992	9172	875	1	77
58001	34039	0.160066	24049	9083	907	29335	77
58002	17334	0.183483	11543	5221	570	21592	77
58003	17606	0.2122	10883	5974	749	14970	77
58004	17708	0.243675	10108	6570	1030	15178	77
58005	18047	0.290242	9083	7452	1512	15238	77
58006	34039	0.292224	17043	14098	2898	17610	77
58007	34039	0.292077	17073	14048	2918	29333	77
58008	34039	0.293898	16995	14080	2964	29485	77
58009	34039	0.292796	17006	14133	2900	29502	77
58010	34039	0.292062	17098	13999	2942	29448	77
58011	34039	0.292385	17035	14103	2901	29392	77
58012	34039	0.292312	17032	14114	2893	29479	77
58013	34039	0.292062	17074	14047	2918	29364	77
58014	34039	0.291768	17100	14015	2924	29437	77
58015	34039	0.293061	17050	14027	2962	29415	77
58016	34039	0.294882	16955	14093	2991	29451	77
58000	34039	0.160434	23992	9172	875	1	78
58001	34039	0.16011	23995	9188	856	29488	78
58002	17552	0.179125	11823	5170	559	21815	78
58003	17410	0.206806	10948	5723	739	15072	78
58004	17681	0.238589	10241	6443	997	15070	78
58005	17912	0.281376	9269	7206	1437	15224	78
58006	34039	0.281838	17573	13745	2721	17515	78
58007	34039	0.27777	17761	13646	2632	29438	78
58008	34039	0.277388	17836	13522	2681	29498	78
58009	34039	0.278592	17616	13880	2543	29459	78
58010	34039	0.281031	17619	13708	2712	29383	78
58011	34039	0.280487	17552	13879	2608	29423	78
58012	34039	0.282309	17559	13741	2739	29428	78
58013	34039	0.284233	17430	13868	2741	29404	78
58014	34039	0.285922	17335	13943	2761	29500	78
58015	34039	0.284703	17395	13906	2738	29451	78
58016	34039	0.285584	17377	13882	2780	29337	78
58000	34039	0.160434	23992	9172	875	1	79
58001	34039	0.160243	24006	9157	876	29467	79
58002	17556	0.182957	11712	5264	580	21811	79
58003	17476	0.208314	10936	5799	741	15089	79
58004	17746	0.236166	10327	6456	963	15069	79
58005	17844	0.278245	9270	7218	1356	15197	79
58006	34039	0.276315	17842	13583	2614	17472	79
58007	34039	0.272908	17988	13523	2528	29470	79
58008	34039	0.273642	17977	13495	2567	29458	79
58009	34039	0.275405	17864	13601	2574	29444	79
58010	34039	0.273084	18046	13395	2598	29403	79
58011	34039	0.27348	17965	13530	2544	29437	79
58012	34039	0.271997	18025	13511	2503	29499	79
58013	34039	0.272599	18036	13448	2555	29408	79
58014	34039	0.275537	17844	13632	2563	29412	79
58015	34039	0.274259	17919	13569	2551	29421	79
58016	34039	0.273422	17980	13504	2555	29412	79
58000	34039	0.160434	23992	9172	875	1	80
58001	34039	0.15682	24237	8928	874	29497	80
58002	17478	0.176822	11838	5099	541	21715	80
58003	17607	0.199097	11278	5647	682	15006	80
58004	17806	0.22967	10571	6291	944	15159	80
58005	18120	0.265121	9753	7126	1241	15379	80
58006	34039	0.266415	18354	13233	2452	17690	80
58007	34039	0.26618	18397	13163	2479	29386	80
58008	34039	0.267017	18275	13350	2414	29423	80
58009	34039	0.265636	18370	13254	2415	29430	80
58010	34039	0.266342	18328	13290	2421	29440	80
58011	34039	0.268339	18268	13274	2497	29516	80
58012	34039	0.268706	18313	13159	2567	29454	80
58013	34039	0.268192	18256	13308	2475	29530	80
58014	34039	0.267149	18309	13273	2457	29430	80
58015	34039	0.267282	18304	13274	2461	29509	80
58016	34039	0.267473	18233	13403	2403	29426	80
58000	34039	0.160434	23992	9172	875	1	81
58001	34039	0.159787	23996	9208	835	29512	81
58002	17466	0.181009	11671	5267	528	21737	81
58003	17626	0.208272	11048	5814	764	15016	81
58004	17859	0.236939	10407	6441	1011	15181	81
58005	18265	0.280673	9452	7373	1440	15392	81
58006	34039	0.282059	17569	13738	2732	17838	81
58007	34039	0.281721	17545	13809	2685	29500	81
58008	34039	0.281001	17524	13900	2615	29397	81
58009	34039	0.279929	17634	13753	2652	29433	81
58010	34039	0.280105	17628	13753	2658	29477	81
58011	34039	0.280854	17559	13840	2640	29322	81
58012	34039	0.280105	17666	13677	2696	29467	81
58013	34039	0.28316	17441	13919	2679	29421	81
58014	34039	0.285276	17369	13919	2751	29345	81
58015	34039	0.285276	17449	13759	2831	29351	81
58016	34039	0.285452	17392	13861	2786	29532	81
58000	34039	0.160434	23992	9172	875	1	82
58001	34039	0.161697	23930	9210	899	29415	82
58002	17374	0.185766	11485	5323	566	21603	82
58003	17693	0.212203	10944	5989	760	15008	82
58004	17833	0.246481	10148	6579	1106	15262	82
58005	17992	0.294103	8969	7463	1560	15340	82
58006	34039	0.289036	17230	13941	2868	17556	82
58007	34039	0.290813	17136	14008	2895	29348	82
58008	34039	0.289697	17179	13998	2862	29429	82
58009	34039	0.290534	17047	14205	2787	29500	82
58010	34039	0.292841	17030	14082	2927	29408	82
58011	34039	0.296924	16769	14326	2944	29407	82
58012	34039	0.296292	16846	14215	2978	29391	82
58013	34039	0.296043	16925	14074	3040	29367	82
58014	34039	0.300288	16678	14279	3082	29442	82
58015	34039	0.299245	16722	14262	3055	29292	82
58016	34039	0.299421	16669	14356	3014	29479	82
58000	34039	0.160434	23992	9172	875	1	83
58001	34039	0.159846	23998	9200	841	29433	83
58002	17418	0.179699	11702	5172	544	21638	83
58003	17525	0.202282	11196	5568	761	15057	83
58004	17644	0.235321	10321	6342	981	15074	83
58005	17885	0.277467	9348	7149	1388	15160	83
58006	34039	0.274846	17888	13591	2560	17483	83
58007	34039	0.274788	17861	13649	2529	29445	83
58008	34039	0.277828	17754	13656	2629	29331	83
58009	34039	0.277006	17806	13608	2625	29441	83
58010	34039	0.275889	17878	13540	2621	29520	83
58011	34039	0.271776	18059	13458	2522	29322	83
58012	34039	0.273701	17998	13449	2592	29405	83
58013	34039	0.271027	18099	13429	2511	29422	83
58014	34039	0.269088	18169	13421	2449	29478	83
58015	34039	0.264638	18456	13150	2433	29481	83
58016	34039	0.265886	18365	13247	2427	29337	83
58000	34039	0.160434	23992	9172	875	1	84
58001	34039	0.158127	24109	9095	835	29403	84
58002	17339	0.179307	11673	5114	552	21711	84
58003	17663	0.20693	11150	5716	797	15009	84
58004	17615	0.237922	10202	6444	969	15184	84
58005	17865	0.279681	9237	7263	1365	15134	84
58006	34039	0.279723	17617	13801	2621	17483	84
58007	34039	0.278695	17703	13699	2637	29373	84
58008	34039	0.275331	17784	13766	2489	29394	84
58009	34039	0.275698	17785	13739	2515	29406	84
58010	34039	0.272276	18040	13462	2537	29425	84
58011	34039	0.27113	18002	13616	2421	29489	84
58012	34039	0.271086	18108	13407	2524	29450	84
58013	34039	0.268295	18207	13399	2433	29420	84
58014	34039	0.267693	18207	13440	2392	29500	84
58015	34039	0.270425	18124	13420	2495	29405	84
58016	34039	0.267781	18184	13480	2375	29402	84
58000	34039	0.160434	23992	9172	875	1	85
58001	34039	0.158201	24160	8988	891	29480	85
58002	17349	0.179146	11717	5048	584	21561	85
58003	17579	0.210393	10991	5779	809	14905	85
58004	17832	0.248262	10058	6694	1080	15096	85
58005	18028	0.287414	9210	7273	1545	15394	85
58006	34039	0.289844	17239	13868	2932	17598	85
58007	34039	0.290828	17129	14021	2889	29463	85
58008	34039	0.291827	17050	14111	2878	29403	85
58009	34039	0.292341	17026	14124	2889	29418	85
58010	34039	0.291533	17111	14009	2919	29397	85
58011	34039	0.289183	17198	13995	2846	29435	85
58012	34039	0.288493	17226	13986	2827	29400	85
58013	34039	0.290843	17155	13968	2916	29406	85
58014	34039	0.291474	17033	14169	2837	29438	85
58015	34039	0.290843	17118	14042	2879	29420	85
58016	34039	0.291284	17105	14038	2896	29411	85
58000	34039	0.160434	23992	9172	875	1	86
58001	34039	0.160037	23979	9225	835	29395	86
58002	17454	0.180474	11755	5098	601	21779	86
58003	17808	0.207266	11181	5872	755	15153	86
58004	17825	0.23683	10426	6355	1044	15236	86
58005	17986	0.278995	9337	7262	1387	15312	86
58006	34039	0.27633	17878	13510	2651	17581	86
58007	34039	0.274656	17888	13604	2547	29424	86
58008	34039	0.275023	17855	13645	2539	29415	86
58009	34039	0.27467	17911	13557	2571	29371	86
58010	34039	0.276315	17871	13525	2643	29395	86
58011	34039	0.278049	17669	13811	2559	29510	86
58012	34039	0.275493	17898	13527	2614	29355	86
58013	34039	0.278034	17717	13716	2606	29423	86
58014	34039	0.279371	17633	13793	2613	29363	86
58015	34039	0.279224	17687	13695	2657	29475	86
58016	34039	0.281324	17582	13762	2695	29425	86
58000	34039	0.160434	23992	9172	875	1	87
58001	34039	0.159699	24007	9192	840	29373	87
58002	17433	0.180778	11732	5099	602	21797	87
58003	17657	0.20499	11189	5697	771	14981	87
58004	17788	0.238391	10343	6409	1036	15250	87
58005	18023	0.279643	9309	7348	1366	15322	87
58006	34039	0.279018	17724	13635	2680	17602	87
58007	34039	0.279165	17697	13679	2663	29506	87
58008	34039	0.281559	17526	13858	2655	29446	87
58009	34039	0.280928	17590	13773	2676	29463	87
58010	34039	0.277579	17789	13603	2647	29352	87
58011	34039	0.275067	17871	13610	2558	29330	87
58012	34039	0.274244	17906	13596	2537	29490	87
58013	34039	0.273715	17947	13550	2542	29396	87
58014	34039	0.271336	18068	13470	2501	29454	87
58015	34039	0.269544	18167	13394	2478	29450	87
58016	34039	0.26687	18268	13374	2397	29525	87
58000	34039	0.160434	23992	9172	875	1	88
58001	34039	0.159831	24059	9079	901	29427	88
58002	17351	0.181747	11611	5173	567	21638	88
58003	17457	0.21003	10888	5805	764	14959	88
58004	17962	0.246493	10256	6557	1149	15098	88
58005	18073	0.292868	9014	7532	1527	15448	88
58006	34039	0.293516	16962	14172	2905	17641	88
58007	34039	0.294633	16922	14176	2941	29397	88
58008	34039	0.294383	16945	14147	2947	29409	88
58009	34039	0.291386	17098	14045	2896	29483	88
58010	34039	0.292635	17023	14110	2906	29426	88
58011	34039	0.294427	16896	14242	2901	29342	88
58012	34039	0.291298	17036	14175	2828	29443	88
58013	34039	0.290578	17158	13980	2901	29519	88
58014	34039	0.291856	17093	14023	2923	29453	88
58015	34039	0.292532	17079	14005	2955	29343	88
58016	34039	0.291445	17050	14137	2852	29356	88
58000	34039	0.160434	23992	9172	875	1	89
58001	34039	0.162696	23824	9354	861	29493	89
58002	17242	0.181678	11569	5081	592	21494	89
58003	17518	0.203819	11086	5723	709	14882	89
58004	18012	0.230235	10673	6384	955	15210	89
58005	17874	0.268546	9554	7040	1280	15367	89
58006	34039	0.269852	18155	13397	2487	17472	89
58007	34039	0.271527	18101	13391	2547	29426	89
58008	34039	0.273554	17994	13467	2578	29436	89
58009	34039	0.277681	17704	13766	2569	29523	89
58010	34039	0.277446	17714	13762	2563	29481	89
58011	34039	0.279239	17761	13546	2732	29434	89
58012	34039	0.278768	17699	13702	2638	29463	89
58013	34039	0.281559	17582	13746	2711	29459	89
58014	34039	0.277329	17725	13748	2566	29455	89
58015	34039	0.276874	17857	13515	2667	29415	89
58016	34039	0.277241	17758	13688	2593	29426	89
58000	34039	0.160434	23992	9172	875	1	90
58001	34039	0.161139	23983	9142	914	29461	90
58002	17410	0.182682	11603	5253	554	21662	90
58003	17644	0.208796	11030	5860	754	15018	90
58004	17770	0.240011	10252	6506	1012	15188	90
58005	18077	0.284339	9266	7342	1469	15380	90
58006	34039	0.28341	17534	13716	2789	17616	90
58007	34039	0.281486	17565	13785	2689	29510	90
58008	34039	0.282455	17522	13805	2712	29500	90
58009	34039	0.281677	17615	13672	2752	29377	90
58010	34039	0.28222	17445	13975	2619	29394	90
58011	34039	0.284908	17442	13798	2799	29427	90
58012	34039	0.285966	17366	13878	2795	29450	90
58013	34039	0.286539	17378	13815	2846	29449	90
58014	34039	0.286774	17284	13987	2768	29353	90
58015	34039	0.285569	17355	13927	2757	29449	90
58016	34039	0.283219	17434	13929	2676	29400	90
58000	34039	0.160434	23992	9172	875	1	91
58001	34039	0.160081	23958	9264	817	29413	91
58002	17370	0.181491	11645	5145	580	21650	91
58003	17566	0.208499	10986	5835	745	14940	91
58004	17584	0.241299	10086	6510	988	15102	91
58005	18037	0.27804	9419	7206	1412	15189	91
58006	34039	0.282	17586	13708	2745	17617	91
58007	34039	0.282514	17597	13651	2791	29316	91
58008	34039	0.282881	17504	13812	2723	29417	91
58009	34039	0.28037	17649	13693	2697	29470	91
58010	34039	0.279914	17631	13760	2648	29362	91
58011	34039	0.280164	17613	13779	2647	29431	91
58012	34039	0.280487	17605	13773	2661	29418	91
58013	34039	0.283396	17466	13853	2720	29425	91
58014	34039	0.284512	17412	13885	2742	29526	91
58015	34039	0.284703	17436	13824	2779	29450	91
58016	34039	0.285569	17403	13831	2805	29430	91
58000	34039	0.160434	23992	9172	875	1	92
58001	34039	0.160375	23983	9194	862	29489	92
58002	17455	0.180407	11719	5174	562	21872	92
58003	17590	0.205429	11077	5799	714	15112	92
58004	17663	0.2347	10352	6331	980	15140	92
58005	18006	0.271771	9519	7187	1300	15177	92
58006	34039	0.273745	17920	13602	2517	17601	92
58007	34039	0.277373	17848	13499	2692	29388	92
58008	34039	0.278019	17733	13685	2621	29467	92
58009	34039	0.276697	17770	13701	2568	29348	92
58010	34039	0.277256	17723	13757	2559	29426	92
58011	34039	0.277696	17758	13657	2624	29387	92
58012	34039	0.275581	17871	13575	2593	29403	92
58013	34039	0.277593	17767	13646	2626	29526	92
58014	34039	0.279327	17791	13480	2768	29415	92
58015	34039	0.277256	17733	13737	2569	29367	92
58016	34039	0.277476	17741	13706	2592	29415	92
58000	34039	0.160434	23992	9172	875	1	93
58001	34039	0.162725	23854	9292	893	29401	93
58002	17462	0.185918	11563	5305	594	21811	93
58003	17666	0.21298	10912	5983	771	15044	93
58004	17756	0.243946	10130	6589	1037	15196	93
58005	17914	0.287959	9076	7359	1479	15213	93
58006	34039	0.288214	17271	13915	2853	17534	93
58007	34039	0.289609	17177	14008	2854	29471	93
58008	34039	0.288654	17235	13957	2847	29519	93
58009	34039	0.289154	17198	13997	2844	29413	93
58010	34039	0.288228	17169	14118	2752	29402	93
58011	34039	0.287626	17187	14123	2729	29474	93
58012	34039	0.284233	17433	13862	2744	29422	93
58013	34039	0.285863	17401	13815	2823	29482	93
58014	34039	0.28745	17235	14039	2765	29428	93
58015	34039	0.284806	17422	13845	2772	29406	93
58016	34039	0.284086	17452	13834	2753	29498	93
58000	34039	0.160434	23992	9172	875	1	94
58001	34039	0.160155	24006	9163	870	29516	94
58002	17465	0.181363	11662	5271	532	21737	94
58003	17442	0.208434	10898	5817	727	15065	94
58004	17756	0.237441	10314	6452	990	15026	94
58005	17882	0.276144	9351	7186	1345	15203	94
58006	34039	0.279018	17758	13567	2714	17516	94
58007	34039	0.279474	17650	13752	2637	29563	94
58008	34039	0.282074	17506	13863	2670	29451	94
58009	34039	0.282015	17534	13811	2694	29396	94
58010	34039	0.28034	17572	13849	2618	29437	94
58011	34039	0.281692	17537	13827	2675	29340	94
58012	34039	0.28059	17673	13630	2736	29358	94
58013	34039	0.283924	17424	13901	2714	29440	94
58014	34039	0.282353	17581	13694	2764	29440	94
58015	34039	0.280766	17619	13726	2694	29504	94
58016	34039	0.278871	17705	13683	2651	29446	94
58000	34039	0.160434	23992	9172	875	1	95
58001	34039	0.15776	24145	9048	846	29437	95
58002	17447	0.178197	11775	5126	546	21722	95
58003	17724	0.203368	11268	5703	753	15006	95
58004	17684	0.242734	10189	6405	1090	15266	95
58005	18257	0.281317	9363	7516	1378	15269	95
58006	34039	0.281192	17530	13875	2634	17854	95
58007	34039	0.279312	17673	13717	2649	29437	95
58008	34039	0.280972	17616	13718	2705	29480	95
58009	34039	0.280076	17570	13871	2598	29453	95
58010	34039	0.278519	17713	13691	2635	29458	95
58011	34039	0.280472	17621	13742	2676	29364	95
58012	34039	0.27965	17678	13684	2677	29437	95
58013	34039	0.279503	17707	13636	2696	29413	95
58014	34039	0.281119	17626	13688	2725	29393	95
58015	34039	0.27658	17781	13687	2571	29257	95
58016	34039	0.277461	17747	13695	2597	29442	95
58000	34039	0.160434	23992	9172	875	1	96
58001	34039	0.159303	24075	9083	881	29441	96
58002	17346	0.178024	11680	5156	510	21706	96
58003	17534	0.197445	11259	5626	649	15014	96
58004	17775	0.226695	10633	6225	917	15110	96
58005	18017	0.263695	9794	6944	1279	15336	96
58006	34039	0.261377	18604	13076	2359	17621	96
58007	34039	0.260422	18663	13023	2353	29349	96
58008	34039	0.259232	18727	12976	2336	29416	96
58009	34039	0.262552	18459	13286	2294	29495	96
58010	34039	0.265387	18439	13133	2467	29381	96
58011	34039	0.26502	18408	13220	2411	29428	96
58012	34039	0.263477	18418	13305	2316	29392	96
58013	34039	0.262963	18498	13180	2361	29392	96
58014	34039	0.264109	18404	13290	2345	29437	96
58015	34039	0.261935	18511	13224	2304	29415	96
58016	34039	0.266062	18321	13323	2395	29431	96
58000	34039	0.160434	23992	9172	875	1	97
58001	34039	0.161036	23962	9191	886	29444	97
58002	17396	0.183634	11565	5273	558	21544	97
58003	17531	0.207318	11009	5775	747	15094	97
58004	17806	0.242503	10209	6558	1039	15111	97
58005	17923	0.284272	9173	7310	1440	15274	97
58006	34039	0.284321	17387	13948	2704	17530	97
58007	34039	0.290314	17115	14084	2840	29424	97
58008	34039	0.292591	17041	14077	2921	29532	97
58009	34039	0.293193	17029	14060	2950	29432	97
58010	34039	0.291357	17099	14045	2895	29391	97
58011	34039	0.292003	17020	14159	2860	29408	97
58012	34039	0.289947	17147	14045	2847	29498	97
58013	34039	0.288463	17175	14090	2774	29432	97
58014	34039	0.289065	17257	13885	2897	29459	97
58015	34039	0.28839	17272	13901	2866	29426	97
58016	34039	0.288948	17199	14009	2831	29451	97
58000	34039	0.160434	23992	9172	875	1	98
58001	34039	0.160816	23958	9214	867	29403	98
58002	17500	0.178943	11809	5119	572	21811	98
58003	17565	0.205494	11069	5773	723	15105	98
58004	17845	0.241496	10272	6527	1046	15216	98
58005	18091	0.286772	9138	7530	1423	15412	98
58006	34039	0.287317	17275	13968	2796	17646	98
58007	34039	0.290167	17134	14056	2849	29403	98
58008	34039	0.290696	17128	14032	2879	29450	98
58009	34039	0.290285	17108	14100	2831	29304	98
58010	34039	0.290711	17128	14031	2880	29457	98
58011	34039	0.28908	17266	13866	2907	29495	98
58012	34039	0.289976	17176	13985	2878	29431	98
58013	34039	0.290329	17166	13981	2892	29345	98
58014	34039	0.290152	17169	13987	2883	29448	98
58015	34039	0.290417	17163	13981	2895	29448	98
58016	34039	0.289462	17171	14030	2838	29426	98
58000	34039	0.160434	23992	9172	875	1	99
58001	34039	0.160434	23970	9216	853	29410	99
58002	17391	0.181157	11663	5155	573	21587	99
58003	17455	0.206961	11025	5635	795	15006	99
58004	17851	0.243768	10214	6571	1066	15044	99
58005	17865	0.287406	9101	7259	1505	15255	99
58006	34039	0.285981	17357	13895	2787	17486	99
58007	34039	0.285408	17295	14058	2686	29412	99
58008	34039	0.286554	17355	13860	2824	29445	99
58009	34039	0.28861	17259	13912	2868	29453	99
58010	34039	0.288889	17226	13959	2854	29418	99
58011	34039	0.286833	17324	13903	2812	29434	99
58012	34039	0.28839	17204	14037	2798	29421	99
58013	34039	0.290755	17110	14064	2865	29446	99
58014	34039	0.290064	17192	13947	2900	29438	99
58015	34039	0.289756	17220	13912	2907	29389	99
58016	34039	0.288537	17229	13977	2833	29442	99
58000	34039	0.160434	23992	9172	875	1	100
58001	34039	0.162211	23868	9299	872	29363	100
58002	17546	0.181637	11775	5168	603	21913	100
58003	17564	0.21174	10909	5872	783	14979	100
58004	17646	0.247422	9961	6638	1047	15105	100
58005	18150	0.289091	9184	7438	1528	15233	100
58006	34039	0.288302	17213	14025	2801	17724	100
58007	34039	0.289506	17144	14081	2814	29391	100
58008	34039	0.287597	17238	14023	2778	29474	100
58009	34039	0.286774	17267	14021	2751	29447	100
58010	34039	0.288096	17315	13835	2889	29361	100
58011	34039	0.286877	17313	13922	2804	29435	100
58012	34039	0.286671	17287	13988	2764	29298	100
58013	34039	0.284512	17414	13881	2744	29521	100
58014	34039	0.283733	17476	13810	2753	29366	100
58015	34039	0.284218	17432	13865	2742	29422	100
58016	34039	0.28413	17380	13975	2684	29444	100
