Building DAG of jobs...
candidate job all
    wildcards: 
candidate job run_slim_demography
    wildcards: sim=1
selected job run_slim_demography
    wildcards: sim=1
file demographies/plagueGravel_1.trees:
    Producer found, hence exceptions are ignored.

selected job all
    wildcards: 
file None:
    Producer found, hence exceptions are ignored.

Using shell: /usr/bin/bash
Provided cores: 1 (use --cores to define parallelism)
Rules claiming more threads will be scaled down.
Job stats:
job                    count    min threads    max threads
-------------------  -------  -------------  -------------
all                        1              1              1
run_slim_demography        1              1              1
total                      2              1              1

Select jobs to execute...

[Fri May 24 12:55:39 2024]
rule run_slim_demography:
    input: demographies/sweden_2chrom_Gravel.slim
    output: demographies/plagueGravel_1.txt, demographies/plagueGravel_1.trees
    jobid: 1
    reason: Missing output files: demographies/plagueGravel_1.trees
    wildcards: sim=1
    resources: tmpdir=/tmp


        /home/lnd775/apps/software/SLiM-3.3.1/build/slim -s 1  demographies/sweden_2chrom_Gravel.slim > demographies/plagueGravel_1.txt
        
[Fri May 24 12:55:41 2024]
Error in rule run_slim_demography:
    jobid: 1
    input: demographies/sweden_2chrom_Gravel.slim
    output: demographies/plagueGravel_1.txt, demographies/plagueGravel_1.trees
    shell:
        
        /home/lnd775/apps/software/SLiM-3.3.1/build/slim -s 1  demographies/sweden_2chrom_Gravel.slim > demographies/plagueGravel_1.txt
        
        (one of the commands exited with non-zero exit code; note that snakemake uses bash strict mode!)

Removing output files of failed job run_slim_demography since they might be corrupted:
demographies/plagueGravel_1.txt
Shutting down, this might take some time.
Exiting because a job execution failed. Look above for error message
Complete log: .snakemake/log/2024-05-24T125534.435391.snakemake.log
