58000	34039	0.160434	23992	9172	875	1	1	1	1
58001	34039	0.158568	24109	9065	865	1	1	1	1
58002	10297	0.155725	7352	2683	262	0.3	0.3	0.3	1
58003	10262	0.156792	7293	2720	249	0.3	0.3	0.3	1
58004	10166	0.157387	7230	2672	264	0.3	0.3	0.3	1
58005	10208	0.155368	7297	2650	261	0.3	0.3	0.3	1
58006	34039	0.154205	24381	8818	840	1	1	1	1
58007	34039	0.155924	24247	8969	823	1	1	1	1
58008	34039	0.155586	24281	8924	834	1	1	1	1
58009	34039	0.155028	24284	8956	799	1	1	1	1
58010	34039	0.155616	24241	9002	796	1	1	1	1
58011	34039	0.153662	24405	8807	827	1	1	1	1
58012	34039	0.152942	24421	8824	794	1	1	1	1
58013	34039	0.151385	24522	8728	789	1	1	1	1
58014	34039	0.151708	24465	8820	754	1	1	1	1
58015	34039	0.15068	24584	8652	803	1	1	1	1
58016	34039	0.151796	24520	8704	815	1	1	1	1
58000	34039	0.160434	23992	9172	875	1	1	1	2
58001	34039	0.16177	23900	9265	874	1	1	1	2
58002	10257	0.159842	7264	2707	286	0.3	0.3	0.3	2
58003	10104	0.160976	7103	2749	252	0.3	0.3	0.3	2
58004	10411	0.158294	7396	2734	281	0.3	0.3	0.3	2
58005	10139	0.162195	7137	2715	287	0.3	0.3	0.3	2
58006	34039	0.161065	23951	9211	877	1	1	1	2
58007	34039	0.160566	24015	9117	907	1	1	1	2
58008	34039	0.159494	24057	9106	876	1	1	1	2
58009	34039	0.158833	24090	9085	864	1	1	1	2
58010	34039	0.158289	24106	9090	843	1	1	1	2
58011	34039	0.157995	24130	9062	847	1	1	1	2
58012	34039	0.159361	24055	9119	865	1	1	1	2
58013	34039	0.158201	24100	9108	831	1	1	1	2
58014	34039	0.159244	24031	9175	833	1	1	1	2
58015	34039	0.15873	24111	9050	878	1	1	1	2
58016	34039	0.155498	24278	8936	825	1	1	1	2
58000	34039	0.160434	23992	9172	875	1	1	1	3
58001	34039	0.160551	24027	9094	918	1	1	1	3
58002	10187	0.1658	7104	2788	295	0.3	0.3	0.3	3
58003	10095	0.168351	6988	2815	292	0.3	0.3	0.3	3
58004	10144	0.165714	7032	2862	250	0.3	0.3	0.3	3
58005	10276	0.165921	7186	2770	320	0.3	0.3	0.3	3
58006	34039	0.161873	23882	9294	863	1	1	1	3
58007	34039	0.161491	23925	9234	880	1	1	1	3
58008	34039	0.161006	23991	9135	913	1	1	1	3
58009	34039	0.161726	23929	9210	900	1	1	1	3
58010	34039	0.163915	23789	9341	909	1	1	1	3
58011	34039	0.165839	23675	9438	926	1	1	1	3
58012	34039	0.167852	23570	9511	958	1	1	1	3
58013	34039	0.167102	23610	9482	947	1	1	1	3
58014	34039	0.167323	23600	9487	952	1	1	1	3
58015	34039	0.166441	23684	9379	976	1	1	1	3
58016	34039	0.165824	23711	9367	961	1	1	1	3
58000	34039	0.160434	23992	9172	875	1	1	1	4
58001	34039	0.1613	23959	9179	901	1	1	1	4
58002	10126	0.163243	7078	2790	258	0.3	0.3	0.3	4
58003	10255	0.163871	7139	2871	245	0.3	0.3	0.3	4
58004	10270	0.164752	7165	2826	279	0.3	0.3	0.3	4
58005	10264	0.162607	7200	2790	274	0.3	0.3	0.3	4
58006	34039	0.161535	23983	9115	941	1	1	1	4
58007	34039	0.161124	23941	9227	871	1	1	1	4
58008	34039	0.162299	23869	9291	879	1	1	1	4
58009	34039	0.163886	23843	9235	961	1	1	1	4
58010	34039	0.162519	23912	9190	937	1	1	1	4
58011	34039	0.163489	23841	9266	932	1	1	1	4
58012	34039	0.165575	23670	9466	903	1	1	1	4
58013	34039	0.165384	23714	9391	934	1	1	1	4
58014	34039	0.164062	23815	9279	945	1	1	1	4
58015	34039	0.165736	23711	9373	955	1	1	1	4
58016	34039	0.165061	23723	9395	921	1	1	1	4
58000	34039	0.160434	23992	9172	875	1	1	1	5
58001	34039	0.161242	23991	9119	929	1	1	1	5
58002	10407	0.163352	7289	2836	282	0.3	0.3	0.3	5
58003	10326	0.167345	7157	2882	287	0.3	0.3	0.3	5
58004	10277	0.164591	7179	2813	285	0.3	0.3	0.3	5
58005	10099	0.163085	7045	2814	240	0.3	0.3	0.3	5
58006	34039	0.163665	23788	9360	891	1	1	1	5
58007	34039	0.161961	23899	9254	886	1	1	1	5
58008	34039	0.162843	23891	9210	938	1	1	1	5
58009	34039	0.161286	23891	9316	832	1	1	1	5
58010	34039	0.162079	23880	9284	875	1	1	1	5
58011	34039	0.161888	23922	9213	904	1	1	1	5
58012	34039	0.164635	23725	9420	894	1	1	1	5
58013	34039	0.163592	23820	9301	918	1	1	1	5
58014	34039	0.163915	23802	9315	922	1	1	1	5
58015	34039	0.165678	23672	9455	912	1	1	1	5
58016	34039	0.163474	23816	9317	906	1	1	1	5
58000	34039	0.160434	23992	9172	875	1	1	1	6
58001	34039	0.16086	23943	9241	855	1	1	1	6
58002	10189	0.161498	7158	2771	260	0.3	0.3	0.3	6
58003	10137	0.161389	7114	2774	249	0.3	0.3	0.3	6
58004	10171	0.162128	7129	2786	256	0.3	0.3	0.3	6
58005	10166	0.158076	7201	2716	249	0.3	0.3	0.3	6
58006	34039	0.156614	24270	8876	893	1	1	1	6
58007	34039	0.157731	24152	9036	851	1	1	1	6
58008	34039	0.158847	24119	9026	894	1	1	1	6
58009	34039	0.157746	24190	8959	890	1	1	1	6
58010	34039	0.158979	24097	9061	881	1	1	1	6
58011	34039	0.160507	23946	9259	834	1	1	1	6
58012	34039	0.158715	24130	9013	896	1	1	1	6
58013	34039	0.158612	24059	9162	818	1	1	1	6
58014	34039	0.158715	24081	9111	847	1	1	1	6
58015	34039	0.159361	24079	9071	889	1	1	1	6
58016	34039	0.158436	24098	9096	845	1	1	1	6
58000	34039	0.160434	23992	9172	875	1	1	1	7
58001	34039	0.158509	24092	9103	844	1	1	1	7
58002	10237	0.159324	7227	2758	252	0.3	0.3	0.3	7
58003	10147	0.156992	7208	2692	247	0.3	0.3	0.3	7
58004	10077	0.16101	7074	2761	242	0.3	0.3	0.3	7
58005	10101	0.158301	7138	2728	235	0.3	0.3	0.3	7
58006	34039	0.159934	24015	9160	864	1	1	1	7
58007	34039	0.159523	24025	9168	846	1	1	1	7
58008	34039	0.160243	23979	9211	849	1	1	1	7
58009	34039	0.160816	24012	9106	921	1	1	1	7
58010	34039	0.162211	23902	9231	906	1	1	1	7
58011	34039	0.16036	24009	9143	887	1	1	1	7
58012	34039	0.159875	23989	9216	834	1	1	1	7
58013	34039	0.161726	23962	9144	933	1	1	1	7
58014	34039	0.162608	23855	9298	886	1	1	1	7
58015	34039	0.162813	23871	9252	916	1	1	1	7
58016	34039	0.165075	23723	9394	922	1	1	1	7
58000	34039	0.160434	23992	9172	875	1	1	1	8
58001	34039	0.158656	24124	9029	886	1	1	1	8
58002	10233	0.157432	7262	2720	251	0.3	0.3	0.3	8
58003	10277	0.159969	7255	2756	266	0.3	0.3	0.3	8
58004	9989	0.159576	7061	2668	260	0.3	0.3	0.3	8
58005	10087	0.158223	7161	2660	266	0.3	0.3	0.3	8
58006	34039	0.162049	23906	9234	899	1	1	1	8
58007	34039	0.163122	23839	9295	905	1	1	1	8
58008	34039	0.163592	23791	9359	889	1	1	1	8
58009	34039	0.162475	23840	9337	862	1	1	1	8
58010	34039	0.162652	23881	9243	915	1	1	1	8
58011	34039	0.162564	23900	9211	928	1	1	1	8
58012	34039	0.165531	23686	9437	916	1	1	1	8
58013	34039	0.164752	23664	9534	841	1	1	1	8
58014	34039	0.164723	23760	9344	935	1	1	1	8
58015	34039	0.164884	23748	9357	934	1	1	1	8
58016	34039	0.164708	23747	9371	921	1	1	1	8
58000	34039	0.160434	23992	9172	875	1	1	1	9
58001	34039	0.159347	24080	9070	889	1	1	1	9
58002	10276	0.161298	7229	2779	268	0.3	0.3	0.3	9
58003	10231	0.156876	7280	2692	259	0.3	0.3	0.3	9
58004	9921	0.153362	7127	2545	249	0.3	0.3	0.3	9
58005	10237	0.154489	7313	2685	239	0.3	0.3	0.3	9
58006	34039	0.156262	24249	8942	848	1	1	1	9
58007	34039	0.156468	24242	8942	855	1	1	1	9
58008	34039	0.157701	24115	9112	812	1	1	1	9
58009	34039	0.156849	24217	8966	856	1	1	1	9
58010	34039	0.156335	24256	8923	860	1	1	1	9
58011	34039	0.157643	24160	9026	853	1	1	1	9
58012	34039	0.157393	24175	9013	851	1	1	1	9
58013	34039	0.158362	24111	9075	853	1	1	1	9
58014	34039	0.161242	23948	9205	886	1	1	1	9
58015	34039	0.159861	24051	9093	895	1	1	1	9
58016	34039	0.1561	24253	8945	841	1	1	1	9
58000	34039	0.160434	23992	9172	875	1	1	1	10
58001	34039	0.158069	24135	9047	857	1	1	1	10
58002	10192	0.161205	7180	2738	274	0.3	0.3	0.3	10
58003	10287	0.15714	7283	2775	229	0.3	0.3	0.3	10
58004	10252	0.15675	7286	2718	248	0.3	0.3	0.3	10
58005	10099	0.151352	7271	2599	229	0.3	0.3	0.3	10
58006	34039	0.151591	24515	8728	796	1	1	1	10
58007	34039	0.151826	24472	8798	769	1	1	1	10
58008	34039	0.15259	24417	8856	766	1	1	1	10
58009	34039	0.153633	24368	8883	788	1	1	1	10
58010	34039	0.153236	24421	8804	814	1	1	1	10
58011	34039	0.151077	24517	8759	763	1	1	1	10
58012	34039	0.149461	24597	8709	733	1	1	1	10
58013	34039	0.149094	24656	8616	767	1	1	1	10
58014	34039	0.146758	24793	8501	745	1	1	1	10
58015	34039	0.145701	24876	8407	756	1	1	1	10
58016	34039	0.145069	24890	8422	727	1	1	1	10
