Generation	Ne	Frequency	Replicate
58000	34039	0.160434	1
58001	34039	0.160977	1
58002	9911	0.16179	1
58003	26832	0.162101	1
58004	30706	0.163584	1
58005	32037	0.16342	1
58006	34039	0.163386	1
58007	34039	0.165722	1
58008	34039	0.166867	1
58009	34039	0.16838	1
58010	34039	0.167778	1
58011	34039	0.166867	1
58012	34039	0.166911	1
58013	34039	0.16841	1
58014	34039	0.165399	1
58015	34039	0.162901	1
58016	34039	0.162887	1
58000	34039	0.160434	2
58001	34039	0.163327	2
58002	9822	0.165139	2
58003	26979	0.163257	2
58004	30533	0.164396	2
58005	32027	0.165095	2
58006	34039	0.165751	2
58007	34039	0.166309	2
58008	34039	0.164003	2
58009	34039	0.159949	2
58010	34039	0.15826	2
58011	34039	0.156747	2
58012	34039	0.157099	2
58013	34039	0.157143	2
58014	34039	0.159743	2
58015	34039	0.158671	2
58016	34039	0.160948	2
58000	34039	0.160434	3
58001	34039	0.159023	3
58002	9879	0.16034	3
58003	26956	0.160799	3
58004	30694	0.16324	3
58005	32006	0.163079	3
58006	34039	0.163841	3
58007	34039	0.16271	3
58008	34039	0.160889	3
58009	34039	0.159494	3
58010	34039	0.162505	3
58011	34039	0.163783	3
58012	34039	0.163298	3
58013	34039	0.164209	3
58014	34039	0.165707	3
58015	34039	0.162872	3
58016	34039	0.161036	3
58000	34039	0.160434	4
58001	34039	0.15992	4
58002	9803	0.158064	4
58003	27040	0.159246	4
58004	30587	0.159087	4
58005	31968	0.161255	4
58006	34039	0.161227	4
58007	34039	0.160066	4
58008	34039	0.16086	4
58009	34039	0.159347	4
58010	34039	0.157834	4
58011	34039	0.158465	4
58012	34039	0.157349	4
58013	34039	0.157525	4
58014	34039	0.156923	4
58015	34039	0.155513	4
58016	34039	0.152516	4
58000	34039	0.160434	5
58001	34039	0.159582	5
58002	9923	0.167238	5
58003	26939	0.168121	5
58004	30745	0.168369	5
58005	32044	0.166864	5
58006	34039	0.165105	5
58007	34039	0.164121	5
58008	34039	0.162608	5
58009	34039	0.162475	5
58010	34039	0.164194	5
58011	34039	0.164517	5
58012	34039	0.160169	5
58013	34039	0.159053	5
58014	34039	0.160771	5
58015	34039	0.161403	5
58016	34039	0.160933	5
58000	34039	0.160434	6
58001	34039	0.159743	6
58002	9939	0.161586	6
58003	26927	0.162606	6
58004	30631	0.163282	6
58005	31995	0.166026	6
58006	34039	0.166765	6
58007	34039	0.167308	6
58008	34039	0.165634	6
58009	34039	0.164796	6
58010	34039	0.166074	6
58011	34039	0.162093	6
58012	34039	0.16271	6
58013	34039	0.162064	6
58014	34039	0.161653	6
58015	34039	0.159405	6
58016	34039	0.157378	6
58000	34039	0.160434	7
58001	34039	0.159861	7
58002	9915	0.163439	7
58003	26940	0.162751	7
58004	30686	0.160366	7
58005	31969	0.159811	7
58006	34039	0.159582	7
58007	34039	0.158642	7
58008	34039	0.157364	7
58009	34039	0.158216	7
58010	34039	0.157584	7
58011	34039	0.159449	7
58012	34039	0.159361	7
58013	34039	0.159244	7
58014	34039	0.159053	7
58015	34039	0.158583	7
58016	34039	0.155909	7
58000	34039	0.160434	8
58001	34039	0.161109	8
58002	9872	0.158428	8
58003	26847	0.161638	8
58004	30549	0.161609	8
58005	32093	0.160284	8
58006	34039	0.156923	8
58007	34039	0.157643	8
58008	34039	0.1561	8
58009	34039	0.15707	8
58010	34039	0.157981	8
58011	34039	0.15657	8
58012	34039	0.157599	8
58013	34039	0.159567	8
58014	34039	0.1618	8
58015	34039	0.164679	8
58016	34039	0.164502	8
58000	34039	0.160434	9
58001	34039	0.161609	9
58002	9891	0.167071	9
58003	26991	0.169557	9
58004	30666	0.169716	9
58005	31855	0.169487	9
58006	34039	0.169923	9
58007	34039	0.167719	9
58008	34039	0.166309	9
58009	34039	0.169306	9
58010	34039	0.172053	9
58011	34039	0.171965	9
58012	34039	0.172097	9
58013	34039	0.172875	9
58014	34039	0.175196	9
58015	34039	0.17524	9
58016	34039	0.17524	9
58000	34039	0.160434	10
58001	34039	0.16061	10
58002	9999	0.161516	10
58003	26933	0.162719	10
58004	30697	0.162491	10
58005	32030	0.161692	10
58006	34039	0.162226	10
58007	34039	0.164547	10
58008	34039	0.162916	10
58009	34039	0.161814	10
58010	34039	0.162314	10
58011	34039	0.160595	10
58012	34039	0.161785	10
58013	34039	0.16108	10
58014	34039	0.161153	10
58015	34039	0.163078	10
58016	34039	0.165281	10
58000	34039	0.160434	11
58001	34039	0.160654	11
58002	9930	0.162689	11
58003	26876	0.166301	11
58004	30627	0.165752	11
58005	32051	0.162975	11
58006	34039	0.162299	11
58007	34039	0.160948	11
58008	34039	0.162564	11
58009	34039	0.162608	11
58010	34039	0.161021	11
58011	34039	0.161286	11
58012	34039	0.161712	11
58013	34039	0.160933	11
58014	34039	0.161638	11
58015	34039	0.16393	11
58016	34039	0.165354	11
58000	34039	0.160434	12
58001	34039	0.160581	12
58002	9824	0.160322	12
58003	26923	0.16094	12
58004	30671	0.16289	12
58005	31977	0.164884	12
58006	34039	0.165634	12
58007	34039	0.163371	12
58008	34039	0.163562	12
58009	34039	0.162064	12
58010	34039	0.164444	12
58011	34039	0.16556	12
58012	34039	0.165678	12
58013	34039	0.166427	12
58014	34039	0.166015	12
58015	34039	0.164047	12
58016	34039	0.163959	12
58000	34039	0.160434	13
58001	34039	0.158201	13
58002	9963	0.159641	13
58003	26992	0.158677	13
58004	30708	0.1603	13
58005	32077	0.163076	13
58006	34039	0.162417	13
58007	34039	0.162887	13
58008	34039	0.162417	13
58009	34039	0.162373	13
58010	34039	0.160301	13
58011	34039	0.159479	13
58012	34039	0.160625	13
58013	34039	0.164326	13
58014	34039	0.164693	13
58015	34039	0.163797	13
58016	34039	0.166662	13
58000	34039	0.160434	14
58001	34039	0.160169	14
58002	9815	0.161895	14
58003	26928	0.164216	14
58004	30712	0.16347	14
58005	31943	0.162602	14
58006	34039	0.162196	14
58007	34039	0.163606	14
58008	34039	0.162387	14
58009	34039	0.161506	14
58010	34039	0.161109	14
58011	34039	0.160478	14
58012	34039	0.159611	14
58013	34039	0.15779	14
58014	34039	0.15848	14
58015	34039	0.158553	14
58016	34039	0.156791	14
58000	34039	0.160434	15
58001	34039	0.160962	15
58002	9935	0.159235	15
58003	26847	0.158826	15
58004	30716	0.15614	15
58005	32004	0.155621	15
58006	34039	0.154044	15
58007	34039	0.15256	15
58008	34039	0.155777	15
58009	34039	0.155674	15
58010	34039	0.157129	15
58011	34039	0.157202	15
58012	34039	0.157496	15
58013	34039	0.157555	15
58014	34039	0.158759	15
58015	34039	0.160727	15
58016	34039	0.159875	15
58000	34039	0.160434	16
58001	34039	0.15967	16
58002	9912	0.163741	16
58003	26858	0.166896	16
58004	30603	0.166732	16
58005	31980	0.167276	16
58006	34039	0.167631	16
58007	34039	0.166706	16
58008	34039	0.165854	16
58009	34039	0.167543	16
58010	34039	0.169702	16
58011	34039	0.167969	16
58012	34039	0.168909	16
58013	34039	0.169746	16
58014	34039	0.169776	16
58015	34039	0.170319	16
58016	34039	0.1696	16
58000	34039	0.160434	17
58001	34039	0.161095	17
58002	9881	0.160662	17
58003	26974	0.1616	17
58004	30635	0.161368	17
58005	32025	0.161171	17
58006	34039	0.162035	17
58007	34039	0.162519	17
58008	34039	0.163048	17
58009	34039	0.1618	17
58010	34039	0.161873	17
58011	34039	0.163136	17
58012	34039	0.162725	17
58013	34039	0.165487	17
58014	34039	0.163445	17
58015	34039	0.16108	17
58016	34039	0.161932	17
58000	34039	0.160434	18
58001	34039	0.161021	18
58002	9582	0.158422	18
58003	26932	0.156542	18
58004	30675	0.157082	18
58005	31995	0.158337	18
58006	34039	0.158069	18
58007	34039	0.158465	18
58008	34039	0.157819	18
58009	34039	0.157334	18
58010	34039	0.158788	18
58011	34039	0.159508	18
58012	34039	0.157775	18
58013	34039	0.158744	18
58014	34039	0.158245	18
58015	34039	0.157775	18
58016	34039	0.157687	18
58000	34039	0.160434	19
58001	34039	0.161109	19
58002	9794	0.160506	19
58003	26873	0.159789	19
58004	30655	0.159061	19
58005	32087	0.157447	19
58006	34039	0.158994	19
58007	34039	0.159582	19
58008	34039	0.160434	19
58009	34039	0.159229	19
58010	34039	0.159156	19
58011	34039	0.159214	19
58012	34039	0.159244	19
58013	34039	0.15873	19
58014	34039	0.157275	19
58015	34039	0.156512	19
58016	34039	0.157907	19
58000	34039	0.160434	20
58001	34039	0.159347	20
58002	9784	0.162204	20
58003	26664	0.156353	20
58004	30685	0.15677	20
58005	31943	0.155339	20
58006	34039	0.153016	20
58007	34039	0.154852	20
58008	34039	0.154734	20
58009	34039	0.155395	20
58010	34039	0.156233	20
58011	34039	0.154529	20
58012	34039	0.154352	20
58013	34039	0.152252	20
58014	34039	0.152942	20
58015	34039	0.153427	20
58016	34039	0.150621	20
58000	34039	0.160434	21
58001	34039	0.160257	21
58002	9776	0.160904	21
58003	26927	0.163163	21
58004	30734	0.164671	21
58005	31999	0.167083	21
58006	34039	0.166074	21
58007	34039	0.169262	21
58008	34039	0.169702	21
58009	34039	0.169365	21
58010	34039	0.170819	21
58011	34039	0.171641	21
58012	34039	0.176048	21
58013	34039	0.176327	21
58014	34039	0.176709	21
58015	34039	0.173287	21
58016	34039	0.17217	21
58000	34039	0.160434	22
58001	34039	0.158774	22
58002	9774	0.160426	22
58003	26804	0.162177	22
58004	30703	0.161841	22
58005	32013	0.159779	22
58006	34039	0.16224	22
58007	34039	0.160551	22
58008	34039	0.15823	22
58009	34039	0.159684	22
58010	34039	0.159626	22
58011	34039	0.159494	22
58012	34039	0.158627	22
58013	34039	0.158524	22
58014	34039	0.157231	22
58015	34039	0.156761	22
58016	34039	0.154161	22
58000	34039	0.160434	23
58001	34039	0.164003	23
58002	9865	0.167562	23
58003	27003	0.167481	23
58004	30652	0.16733	23
58005	32012	0.167187	23
58006	34039	0.1639	23
58007	34039	0.164077	23
58008	34039	0.16346	23
58009	34039	0.163269	23
58010	34039	0.163415	23
58011	34039	0.162431	23
58012	34039	0.162475	23
58013	34039	0.163327	23
58014	34039	0.163327	23
58015	34039	0.163151	23
58016	34039	0.162637	23
58000	34039	0.160434	24
58001	34039	0.159053	24
58002	9766	0.161376	24
58003	26868	0.162777	24
58004	30655	0.161605	24
58005	32006	0.160939	24
58006	34039	0.159068	24
58007	34039	0.157334	24
58008	34039	0.156629	24
58009	34039	0.156996	24
58010	34039	0.157966	24
58011	34039	0.158583	24
58012	34039	0.158509	24
58013	34039	0.157422	24
58014	34039	0.160169	24
58015	34039	0.160345	24
58016	34039	0.159273	24
58000	34039	0.160434	25
58001	34039	0.160301	25
58002	9856	0.160562	25
58003	26912	0.162623	25
58004	30773	0.162675	25
58005	31988	0.16042	25
58006	34039	0.160037	25
58007	34039	0.161227	25
58008	34039	0.159875	25
58009	34039	0.160625	25
58010	34039	0.158788	25
58011	34039	0.15801	25
58012	34039	0.157951	25
58013	34039	0.158274	25
58014	34039	0.160669	25
58015	34039	0.159714	25
58016	34039	0.161814	25
58000	34039	0.160434	26
58001	34039	0.157922	26
58002	9894	0.154841	26
58003	26870	0.155992	26
58004	30587	0.15688	26
58005	32051	0.157499	26
58006	34039	0.156703	26
58007	34039	0.157408	26
58008	34039	0.155454	26
58009	34039	0.156908	26
58010	34039	0.156086	26
58011	34039	0.156027	26
58012	34039	0.153163	26
58013	34039	0.154176	26
58014	34039	0.152634	26
58015	34039	0.153309	26
58016	34039	0.154837	26
58000	34039	0.160434	27
58001	34039	0.16083	27
58002	9916	0.163977	27
58003	26798	0.164956	27
58004	30676	0.162326	27
58005	31947	0.161924	27
58006	34039	0.161315	27
58007	34039	0.162857	27
58008	34039	0.161095	27
58009	34039	0.159317	27
58010	34039	0.162079	27
58011	34039	0.16368	27
58012	34039	0.162534	27
58013	34039	0.164693	27
58014	34039	0.166765	27
58015	34039	0.169218	27
58016	34039	0.166662	27
58000	34039	0.160434	28
58001	34039	0.16227	28
58002	9821	0.162458	28
58003	26826	0.162492	28
58004	30659	0.161682	28
58005	32057	0.160027	28
58006	34039	0.159229	28
58007	34039	0.156938	28
58008	34039	0.157085	28
58009	34039	0.155924	28
58010	34039	0.155381	28
58011	34039	0.154352	28
58012	34039	0.152046	28
58013	34039	0.150989	28
58014	34039	0.152839	28
58015	34039	0.152781	28
58016	34039	0.151782	28
58000	34039	0.160434	29
58001	34039	0.159332	29
58002	9869	0.161769	29
58003	26862	0.162144	29
58004	30676	0.164461	29
58005	32014	0.162804	29
58006	34039	0.162681	29
58007	34039	0.162769	29
58008	34039	0.162725	29
58009	34039	0.163739	29
58010	34039	0.164826	29
58011	34039	0.16393	29
58012	34039	0.165545	29
58013	34039	0.165487	29
58014	34039	0.16484	29
58015	34039	0.167396	29
58016	34039	0.167264	29
58000	34039	0.160434	30
58001	34039	0.161726	30
58002	9906	0.160913	30
58003	26843	0.160153	30
58004	30676	0.15975	30
58005	31953	0.158608	30
58006	34039	0.156673	30
58007	34039	0.15566	30
58008	34039	0.154587	30
58009	34039	0.151885	30
58010	34039	0.151929	30
58011	34039	0.149931	30
58012	34039	0.151415	30
58013	34039	0.151194	30
58014	34039	0.15162	30
58015	34039	0.151473	30
58016	34039	0.153295	30
58000	34039	0.160434	31
58001	34039	0.163518	31
58002	9919	0.162668	31
58003	26901	0.160793	31
58004	30679	0.161022	31
58005	32016	0.160592	31
58006	34039	0.156864	31
58007	34039	0.156791	31
58008	34039	0.154866	31
58009	34039	0.155674	31
58010	34039	0.154631	31
58011	34039	0.153765	31
58012	34039	0.153985	31
58013	34039	0.152384	31
58014	34039	0.152149	31
58015	34039	0.152002	31
58016	34039	0.155381	31
58000	34039	0.160434	32
58001	34039	0.159655	32
58002	9875	0.168658	32
58003	26873	0.168347	32
58004	30652	0.169173	32
58005	32026	0.169222	32
58006	34039	0.166588	32
58007	34039	0.165237	32
58008	34039	0.16863	32
58009	34039	0.168586	32
58010	34039	0.168571	32
58011	34039	0.170172	32
58012	34039	0.169996	32
58013	34039	0.170231	32
58014	34039	0.168953	32
58015	34039	0.168689	32
58016	34039	0.169835	32
58000	34039	0.160434	33
58001	34039	0.160052	33
58002	9884	0.161675	33
58003	26812	0.161122	33
58004	30663	0.162818	33
58005	32014	0.159524	33
58006	34039	0.157422	33
58007	34039	0.155733	33
58008	34039	0.155836	33
58009	34039	0.158201	33
58010	34039	0.156379	33
58011	34039	0.154778	33
58012	34039	0.156218	33
58013	34039	0.156086	33
58014	34039	0.15281	33
58015	34039	0.154661	33
58016	34039	0.154147	33
58000	34039	0.160434	34
58001	34039	0.158304	34
58002	9846	0.157221	34
58003	26942	0.156429	34
58004	30617	0.157004	34
58005	31942	0.155078	34
58006	34039	0.154764	34
58007	34039	0.154176	34
58008	34039	0.151488	34
58009	34039	0.151488	34
58010	34039	0.151268	34
58011	34039	0.151929	34
58012	34039	0.153324	34
58013	34039	0.15328	34
58014	34039	0.154764	34
58015	34039	0.155851	34
58016	34039	0.1561	34
58000	34039	0.160434	35
58001	34039	0.158965	35
58002	9937	0.165644	35
58003	26847	0.167616	35
58004	30647	0.168157	35
58005	32027	0.169014	35
58006	34039	0.171744	35
58007	34039	0.172111	35
58008	34039	0.172567	35
58009	34039	0.171421	35
58010	34039	0.169144	35
58011	34039	0.171876	35
58012	34039	0.172155	35
58013	34039	0.172596	35
58014	34039	0.171318	35
58015	34039	0.171245	35
58016	34039	0.169071	35
58000	34039	0.160434	36
58001	34039	0.160375	36
58002	9838	0.161669	36
58003	26949	0.161546	36
58004	30612	0.16113	36
58005	31990	0.161535	36
58006	34039	0.160742	36
58007	34039	0.160037	36
58008	34039	0.160287	36
58009	34039	0.159097	36
58010	34039	0.159435	36
58011	34039	0.15801	36
58012	34039	0.156805	36
58013	34039	0.154896	36
58014	34039	0.154514	36
58015	34039	0.158274	36
58016	34039	0.161021	36
58000	34039	0.160434	37
58001	34039	0.15964	37
58002	9749	0.163299	37
58003	26917	0.163261	37
58004	30682	0.161756	37
58005	32011	0.163787	37
58006	34039	0.164194	37
58007	34039	0.161844	37
58008	34039	0.163342	37
58009	34039	0.162799	37
58010	34039	0.163151	37
58011	34039	0.161756	37
58012	34039	0.162549	37
58013	34039	0.162666	37
58014	34039	0.160008	37
58015	34039	0.160551	37
58016	34039	0.160287	37
58000	34039	0.160434	38
58001	34039	0.16014	38
58002	9749	0.160016	38
58003	26951	0.159104	38
58004	30635	0.160748	38
58005	31923	0.161749	38
58006	34039	0.161932	38
58007	34039	0.162373	38
58008	34039	0.161242	38
58009	34039	0.161227	38
58010	34039	0.161667	38
58011	34039	0.162196	38
58012	34039	0.160022	38
58013	34039	0.161594	38
58014	34039	0.159817	38
58015	34039	0.161432	38
58016	34039	0.162475	38
58000	34039	0.160434	39
58001	34039	0.156262	39
58002	10018	0.158016	39
58003	26968	0.157019	39
58004	30648	0.155361	39
58005	31975	0.157013	39
58006	34039	0.157114	39
58007	34039	0.15779	39
58008	34039	0.155909	39
58009	34039	0.156761	39
58010	34039	0.156732	39
58011	34039	0.159009	39
58012	34039	0.156306	39
58013	34039	0.157364	39
58014	34039	0.158553	39
58015	34039	0.158788	39
58016	34039	0.160331	39
58000	34039	0.160434	40
58001	34039	0.160551	40
58002	9940	0.15835	40
58003	26935	0.156581	40
58004	30682	0.157764	40
58005	32045	0.158902	40
58006	34039	0.158686	40
58007	34039	0.158083	40
58008	34039	0.158289	40
58009	34039	0.159023	40
58010	34039	0.157246	40
58011	34039	0.157863	40
58012	34039	0.158612	40
58013	34039	0.158906	40
58014	34039	0.157628	40
58015	34039	0.156585	40
58016	34039	0.156453	40
58000	34039	0.160434	41
58001	34039	0.160243	41
58002	9897	0.161362	41
58003	26939	0.160399	41
58004	30726	0.160076	41
58005	31939	0.160478	41
58006	34039	0.158421	41
58007	34039	0.159743	41
58008	34039	0.157599	41
58009	34039	0.156394	41
58010	34039	0.154999	41
58011	34039	0.153544	41
58012	34039	0.154925	41
58013	34039	0.152854	41
58014	34039	0.153221	41
58015	34039	0.153398	41
58016	34039	0.153324	41
58000	34039	0.160434	42
58001	34039	0.159361	42
58002	9758	0.162892	42
58003	26868	0.164303	42
58004	30580	0.163882	42
58005	32023	0.162118	42
58006	34039	0.161653	42
58007	34039	0.160492	42
58008	34039	0.161315	42
58009	34039	0.159582	42
58010	34039	0.162123	42
58011	34039	0.161844	42
58012	34039	0.161682	42
58013	34039	0.163783	42
58014	34039	0.163944	42
58015	34039	0.162461	42
58016	34039	0.160786	42
58000	34039	0.160434	43
58001	34039	0.163386	43
58002	9860	0.159533	43
58003	26948	0.155948	43
58004	30550	0.156858	43
58005	32024	0.160036	43
58006	34039	0.158583	43
58007	34039	0.158965	43
58008	34039	0.159567	43
58009	34039	0.158774	43
58010	34039	0.161344	43
58011	34039	0.164591	43
58012	34039	0.166162	43
58013	34039	0.166838	43
58014	34039	0.169041	43
58015	34039	0.168189	43
58016	34039	0.167279	43
58000	34039	0.160434	44
58001	34039	0.159964	44
58002	9980	0.155361	44
58003	26894	0.155146	44
58004	30688	0.15524	44
58005	32010	0.15428	44
58006	34039	0.155116	44
58007	34039	0.155337	44
58008	34039	0.153515	44
58009	34039	0.155498	44
58010	34039	0.157349	44
58011	34039	0.155777	44
58012	34039	0.156908	44
58013	34039	0.158921	44
58014	34039	0.158421	44
58015	34039	0.157716	44
58016	34039	0.157217	44
58000	34039	0.160434	45
58001	34039	0.160625	45
58002	9693	0.161457	45
58003	27013	0.159627	45
58004	30625	0.159004	45
58005	31992	0.158133	45
58006	34039	0.158465	45
58007	34039	0.160771	45
58008	34039	0.161991	45
58009	34039	0.161462	45
58010	34039	0.158098	45
58011	34039	0.158157	45
58012	34039	0.156835	45
58013	34039	0.155851	45
58014	34039	0.156761	45
58015	34039	0.154529	45
58016	34039	0.155601	45
58000	34039	0.160434	46
58001	34039	0.160492	46
58002	9773	0.163614	46
58003	26826	0.163983	46
58004	30718	0.163113	46
58005	32032	0.161542	46
58006	34039	0.163489	46
58007	34039	0.162505	46
58008	34039	0.162431	46
58009	34039	0.161932	46
58010	34039	0.162402	46
58011	34039	0.161432	46
58012	34039	0.160331	46
58013	34039	0.160639	46
58014	34039	0.159068	46
58015	34039	0.158656	46
58016	34039	0.156585	46
58000	34039	0.160434	47
58001	34039	0.160654	47
58002	9899	0.164461	47
58003	26922	0.163305	47
58004	30570	0.163445	47
58005	32035	0.164492	47
58006	34039	0.163783	47
58007	34039	0.16603	47
58008	34039	0.167984	47
58009	34039	0.168659	47
58010	34039	0.168498	47
58011	34039	0.165178	47
58012	34039	0.163768	47
58013	34039	0.162564	47
58014	34039	0.161227	47
58015	34039	0.159185	47
58016	34039	0.160199	47
58000	34039	0.160434	48
58001	34039	0.159949	48
58002	9847	0.160252	48
58003	26893	0.156937	48
58004	30764	0.155214	48
58005	32031	0.1551	48
58006	34039	0.155307	48
58007	34039	0.154426	48
58008	34039	0.153882	48
58009	34039	0.156306	48
58010	34039	0.158039	48
58011	34039	0.158774	48
58012	34039	0.159258	48
58013	34039	0.160066	48
58014	34039	0.159068	48
58015	34039	0.158524	48
58016	34039	0.156482	48
58000	34039	0.160434	49
58001	34039	0.161462	49
58002	9992	0.161229	49
58003	26849	0.162427	49
58004	30714	0.161929	49
58005	32019	0.163793	49
58006	34039	0.164752	49
58007	34039	0.163827	49
58008	34039	0.167749	49
58009	34039	0.16935	49
58010	34039	0.16794	49
58011	34039	0.166309	49
58012	34039	0.166662	49
58013	34039	0.16932	49
58014	34039	0.170863	49
58015	34039	0.174138	49
58016	34039	0.173668	49
58000	34039	0.160434	50
58001	34039	0.158788	50
58002	9916	0.158985	50
58003	27101	0.158075	50
58004	30708	0.158167	50
58005	32025	0.158002	50
58006	34039	0.156497	50
58007	34039	0.155924	50
58008	34039	0.155601	50
58009	34039	0.154822	50
58010	34039	0.155733	50
58011	34039	0.156409	50
58012	34039	0.15516	50
58013	34039	0.158304	50
58014	34039	0.159508	50
58015	34039	0.159229	50
58016	34039	0.160434	50
58000	34039	0.160434	51
58001	34039	0.161065	51
58002	9930	0.159517	51
58003	26842	0.158129	51
58004	30653	0.157505	51
58005	32060	0.156893	51
58006	34039	0.160434	51
58007	34039	0.160889	51
58008	34039	0.162182	51
58009	34039	0.161418	51
58010	34039	0.160654	51
58011	34039	0.162769	51
58012	34039	0.162079	51
58013	34039	0.163636	51
58014	34039	0.164899	51
58015	34039	0.16321	51
58016	34039	0.161712	51
58000	34039	0.160434	52
58001	34039	0.160052	52
58002	9943	0.158151	52
58003	26836	0.154475	52
58004	30623	0.153545	52
58005	31935	0.156302	52
58006	34039	0.154808	52
58007	34039	0.153324	52
58008	34039	0.152663	52
58009	34039	0.151826	52
58010	34039	0.151253	52
58011	34039	0.151341	52
58012	34039	0.151282	52
58013	34039	0.151796	52
58014	34039	0.153677	52
58015	34039	0.154235	52
58016	34039	0.15516	52
58000	34039	0.160434	53
58001	34039	0.159303	53
58002	9846	0.159811	53
58003	26938	0.158048	53
58004	30695	0.157794	53
58005	32043	0.158365	53
58006	34039	0.158671	53
58007	34039	0.158201	53
58008	34039	0.157731	53
58009	34039	0.155953	53
58010	34039	0.155307	53
58011	34039	0.155704	53
58012	34039	0.155204	53
58013	34039	0.154411	53
58014	34039	0.154396	53
58015	34039	0.152913	53
58016	34039	0.155102	53
58000	34039	0.160434	54
58001	34039	0.161242	54
58002	9905	0.159717	54
58003	27122	0.159243	54
58004	30553	0.160983	54
58005	32041	0.160466	54
58006	34039	0.161242	54
58007	34039	0.162813	54
58008	34039	0.161653	54
58009	34039	0.158597	54
58010	34039	0.158524	54
58011	34039	0.156159	54
58012	34039	0.155821	54
58013	34039	0.154191	54
58014	34039	0.15613	54
58015	34039	0.157408	54
58016	34039	0.158039	54
58000	34039	0.160434	55
58001	34039	0.160257	55
58002	9939	0.162189	55
58003	27025	0.162461	55
58004	30594	0.163529	55
58005	31975	0.162596	55
58006	34039	0.16014	55
58007	34039	0.158157	55
58008	34039	0.158539	55
58009	34039	0.159787	55
58010	34039	0.161051	55
58011	34039	0.159949	55
58012	34039	0.15826	55
58013	34039	0.159567	55
58014	34039	0.160977	55
58015	34039	0.159743	55
58016	34039	0.160434	55
58000	34039	0.160434	56
58001	34039	0.162608	56
58002	9919	0.162264	56
58003	26868	0.163224	56
58004	30653	0.162953	56
58005	32032	0.164632	56
58006	34039	0.16556	56
58007	34039	0.163783	56
58008	34039	0.163019	56
58009	34039	0.162534	56
58010	34039	0.16249	56
58011	34039	0.162593	56
58012	34039	0.158862	56
58013	34039	0.16039	56
58014	34039	0.158877	56
58015	34039	0.16321	56
58016	34039	0.165046	56
58000	34039	0.160434	57
58001	34039	0.160669	57
58002	9765	0.162366	57
58003	26964	0.161994	57
58004	30706	0.161337	57
58005	32001	0.16337	57
58006	34039	0.160698	57
58007	34039	0.161286	57
58008	34039	0.160771	57
58009	34039	0.161271	57
58010	34039	0.159112	57
58011	34039	0.159949	57
58012	34039	0.159684	57
58013	34039	0.160904	57
58014	34039	0.160008	57
58015	34039	0.161565	57
58016	34039	0.162093	57
58000	34039	0.160434	58
58001	34039	0.161609	58
58002	9808	0.157983	58
58003	26912	0.155507	58
58004	30551	0.155069	58
58005	32024	0.157679	58
58006	34039	0.155439	58
58007	34039	0.155175	58
58008	34039	0.154294	58
58009	34039	0.154073	58
58010	34039	0.152399	58
58011	34039	0.151473	58
58012	34039	0.150783	58
58013	34039	0.15137	58
58014	34039	0.149064	58
58015	34039	0.148095	58
58016	34039	0.14808	58
58000	34039	0.160434	59
58001	34039	0.159317	59
58002	9968	0.158808	59
58003	27025	0.158871	59
58004	30555	0.160874	59
58005	31986	0.159273	59
58006	34039	0.160213	59
58007	34039	0.161197	59
58008	34039	0.160742	59
58009	34039	0.163195	59
58010	34039	0.16133	59
58011	34039	0.16086	59
58012	34039	0.161197	59
58013	34039	0.159229	59
58014	34039	0.158142	59
58015	34039	0.157878	59
58016	34039	0.160992	59
58000	34039	0.160434	60
58001	34039	0.163357	60
58002	9929	0.159986	60
58003	26988	0.160145	60
58004	30593	0.160413	60
58005	32033	0.161349	60
58006	34039	0.161139	60
58007	34039	0.161844	60
58008	34039	0.161491	60
58009	34039	0.159258	60
58010	34039	0.160066	60
58011	34039	0.157819	60
58012	34039	0.156071	60
58013	34039	0.15729	60
58014	34039	0.157217	60
58015	34039	0.157231	60
58016	34039	0.156482	60
58000	34039	0.160434	61
58001	34039	0.159596	61
58002	9767	0.159005	61
58003	26828	0.157205	61
58004	30664	0.157383	61
58005	31959	0.156623	61
58006	34039	0.157966	61
58007	34039	0.157481	61
58008	34039	0.155263	61
58009	34039	0.156526	61
58010	34039	0.155704	61
58011	34039	0.155733	61
58012	34039	0.155748	61
58013	34039	0.153985	61
58014	34039	0.155527	61
58015	34039	0.157275	61
58016	34039	0.154881	61
58000	34039	0.160434	62
58001	34039	0.16227	62
58002	9967	0.163841	62
58003	26836	0.163269	62
58004	30537	0.16313	62
58005	32018	0.164251	62
58006	34039	0.164664	62
58007	34039	0.165193	62
58008	34039	0.16318	62
58009	34039	0.164091	62
58010	34039	0.165193	62
58011	34039	0.163107	62
58012	34039	0.162461	62
58013	34039	0.161814	62
58014	34039	0.16224	62
58015	34039	0.161212	62
58016	34039	0.162152	62
58000	34039	0.160434	63
58001	34039	0.158539	63
58002	9906	0.160559	63
58003	26768	0.161835	63
58004	30647	0.163703	63
58005	32089	0.165789	63
58006	34039	0.16509	63
58007	34039	0.166632	63
58008	34039	0.165898	63
58009	34039	0.164723	63
58010	34039	0.164473	63
58011	34039	0.164165	63
58012	34039	0.164649	63
58013	34039	0.164502	63
58014	34039	0.162681	63
58015	34039	0.161315	63
58016	34039	0.160316	63
58000	34039	0.160434	64
58001	34039	0.161579	64
58002	9786	0.165032	64
58003	26879	0.162301	64
58004	30642	0.161037	64
58005	32072	0.160062	64
58006	34039	0.160081	64
58007	34039	0.15779	64
58008	34039	0.155895	64
58009	34039	0.155689	64
58010	34039	0.157834	64
58011	34039	0.155439	64
58012	34039	0.156012	64
58013	34039	0.156629	64
58014	34039	0.156262	64
58015	34039	0.156188	64
58016	34039	0.158274	64
58000	34039	0.160434	65
58001	34039	0.161932	65
58002	9749	0.166171	65
58003	26844	0.166425	65
58004	30708	0.169304	65
58005	32003	0.170031	65
58006	34039	0.169658	65
58007	34039	0.169688	65
58008	34039	0.168733	65
58009	34039	0.169761	65
58010	34039	0.171127	65
58011	34039	0.169335	65
58012	34039	0.168748	65
58013	34039	0.16838	65
58014	34039	0.166985	65
58015	34039	0.16581	65
58016	34039	0.165663	65
58000	34039	0.160434	66
58001	34039	0.160536	66
58002	9814	0.156511	66
58003	26938	0.156396	66
58004	30639	0.155194	66
58005	31939	0.155813	66
58006	34039	0.154073	66
58007	34039	0.152766	66
58008	34039	0.152678	66
58009	34039	0.152046	66
58010	34039	0.150768	66
58011	34039	0.153089	66
58012	34039	0.153016	66
58013	34039	0.153207	66
58014	34039	0.151047	66
58015	34039	0.15209	66
58016	34039	0.152898	66
58000	34039	0.160434	67
58001	34039	0.160331	67
58002	9827	0.157932	67
58003	26947	0.159498	67
58004	30540	0.157302	67
58005	31934	0.158561	67
58006	34039	0.158392	67
58007	34039	0.160037	67
58008	34039	0.160066	67
58009	34039	0.158686	67
58010	34039	0.155998	67
58011	34039	0.154455	67
58012	34039	0.154264	67
58013	34039	0.152648	67
58014	34039	0.153118	67
58015	34039	0.154161	67
58016	34039	0.15516	67
58000	34039	0.160434	68
58001	34039	0.161873	68
58002	9728	0.164474	68
58003	26861	0.163471	68
58004	30627	0.164855	68
58005	32007	0.16412	68
58006	34039	0.163753	68
58007	34039	0.162843	68
58008	34039	0.163283	68
58009	34039	0.161565	68
58010	34039	0.1618	68
58011	34039	0.158583	68
58012	34039	0.158083	68
58013	34039	0.158877	68
58014	34039	0.158774	68
58015	34039	0.155645	68
58016	34039	0.153794	68
58000	34039	0.160434	69
58001	34039	0.160889	69
58002	10056	0.160203	69
58003	26958	0.157931	69
58004	30696	0.157431	69
58005	31883	0.158972	69
58006	34039	0.157364	69
58007	34039	0.156805	69
58008	34039	0.158642	69
58009	34039	0.157951	69
58010	34039	0.156659	69
58011	34039	0.159361	69
58012	34039	0.159435	69
58013	34039	0.159831	69
58014	34039	0.159684	69
58015	34039	0.160845	69
58016	34039	0.158289	69
58000	34039	0.160434	70
58001	34039	0.163313	70
58002	10013	0.166534	70
58003	26864	0.166971	70
58004	30613	0.164424	70
58005	31991	0.164515	70
58006	34039	0.163401	70
58007	34039	0.165252	70
58008	34039	0.161932	70
58009	34039	0.16133	70
58010	34039	0.161139	70
58011	34039	0.16343	70
58012	34039	0.161976	70
58013	34039	0.159729	70
58014	34039	0.159802	70
58015	34039	0.157555	70
58016	34039	0.157129	70
58000	34039	0.160434	71
58001	34039	0.160948	71
58002	9629	0.166788	71
58003	26823	0.166555	71
58004	30659	0.167569	71
58005	31984	0.165661	71
58006	34039	0.166206	71
58007	34039	0.16321	71
58008	34039	0.16343	71
58009	34039	0.160874	71
58010	34039	0.160904	71
58011	34039	0.163445	71
58012	34039	0.164312	71
58013	34039	0.163636	71
58014	34039	0.163342	71
58015	34039	0.165575	71
58016	34039	0.165354	71
58000	34039	0.160434	72
58001	34039	0.159097	72
58002	9923	0.157362	72
58003	26973	0.155619	72
58004	30657	0.158887	72
58005	32013	0.159841	72
58006	34039	0.160272	72
58007	34039	0.159831	72
58008	34039	0.163518	72
58009	34039	0.161006	72
58010	34039	0.160169	72
58011	34039	0.159582	72
58012	34039	0.159214	72
58013	34039	0.159303	72
58014	34039	0.160904	72
58015	34039	0.162446	72
58016	34039	0.161344	72
58000	34039	0.160434	73
58001	34039	0.160213	73
58002	9955	0.159719	73
58003	26931	0.159537	73
58004	30703	0.156565	73
58005	31972	0.153541	73
58006	34039	0.15422	73
58007	34039	0.153192	73
58008	34039	0.153956	73
58009	34039	0.154205	73
58010	34039	0.153853	73
58011	34039	0.152986	73
58012	34039	0.154338	73
58013	34039	0.154749	73
58014	34039	0.151679	73
58015	34039	0.150504	73
58016	34039	0.149211	73
58000	34039	0.160434	74
58001	34039	0.1592	74
58002	9851	0.15303	74
58003	26931	0.150366	74
58004	30698	0.150922	74
58005	32047	0.149577	74
58006	34039	0.14927	74
58007	34039	0.149094	74
58008	34039	0.15303	74
58009	34039	0.152428	74
58010	34039	0.151576	74
58011	34039	0.152692	74
58012	34039	0.154029	74
58013	34039	0.153838	74
58014	34039	0.154764	74
58015	34039	0.153926	74
58016	34039	0.153412	74
58000	34039	0.160434	75
58001	34039	0.159141	75
58002	9883	0.160629	75
58003	26939	0.159694	75
58004	30536	0.160253	75
58005	32016	0.162216	75
58006	34039	0.164693	75
58007	34039	0.165413	75
58008	34039	0.16769	75
58009	34039	0.167205	75
58010	34039	0.168336	75
58011	34039	0.166456	75
58012	34039	0.164782	75
58013	34039	0.164091	75
58014	34039	0.163988	75
58015	34039	0.164811	75
58016	34039	0.164547	75
58000	34039	0.160434	76
58001	34039	0.160243	76
58002	9949	0.154639	76
58003	26970	0.15343	76
58004	30575	0.152756	76
58005	32004	0.152465	76
58006	34039	0.154734	76
58007	34039	0.152076	76
58008	34039	0.152193	76
58009	34039	0.152384	76
58010	34039	0.152428	76
58011	34039	0.151576	76
58012	34039	0.152178	76
58013	34039	0.151018	76
58014	34039	0.152384	76
58015	34039	0.152619	76
58016	34039	0.153941	76
58000	34039	0.160434	77
58001	34039	0.157393	77
58002	9764	0.155623	77
58003	27016	0.157425	77
58004	30674	0.15844	77
58005	31967	0.157897	77
58006	34039	0.155851	77
58007	34039	0.152472	77
58008	34039	0.152384	77
58009	34039	0.152883	77
58010	34039	0.153544	77
58011	34039	0.153471	77
58012	34039	0.152766	77
58013	34039	0.150239	77
58014	34039	0.149872	77
58015	34039	0.15137	77
58016	34039	0.153163	77
58000	34039	0.160434	78
58001	34039	0.160522	78
58002	9870	0.161297	78
58003	26901	0.161444	78
58004	30697	0.160635	78
58005	31973	0.15854	78
58006	34039	0.159567	78
58007	34039	0.157643	78
58008	34039	0.155851	78
58009	34039	0.15776	78
58010	34039	0.157173	78
58011	34039	0.160962	78
58012	34039	0.162138	78
58013	34039	0.163445	78
58014	34039	0.162329	78
58015	34039	0.161212	78
58016	34039	0.165487	78
58000	34039	0.160434	79
58001	34039	0.160801	79
58002	9865	0.163203	79
58003	26988	0.162276	79
58004	30711	0.161978	79
58005	32002	0.163068	79
58006	34039	0.163621	79
58007	34039	0.16368	79
58008	34039	0.163841	79
58009	34039	0.164473	79
58010	34039	0.165678	79
58011	34039	0.16581	79
58012	34039	0.165017	79
58013	34039	0.163606	79
58014	34039	0.163269	79
58015	34039	0.164826	79
58016	34039	0.167514	79
58000	34039	0.160434	80
58001	34039	0.158524	80
58002	9994	0.162347	80
58003	27009	0.163631	80
58004	30684	0.163815	80
58005	31982	0.164546	80
58006	34039	0.164282	80
58007	34039	0.166001	80
58008	34039	0.166427	80
58009	34039	0.16606	80
58010	34039	0.16697	80
58011	34039	0.167896	80
58012	34039	0.169423	80
58013	34039	0.170114	80
58014	34039	0.170452	80
58015	34039	0.170466	80
58016	34039	0.16932	80
58000	34039	0.160434	81
58001	34039	0.159449	81
58002	9900	0.160657	81
58003	26821	0.163808	81
58004	30629	0.163391	81
58005	31982	0.162513	81
58006	34039	0.163621	81
58007	34039	0.164179	81
58008	34039	0.163474	81
58009	34039	0.163151	81
58010	34039	0.163871	81
58011	34039	0.164708	81
58012	34039	0.164605	81
58013	34039	0.165824	81
58014	34039	0.165399	81
58015	34039	0.162754	81
58016	34039	0.164282	81
58000	34039	0.160434	82
58001	34039	0.161932	82
58002	9635	0.167151	82
58003	26839	0.167499	82
58004	30613	0.167723	82
58005	32056	0.166022	82
58006	34039	0.16675	82
58007	34039	0.166471	82
58008	34039	0.163636	82
58009	34039	0.162475	82
58010	34039	0.163327	82
58011	34039	0.16437	82
58012	34039	0.165692	82
58013	34039	0.16722	82
58014	34039	0.166735	82
58015	34039	0.166074	82
58016	34039	0.164282	82
58000	34039	0.160434	83
58001	34039	0.159846	83
58002	9752	0.154635	83
58003	26985	0.155994	83
58004	30613	0.155555	83
58005	31908	0.152626	83
58006	34039	0.150621	83
58007	34039	0.149167	83
58008	34039	0.148506	83
58009	34039	0.14811	83
58010	34039	0.151708	83
58011	34039	0.152898	83
58012	34039	0.151973	83
58013	34039	0.150225	83
58014	34039	0.149681	83
58015	34039	0.149358	83
58016	34039	0.150871	83
58000	34039	0.160434	84
58001	34039	0.159934	84
58002	9904	0.163671	84
58003	26940	0.161656	84
58004	30723	0.159734	84
58005	32005	0.156772	84
58006	34039	0.157628	84
58007	34039	0.156394	84
58008	34039	0.155909	84
58009	34039	0.154205	84
58010	34039	0.152678	84
58011	34039	0.15541	84
58012	34039	0.154352	84
58013	34039	0.152707	84
58014	34039	0.152604	84
58015	34039	0.153398	84
58016	34039	0.15306	84
58000	34039	0.160434	85
58001	34039	0.159273	85
58002	9892	0.158866	85
58003	26926	0.159251	85
58004	30566	0.15828	85
58005	31976	0.160167	85
58006	34039	0.161844	85
58007	34039	0.161565	85
58008	34039	0.161829	85
58009	34039	0.161873	85
58010	34039	0.162152	85
58011	34039	0.163195	85
58012	34039	0.161829	85
58013	34039	0.161594	85
58014	34039	0.161682	85
58015	34039	0.162049	85
58016	34039	0.161947	85
58000	34039	0.160434	86
58001	34039	0.161976	86
58002	9899	0.160521	86
58003	26910	0.159495	86
58004	30651	0.158233	86
58005	32019	0.157032	86
58006	34039	0.157599	86
58007	34039	0.155513	86
58008	34039	0.15472	86
58009	34039	0.154558	86
58010	34039	0.156174	86
58011	34039	0.156365	86
58012	34039	0.155542	86
58013	34039	0.156497	86
58014	34039	0.156805	86
58015	34039	0.155131	86
58016	34039	0.155527	86
58000	34039	0.160434	87
58001	34039	0.16011	87
58002	9858	0.160935	87
58003	26931	0.160336	87
58004	30667	0.15965	87
58005	32110	0.158564	87
58006	34039	0.159361	87
58007	34039	0.157511	87
58008	34039	0.156879	87
58009	34039	0.157055	87
58010	34039	0.157158	87
58011	34039	0.157408	87
58012	34039	0.159861	87
58013	34039	0.158935	87
58014	34039	0.157525	87
58015	34039	0.156424	87
58016	34039	0.155322	87
58000	34039	0.160434	88
58001	34039	0.159185	88
58002	9732	0.160347	88
58003	26927	0.161269	88
58004	30602	0.160855	88
58005	32023	0.161759	88
58006	34039	0.165031	88
58007	34039	0.165634	88
58008	34039	0.165119	88
58009	34039	0.165619	88
58010	34039	0.165516	88
58011	34039	0.165589	88
58012	34039	0.163665	88
58013	34039	0.161726	88
58014	34039	0.162622	88
58015	34039	0.161785	88
58016	34039	0.16155	88
58000	34039	0.160434	89
58001	34039	0.160742	89
58002	9711	0.159922	89
58003	27016	0.161182	89
58004	30621	0.160658	89
58005	31993	0.161645	89
58006	34039	0.161697	89
58007	34039	0.163783	89
58008	34039	0.163856	89
58009	34039	0.158069	89
58010	34039	0.160331	89
58011	34039	0.156512	89
58012	34039	0.157922	89
58013	34039	0.158656	89
58014	34039	0.15801	89
58015	34039	0.158069	89
58016	34039	0.159038	89
58000	34039	0.160434	90
58001	34039	0.160228	90
58002	9827	0.159917	90
58003	26984	0.160039	90
58004	30606	0.159299	90
58005	31992	0.159196	90
58006	34039	0.158436	90
58007	34039	0.159729	90
58008	34039	0.160301	90
58009	34039	0.159288	90
58010	34039	0.159141	90
58011	34039	0.159582	90
58012	34039	0.159699	90
58013	34039	0.156761	90
58014	34039	0.15779	90
58015	34039	0.15895	90
58016	34039	0.159185	90
58000	34039	0.160434	91
58001	34039	0.160669	91
58002	9796	0.158228	91
58003	26973	0.159196	91
58004	30565	0.160249	91
58005	31992	0.158837	91
58006	34039	0.158965	91
58007	34039	0.158304	91
58008	34039	0.159699	91
58009	34039	0.161903	91
58010	34039	0.162769	91
58011	34039	0.163107	91
58012	34039	0.162622	91
58013	34039	0.159068	91
58014	34039	0.158451	91
58015	34039	0.159361	91
58016	34039	0.1613	91
58000	34039	0.160434	92
58001	34039	0.159332	92
58002	9839	0.157435	92
58003	26900	0.159405	92
58004	30614	0.161821	92
58005	32008	0.162631	92
58006	34039	0.163122	92
58007	34039	0.162182	92
58008	34039	0.160713	92
58009	34039	0.160184	92
58010	34039	0.161374	92
58011	34039	0.163827	92
58012	34039	0.164591	92
58013	34039	0.163357	92
58014	34039	0.162593	92
58015	34039	0.162931	92
58016	34039	0.162182	92
58000	34039	0.160434	93
58001	34039	0.159817	93
58002	9863	0.1569	93
58003	27031	0.159964	93
58004	30640	0.159204	93
58005	31996	0.159082	93
58006	34039	0.161315	93
58007	34039	0.161374	93
58008	34039	0.161227	93
58009	34039	0.16036	93
58010	34039	0.159523	93
58011	34039	0.15967	93
58012	34039	0.159978	93
58013	34039	0.160845	93
58014	34039	0.161051	93
58015	34039	0.157158	93
58016	34039	0.158245	93
58000	34039	0.160434	94
58001	34039	0.161227	94
58002	9831	0.16275	94
58003	26954	0.163	94
58004	30644	0.162919	94
58005	31970	0.164748	94
58006	34039	0.167117	94
58007	34039	0.165266	94
58008	34039	0.1665	94
58009	34039	0.166985	94
58010	34039	0.166823	94
58011	34039	0.167631	94
58012	34039	0.165634	94
58013	34039	0.166897	94
58014	34039	0.166823	94
58015	34039	0.170084	94
58016	34039	0.170407	94
58000	34039	0.160434	95
58001	34039	0.160874	95
58002	9878	0.162229	95
58003	26890	0.160599	95
58004	30602	0.160692	95
58005	32078	0.159346	95
58006	34039	0.158906	95
58007	34039	0.158509	95
58008	34039	0.157922	95
58009	34039	0.160654	95
58010	34039	0.160551	95
58011	34039	0.159449	95
58012	34039	0.158583	95
58013	34039	0.158069	95
58014	34039	0.157555	95
58015	34039	0.157334	95
58016	34039	0.156849	95
58000	34039	0.160434	96
58001	34039	0.162431	96
58002	9921	0.164752	96
58003	26928	0.16559	96
58004	30756	0.164131	96
58005	31965	0.162381	96
58006	34039	0.161065	96
58007	34039	0.16083	96
58008	34039	0.161344	96
58009	34039	0.162564	96
58010	34039	0.162402	96
58011	34039	0.161242	96
58012	34039	0.160022	96
58013	34039	0.159626	96
58014	34039	0.159361	96
58015	34039	0.157202	96
58016	34039	0.158833	96
58000	34039	0.160434	97
58001	34039	0.161153	97
58002	9837	0.161736	97
58003	26934	0.161097	97
58004	30600	0.157745	97
58005	31991	0.158107	97
58006	34039	0.15848	97
58007	34039	0.157173	97
58008	34039	0.158333	97
58009	34039	0.158142	97
58010	34039	0.157129	97
58011	34039	0.156659	97
58012	34039	0.158348	97
58013	34039	0.156541	97
58014	34039	0.157173	97
58015	34039	0.156277	97
58016	34039	0.15823	97
58000	34039	0.160434	98
58001	34039	0.161242	98
58002	9794	0.156933	98
58003	26852	0.15902	98
58004	30634	0.159969	98
58005	32020	0.160181	98
58006	34039	0.162505	98
58007	34039	0.162872	98
58008	34039	0.16202	98
58009	34039	0.159596	98
58010	34039	0.156982	98
58011	34039	0.159817	98
58012	34039	0.159405	98
58013	34039	0.157599	98
58014	34039	0.157334	98
58015	34039	0.158656	98
58016	34039	0.160683	98
58000	34039	0.160434	99
58001	34039	0.162299	99
58002	9827	0.160273	99
58003	26810	0.161003	99
58004	30605	0.162408	99
58005	31986	0.162852	99
58006	34039	0.165325	99
58007	34039	0.165384	99
58008	34039	0.164047	99
58009	34039	0.163944	99
58010	34039	0.164591	99
58011	34039	0.166456	99
58012	34039	0.167558	99
58013	34039	0.167058	99
58014	34039	0.1691	99
58015	34039	0.169805	99
58016	34039	0.168586	99
58000	34039	0.160434	100
58001	34039	0.160581	100
58002	9864	0.153792	100
58003	26911	0.15516	100
58004	30724	0.155351	100
58005	32022	0.155955	100
58006	34039	0.155645	100
58007	34039	0.155807	100
58008	34039	0.157657	100
58009	34039	0.15472	100
58010	34039	0.155381	100
58011	34039	0.154822	100
58012	34039	0.153016	100
58013	34039	0.154529	100
58014	34039	0.15422	100
58015	34039	0.153251	100
58016	34039	0.153838	100
