Generation	Ne	Frequency	WT	HET	HOM	Replicate
58000	34039	0.160434	23992	9172	875	1
58001	34039	0.159082	24077	9094	868	1
58002	9860	0.542089	0	9030	830	1
58003	26917	0.684233	0	16999	9918	1
58004	30652	0.757275	0	14880	15772	1
58005	32006	0.804224	0	12532	19474	1
58006	34039	0.80443	1274	10766	21999	1
58007	34039	0.800376	1311	10968	21760	1
58008	34039	0.802271	1357	10747	21935	1
58009	34039	0.805032	1302	10669	22068	1
58010	34039	0.803299	1335	10721	21983	1
58011	34039	0.804474	1311	10689	22039	1
58012	34039	0.803196	1313	10772	21954	1
58013	34039	0.803799	1356	10645	22038	1
58014	34039	0.80371	1284	10795	21960	1
58015	34039	0.803828	1273	10809	21957	1
58016	34039	0.803608	1307	10756	21976	1
58000	34039	0.160434	23992	9172	875	2
58001	34039	0.161712	23933	9203	903	2
58002	10110	0.546439	0	9171	939	2
58003	27226	0.688478	0	16963	10263	2
58004	30707	0.764256	0	14478	16229	2
58005	32136	0.809699	0	12231	19905	2
58006	34039	0.807779	1252	10582	22205	2
58007	34039	0.806178	1263	10669	22107	2
58008	34039	0.806678	1331	10499	22209	2
58009	34039	0.806237	1334	10523	22182	2
58010	34039	0.805106	1271	10726	22042	2
58011	34039	0.806208	1280	10633	22126	2
58012	34039	0.807397	1310	10492	22237	2
58013	34039	0.80963	1198	10564	22277	2
58014	34039	0.808323	1263	10523	22253	2
58015	34039	0.809204	1251	10487	22301	2
58016	34039	0.807912	1344	10389	22306	2
58000	34039	0.160434	23992	9172	875	3
58001	34039	0.159126	24097	9051	891	3
58002	10189	0.54235	0	9326	863	3
58003	26904	0.685103	0	16944	9960	3
58004	30702	0.760048	0	14734	15968	3
58005	32183	0.807336	0	12401	19782	3
58006	34039	0.810467	1210	10483	22346	3
58007	34039	0.812142	1212	10365	22462	3
58008	34039	0.814081	1136	10385	22518	3
58009	34039	0.815329	1148	10276	22615	3
58010	34039	0.814228	1195	10257	22587	3
58011	34039	0.814316	1117	10407	22515	3
58012	34039	0.813919	1182	10304	22553	3
58013	34039	0.814198	1182	10285	22572	3
58014	34039	0.813817	1146	10383	22510	3
58015	34039	0.811584	1201	10425	22413	3
58016	34039	0.810438	1210	10485	22344	3
58000	34039	0.160434	23992	9172	875	4
58001	34039	0.161829	23915	9231	893	4
58002	10209	0.544715	0	9296	913	4
58003	26793	0.685179	0	16870	9923	4
58004	30669	0.760801	0	14672	15997	4
58005	32056	0.806729	0	12391	19665	4
58006	34039	0.805018	1271	10732	22036	4
58007	34039	0.804577	1276	10752	22011	4
58008	34039	0.806501	1251	10671	22117	4
58009	34039	0.804636	1289	10722	22028	4
58010	34039	0.804709	1262	10771	22006	4
58011	34039	0.803755	1292	10776	21971	4
58012	34039	0.801639	1299	10906	21834	4
58013	34039	0.800112	1343	10922	21774	4
58014	34039	0.798922	1365	10959	21715	4
58015	34039	0.799568	1345	10955	21739	4
58016	34039	0.802506	1372	10701	21966	4
58000	34039	0.160434	23992	9172	875	5
58001	34039	0.161139	23939	9230	870	5
58002	10032	0.542863	0	9172	860	5
58003	26865	0.689075	0	16706	10159	5
58004	30755	0.763502	0	14547	16208	5
58005	32179	0.809534	0	12258	19921	5
58006	34039	0.809498	1208	10553	22278	5
58007	34039	0.808044	1217	10634	22188	5
58008	34039	0.80963	1201	10558	22280	5
58009	34039	0.810423	1244	10418	22377	5
58010	34039	0.810306	1229	10456	22354	5
58011	34039	0.809278	1222	10540	22277	5
58012	34039	0.808852	1209	10595	22235	5
58013	34039	0.808308	1254	10542	22243	5
58014	34039	0.807647	1250	10595	22194	5
58015	34039	0.807383	1341	10431	22267	5
58016	34039	0.807588	1256	10587	22196	5
58000	34039	0.160434	23992	9172	875	6
58001	34039	0.159964	24038	9112	889	6
58002	9924	0.54217	0	9087	837	6
58003	27000	0.685833	0	16965	10035	6
58004	30724	0.760448	0	14720	16004	6
58005	32141	0.80556	0	12499	19642	6
58006	34039	0.803843	1250	10854	21935	6
58007	34039	0.805282	1330	10596	22113	6
58008	34039	0.801918	1318	10849	21872	6
58009	34039	0.800699	1356	10856	21827	6
58010	34039	0.797453	1336	11117	21586	6
58011	34039	0.797996	1368	11016	21655	6
58012	34039	0.797776	1431	10905	21703	6
58013	34039	0.795734	1518	10870	21651	6
58014	34039	0.794926	1423	11115	21501	6
58015	34039	0.794926	1422	11117	21500	6
58016	34039	0.794647	1406	11168	21465	6
58000	34039	0.160434	23992	9172	875	7
58001	34039	0.15992	23991	9209	839	7
58002	10067	0.54321	0	9197	870	7
58003	26881	0.684833	0	16944	9937	7
58004	30543	0.762253	0	14523	16020	7
58005	32027	0.806991	0	12363	19664	7
58006	34039	0.806751	1248	10660	22131	7
58007	34039	0.80753	1250	10603	22186	7
58008	34039	0.810526	1209	10481	22349	7
58009	34039	0.809718	1238	10478	22323	7
58010	34039	0.809997	1276	10383	22380	7
58011	34039	0.812744	1188	10372	22479	7
58012	34039	0.812054	1232	10331	22476	7
58013	34039	0.81129	1263	10321	22455	7
58014	34039	0.810908	1179	10515	22345	7
58015	34039	0.810879	1173	10529	22337	7
58016	34039	0.810996	1215	10437	22387	7
58000	34039	0.160434	23992	9172	875	8
58001	34039	0.162196	23885	9266	888	8
58002	10214	0.543421	0	9327	887	8
58003	26858	0.684079	0	16970	9888	8
58004	30643	0.760206	0	14696	15947	8
58005	32091	0.807906	0	12329	19762	8
58006	34039	0.807853	1315	10451	22273	8
58007	34039	0.809116	1241	10513	22285	8
58008	34039	0.809057	1226	10547	22266	8
58009	34039	0.808646	1258	10511	22270	8
58010	34039	0.806384	1294	10593	22152	8
58011	34039	0.810423	1224	10458	22357	8
58012	34039	0.812597	1187	10384	22468	8
58013	34039	0.811422	1226	10386	22427	8
58014	34039	0.810497	1228	10445	22366	8
58015	34039	0.812994	1170	10391	22478	8
58016	34039	0.813155	1150	10420	22469	8
58000	34039	0.160434	23992	9172	875	9
58001	34039	0.162769	23853	9291	895	9
58002	9993	0.54343	0	9125	868	9
58003	27063	0.689465	0	16808	10255	9
58004	30709	0.765981	0	14373	16336	9
58005	32193	0.809213	0	12284	19909	9
58006	34039	0.809924	1262	10416	22361	9
58007	34039	0.810511	1225	10450	22364	9
58008	34039	0.808954	1223	10560	22256	9
58009	34039	0.80916	1258	10476	22305	9
58010	34039	0.80631	1326	10534	22179	9
58011	34039	0.805899	1284	10646	22109	9
58012	34039	0.806898	1301	10544	22194	9
58013	34039	0.805738	1294	10637	22108	9
58014	34039	0.804445	1331	10651	22057	9
58015	34039	0.805649	1280	10671	22088	9
58016	34039	0.805708	1365	10497	22177	9
58000	34039	0.160434	23992	9172	875	10
58001	34039	0.161168	23979	9148	912	10
58002	10104	0.542854	0	9238	866	10
58003	27117	0.686175	0	17020	10097	10
58004	30748	0.763009	0	14574	16174	10
58005	32124	0.808803	0	12284	19840	10
58006	34039	0.809469	1287	10397	22355	10
58007	34039	0.810159	1227	10470	22342	10
58008	34039	0.814096	1130	10396	22513	10
58009	34039	0.813009	1182	10366	22491	10
58010	34039	0.812362	1209	10356	22474	10
58011	34039	0.814096	1232	10192	22615	10
58012	34039	0.815329	1157	10258	22624	10
58013	34039	0.813787	1146	10385	22508	10
58014	34039	0.815829	1240	10058	22741	10
58015	34039	0.816123	1161	10196	22682	10
58016	34039	0.814316	1176	10289	22574	10
