Generation	Ne	Frequency	WT	HET	HOM	Replicate
58000	34039	0.160434	23992	9172	875	1
58001	34039	0.160125	23983	9211	845	1
58002	34039	0.160257	24023	9122	894	1
58003	34039	0.16227	23873	9285	881	1
58004	34039	0.160243	24000	9169	870	1
58005	34039	0.159112	24043	9160	836	1
58006	34039	0.157819	24129	9076	834	1
58007	34039	0.158935	24052	9154	833	1
58008	34039	0.156967	24195	9002	842	1
58009	34039	0.15823	24149	9008	882	1
58010	34039	0.157716	24174	8993	872	1
58011	34039	0.157599	24131	9087	821	1
58012	34039	0.157466	24163	9032	844	1
58013	34039	0.160022	24019	9146	874	1
58014	34039	0.161477	23974	9137	928	1
58015	34039	0.161403	23937	9216	886	1
58016	34039	0.160125	23986	9205	848	1
58000	34039	0.160434	23992	9172	875	2
58001	34039	0.15989	24009	9175	855	2
58002	34039	0.16039	24007	9145	887	2
58003	34039	0.159332	24028	9175	836	2
58004	34039	0.159934	24024	9142	873	2
58005	34039	0.160199	23954	9264	821	2
58006	34039	0.15989	23998	9197	844	2
58007	34039	0.158583	24081	9120	838	2
58008	34039	0.156791	24165	9074	800	2
58009	34039	0.154617	24320	8912	807	2
58010	34039	0.153192	24374	8901	764	2
58011	34039	0.152267	24475	8762	802	2
58012	34039	0.152487	24426	8845	768	2
58013	34039	0.153706	24353	8908	778	2
58014	34039	0.153779	24410	8789	840	2
58015	34039	0.154514	24325	8909	805	2
58016	34039	0.153104	24445	8765	829	2
58000	34039	0.160434	23992	9172	875	3
58001	34039	0.161712	23871	9327	841	3
58002	34039	0.15917	24059	9124	856	3
58003	34039	0.156952	24210	8973	856	3
58004	34039	0.160008	23952	9281	806	3
58005	34039	0.160507	24024	9103	912	3
58006	34039	0.160272	23965	9237	837	3
58007	34039	0.160742	23945	9245	849	3
58008	34039	0.158495	24067	9154	818	3
58009	34039	0.159743	24008	9187	844	3
58010	34039	0.158744	24095	9081	863	3
58011	34039	0.156996	24156	9078	805	3
58012	34039	0.154955	24323	8883	833	3
58013	34039	0.154955	24276	8977	786	3
58014	34039	0.154235	24390	8798	851	3
58015	34039	0.15447	24331	8900	808	3
58016	34039	0.154573	24335	8885	819	3
58000	34039	0.160434	23992	9172	875	4
58001	34039	0.15989	24040	9113	886	4
58002	34039	0.159846	24021	9154	864	4
58003	34039	0.160992	23933	9252	854	4
58004	34039	0.161903	23957	9142	940	4
58005	34039	0.163606	23762	9416	861	4
58006	34039	0.163856	23775	9373	891	4
58007	34039	0.160992	24027	9064	948	4
58008	34039	0.162255	23897	9238	904	4
58009	34039	0.161565	23885	9309	845	4
58010	34039	0.162784	23874	9248	917	4
58011	34039	0.163827	23820	9285	934	4
58012	34039	0.16321	23801	9365	873	4
58013	34039	0.162211	23949	9137	953	4
58014	34039	0.161286	23925	9248	866	4
58015	34039	0.16296	23812	9360	867	4
58016	34039	0.163665	23793	9350	896	4
58000	34039	0.160434	23992	9172	875	5
58001	34039	0.16202	23895	9258	886	5
58002	34039	0.160507	23982	9187	870	5
58003	34039	0.160096	24048	9083	908	5
58004	34039	0.159494	24075	9070	894	5
58005	34039	0.161183	23951	9203	885	5
58006	34039	0.16083	23986	9157	896	5
58007	34039	0.162931	23881	9224	934	5
58008	34039	0.162622	23824	9359	856	5
58009	34039	0.161682	23925	9221	893	5
58010	34039	0.164047	23818	9274	947	5
58011	34039	0.164018	23794	9324	921	5
58012	34039	0.165105	23736	9366	937	5
58013	34039	0.162916	23889	9209	941	5
58014	34039	0.162005	23927	9195	917	5
58015	34039	0.159582	24021	9172	846	5
58016	34039	0.15942	24063	9099	877	5
58000	34039	0.160434	23992	9172	875	6
58001	34039	0.15895	24058	9141	840	6
58002	34039	0.157422	24120	9121	798	6
58003	34039	0.158186	24135	9039	865	6
58004	34039	0.158921	24100	9059	880	6
58005	34039	0.158216	24097	9113	829	6
58006	34039	0.158509	24117	9053	869	6
58007	34039	0.158539	24121	9043	875	6
58008	34039	0.159258	24069	9098	872	6
58009	34039	0.1613	23941	9215	883	6
58010	34039	0.164135	23796	9312	931	6
58011	34039	0.164693	23731	9404	904	6
58012	34039	0.166544	23652	9436	951	6
58013	34039	0.165516	23711	9388	940	6
58014	34039	0.164693	23764	9338	937	6
58015	34039	0.164444	23764	9355	920	6
58016	34039	0.163562	23787	9369	883	6
58000	34039	0.160434	23992	9172	875	7
58001	34039	0.161917	23896	9263	880	7
58002	34039	0.162123	23896	9249	894	7
58003	34039	0.161491	23925	9234	880	7
58004	34039	0.161006	23933	9251	855	7
58005	34039	0.160757	23990	9154	895	7
58006	34039	0.161888	23913	9231	895	7
58007	34039	0.161682	23893	9285	861	7
58008	34039	0.160184	24024	9125	890	7
58009	34039	0.159787	24025	9150	864	7
58010	34039	0.158377	24131	9034	874	7
58011	34039	0.158333	24102	9095	842	7
58012	34039	0.158216	24090	9127	822	7
58013	34039	0.156188	24249	8947	843	7
58014	34039	0.155351	24280	8942	817	7
58015	34039	0.156277	24247	8945	847	7
58016	34039	0.158025	24148	9024	867	7
58000	34039	0.160434	23992	9172	875	8
58001	34039	0.158583	24130	9022	887	8
58002	34039	0.160977	23937	9245	857	8
58003	34039	0.160066	24000	9181	858	8
58004	34039	0.160052	24029	9124	886	8
58005	34039	0.159038	24041	9169	829	8
58006	34039	0.15992	24048	9095	896	8
58007	34039	0.158509	24078	9131	830	8
58008	34039	0.158774	24075	9119	845	8
58009	34039	0.159949	23996	9197	846	8
58010	34039	0.157202	24173	9030	836	8
58011	34039	0.157672	24158	9028	853	8
58012	34039	0.156012	24265	8927	847	8
58013	34039	0.154382	24321	8926	792	8
58014	34039	0.158318	24097	9106	836	8
58015	34039	0.155645	24262	8958	819	8
58016	34039	0.157011	24213	8963	863	8
58000	34039	0.160434	23992	9172	875	9
58001	34039	0.160977	23969	9181	889	9
58002	34039	0.164179	23786	9329	924	9
58003	34039	0.162255	23908	9216	915	9
58004	34039	0.160918	23974	9175	890	9
58005	34039	0.164121	23765	9375	899	9
58006	34039	0.164267	23782	9331	926	9
58007	34039	0.164576	23723	9428	888	9
58008	34039	0.165927	23722	9338	979	9
58009	34039	0.166339	23647	9460	932	9
58010	34039	0.166412	23687	9375	977	9
58011	34039	0.164884	23711	9431	897	9
58012	34039	0.165149	23722	9391	926	9
58013	34039	0.163092	23835	9305	899	9
58014	34039	0.162564	23911	9189	939	9
58015	34039	0.16368	23808	9319	912	9
58016	34039	0.165443	23695	9425	919	9
58000	34039	0.160434	23992	9172	875	10
58001	34039	0.161477	23946	9193	900	10
58002	34039	0.163783	23781	9366	892	10
58003	34039	0.163401	23826	9302	911	10
58004	34039	0.163489	23861	9226	952	10
58005	34039	0.161021	23989	9138	912	10
58006	34039	0.163592	23785	9371	883	10
58007	34039	0.163856	23841	9241	957	10
58008	34039	0.163739	23815	9301	923	10
58009	34039	0.164253	23793	9310	936	10
58010	34039	0.165854	23638	9511	890	10
58011	34039	0.166309	23632	9492	915	10
58012	34039	0.167058	23664	9377	998	10
58013	34039	0.167058	23635	9435	969	10
58014	34039	0.165487	23728	9356	955	10
58015	34039	0.165634	23679	9444	916	10
58016	34039	0.165487	23755	9302	982	10
