Generation	Ne	Frequency	WT	HET	HOM	Replicate
58000	34039	0.160434	23992	9172	875	1
58001	34039	0.160301	23967	9231	841	1
58002	17383	0.181959	11641	5158	584	1
58003	17674	0.206971	11151	5730	793	1
58004	17813	0.24033	10236	6592	985	1
58005	18093	0.277041	9447	7267	1379	1
58006	34039	0.276609	17773	13701	2565	1
58007	34039	0.277593	17802	13576	2661	1
58008	34039	0.281031	17633	13680	2726	1
58009	34039	0.278607	17748	13615	2676	1
58010	34039	0.27608	17893	13497	2649	1
58011	34039	0.276932	17787	13651	2601	1
58012	34039	0.275111	17894	13561	2584	1
58013	34039	0.274185	17964	13484	2591	1
58014	34039	0.273642	18010	13429	2600	1
58015	34039	0.277153	17868	13474	2697	1
58016	34039	0.275522	17877	13567	2595	1
58000	34039	0.160434	23992	9172	875	2
58001	34039	0.159317	24017	9198	824	2
58002	17429	0.178323	11792	5058	579	2
58003	17620	0.202526	11209	5685	726	2
58004	17865	0.234845	10423	6493	949	2
58005	18348	0.275343	9612	7368	1368	2
58006	34039	0.273774	18011	13418	2610	2
58007	34039	0.27069	18108	13434	2497	2
58008	34039	0.272584	18024	13473	2542	2
58009	34039	0.274626	17885	13612	2542	2
58010	34039	0.273363	17915	13638	2486	2
58011	34039	0.271527	18058	13477	2504	2
58012	34039	0.273613	17968	13515	2556	2
58013	34039	0.272261	18058	13427	2554	2
58014	34039	0.275845	17798	13703	2538	2
58015	34039	0.276433	17785	13689	2565	2
58016	34039	0.275067	17869	13614	2556	2
58000	34039	0.160434	23992	9172	875	3
58001	34039	0.160448	23978	9199	862	3
58002	17482	0.180157	11769	5127	586	3
58003	17604	0.207453	11068	5768	768	3
58004	17780	0.244291	10122	6629	1029	3
58005	17905	0.28735	9104	7312	1489	3
58006	34039	0.287259	17311	13900	2828	3
58007	34039	0.290446	17032	14241	2766	3
58008	34039	0.289271	17197	13991	2851	3
58009	34039	0.29005	17159	14014	2866	3
58010	34039	0.291827	17014	14183	2842	3
58011	34039	0.29312	17037	14049	2953	3
58012	34039	0.294354	16953	14133	2953	3
58013	34039	0.294838	16908	14190	2941	3
58014	34039	0.29973	16668	14337	3034	3
58015	34039	0.299333	16746	14208	3085	3
58016	34039	0.296572	16805	14278	2956	3
58000	34039	0.160434	23992	9172	875	4
58001	34039	0.161565	23901	9277	861	4
58002	17467	0.181456	11718	5159	590	4
58003	17469	0.210859	10857	5857	755	4
58004	17593	0.243023	10077	6481	1035	4
58005	18032	0.285992	9173	7404	1455	4
58006	34039	0.282191	17540	13787	2712	4
58007	34039	0.281794	17559	13776	2704	4
58008	34039	0.283087	17443	13920	2676	4
58009	34039	0.287802	17256	13973	2810	4
58010	34039	0.289726	17131	14092	2816	4
58011	34039	0.289315	17200	13982	2857	4
58012	34039	0.288052	17254	13960	2825	4
58013	34039	0.285569	17401	13835	2803	4
58014	34039	0.281868	17535	13819	2685	4
58015	34039	0.284189	17406	13919	2714	4
58016	34039	0.284688	17478	13741	2820	4
58000	34039	0.160434	23992	9172	875	5
58001	34039	0.160155	24053	9069	917	5
58002	17728	0.181098	11858	5319	551	5
58003	17595	0.203808	11144	5730	721	5
58004	17789	0.233909	10445	6366	978	5
58005	17985	0.269002	9619	7056	1310	5
58006	34039	0.268148	18269	13285	2485	5
58007	34039	0.267282	18273	13336	2430	5
58008	34039	0.266753	18347	13224	2468	5
58009	34039	0.269	18232	13301	2506	5
58010	34039	0.27113	18074	13472	2493	5
58011	34039	0.273583	17955	13543	2541	5
58012	34039	0.273187	18026	13428	2585	5
58013	34039	0.269999	18155	13387	2497	5
58014	34039	0.269323	18135	13473	2431	5
58015	34039	0.270557	18135	13389	2515	5
58016	34039	0.272202	18076	13395	2568	5
58000	34039	0.160434	23992	9172	875	6
58001	34039	0.159934	24006	9178	855	6
58002	17332	0.178831	11652	5161	519	6
58003	17593	0.2017	11168	5753	672	6
58004	17653	0.23319	10342	6389	922	6
58005	17982	0.272801	9483	7187	1312	6
58006	34039	0.278063	17741	13666	2632	6
58007	34039	0.277549	17742	13699	2598	6
58008	34039	0.274112	17958	13501	2580	6
58009	34039	0.274656	17957	13466	2616	6
58010	34039	0.276653	17842	13560	2637	6
58011	34039	0.277564	17804	13574	2661	6
58012	34039	0.280076	17625	13761	2653	6
58013	34039	0.282485	17586	13675	2778	6
58014	34039	0.282191	17505	13857	2677	6
58015	34039	0.278945	17692	13704	2643	6
58016	34039	0.2794	17750	13557	2732	6
58000	34039	0.160434	23992	9172	875	7
58001	34039	0.161286	23974	9150	915	7
58002	17427	0.183107	11657	5158	612	7
58003	17520	0.209075	10973	5768	779	7
58004	17713	0.244933	10148	6453	1112	7
58005	17936	0.290421	9035	7384	1517	7
58006	34039	0.28836	17232	13983	2824	7
58007	34039	0.288478	17233	13973	2833	7
58008	34039	0.288008	17225	14021	2793	7
58009	34039	0.285276	17397	13863	2779	7
58010	34039	0.285481	17375	13893	2771	7
58011	34039	0.285555	17325	13988	2726	7
58012	34039	0.284908	17447	13788	2804	7
58013	34039	0.282999	17486	13840	2713	7
58014	34039	0.28294	17572	13672	2795	7
58015	34039	0.282455	17531	13787	2721	7
58016	34039	0.280516	17646	13689	2704	7
58000	34039	0.160434	23992	9172	875	8
58001	34039	0.162901	23860	9268	911	8
58002	17442	0.184612	11595	5254	593	8
58003	17565	0.212098	10889	5901	775	8
58004	17867	0.244417	10181	6638	1048	8
58005	18167	0.289563	9174	7465	1528	8
58006	34039	0.288933	17244	13920	2875	8
58007	34039	0.290167	17078	14168	2793	8
58008	34039	0.288919	17179	14051	2809	8
58009	34039	0.292194	17051	14084	2904	8
58010	34039	0.292943	16986	14163	2890	8
58011	34039	0.29594	16961	14009	3069	8
58012	34039	0.294794	16915	14179	2945	8
58013	34039	0.296483	16839	14216	2984	8
58014	34039	0.297409	16845	14141	3053	8
58015	34039	0.295955	16872	14186	2981	8
58016	34039	0.297644	16863	14089	3087	8
58000	34039	0.160434	23992	9172	875	9
58001	34039	0.159126	24059	9127	853	9
58002	17514	0.177429	11895	5023	596	9
58003	17651	0.202963	11198	5741	712	9
58004	17679	0.233073	10414	6289	976	9
58005	17890	0.273505	9438	7118	1334	9
58006	34039	0.27069	18087	13476	2476	9
58007	34039	0.269015	18204	13356	2479	9
58008	34039	0.270352	18179	13315	2545	9
58009	34039	0.270925	18048	13538	2453	9
58010	34039	0.269984	18132	13434	2473	9
58011	34039	0.268516	18183	13432	2424	9
58012	34039	0.272012	18050	13460	2529	9
58013	34039	0.271909	18017	13533	2489	9
58014	34039	0.271541	18113	13366	2560	9
58015	34039	0.27254	17999	13526	2514	9
58016	34039	0.271747	18015	13548	2476	9
58000	34039	0.160434	23992	9172	875	10
58001	34039	0.159831	24056	9085	898	10
58002	17285	0.17845	11645	5111	529	10
58003	17567	0.200319	11232	5632	703	10
58004	17738	0.234666	10376	6399	963	10
58005	18099	0.27228	9629	7084	1386	10
58006	34039	0.272291	17957	13627	2455	10
58007	34039	0.272437	17979	13573	2487	10
58008	34039	0.274773	17880	13612	2547	10
58009	34039	0.278078	17778	13591	2670	10
58010	34039	0.27777	17766	13636	2637	10
58011	34039	0.275361	17935	13462	2642	10
58012	34039	0.273289	17978	13517	2544	10
58013	34039	0.273569	17938	13578	2523	10
58014	34039	0.273965	17905	13617	2517	10
58015	34039	0.275052	17909	13535	2595	10
58016	34039	0.27492	17874	13614	2551	10
58000	34039	0.160434	23992	9172	875	11
58001	34039	0.159596	24094	9025	920	11
58002	17374	0.183262	11573	5234	567	11
58003	17528	0.210634	10942	5788	798	11
58004	17716	0.246133	10035	6641	1040	11
58005	17975	0.287427	9188	7241	1546	11
58006	34039	0.287714	17333	13825	2881	11
58007	34039	0.287582	17291	13918	2830	11
58008	34039	0.289844	17187	13972	2880	11
58009	34039	0.288919	17189	14031	2819	11
58010	34039	0.29309	17080	13965	2994	11
58011	34039	0.295646	16884	14183	2972	11
58012	34039	0.295294	16872	14231	2936	11
58013	34039	0.295264	16917	14143	2979	11
58014	34039	0.295587	16927	14101	3011	11
58015	34039	0.294618	16950	14121	2968	11
58016	34039	0.29265	17013	14129	2897	11
58000	34039	0.160434	23992	9172	875	12
58001	34039	0.157643	24137	9072	830	12
58002	17389	0.175858	11844	4974	571	12
58003	17456	0.202223	11140	5572	744	12
58004	17759	0.235458	10391	6373	995	12
58005	17895	0.280441	9265	7223	1407	12
58006	34039	0.277079	17811	13593	2635	12
58007	34039	0.27467	17910	13559	2570	12
58008	34039	0.272849	17920	13663	2456	12
58009	34039	0.273686	17958	13530	2551	12
58010	34039	0.26997	18133	13433	2473	12
58011	34039	0.270175	18085	13515	2439	12
58012	34039	0.271277	18007	13596	2436	12
58013	34039	0.274288	17883	13639	2517	12
58014	34039	0.273363	17983	13502	2554	12
58015	34039	0.273598	18017	13418	2604	12
58016	34039	0.272232	18060	13425	2554	12
58000	34039	0.160434	23992	9172	875	13
58001	34039	0.161051	24013	9088	938	13
58002	17550	0.184046	11671	5298	581	13
58003	17611	0.212509	10904	5929	778	13
58004	17705	0.245496	10055	6607	1043	13
58005	17983	0.287994	9186	7236	1561	13
58006	34039	0.290667	17141	14008	2890	13
58007	34039	0.288463	17167	14106	2766	13
58008	34039	0.28861	17250	13930	2859	13
58009	34039	0.29002	17148	14038	2853	13
58010	34039	0.289198	17210	13970	2859	13
58011	34039	0.288052	17241	13986	2812	13
58012	34039	0.287567	17249	14003	2787	13
58013	34039	0.286231	17309	13974	2756	13
58014	34039	0.284086	17455	13828	2756	13
58015	34039	0.285408	17379	13890	2770	13
58016	34039	0.285643	17326	13980	2733	13
58000	34039	0.160434	23992	9172	875	14
58001	34039	0.159552	23997	9222	820	14
58002	17482	0.181129	11739	5153	590	14
58003	17837	0.206201	11289	5740	808	14
58004	17528	0.243268	10075	6378	1075	14
58005	18088	0.285631	9187	7469	1432	14
58006	34039	0.283542	17508	13759	2772	14
58007	34039	0.281442	17611	13696	2732	14
58008	34039	0.279635	17649	13743	2647	14
58009	34039	0.279929	17680	13661	2698	14
58010	34039	0.279958	17592	13835	2612	14
58011	34039	0.282485	17519	13809	2711	14
58012	34039	0.285393	17418	13813	2808	14
58013	34039	0.286686	17314	13933	2792	14
58014	34039	0.284997	17420	13836	2783	14
58015	34039	0.28294	17503	13810	2726	14
58016	34039	0.282911	17478	13862	2699	14
58000	34039	0.160434	23992	9172	875	15
58001	34039	0.15989	23998	9197	844	15
58002	17462	0.184515	11630	5220	612	15
58003	17704	0.210715	11010	5927	767	15
58004	17587	0.244612	10017	6536	1034	15
58005	18105	0.287103	9204	7406	1495	15
58006	34039	0.284997	17378	13920	2741	15
58007	34039	0.283058	17564	13680	2795	15
58008	34039	0.281956	17509	13865	2665	15
58009	34039	0.28175	17553	13791	2695	15
58010	34039	0.281001	17634	13680	2725	15
58011	34039	0.280884	17584	13788	2667	15
58012	34039	0.280619	17674	13626	2739	15
58013	34039	0.284424	17423	13869	2747	15
58014	34039	0.28391	17432	13886	2721	15
58015	34039	0.283895	17451	13849	2739	15
58016	34039	0.284394	17436	13845	2758	15
58000	34039	0.160434	23992	9172	875	16
58001	34039	0.160257	23998	9172	869	16
58002	17539	0.179343	11783	5221	535	16
58003	17643	0.202148	11215	5723	705	16
58004	17854	0.232861	10518	6357	979	16
58005	18001	0.270791	9581	7091	1329	16
58006	34039	0.271042	18127	13372	2540	16
58007	34039	0.26997	18100	13499	2440	16
58008	34039	0.270161	18074	13538	2427	16
58009	34039	0.271659	18039	13506	2494	16
58010	34039	0.27326	17909	13657	2473	16
58011	34039	0.273466	17935	13591	2513	16
58012	34039	0.26925	18085	13578	2376	16
58013	34039	0.266812	18283	13348	2408	16
58014	34039	0.265636	18348	13298	2393	16
58015	34039	0.263433	18476	13192	2371	16
58016	34039	0.263844	18443	13230	2366	16
58000	34039	0.160434	23992	9172	875	17
58001	34039	0.160169	24021	9132	886	17
58002	17480	0.182952	11674	5216	590	17
58003	17460	0.208935	10915	5794	751	17
58004	17841	0.237515	10371	6465	1005	17
58005	18161	0.276554	9579	7119	1463	17
58006	34039	0.276183	17838	13600	2601	17
58007	34039	0.275067	17899	13554	2586	17
58008	34039	0.275948	17867	13558	2614	17
58009	34039	0.273495	17969	13521	2549	17
58010	34039	0.271806	18054	13466	2519	17
58011	34039	0.270557	18086	13487	2466	17
58012	34039	0.271233	18049	13515	2475	17
58013	34039	0.267179	18325	13239	2475	17
58014	34039	0.266812	18333	13248	2458	17
58015	34039	0.265813	18375	13232	2432	17
58016	34039	0.265284	18376	13266	2397	17
58000	34039	0.160434	23992	9172	875	18
58001	34039	0.158318	24115	9070	854	18
58002	17438	0.179006	11760	5113	565	18
58003	17553	0.20441	11100	5730	723	18
58004	17652	0.237877	10242	6422	988	18
58005	18063	0.278359	9402	7266	1395	18
58006	34039	0.279723	17653	13729	2657	18
58007	34039	0.278519	17792	13533	2714	18
58008	34039	0.277784	17784	13599	2656	18
58009	34039	0.276976	17851	13520	2668	18
58010	34039	0.278005	17768	13616	2655	18
58011	34039	0.278798	17769	13560	2710	18
58012	34039	0.280105	17620	13769	2650	18
58013	34039	0.281941	17516	13852	2671	18
58014	34039	0.280987	17602	13745	2692	18
58015	34039	0.280017	17678	13659	2702	18
58016	34039	0.280531	17646	13688	2705	18
58000	34039	0.160434	23992	9172	875	19
58001	34039	0.160272	24015	9137	887	19
58002	17501	0.181675	11737	5169	595	19
58003	17614	0.20549	11124	5741	749	19
58004	17758	0.238766	10256	6524	978	19
58005	18048	0.276679	9462	7185	1401	19
58006	34039	0.278181	17782	13576	2681	19
58007	34039	0.276492	17859	13537	2643	19
58008	34039	0.278372	17725	13677	2637	19
58009	34039	0.276492	17807	13641	2591	19
58010	34039	0.275111	17873	13603	2563	19
58011	34039	0.273701	17966	13513	2560	19
58012	34039	0.274024	17918	13587	2534	19
58013	34039	0.274832	17959	13450	2630	19
58014	34039	0.273524	17972	13513	2554	19
58015	34039	0.274949	17889	13582	2568	19
58016	34039	0.274156	17909	13596	2534	19
58000	34039	0.160434	23992	9172	875	20
58001	34039	0.156703	24189	9032	818	20
58002	17602	0.176798	11959	5062	581	20
58003	17548	0.204553	11110	5697	741	20
58004	17743	0.23722	10320	6428	995	20
58005	17972	0.282022	9264	7279	1429	20
58006	34039	0.279929	17643	13735	2661	20
58007	34039	0.282397	17522	13809	2708	20
58008	34039	0.277505	17758	13670	2611	20
58009	34039	0.27893	17695	13699	2645	20
58010	34039	0.278107	17750	13645	2644	20
58011	34039	0.278152	17726	13690	2623	20
58012	34039	0.276932	17850	13525	2664	20
58013	34039	0.278533	17703	13710	2626	20
58014	34039	0.277872	17780	13601	2658	20
58015	34039	0.278489	17680	13759	2600	20
58016	34039	0.280605	17588	13799	2652	20
58000	34039	0.160434	23992	9172	875	21
58001	34039	0.161242	23909	9283	847	21
58002	17345	0.17887	11686	5113	546	21
58003	17728	0.201489	11283	5746	699	21
58004	17752	0.232706	10419	6404	929	21
58005	17823	0.269652	9525	6984	1314	21
58006	34039	0.27088	18085	13467	2487	21
58007	34039	0.271218	18042	13530	2467	21
58008	34039	0.270645	18082	13489	2468	21
58009	34039	0.270043	18108	13478	2453	21
58010	34039	0.269544	18156	13416	2467	21
58011	34039	0.270895	18136	13364	2539	21
58012	34039	0.268853	18193	13389	2457	21
58013	34039	0.270631	18106	13442	2491	21
58014	34039	0.271791	18043	13489	2507	21
58015	34039	0.270807	18133	13376	2530	21
58016	34039	0.269573	18171	13384	2484	21
58000	34039	0.160434	23992	9172	875	22
58001	34039	0.156908	24194	9008	837	22
58002	17414	0.17463	11865	5016	533	22
58003	17457	0.204016	11079	5633	745	22
58004	17759	0.234585	10382	6422	955	22
58005	18045	0.275007	9450	7265	1330	22
58006	34039	0.275317	17911	13513	2615	22
58007	34039	0.274641	17832	13717	2490	22
58008	34039	0.274127	17994	13428	2617	22
58009	34039	0.278959	17723	13641	2675	22
58010	34039	0.280693	17631	13707	2701	22
58011	34039	0.282088	17543	13788	2708	22
58012	34039	0.281956	17623	13637	2779	22
58013	34039	0.281985	17570	13741	2728	22
58014	34039	0.279385	17652	13754	2633	22
58015	34039	0.278886	17683	13726	2630	22
58016	34039	0.27561	17861	13593	2585	22
58000	34039	0.160434	23992	9172	875	23
58001	34039	0.162402	23895	9232	912	23
58002	17436	0.184905	11590	5244	602	23
58003	17542	0.210409	10953	5796	793	23
58004	17767	0.247622	10074	6587	1106	23
58005	18006	0.287349	9150	7364	1492	23
58006	34039	0.288992	17144	14116	2779	23
58007	34039	0.288757	17204	14012	2823	23
58008	34039	0.289506	17237	13895	2907	23
58009	34039	0.290387	17117	14075	2847	23
58010	34039	0.288199	17226	14006	2807	23
58011	34039	0.28698	17371	13799	2869	23
58012	34039	0.286701	17309	13942	2788	23
58013	34039	0.283249	17404	13987	2648	23
58014	34039	0.282544	17569	13705	2765	23
58015	34039	0.282499	17491	13864	2684	23
58016	34039	0.28316	17482	13837	2720	23
58000	34039	0.160434	23992	9172	875	24
58001	34039	0.16061	24049	9046	944	24
58002	17444	0.183903	11612	5248	584	24
58003	17904	0.210791	11148	5964	792	24
58004	17684	0.243921	10162	6417	1105	24
58005	17938	0.290612	9016	7418	1504	24
58006	34039	0.28886	17204	14005	2830	24
58007	34039	0.287699	17287	13918	2834	24
58008	34039	0.288493	17260	13918	2861	24
58009	34039	0.2898	17136	14077	2826	24
58010	34039	0.292326	17029	14119	2891	24
58011	34039	0.291298	17133	13981	2925	24
58012	34039	0.29049	17147	14008	2884	24
58013	34039	0.292326	17037	14103	2899	24
58014	34039	0.291533	17063	14105	2871	24
58015	34039	0.29381	16959	14158	2922	24
58016	34039	0.293076	16907	14312	2820	24
58000	34039	0.160434	23992	9172	875	25
58001	34039	0.163313	23782	9396	861	25
58002	17254	0.182335	11535	5146	573	25
58003	17617	0.208236	11023	5851	743	25
58004	17863	0.240301	10330	6481	1052	25
58005	18071	0.281888	9308	7338	1425	25
58006	34039	0.280942	17565	13822	2652	25
58007	34039	0.279709	17658	13720	2661	25
58008	34039	0.277931	17712	13733	2594	25
58009	34039	0.277094	17768	13678	2593	25
58010	34039	0.276624	17846	13554	2639	25
58011	34039	0.27348	17949	13562	2528	25
58012	34039	0.273334	17992	13486	2561	25
58013	34039	0.272467	17974	13581	2484	25
58014	34039	0.272952	17950	13596	2493	25
58015	34039	0.274303	17902	13600	2537	25
58016	34039	0.272056	18033	13491	2515	25
58000	34039	0.160434	23992	9172	875	26
58001	34039	0.159126	24041	9163	835	26
58002	17536	0.181883	11755	5183	598	26
58003	17550	0.210085	10973	5780	797	26
58004	17783	0.245094	10124	6601	1058	26
58005	18000	0.288722	9083	7440	1477	26
58006	34039	0.287993	17343	13786	2910	26
58007	34039	0.288551	17245	13944	2850	26
58008	34039	0.287112	17302	13928	2809	26
58009	34039	0.287597	17280	13939	2820	26
58010	34039	0.287259	17273	13976	2790	26
58011	34039	0.289506	17150	14069	2820	26
58012	34039	0.292635	17017	14122	2900	26
58013	34039	0.288023	17276	13918	2845	26
58014	34039	0.290446	17184	13937	2918	26
58015	34039	0.290094	17133	14063	2843	26
58016	34039	0.293046	16971	14186	2882	26
58000	34039	0.160434	23992	9172	875	27
58001	34039	0.161139	23929	9250	860	27
58002	17373	0.182841	11600	5193	580	27
58003	17770	0.206162	11187	5839	744	27
58004	17809	0.242546	10209	6561	1039	27
58005	17887	0.28476	9127	7333	1427	27
58006	34039	0.285614	17412	13810	2817	27
58007	34039	0.287788	17243	14000	2796	27
58008	34039	0.284835	17393	13901	2745	27
58009	34039	0.286656	17317	13929	2793	27
58010	34039	0.284791	17457	13776	2806	27
58011	34039	0.288566	17168	14097	2774	27
58012	34039	0.290064	17168	13995	2876	27
58013	34039	0.289844	17135	14076	2828	27
58014	34039	0.289903	17234	13874	2931	27
58015	34039	0.288684	17300	13825	2914	27
58016	34039	0.287934	17282	13912	2845	27
58000	34039	0.160434	23992	9172	875	28
58001	34039	0.160977	23988	9143	908	28
58002	17460	0.182675	11665	5211	584	28
58003	17645	0.211703	11008	5803	834	28
58004	17719	0.248406	10005	6625	1089	28
58005	17911	0.294819	8881	7499	1531	28
58006	34039	0.292811	17025	14094	2920	28
58007	34039	0.294794	16947	14115	2977	28
58008	34039	0.300126	16689	14268	3082	28
58009	34039	0.299421	16643	14408	2988	28
58010	34039	0.295044	16937	14118	2984	28
58011	34039	0.292958	17042	14050	2947	28
58012	34039	0.29265	17045	14065	2929	28
58013	34039	0.291225	17090	14072	2877	28
58014	34039	0.292003	17045	14109	2885	28
58015	34039	0.290696	17107	14074	2858	28
58016	34039	0.289594	17236	13891	2912	28
58000	34039	0.160434	23992	9172	875	29
58001	34039	0.162431	23894	9232	913	29
58002	17492	0.183884	11629	5293	570	29
58003	17544	0.210927	10939	5809	796	29
58004	17700	0.243192	10175	6441	1084	29
58005	18047	0.288552	9106	7467	1474	29
58006	34039	0.285232	17328	14004	2707	29
58007	34039	0.28294	17468	13880	2691	29
58008	34039	0.283777	17516	13727	2796	29
58009	34039	0.285114	17374	13920	2745	29
58010	34039	0.283748	17493	13775	2771	29
58011	34039	0.281883	17516	13856	2667	29
58012	34039	0.280017	17617	13781	2641	29
58013	34039	0.279459	17627	13799	2613	29
58014	34039	0.277814	17768	13629	2642	29
58015	34039	0.277109	17800	13613	2626	29
58016	34039	0.277211	17764	13678	2597	29
58000	34039	0.160434	23992	9172	875	30
58001	34039	0.159905	24043	9106	890	30
58002	17402	0.181962	11621	5229	552	30
58003	17548	0.204895	11075	5755	718	30
58004	17757	0.237596	10309	6458	990	30
58005	18023	0.275537	9407	7300	1316	30
58006	34039	0.273569	17947	13560	2532	30
58007	34039	0.274288	17964	13477	2598	30
58008	34039	0.276257	17822	13627	2590	30
58009	34039	0.274685	17931	13516	2592	30
58010	34039	0.275405	17877	13575	2587	30
58011	34039	0.274083	17927	13565	2547	30
58012	34039	0.272467	18035	13459	2545	30
58013	34039	0.271424	18117	13366	2556	30
58014	34039	0.268736	18178	13427	2434	30
58015	34039	0.26596	18314	13344	2381	30
58016	34039	0.266591	18293	13343	2403	30
58000	34039	0.160434	23992	9172	875	31
58001	34039	0.159817	24038	9122	879	31
58002	17307	0.179003	11663	5092	552	31
58003	17559	0.204795	11084	5758	717	31
58004	17820	0.236953	10366	6463	991	31
58005	17966	0.278164	9355	7227	1384	31
58006	34039	0.27683	17824	13584	2631	31
58007	34039	0.276683	17792	13658	2589	31
58008	34039	0.277814	17756	13653	2630	31
58009	34039	0.280707	17638	13692	2709	31
58010	34039	0.279973	17674	13670	2695	31
58011	34039	0.280678	17667	13636	2736	31
58012	34039	0.27871	17763	13578	2698	31
58013	34039	0.280061	17577	13858	2604	31
58014	34039	0.281133	17551	13837	2651	31
58015	34039	0.28009	17653	13704	2682	31
58016	34039	0.283219	17502	13793	2744	31
58000	34039	0.160434	23992	9172	875	32
58001	34039	0.160066	23990	9201	848	32
58002	17317	0.181671	11582	5178	557	32
58003	17589	0.209591	10976	5853	760	32
58004	17665	0.242598	10139	6481	1045	32
58005	17965	0.286335	9117	7408	1440	32
58006	34039	0.284527	17370	13968	2701	32
58007	34039	0.283983	17476	13793	2770	32
58008	34039	0.282147	17511	13848	2680	32
58009	34039	0.280634	17644	13685	2710	32
58010	34039	0.281031	17593	13760	2686	32
58011	34039	0.279635	17709	13623	2707	32
58012	34039	0.279283	17650	13765	2624	32
58013	34039	0.279665	17612	13815	2612	32
58014	34039	0.2794	17628	13801	2610	32
58015	34039	0.277564	17707	13768	2564	32
58016	34039	0.278945	17776	13536	2727	32
58000	34039	0.160434	23992	9172	875	33
58001	34039	0.160889	23952	9221	866	33
58002	17317	0.181758	11600	5139	578	33
58003	17513	0.205504	11053	5722	738	33
58004	17795	0.237679	10336	6459	1000	33
58005	18186	0.277164	9502	7287	1397	33
58006	34039	0.272247	18062	13420	2557	33
58007	34039	0.272687	18016	13482	2541	33
58008	34039	0.273701	17921	13603	2515	33
58009	34039	0.271923	17977	13612	2450	33
58010	34039	0.27041	18125	13419	2495	33
58011	34039	0.267855	18196	13451	2392	33
58012	34039	0.268325	18269	13273	2497	33
58013	34039	0.267884	18291	13259	2489	33
58014	34039	0.266444	18281	13377	2381	33
58015	34039	0.266753	18268	13382	2389	33
58016	34039	0.263771	18400	13321	2318	33
58000	34039	0.160434	23992	9172	875	34
58001	34039	0.159582	24020	9174	845	34
58002	17395	0.180167	11709	5104	582	34
58003	17464	0.202531	11130	5594	740	34
58004	17770	0.231739	10487	6330	953	34
58005	17999	0.268432	9604	7127	1268	34
58006	34039	0.267443	18266	13339	2434	34
58007	34039	0.26878	18292	13196	2551	34
58008	34039	0.26784	18248	13348	2443	34
58009	34039	0.267252	18234	13416	2389	34
58010	34039	0.26737	18246	13384	2409	34
58011	34039	0.265343	18344	13326	2369	34
58012	34039	0.266547	18319	13294	2426	34
58013	34039	0.269632	18131	13460	2448	34
58014	34039	0.268236	18179	13459	2401	34
58015	34039	0.268501	18202	13395	2442	34
58016	34039	0.269573	18119	13488	2432	34
58000	34039	0.160434	23992	9172	875	35
58001	34039	0.15801	24131	9059	849	35
58002	17458	0.176452	11832	5091	535	35
58003	17577	0.207032	11075	5726	776	35
58004	17709	0.242589	10162	6502	1045	35
58005	18046	0.278926	9362	7301	1383	35
58006	34039	0.278857	17724	13646	2669	35
58007	34039	0.279738	17653	13728	2658	35
58008	34039	0.279092	17723	13632	2684	35
58009	34039	0.278533	17752	13612	2675	35
58010	34039	0.276918	17842	13542	2655	35
58011	34039	0.276771	17734	13768	2537	35
58012	34039	0.276124	17898	13484	2657	35
58013	34039	0.274626	17908	13566	2565	35
58014	34039	0.274171	17946	13521	2572	35
58015	34039	0.275522	17861	13599	2579	35
58016	34039	0.271218	18071	13472	2496	35
58000	34039	0.160434	23992	9172	875	36
58001	34039	0.159347	24004	9222	813	36
58002	17466	0.17743	11809	5116	541	36
58003	17580	0.199886	11264	5604	712	36
58004	17748	0.232336	10439	6371	938	36
58005	18112	0.272499	9609	7135	1368	36
58006	34039	0.270131	18120	13448	2471	36
58007	34039	0.269265	18057	13633	2349	36
58008	34039	0.271277	18096	13418	2525	36
58009	34039	0.270587	18029	13599	2411	36
58010	34039	0.268545	18182	13432	2425	36
58011	34039	0.268795	18222	13335	2482	36
58012	34039	0.270322	18132	13411	2496	36
58013	34039	0.271732	17966	13647	2426	36
58014	34039	0.269896	18108	13488	2443	36
58015	34039	0.269544	18194	13340	2505	36
58016	34039	0.269705	18179	13359	2501	36
58000	34039	0.160434	23992	9172	875	37
58001	34039	0.159552	24065	9086	888	37
58002	17518	0.181328	11742	5199	577	37
58003	17627	0.207239	11105	5738	784	37
58004	17719	0.242536	10150	6543	1026	37
58005	17892	0.283535	9153	7332	1407	37
58006	34039	0.281236	17674	13584	2781	37
58007	34039	0.28128	17560	13809	2670	37
58008	34039	0.282059	17529	13818	2692	37
58009	34039	0.28482	17396	13896	2747	37
58010	34039	0.280737	17684	13598	2757	37
58011	34039	0.282823	17490	13844	2705	37
58012	34039	0.283704	17400	13964	2675	37
58013	34039	0.284189	17423	13885	2731	37
58014	34039	0.286598	17305	13957	2777	37
58015	34039	0.287112	17302	13928	2809	37
58016	34039	0.287053	17305	13926	2808	37
58000	34039	0.160434	23992	9172	875	38
58001	34039	0.160301	24022	9121	896	38
58002	17465	0.181134	11718	5167	580	38
58003	17712	0.207938	11041	5976	695	38
58004	17786	0.236591	10346	6464	976	38
58005	17947	0.277205	9391	7162	1394	38
58006	34039	0.277388	17715	13764	2560	38
58007	34039	0.278225	17745	13647	2647	38
58008	34039	0.279679	17703	13632	2704	38
58009	34039	0.276315	17796	13675	2568	38
58010	34039	0.277593	17817	13546	2676	38
58011	34039	0.277637	17753	13671	2615	38
58012	34039	0.278063	17775	13598	2666	38
58013	34039	0.276844	17777	13677	2585	38
58014	34039	0.27683	17809	13614	2616	38
58015	34039	0.276448	17764	13730	2545	38
58016	34039	0.275184	17841	13662	2536	38
58000	34039	0.160434	23992	9172	875	39
58001	34039	0.160492	23946	9260	833	39
58002	17544	0.177525	11835	5189	520	39
58003	17637	0.203436	11159	5780	698	39
58004	17928	0.235023	10515	6399	1014	39
58005	18103	0.274402	9563	7145	1395	39
58006	34039	0.271865	18065	13440	2534	39
58007	34039	0.272526	18009	13507	2523	39
58008	34039	0.268883	18182	13409	2448	39
58009	34039	0.269177	18135	13483	2421	39
58010	34039	0.26972	18125	13466	2448	39
58011	34039	0.27163	18071	13444	2524	39
58012	34039	0.270866	18179	13280	2580	39
58013	34039	0.273157	17977	13528	2534	39
58014	34039	0.272349	18032	13473	2534	39
58015	34039	0.27326	18010	13455	2574	39
58016	34039	0.27398	18029	13368	2642	39
58000	34039	0.160434	23992	9172	875	40
58001	34039	0.158054	24153	9012	874	40
58002	17349	0.177388	11739	5065	545	40
58003	17615	0.200795	11249	5658	708	40
58004	17775	0.229845	10557	6265	953	40
58005	18000	0.268333	9649	7042	1309	40
58006	34039	0.263272	18485	13185	2369	40
58007	34039	0.261612	18548	13172	2319	40
58008	34039	0.260701	18628	13074	2337	40
58009	34039	0.260701	18605	13120	2314	40
58010	34039	0.260216	18643	13077	2319	40
58011	34039	0.261759	18526	13206	2307	40
58012	34039	0.259291	18687	13052	2300	40
58013	34039	0.260848	18613	13094	2332	40
58014	34039	0.263227	18417	13324	2298	40
58015	34039	0.262493	18537	13134	2368	40
58016	34039	0.266077	18333	13298	2408	40
58000	34039	0.160434	23992	9172	875	41
58001	34039	0.160287	23999	9168	872	41
58002	17473	0.180021	11718	5219	536	41
58003	17497	0.203778	11118	5627	752	41
58004	17726	0.233132	10395	6397	934	41
58005	17946	0.269224	9606	7017	1323	41
58006	34039	0.270748	18124	13398	2517	41
58007	34039	0.269177	18167	13419	2453	41
58008	34039	0.268736	18143	13497	2399	41
58009	34039	0.266444	18397	13145	2497	41
58010	34039	0.263918	18507	13097	2435	41
58011	34039	0.263888	18447	13219	2373	41
58012	34039	0.265754	18359	13268	2412	41
58013	34039	0.26474	18365	13325	2349	41
58014	34039	0.26596	18341	13290	2408	41
58015	34039	0.268648	18243	13303	2493	41
58016	34039	0.269852	18131	13445	2463	41
58000	34039	0.160434	23992	9172	875	42
58001	34039	0.160566	23964	9219	856	42
58002	17426	0.183949	11608	5225	593	42
58003	17589	0.213514	10893	5881	815	42
58004	17890	0.243879	10267	6520	1103	42
58005	17898	0.288105	9081	7321	1496	42
58006	34039	0.286275	17329	13931	2779	42
58007	34039	0.28529	17370	13916	2753	42
58008	34039	0.286142	17318	13962	2759	42
58009	34039	0.285364	17362	13927	2750	42
58010	34039	0.287538	17327	13849	2863	42
58011	34039	0.287685	17347	13799	2893	42
58012	34039	0.286231	17335	13922	2782	42
58013	34039	0.28482	17444	13800	2795	42
58014	34039	0.285614	17434	13766	2839	42
58015	34039	0.284982	17343	13991	2705	42
58016	34039	0.285055	17447	13778	2814	42
58000	34039	0.160434	23992	9172	875	43
58001	34039	0.162093	23869	9305	865	43
58002	17333	0.176311	11755	5044	534	43
58003	17384	0.201536	11066	5629	689	43
58004	17757	0.229937	10549	6250	958	43
58005	18004	0.270523	9558	7151	1295	43
58006	34039	0.272158	18080	13390	2569	43
58007	34039	0.270792	18208	13227	2604	43
58008	34039	0.269514	18121	13488	2430	43
58009	34039	0.268736	18199	13385	2455	43
58010	34039	0.268648	18203	13383	2453	43
58011	34039	0.270043	18214	13266	2559	43
58012	34039	0.270484	18140	13384	2515	43
58013	34039	0.270175	18108	13469	2462	43
58014	34039	0.27088	18062	13513	2464	43
58015	34039	0.269118	18216	13325	2498	43
58016	34039	0.273025	18015	13461	2563	43
58000	34039	0.160434	23992	9172	875	44
58001	34039	0.160566	23965	9217	857	44
58002	17397	0.179686	11709	5124	564	44
58003	17571	0.208782	10996	5813	762	44
58004	17606	0.2429	10089	6481	1036	44
58005	17981	0.284467	9220	7292	1469	44
58006	34039	0.286421	17342	13895	2802	44
58007	34039	0.283425	17429	13925	2685	44
58008	34039	0.282015	17502	13875	2662	44
58009	34039	0.284218	17472	13785	2782	44
58010	34039	0.279312	17690	13683	2666	44
58011	34039	0.280972	17593	13764	2682	44
58012	34039	0.280002	17674	13668	2697	44
58013	34039	0.277109	17795	13623	2621	44
58014	34039	0.273524	17944	13569	2526	44
58015	34039	0.27395	17950	13528	2561	44
58016	34039	0.273554	18065	13325	2649	44
58000	34039	0.160434	23992	9172	875	45
58001	34039	0.160096	24040	9099	900	45
58002	17394	0.182649	11620	5194	580	45
58003	17493	0.204682	11089	5647	757	45
58004	17834	0.235645	10441	6381	1012	45
58005	17929	0.274053	9449	7133	1347	45
58006	34039	0.272188	18040	13468	2531	45
58007	34039	0.271909	18077	13413	2549	45
58008	34039	0.273392	17996	13474	2569	45
58009	34039	0.271351	18016	13573	2450	45
58010	34039	0.271468	18073	13451	2515	45
58011	34039	0.268383	18252	13303	2484	45
58012	34039	0.268516	18278	13242	2519	45
58013	34039	0.269426	18164	13408	2467	45
58014	34039	0.26665	18345	13235	2459	45
58015	34039	0.265563	18385	13229	2425	45
58016	34039	0.265357	18411	13191	2437	45
58000	34039	0.160434	23992	9172	875	46
58001	34039	0.161006	23991	9135	913	46
58002	17476	0.185254	11632	5213	631	46
58003	17584	0.221053	10688	6018	878	46
58004	17666	0.257698	9772	6683	1211	46
58005	18173	0.308755	8687	7750	1736	46
58006	34039	0.309248	16140	14745	3154	46
58007	34039	0.311731	16103	14650	3286	46
58008	34039	0.308749	16217	14625	3197	46
58009	34039	0.308543	16227	14619	3193	46
58010	34039	0.309601	16277	14447	3315	46
58011	34039	0.310085	16127	14714	3198	46
58012	34039	0.313009	15975	14819	3245	46
58013	34039	0.314404	15972	14730	3337	46
58014	34039	0.317665	15874	14704	3461	46
58015	34039	0.315462	15937	14728	3374	46
58016	34039	0.313508	16085	14565	3389	46
58000	34039	0.160434	23992	9172	875	47
58001	34039	0.161477	23905	9275	859	47
58002	17404	0.182487	11636	5184	584	47
58003	17576	0.209177	11000	5799	777	47
58004	17710	0.237662	10258	6486	966	47
58005	18119	0.27852	9443	7259	1417	47
58006	34039	0.278533	17760	13596	2683	47
58007	34039	0.277858	17789	13584	2666	47
58008	34039	0.278005	17794	13564	2681	47
58009	34039	0.279591	17721	13602	2716	47
58010	34039	0.279562	17719	13608	2712	47
58011	34039	0.278431	17703	13717	2619	47
58012	34039	0.27633	17835	13596	2608	47
58013	34039	0.274626	17882	13618	2539	47
58014	34039	0.276859	17853	13524	2662	47
58015	34039	0.278372	17703	13721	2615	47
58016	34039	0.276536	17819	13614	2606	47
58000	34039	0.160434	23992	9172	875	48
58001	34039	0.159376	24083	9062	894	48
58002	17460	0.179553	11755	5140	565	48
58003	17503	0.205108	11049	5728	726	48
58004	17759	0.234839	10439	6299	1021	48
58005	17945	0.276484	9358	7251	1336	48
58006	34039	0.274244	17948	13512	2579	48
58007	34039	0.27539	17909	13512	2618	48
58008	34039	0.272305	18030	13480	2529	48
58009	34039	0.274406	17903	13591	2545	48
58010	34039	0.272952	17980	13536	2523	48
58011	34039	0.272056	18020	13517	2502	48
58012	34039	0.272834	18022	13460	2557	48
58013	34039	0.273054	17928	13633	2478	48
58014	34039	0.275581	17772	13773	2494	48
58015	34039	0.276712	17843	13554	2642	48
58016	34039	0.276036	17814	13658	2567	48
58000	34039	0.160434	23992	9172	875	49
58001	34039	0.160375	24003	9154	882	49
58002	17479	0.183048	11661	5237	581	49
58003	17522	0.206455	11070	5669	783	49
58004	17685	0.244133	10109	6517	1059	49
58005	17947	0.286705	9141	7321	1485	49
58006	34039	0.286789	17344	13866	2829	49
58007	34039	0.288302	17191	14069	2779	49
58008	34039	0.289932	17156	14028	2855	49
58009	34039	0.290476	17100	14103	2836	49
58010	34039	0.292958	17041	14052	2946	49
58011	34039	0.291284	17040	14168	2831	49
58012	34039	0.28861	17208	14014	2817	49
58013	34039	0.291151	17165	13927	2947	49
58014	34039	0.291284	17158	13932	2949	49
58015	34039	0.291386	17048	14145	2846	49
58016	34039	0.293604	16987	14116	2936	49
58000	34039	0.160434	23992	9172	875	50
58001	34039	0.15635	24233	8968	838	50
58002	17300	0.178092	11675	5088	537	50
58003	17528	0.200451	11244	5541	743	50
58004	17612	0.236288	10292	6317	1003	50
58005	17971	0.274553	9447	7180	1344	50
58006	34039	0.273363	17942	13584	2513	50
58007	34039	0.274009	17957	13510	2572	50
58008	34039	0.274465	17903	13587	2549	50
58009	34039	0.274685	17892	13594	2553	50
58010	34039	0.275698	17819	13671	2549	50
58011	34039	0.276345	17908	13449	2682	50
58012	34039	0.277432	17750	13691	2598	50
58013	34039	0.278504	17714	13690	2635	50
58014	34039	0.276051	17838	13609	2592	50
58015	34039	0.27658	17797	13655	2587	50
58016	34039	0.275537	17772	13776	2491	50
58000	34039	0.160434	23992	9172	875	51
58001	34039	0.163371	23820	9316	903	51
58002	17390	0.186803	11522	5239	629	51
58003	17619	0.21403	10890	5916	813	51
58004	17801	0.244733	10139	6611	1051	51
58005	18095	0.292125	9036	7546	1513	51
58006	34039	0.291474	17064	14107	2868	51
58007	34039	0.288316	17275	13900	2864	51
58008	34039	0.292517	16998	14168	2873	51
58009	34039	0.291004	17082	14103	2854	51
58010	34039	0.289594	17161	14041	2837	51
58011	34039	0.288977	17238	13929	2872	51
58012	34039	0.288507	17255	13927	2857	51
58013	34039	0.292899	17019	14100	2920	51
58014	34039	0.291989	17095	14010	2934	51
58015	34039	0.294236	16916	14215	2908	51
58016	34039	0.294354	16978	14083	2978	51
58000	34039	0.160434	23992	9172	875	52
58001	34039	0.159449	24078	9067	894	52
58002	17603	0.178549	11890	5140	573	52
58003	17653	0.203988	11173	5758	722	52
58004	17667	0.235099	10338	6351	978	52
58005	17803	0.279588	9203	7245	1355	52
58006	34039	0.27962	17723	13596	2720	52
58007	34039	0.279929	17617	13787	2635	52
58008	34039	0.278592	17764	13584	2691	52
58009	34039	0.279092	17699	13680	2660	52
58010	34039	0.276771	17778	13680	2581	52
58011	34039	0.278724	17685	13733	2621	52
58012	34039	0.280032	17646	13722	2671	52
58013	34039	0.281133	17574	13791	2674	52
58014	34039	0.278504	17741	13636	2662	52
58015	34039	0.281001	17596	13756	2687	52
58016	34039	0.282426	17514	13823	2702	52
58000	34039	0.160434	23992	9172	875	53
58001	34039	0.16086	23915	9297	827	53
58002	17426	0.179531	11735	5125	566	53
58003	17624	0.207189	11066	5813	745	53
58004	17682	0.240329	10210	6445	1027	53
58005	17943	0.278772	9291	7300	1352	53
58006	34039	0.28034	17661	13671	2707	53
58007	34039	0.279136	17606	13863	2570	53
58008	34039	0.280179	17641	13722	2676	53
58009	34039	0.279268	17652	13762	2625	53
58010	34039	0.280399	17582	13825	2632	53
58011	34039	0.280149	17650	13706	2683	53
58012	34039	0.282852	17510	13802	2727	53
58013	34039	0.283983	17400	13945	2694	53
58014	34039	0.282132	17516	13839	2684	53
58015	34039	0.282397	17532	13789	2718	53
58016	34039	0.283307	17487	13817	2735	53
58000	34039	0.160434	23992	9172	875	54
58001	34039	0.157834	24160	9013	866	54
58002	17356	0.18158	11628	5153	575	54
58003	17578	0.205513	11051	5829	698	54
58004	17790	0.237858	10325	6467	998	54
58005	18050	0.278698	9374	7291	1385	54
58006	34039	0.278651	17676	13756	2607	54
58007	34039	0.27893	17709	13671	2659	54
58008	34039	0.281648	17556	13792	2691	54
58009	34039	0.280355	17621	13750	2668	54
58010	34039	0.280502	17662	13658	2719	54
58011	34039	0.27965	17699	13642	2698	54
58012	34039	0.279767	17618	13796	2625	54
58013	34039	0.278666	17729	13649	2661	54
58014	34039	0.283337	17427	13935	2677	54
58015	34039	0.281339	17590	13745	2704	54
58016	34039	0.283836	17419	13917	2703	54
58000	34039	0.160434	23992	9172	875	55
58001	34039	0.160331	24027	9109	903	55
58002	17557	0.182406	11733	5243	581	55
58003	17701	0.208491	11109	5803	789	55
58004	17759	0.24382	10185	6488	1086	55
58005	17999	0.293516	9003	7426	1570	55
58006	34039	0.293178	17008	14103	2928	55
58007	34039	0.291783	17054	14106	2879	55
58008	34039	0.292033	17067	14063	2909	55
58009	34039	0.290916	17049	14175	2815	55
58010	34039	0.291225	17027	14198	2814	55
58011	34039	0.290872	17160	13956	2923	55
58012	34039	0.291886	17075	14057	2907	55
58013	34039	0.291783	17026	14162	2851	55
58014	34039	0.29334	17013	14082	2944	55
58015	34039	0.29666	16866	14150	3023	55
58016	34039	0.295734	16885	14175	2979	55
58000	34039	0.160434	23992	9172	875	56
58001	34039	0.160463	23984	9186	869	56
58002	17520	0.181507	11735	5210	575	56
58003	17688	0.206298	11143	5792	753	56
58004	17713	0.238977	10251	6458	1004	56
58005	17952	0.278493	9300	7305	1347	56
58006	34039	0.282235	17505	13854	2680	56
58007	34039	0.278254	17775	13585	2679	56
58008	34039	0.278813	17722	13653	2664	56
58009	34039	0.276286	17910	13449	2680	56
58010	34039	0.276286	17848	13573	2618	56
58011	34039	0.277314	17754	13691	2594	56
58012	34039	0.274891	17874	13616	2549	56
58013	34039	0.277344	17753	13691	2595	56
58014	34039	0.278034	17756	13638	2645	56
58015	34039	0.279767	17666	13700	2673	56
58016	34039	0.280561	17621	13736	2682	56
58000	34039	0.160434	23992	9172	875	57
58001	34039	0.157672	24195	8954	890	57
58002	17504	0.178102	11817	5139	548	57
58003	17760	0.201126	11335	5706	719	57
58004	17731	0.232079	10416	6400	915	57
58005	18117	0.269609	9683	7099	1335	57
58006	34039	0.269793	18191	13329	2519	57
58007	34039	0.270425	18126	13416	2497	57
58008	34039	0.269984	18178	13342	2519	57
58009	34039	0.267032	18319	13261	2459	57
58010	34039	0.26596	18327	13318	2394	57
58011	34039	0.267531	18265	13335	2439	57
58012	34039	0.265122	18392	13245	2402	57
58013	34039	0.265901	18338	13300	2401	57
58014	34039	0.264241	18444	13201	2394	57
58015	34039	0.265827	18390	13201	2448	57
58016	34039	0.265813	18375	13232	2432	57
58000	34039	0.160434	23992	9172	875	58
58001	34039	0.159949	24039	9111	889	58
58002	17503	0.181426	11730	5195	578	58
58003	17743	0.204982	11188	5836	719	58
58004	17856	0.236083	10391	6499	966	58
58005	18118	0.273099	9548	7244	1326	58
58006	34039	0.273289	18020	13433	2586	58
58007	34039	0.274097	17935	13548	2556	58
58008	34039	0.274347	17916	13569	2554	58
58009	34039	0.277123	17799	13614	2626	58
58010	34039	0.277432	17794	13603	2642	58
58011	34039	0.276095	17842	13598	2599	58
58012	34039	0.275155	17920	13506	2613	58
58013	34039	0.27398	17957	13512	2570	58
58014	34039	0.273539	18033	13390	2616	58
58015	34039	0.273128	17955	13574	2510	58
58016	34039	0.2721	18083	13388	2568	58
58000	34039	0.160434	23992	9172	875	59
58001	34039	0.159831	24007	9183	849	59
58002	17451	0.181651	11673	5216	562	59
58003	17590	0.21029	10951	5880	759	59
58004	17676	0.241712	10167	6473	1036	59
58005	18270	0.283799	9342	7486	1442	59
58006	34039	0.285393	17333	13983	2723	59
58007	34039	0.283792	17505	13748	2786	59
58008	34039	0.283821	17399	13958	2682	59
58009	34039	0.286186	17269	14057	2713	59
58010	34039	0.285496	17364	13914	2761	59
58011	34039	0.283146	17532	13738	2769	59
58012	34039	0.282896	17562	13695	2782	59
58013	34039	0.284703	17428	13840	2771	59
58014	34039	0.284982	17367	13943	2729	59
58015	34039	0.282705	17543	13746	2750	59
58016	34039	0.282499	17485	13876	2678	59
58000	34039	0.160434	23992	9172	875	60
58001	34039	0.159934	24033	9124	882	60
58002	17619	0.180203	11851	5186	582	60
58003	17689	0.210046	11040	5867	782	60
58004	17637	0.245648	9996	6617	1024	60
58005	18035	0.286998	9182	7354	1499	60
58006	34039	0.290769	17094	14095	2850	60
58007	34039	0.288713	17205	14013	2821	60
58008	34039	0.285041	17344	13985	2710	60
58009	34039	0.285922	17313	13987	2739	60
58010	34039	0.28648	17375	13825	2839	60
58011	34039	0.285129	17365	13937	2737	60
58012	34039	0.283337	17517	13755	2767	60
58013	34039	0.284659	17340	14019	2680	60
58014	34039	0.282397	17550	13753	2736	60
58015	34039	0.282999	17528	13756	2755	60
58016	34039	0.281648	17515	13874	2650	60
58000	34039	0.160434	23992	9172	875	61
58001	34039	0.16011	24011	9156	872	61
58002	17379	0.181972	11629	5175	575	61
58003	17746	0.207991	11138	5834	774	61
58004	17755	0.24058	10217	6533	1005	61
58005	17995	0.281189	9292	7286	1417	61
58006	34039	0.283719	17470	13823	2746	61
58007	34039	0.286333	17318	13949	2772	61
58008	34039	0.284438	17402	13910	2727	61
58009	34039	0.28482	17416	13856	2767	61
58010	34039	0.286231	17373	13846	2820	61
58011	34039	0.287332	17348	13821	2870	61
58012	34039	0.285937	17412	13788	2839	61
58013	34039	0.280311	17603	13789	2647	61
58014	34039	0.278871	17689	13715	2635	61
58015	34039	0.277858	17753	13656	2630	61
58016	34039	0.277491	17744	13699	2596	61
58000	34039	0.160434	23992	9172	875	62
58001	34039	0.162402	23863	9296	880	62
58002	17420	0.182951	11621	5224	575	62
58003	17517	0.207541	10992	5779	746	62
58004	17639	0.236408	10337	6264	1038	62
58005	18036	0.27933	9386	7224	1426	62
58006	34039	0.279003	17692	13700	2647	62
58007	34039	0.274626	17923	13536	2580	62
58008	34039	0.27398	17956	13514	2569	62
58009	34039	0.274611	17902	13579	2558	62
58010	34039	0.275302	17897	13542	2600	62
58011	34039	0.273936	17937	13555	2547	62
58012	34039	0.278974	17674	13738	2627	62
58013	34039	0.278093	17691	13764	2584	62
58014	34039	0.280267	17575	13848	2616	62
58015	34039	0.281706	17591	13718	2730	62
58016	34039	0.284292	17481	13762	2796	62
58000	34039	0.160434	23992	9172	875	63
58001	34039	0.160169	24013	9148	878	63
58002	17425	0.184247	11570	5289	566	63
58003	17421	0.210091	10872	5778	771	63
58004	17721	0.248293	9969	6704	1048	63
58005	18132	0.289075	9163	7455	1514	63
58006	34039	0.289183	17224	13943	2872	63
58007	34039	0.287964	17275	13924	2840	63
58008	34039	0.288404	17237	13970	2832	63
58009	34039	0.290094	17144	14041	2854	63
58010	34039	0.289682	17188	13981	2870	63
58011	34039	0.290226	17190	13940	2909	63
58012	34039	0.292811	17004	14136	2899	63
58013	34039	0.290314	17207	13900	2932	63
58014	34039	0.290387	17150	14009	2880	63
58015	34039	0.290828	17152	13975	2912	63
58016	34039	0.292738	17040	14069	2930	63
58000	34039	0.160434	23992	9172	875	64
58001	34039	0.162005	23868	9313	858	64
58002	17496	0.183642	11640	5286	570	64
58003	17570	0.210729	10957	5821	792	64
58004	17771	0.244528	10125	6601	1045	64
58005	18224	0.287917	9255	7444	1525	64
58006	34039	0.285893	17363	13889	2787	64
58007	34039	0.287817	17304	13876	2859	64
58008	34039	0.286025	17320	13966	2753	64
58009	34039	0.29049	17134	14034	2871	64
58010	34039	0.291533	17095	14041	2903	64
58011	34039	0.293766	16987	14105	2947	64
58012	34039	0.292635	17068	14020	2951	64
58013	34039	0.290197	17100	14122	2817	64
58014	34039	0.289859	17199	13947	2893	64
58015	34039	0.290696	17160	13968	2911	64
58016	34039	0.290593	17039	14217	2783	64
58000	34039	0.160434	23992	9172	875	65
58001	34039	0.160581	23984	9178	877	65
58002	17219	0.183112	11458	5216	545	65
58003	17631	0.211304	10953	5905	773	65
58004	17753	0.240945	10225	6501	1027	65
58005	17947	0.286371	9097	7421	1429	65
58006	34039	0.286524	17301	13970	2768	65
58007	34039	0.288346	17224	14000	2815	65
58008	34039	0.288052	17218	14032	2789	65
58009	34039	0.28836	17245	13957	2837	65
58010	34039	0.286568	17309	13951	2779	65
58011	34039	0.285217	17382	13897	2760	65
58012	34039	0.283557	17503	13768	2768	65
58013	34039	0.283704	17455	13854	2730	65
58014	34039	0.284012	17502	13739	2798	65
58015	34039	0.285849	17360	13898	2781	65
58016	34039	0.289403	17110	14156	2773	65
58000	34039	0.160434	23992	9172	875	66
58001	34039	0.161991	23922	9206	911	66
58002	17463	0.180983	11696	5213	554	66
58003	17632	0.206585	11092	5795	745	66
58004	17545	0.237276	10196	6372	977	66
58005	18039	0.278425	9397	7239	1403	66
58006	34039	0.277755	17713	13743	2583	66
58007	34039	0.276183	17825	13626	2588	66
58008	34039	0.275419	17904	13520	2615	66
58009	34039	0.274215	17990	13430	2619	66
58010	34039	0.274127	17954	13508	2577	66
58011	34039	0.272996	17952	13589	2498	66
58012	34039	0.271101	18125	13372	2542	66
58013	34039	0.271277	18062	13486	2491	66
58014	34039	0.2716	18045	13498	2496	66
58015	34039	0.272202	17996	13555	2488	66
58016	34039	0.272673	17972	13571	2496	66
58000	34039	0.160434	23992	9172	875	67
58001	34039	0.160933	23959	9204	876	67
58002	17476	0.179847	11752	5162	562	67
58003	17626	0.203903	11172	5720	734	67
58004	17738	0.232467	10454	6321	963	67
58005	17958	0.273833	9492	7097	1369	67
58006	34039	0.276301	17827	13614	2598	67
58007	34039	0.276536	17799	13654	2586	67
58008	34039	0.27467	17869	13641	2529	67
58009	34039	0.273642	17928	13593	2518	67
58010	34039	0.270836	18142	13356	2541	67
58011	34039	0.270425	18128	13412	2499	67
58012	34039	0.270337	18092	13490	2457	67
58013	34039	0.268604	18225	13342	2472	67
58014	34039	0.270763	18125	13395	2519	67
58015	34039	0.26994	18061	13579	2399	67
58016	34039	0.270822	18096	13449	2494	67
58000	34039	0.160434	23992	9172	875	68
58001	34039	0.160243	23966	9237	836	68
58002	17466	0.179119	11763	5149	554	68
58003	17496	0.203904	11062	5733	701	68
58004	17734	0.231927	10462	6318	954	68
58005	17838	0.264996	9663	6896	1279	68
58006	34039	0.263874	18422	13270	2347	68
58007	34039	0.262243	18483	13259	2297	68
58008	34039	0.2612	18547	13202	2290	68
58009	34039	0.257014	18750	13081	2208	68
58010	34039	0.255868	18816	13027	2196	68
58011	34039	0.257205	18809	12950	2280	68
58012	34039	0.256794	18863	12870	2306	68
58013	34039	0.256897	18785	13019	2235	68
58014	34039	0.255002	18896	12926	2217	68
58015	34039	0.255251	18824	13053	2162	68
58016	34039	0.255883	18815	13028	2196	68
58000	34039	0.160434	23992	9172	875	69
58001	34039	0.16318	23798	9373	868	69
58002	17582	0.184649	11705	5261	616	69
58003	17549	0.214286	10832	5913	804	69
58004	17939	0.248983	10118	6709	1112	69
58005	18152	0.294348	9038	7542	1572	69
58006	34039	0.293546	16990	14114	2935	69
58007	34039	0.293178	16959	14201	2879	69
58008	34039	0.292503	17023	14119	2897	69
58009	34039	0.289991	17164	14008	2867	69
58010	34039	0.289374	17221	13936	2882	69
58011	34039	0.289418	17158	14059	2822	69
58012	34039	0.291592	17007	14213	2819	69
58013	34039	0.290387	17139	14031	2869	69
58014	34039	0.291827	17097	14017	2925	69
58015	34039	0.287082	17276	13982	2781	69
58016	34039	0.288845	17195	14024	2820	69
58000	34039	0.160434	23992	9172	875	70
58001	34039	0.160727	23950	9236	853	70
58002	17502	0.176723	11881	5056	565	70
58003	17688	0.203697	11181	5808	699	70
58004	17699	0.234279	10393	6319	987	70
58005	17950	0.27156	9476	7199	1275	70
58006	34039	0.269838	18184	13340	2515	70
58007	34039	0.267957	18182	13472	2385	70
58008	34039	0.267355	18242	13393	2404	70
58009	34039	0.268516	18203	13392	2444	70
58010	34039	0.271395	18114	13374	2551	70
58011	34039	0.272276	18066	13410	2563	70
58012	34039	0.273804	17941	13556	2542	70
58013	34039	0.274553	17916	13555	2568	70
58014	34039	0.27301	17959	13574	2506	70
58015	34039	0.270572	18120	13418	2501	70
58016	34039	0.269808	18173	13364	2502	70
58000	34039	0.160434	23992	9172	875	71
58001	34039	0.159376	24063	9102	874	71
58002	17372	0.184003	11556	5239	577	71
58003	17462	0.209541	10883	5840	739	71
58004	17721	0.240844	10209	6488	1024	71
58005	18120	0.279415	9428	7258	1434	71
58006	34039	0.27774	17684	13802	2553	71
58007	34039	0.277623	17801	13576	2662	71
58008	34039	0.275449	17808	13710	2521	71
58009	34039	0.274582	17841	13703	2495	71
58010	34039	0.275508	17811	13700	2528	71
58011	34039	0.273524	17980	13497	2562	71
58012	34039	0.275067	17892	13568	2579	71
58013	34039	0.276301	17823	13622	2594	71
58014	34039	0.274097	17887	13644	2508	71
58015	34039	0.274597	17908	13568	2563	71
58016	34039	0.276506	17789	13676	2574	71
58000	34039	0.160434	23992	9172	875	72
58001	34039	0.159611	24043	9126	870	72
58002	17423	0.179131	11751	5102	570	72
58003	17645	0.203882	11214	5667	764	72
58004	17744	0.236221	10403	6299	1042	72
58005	18237	0.28338	9370	7398	1469	72
58006	34039	0.282382	17513	13828	2698	72
58007	34039	0.284189	17474	13783	2782	72
58008	34039	0.282764	17518	13792	2729	72
58009	34039	0.282558	17537	13768	2734	72
58010	34039	0.282779	17543	13741	2755	72
58011	34039	0.281618	17521	13864	2654	72
58012	34039	0.281618	17557	13792	2690	72
58013	34039	0.282646	17515	13806	2718	72
58014	34039	0.283513	17468	13841	2730	72
58015	34039	0.285614	17365	13904	2770	72
58016	34039	0.287391	17272	13969	2798	72
58000	34039	0.160434	23992	9172	875	73
58001	34039	0.160683	23984	9171	884	73
58002	17520	0.182049	11718	5225	577	73
58003	17586	0.209456	10984	5837	765	73
58004	17720	0.242635	10207	6427	1086	73
58005	18079	0.289286	9169	7360	1550	73
58006	34039	0.286436	17364	13850	2825	73
58007	34039	0.286392	17346	13889	2804	73
58008	34039	0.289359	17197	13985	2857	73
58009	34039	0.287376	17334	13846	2859	73
58010	34039	0.285628	17348	13937	2754	73
58011	34039	0.285937	17336	13940	2763	73
58012	34039	0.287171	17316	13896	2827	73
58013	34039	0.285452	17349	13947	2743	73
58014	34039	0.285202	17456	13750	2833	73
58015	34039	0.28222	17507	13851	2681	73
58016	34039	0.281618	17630	13646	2763	73
58000	34039	0.160434	23992	9172	875	74
58001	34039	0.163048	23864	9250	925	74
58002	17454	0.185258	11600	5241	613	74
58003	17719	0.214177	10945	5958	816	74
58004	17911	0.24591	10205	6603	1103	74
58005	18002	0.287496	9115	7423	1464	74
58006	34039	0.289315	17138	14106	2795	74
58007	34039	0.289536	17191	13985	2863	74
58008	34039	0.288684	17232	13961	2846	74
58009	34039	0.287362	17251	14013	2775	74
58010	34039	0.284394	17481	13755	2803	74
58011	34039	0.28366	17479	13809	2751	74
58012	34039	0.284101	17464	13809	2766	74
58013	34039	0.282206	17532	13802	2705	74
58014	34039	0.282529	17489	13866	2684	74
58015	34039	0.283175	17572	13656	2811	74
58016	34039	0.281677	17525	13852	2662	74
58000	34039	0.160434	23992	9172	875	75
58001	34039	0.16318	23858	9253	928	75
58002	17436	0.183958	11607	5243	586	75
58003	17412	0.206811	10945	5732	735	75
58004	17785	0.23919	10319	6424	1042	75
58005	18179	0.281781	9381	7351	1447	75
58006	34039	0.281324	17544	13838	2657	75
58007	34039	0.280281	17651	13695	2693	75
58008	34039	0.280575	17593	13791	2655	75
58009	34039	0.280208	17604	13794	2641	75
58010	34039	0.279444	17673	13708	2658	75
58011	34039	0.279562	17694	13658	2687	75
58012	34039	0.277549	17799	13585	2655	75
58013	34039	0.276007	17833	13622	2584	75
58014	34039	0.27633	17868	13530	2641	75
58015	34039	0.275772	17894	13516	2629	75
58016	34039	0.273789	17951	13537	2551	75
58000	34039	0.160434	23992	9172	875	76
58001	34039	0.162284	23850	9330	859	76
58002	17407	0.183662	11632	5156	619	76
58003	17695	0.21102	11007	5908	780	76
58004	17741	0.242912	10160	6543	1038	76
58005	18064	0.279811	9333	7353	1378	76
58006	34039	0.279782	17606	13819	2614	76
58007	34039	0.27918	17668	13736	2635	76
58008	34039	0.280634	17666	13641	2732	76
58009	34039	0.281559	17579	13752	2708	76
58010	34039	0.280502	17625	13732	2682	76
58011	34039	0.278886	17714	13664	2661	76
58012	34039	0.276374	17824	13615	2600	76
58013	34039	0.275258	17932	13475	2632	76
58014	34039	0.276448	17818	13622	2599	76
58015	34039	0.274097	17895	13628	2516	76
58016	34039	0.273569	17983	13488	2568	76
58000	34039	0.160434	23992	9172	875	77
58001	34039	0.15801	24122	9077	840	77
58002	17514	0.179428	11799	5145	570	77
58003	17525	0.206305	11067	5685	773	77
58004	17727	0.24034	10207	6519	1001	77
58005	18013	0.282379	9295	7263	1455	77
58006	34039	0.282294	17541	13778	2720	77
58007	34039	0.281427	17650	13619	2770	77
58008	34039	0.278651	17756	13596	2687	77
58009	34039	0.278313	17780	13571	2688	77
58010	34039	0.280693	17608	13753	2678	77
58011	34039	0.283498	17464	13850	2725	77
58012	34039	0.284218	17474	13781	2784	77
58013	34039	0.285085	17353	13964	2722	77
58014	34039	0.288963	17238	13930	2871	77
58015	34039	0.288522	17227	13982	2830	77
58016	34039	0.288845	17171	14072	2796	77
58000	34039	0.160434	23992	9172	875	78
58001	34039	0.159978	24029	9129	881	78
58002	17551	0.18244	11701	5296	554	78
58003	17628	0.212616	10967	5826	835	78
58004	17875	0.248895	10099	6654	1122	78
58005	17981	0.292753	9013	7408	1560	78
58006	34039	0.294735	16960	14093	2986	78
58007	34039	0.295764	16849	14245	2945	78
58008	34039	0.298437	16659	14443	2937	78
58009	34039	0.298026	16849	14091	3099	78
58010	34039	0.298555	16802	14149	3088	78
58011	34039	0.297864	16792	14216	3031	78
58012	34039	0.298672	16767	14211	3061	78
58013	34039	0.298584	16760	14231	3048	78
58014	34039	0.298981	16777	14170	3092	78
58015	34039	0.300273	16663	14310	3066	78
58016	34039	0.301301	16589	14388	3062	78
58000	34039	0.160434	23992	9172	875	79
58001	34039	0.161065	23926	9261	852	79
58002	17544	0.183966	11666	5301	577	79
58003	17671	0.209496	11037	5864	770	79
58004	17707	0.239651	10233	6461	1013	79
58005	18053	0.27807	9426	7214	1413	79
58006	34039	0.280443	17578	13830	2631	79
58007	34039	0.279914	17701	13620	2718	79
58008	34039	0.27987	17710	13605	2724	79
58009	34039	0.278915	17708	13674	2657	79
58010	34039	0.277652	17761	13654	2624	79
58011	34039	0.278592	17743	13626	2670	79
58012	34039	0.280179	17660	13684	2695	79
58013	34039	0.280311	17643	13709	2687	79
58014	34039	0.280546	17637	13705	2697	79
58015	34039	0.282294	17471	13918	2650	79
58016	34039	0.284541	17355	13997	2687	79
58000	34039	0.160434	23992	9172	875	80
58001	34039	0.161667	23915	9242	882	80
58002	17413	0.180095	11694	5166	553	80
58003	17796	0.203922	11254	5826	716	80
58004	17864	0.23427	10460	6438	966	80
58005	17982	0.271883	9551	7084	1347	80
58006	34039	0.269911	18113	13477	2449	80
58007	34039	0.272202	18025	13497	2517	80
58008	34039	0.270175	18180	13325	2534	80
58009	34039	0.269588	18189	13347	2503	80
58010	34039	0.270264	18088	13503	2448	80
58011	34039	0.269294	18141	13463	2435	80
58012	34039	0.267502	18270	13327	2442	80
58013	34039	0.267781	18280	13288	2471	80
58014	34039	0.265225	18385	13252	2402	80
58015	34039	0.267223	18298	13290	2451	80
58016	34039	0.266268	18368	13215	2456	80
58000	34039	0.160434	23992	9172	875	81
58001	34039	0.161065	23939	9235	865	81
58002	17390	0.184675	11566	5225	599	81
58003	17579	0.211701	10920	5875	784	81
58004	17925	0.246192	10178	6668	1079	81
58005	18015	0.292173	8997	7509	1509	81
58006	34039	0.290123	17201	13925	2913	81
58007	34039	0.290358	17143	14025	2871	81
58008	34039	0.290828	17065	14149	2825	81
58009	34039	0.290035	17141	14051	2847	81
58010	34039	0.291871	17097	14014	2928	81
58011	34039	0.297027	16815	14227	2997	81
58012	34039	0.297379	16798	14237	3004	81
58013	34039	0.298613	16758	14233	3048	81
58014	34039	0.298569	16743	14266	3030	81
58015	34039	0.298981	16754	14216	3069	81
58016	34039	0.298569	16771	14210	3058	81
58000	34039	0.160434	23992	9172	875	82
58001	34039	0.160199	23955	9262	822	82
58002	17500	0.181429	11700	5250	550	82
58003	17781	0.205275	11221	5820	740	82
58004	17636	0.237214	10246	6413	977	82
58005	18057	0.273467	9486	7266	1305	82
58006	34039	0.27564	17883	13547	2609	82
58007	34039	0.276888	17809	13610	2620	82
58008	34039	0.279811	17676	13677	2686	82
58009	34039	0.278269	17721	13692	2626	82
58010	34039	0.277872	17705	13751	2583	82
58011	34039	0.276227	17827	13619	2593	82
58012	34039	0.275816	17860	13581	2598	82
58013	34039	0.275581	17908	13501	2630	82
58014	34039	0.273334	17960	13550	2529	82
58015	34039	0.276022	17867	13553	2619	82
58016	34039	0.275317	17818	13699	2522	82
58000	34039	0.160434	23992	9172	875	83
58001	34039	0.159479	24026	9169	844	83
58002	17439	0.178164	11811	5042	586	83
58003	17549	0.205966	11069	5731	749	83
58004	17716	0.243537	10152	6499	1065	83
58005	18082	0.286003	9230	7361	1491	83
58006	34039	0.28438	17456	13806	2777	83
58007	34039	0.286304	17360	13867	2812	83
58008	34039	0.285349	17433	13786	2820	83
58009	34039	0.28222	17478	13909	2652	83
58010	34039	0.282029	17542	13794	2703	83
58011	34039	0.279753	17698	13637	2704	83
58012	34039	0.279944	17634	13752	2653	83
58013	34039	0.281706	17610	13680	2749	83
58014	34039	0.279106	17657	13763	2619	83
58015	34039	0.279062	17668	13744	2627	83
58016	34039	0.278827	17712	13672	2655	83
58000	34039	0.160434	23992	9172	875	84
58001	34039	0.160287	23978	9210	851	84
58002	17471	0.181215	11712	5186	573	84
58003	17564	0.206502	11038	5798	728	84
58004	17696	0.234149	10352	6401	943	84
58005	17977	0.269594	9558	7145	1274	84
58006	34039	0.270234	18156	13369	2514	84
58007	34039	0.270822	18011	13619	2409	84
58008	34039	0.273569	18000	13454	2585	84
58009	34039	0.272746	17956	13598	2485	84
58010	34039	0.273054	17968	13553	2518	84
58011	34039	0.277814	17792	13581	2666	84
58012	34039	0.279209	17638	13794	2607	84
58013	34039	0.279562	17623	13800	2616	84
58014	34039	0.279077	17669	13741	2629	84
58015	34039	0.281736	17627	13644	2768	84
58016	34039	0.280105	17663	13683	2693	84
58000	34039	0.160434	23992	9172	875	85
58001	34039	0.161168	23906	9294	839	85
58002	17481	0.183399	11644	5262	575	85
58003	17699	0.207724	11086	5873	740	85
58004	17729	0.239579	10271	6421	1037	85
58005	18154	0.278864	9426	7331	1397	85
58006	34039	0.281985	17541	13799	2699	85
58007	34039	0.281824	17530	13832	2677	85
58008	34039	0.285496	17392	13858	2789	85
58009	34039	0.282029	17536	13806	2697	85
58010	34039	0.283939	17481	13786	2772	85
58011	34039	0.285966	17300	14010	2729	85
58012	34039	0.289315	17209	13964	2866	85
58013	34039	0.290681	17127	14035	2877	85
58014	34039	0.289095	17204	13989	2846	85
58015	34039	0.288522	17228	13980	2831	85
58016	34039	0.287905	17187	14104	2748	85
58000	34039	0.160434	23992	9172	875	86
58001	34039	0.161212	23992	9119	928	86
58002	17378	0.18322	11608	5172	598	86
58003	17716	0.210629	11028	5913	775	86
58004	17842	0.243863	10214	6554	1074	86
58005	17956	0.286367	9130	7368	1458	86
58006	34039	0.285393	17432	13785	2822	86
58007	34039	0.28864	17191	14046	2802	86
58008	34039	0.287861	17306	13869	2864	86
58009	34039	0.291063	17096	14071	2872	86
58010	34039	0.292973	17061	14011	2967	86
58011	34039	0.296939	16768	14327	2944	86
58012	34039	0.297864	16757	14286	2996	86
58013	34039	0.297923	16833	14130	3076	86
58014	34039	0.298981	16715	14294	3030	86
58015	34039	0.299509	16642	14404	2993	86
58016	34039	0.301478	16641	14272	3126	86
58000	34039	0.160434	23992	9172	875	87
58001	34039	0.15823	24150	9006	883	87
58002	17402	0.181301	11679	5136	587	87
58003	17518	0.208871	10980	5758	780	87
58004	17778	0.246288	10090	6619	1069	87
58005	18035	0.286914	9160	7401	1474	87
58006	34039	0.28601	17337	13933	2769	87
58007	34039	0.28789	17285	13909	2845	87
58008	34039	0.287876	17220	14040	2779	87
58009	34039	0.288786	17138	14142	2759	87
58010	34039	0.289095	17166	14065	2808	87
58011	34039	0.288904	17194	14022	2823	87
58012	34039	0.288698	17319	13786	2934	87
58013	34039	0.288081	17234	13998	2807	87
58014	34039	0.288243	17185	14085	2769	87
58015	34039	0.289756	17098	14156	2785	87
58016	34039	0.288816	17212	13992	2835	87
58000	34039	0.160434	23992	9172	875	88
58001	34039	0.16086	23989	9149	901	88
58002	17492	0.180883	11720	5216	556	88
58003	17572	0.206266	11074	5747	751	88
58004	17942	0.236317	10425	6554	963	88
58005	18026	0.274659	9517	7116	1393	88
58006	34039	0.271923	18007	13552	2480	88
58007	34039	0.273378	17990	13487	2562	88
58008	34039	0.273833	17924	13588	2527	88
58009	34039	0.274171	17906	13601	2532	88
58010	34039	0.274788	17916	13539	2584	88
58011	34039	0.277109	17832	13549	2658	88
58012	34039	0.276036	17826	13634	2579	88
58013	34039	0.27752	17794	13597	2648	88
58014	34039	0.27727	17785	13632	2622	88
58015	34039	0.279341	17653	13755	2631	88
58016	34039	0.28413	17463	13809	2767	88
58000	34039	0.160434	23992	9172	875	89
58001	34039	0.15779	24112	9112	815	89
58002	17337	0.173502	11840	4978	519	89
58003	17563	0.197802	11302	5574	687	89
58004	17702	0.229324	10487	6311	904	89
58005	17956	0.265594	9715	6944	1297	89
58006	34039	0.266929	18239	13428	2372	89
58007	34039	0.268457	18188	13426	2425	89
58008	34039	0.264829	18370	13309	2360	89
58009	34039	0.263374	18430	13288	2321	89
58010	34039	0.265548	18390	13220	2429	89
58011	34039	0.266062	18340	13285	2414	89
58012	34039	0.26311	18429	13308	2302	89
58013	34039	0.26358	18449	13236	2354	89
58014	34039	0.262082	18516	13204	2319	89
58015	34039	0.261935	18532	13182	2325	89
58016	34039	0.262185	18555	13119	2365	89
58000	34039	0.160434	23992	9172	875	90
58001	34039	0.164077	23791	9326	922	90
58002	17432	0.187041	11532	5279	621	90
58003	17647	0.211339	10970	5895	782	90
58004	17632	0.243251	10084	6518	1030	90
58005	17954	0.288487	9059	7431	1464	90
58006	34039	0.287773	17241	14005	2793	90
58007	34039	0.285188	17452	13759	2828	90
58008	34039	0.286833	17374	13803	2862	90
58009	34039	0.286818	17283	13986	2770	90
58010	34039	0.286774	17377	13801	2861	90
58011	34039	0.285011	17398	13879	2762	90
58012	34039	0.283601	17537	13697	2805	90
58013	34039	0.285716	17318	13991	2730	90
58014	34039	0.284189	17468	13795	2776	90
58015	34039	0.285099	17385	13899	2755	90
58016	34039	0.285834	17327	13965	2747	90
58000	34039	0.160434	23992	9172	875	91
58001	34039	0.159508	24034	9151	854	91
58002	17348	0.179243	11701	5075	572	91
58003	17576	0.204882	11117	5716	743	91
58004	17589	0.237649	10215	6388	986	91
58005	18030	0.276595	9433	7220	1377	91
58006	34039	0.274479	17965	13462	2612	91
58007	34039	0.27492	17941	13480	2618	91
58008	34039	0.274582	17869	13647	2523	91
58009	34039	0.27467	17926	13527	2586	91
58010	34039	0.273128	17954	13576	2509	91
58011	34039	0.274817	17869	13631	2539	91
58012	34039	0.275845	17774	13751	2514	91
58013	34039	0.275346	17890	13553	2596	91
58014	34039	0.271718	18073	13434	2532	91
58015	34039	0.272217	18024	13498	2517	91
58016	34039	0.271718	18068	13444	2527	91
58000	34039	0.160434	23992	9172	875	92
58001	34039	0.15967	24055	9098	886	92
58002	17457	0.180443	11737	5140	580	92
58003	17609	0.208189	11047	5792	770	92
58004	17822	0.24509	10162	6584	1076	92
58005	18105	0.288429	9155	7456	1494	92
58006	34039	0.289359	17184	14011	2844	92
58007	34039	0.288419	17270	13903	2866	92
58008	34039	0.289873	17170	14004	2865	92
58009	34039	0.291195	17142	13970	2927	92
58010	34039	0.291137	17165	13928	2946	92
58011	34039	0.290152	17086	14153	2800	92
58012	34039	0.289007	17185	14033	2821	92
58013	34039	0.288067	17292	13883	2864	92
58014	34039	0.288566	17188	14057	2794	92
58015	34039	0.28742	17328	13855	2856	92
58016	34039	0.285643	17356	13920	2763	92
58000	34039	0.160434	23992	9172	875	93
58001	34039	0.15942	24084	9057	898	93
58002	17327	0.180383	11660	5083	584	93
58003	17558	0.206316	11037	5797	724	93
58004	17749	0.24069	10222	6510	1017	93
58005	17940	0.280379	9260	7300	1380	93
58006	34039	0.27918	17636	13800	2603	93
58007	34039	0.27564	17851	13611	2577	93
58008	34039	0.275184	17984	13376	2679	93
58009	34039	0.2794	17608	13841	2590	93
58010	34039	0.277726	17767	13637	2635	93
58011	34039	0.281648	17557	13790	2692	93
58012	34039	0.282867	17523	13775	2741	93
58013	34039	0.28153	17526	13860	2653	93
58014	34039	0.281045	17622	13701	2716	93
58015	34039	0.283719	17492	13779	2768	93
58016	34039	0.282984	17524	13765	2750	93
58000	34039	0.160434	23992	9172	875	94
58001	34039	0.160727	23996	9144	899	94
58002	17315	0.18097	11654	5055	606	94
58003	17445	0.208111	10959	5711	775	94
58004	17626	0.23922	10232	6355	1039	94
58005	18040	0.280931	9314	7316	1410	94
58006	34039	0.280164	17641	13723	2675	94
58007	34039	0.277946	17739	13678	2622	94
58008	34039	0.279033	17760	13562	2717	94
58009	34039	0.279194	17663	13745	2631	94
58010	34039	0.279312	17635	13793	2611	94
58011	34039	0.278093	17785	13576	2678	94
58012	34039	0.277211	17843	13520	2676	94
58013	34039	0.276785	17755	13725	2559	94
58014	34039	0.27655	17759	13733	2547	94
58015	34039	0.27683	17829	13574	2636	94
58016	34039	0.276359	17805	13654	2580	94
58000	34039	0.160434	23992	9172	875	95
58001	34039	0.161139	23971	9166	902	95
58002	17432	0.182509	11645	5211	576	95
58003	17502	0.211776	10886	5819	797	95
58004	17660	0.244422	10125	6437	1098	95
58005	17859	0.285514	9079	7362	1418	95
58006	34039	0.288845	17233	13948	2858	95
58007	34039	0.285555	17415	13808	2816	95
58008	34039	0.283719	17533	13697	2809	95
58009	34039	0.284409	17463	13790	2786	95
58010	34039	0.285261	17373	13912	2754	95
58011	34039	0.285951	17364	13883	2792	95
58012	34039	0.287171	17344	13840	2855	95
58013	34039	0.289991	17117	14102	2820	95
58014	34039	0.289301	17221	13941	2877	95
58015	34039	0.288302	17143	14165	2731	95
58016	34039	0.290534	17179	13941	2919	95
58000	34039	0.160434	23992	9172	875	96
58001	34039	0.161418	23886	9317	836	96
58002	17628	0.183458	11717	5354	557	96
58003	17507	0.210487	10934	5776	797	96
58004	17866	0.243871	10211	6596	1059	96
58005	18050	0.288255	9134	7426	1490	96
58006	34039	0.28695	17320	13903	2816	96
58007	34039	0.28695	17313	13917	2809	96
58008	34039	0.286715	17329	13901	2809	96
58009	34039	0.285907	17327	13960	2752	96
58010	34039	0.285614	17364	13906	2769	96
58011	34039	0.286686	17341	13879	2819	96
58012	34039	0.285232	17347	13966	2726	96
58013	34039	0.282367	17547	13761	2731	96
58014	34039	0.282162	17501	13867	2671	96
58015	34039	0.279474	17623	13806	2610	96
58016	34039	0.282764	17548	13732	2759	96
58000	34039	0.160434	23992	9172	875	97
58001	34039	0.160008	24038	9109	892	97
58002	17469	0.18009	11718	5210	541	97
58003	17633	0.204673	11141	5766	726	97
58004	17676	0.233594	10364	6366	946	97
58005	17965	0.268717	9613	7049	1303	97
58006	34039	0.269235	18149	13451	2439	97
58007	34039	0.270146	18046	13595	2398	97
58008	34039	0.270219	18121	13440	2478	97
58009	34039	0.269882	18122	13461	2456	97
58010	34039	0.269544	18081	13566	2392	97
58011	34039	0.268339	18208	13394	2437	97
58012	34039	0.270366	18087	13498	2454	97
58013	34039	0.269911	18128	13447	2464	97
58014	34039	0.270763	18117	13411	2511	97
58015	34039	0.269074	18162	13436	2441	97
58016	34039	0.268589	18263	13267	2509	97
58000	34039	0.160434	23992	9172	875	98
58001	34039	0.160052	24049	9084	906	98
58002	17267	0.184977	11448	5250	569	98
58003	17597	0.206711	11071	5777	749	98
58004	17801	0.238077	10347	6432	1022	98
58005	17999	0.278238	9379	7224	1396	98
58006	34039	0.279239	17671	13726	2642	98
58007	34039	0.279165	17709	13655	2675	98
58008	34039	0.278313	17755	13621	2663	98
58009	34039	0.280032	17591	13832	2616	98
58010	34039	0.279297	17705	13654	2680	98
58011	34039	0.280942	17590	13772	2677	98
58012	34039	0.280061	17591	13830	2618	98
58013	34039	0.281545	17562	13787	2690	98
58014	34039	0.281133	17561	13817	2661	98
58015	34039	0.277872	17775	13611	2653	98
58016	34039	0.279973	17678	13662	2699	98
58000	34039	0.160434	23992	9172	875	99
58001	34039	0.161623	23873	9329	837	99
58002	17480	0.183696	11606	5326	548	99
58003	17665	0.206935	11110	5799	756	99
58004	17701	0.239534	10237	6448	1016	99
58005	17950	0.280724	9296	7230	1424	99
58006	34039	0.282088	17547	13780	2712	99
58007	34039	0.283278	17487	13819	2733	99
58008	34039	0.284644	17343	14014	2682	99
58009	34039	0.284718	17467	13761	2811	99
58010	34039	0.284086	17461	13816	2762	99
58011	34039	0.284879	17337	14010	2692	99
58012	34039	0.281368	17549	13825	2665	99
58013	34039	0.28175	17561	13775	2703	99
58014	34039	0.280516	17688	13605	2746	99
58015	34039	0.284086	17369	14000	2670	99
58016	34039	0.285041	17420	13833	2786	99
58000	34039	0.160434	23992	9172	875	100
58001	34039	0.160918	23940	9243	856	100
58002	17360	0.180271	11678	5105	577	100
58003	17598	0.209655	11004	5809	785	100
58004	17662	0.244055	10112	6479	1071	100
58005	18011	0.285909	9183	7357	1471	100
58006	34039	0.284703	17415	13866	2758	100
58007	34039	0.284585	17392	13920	2727	100
58008	34039	0.283263	17498	13798	2743	100
58009	34039	0.283175	17472	13856	2711	100
58010	34039	0.285672	17436	13758	2845	100
58011	34039	0.283748	17453	13855	2731	100
58012	34039	0.282925	17470	13877	2692	100
58013	34039	0.281662	17593	13717	2729	100
58014	34039	0.281589	17495	13918	2626	100
58015	34039	0.280149	17632	13742	2665	100
58016	34039	0.280531	17642	13696	2701	100
