// Initial random seed:
2317896327790

// RunInitializeCallbacks():
initializeSLiMOptions(keepPedigrees = T);
initializeTreeSeq();
initializeMutationType(1, 0, "f", 0);
initializeGenomicElementType(1, m1, 1);
initializeGenomicElement(g1, 0, 51304565);
initializeMutationRate(0);
initializeRecombinationRate(c(8.09699e-08, 8.13152e-08, 8.13197e-08, 8.13263e-08, 8.12961e-08, 8.02477e-08, 8.02692e-08, 5.68315e-08, 5.68597e-08, 5.68962e-08, 4.41942e-08, 4.41836e-08, 4.42037e-08, 4.31059e-08, 4.29861e-08, 4.2993e-08, 4.29909e-08, 4.31146e-08, 4.32474e-08, 4.32826e-08, 4.32803e-08, 4.32802e-08, 4.33316e-08, 4.34767e-08, 4.39324e-08, 4.39672e-08, 4.39672e-08, 4.40611e-08, 4.40643e-08, 4.41027e-08, 3.66609e-08, 4.40668e-08, 4.4136e-08, 4.41371e-08, 4.41319e-08, 4.41383e-08, 4.41345e-08, 4.32378e-08, 4.23466e-08, 4.15945e-08, 3.61129e-08, 2.7472e-08, 2.58494e-08, 1.67211e-08, 1.6637e-08, 1.11387e-09, 1.11391e-09, 1.13358e-09, 1.23635e-09, 1.23635e-09, ...), c(16052616, 16053622, 16053657, 16053756, 16054711, 16054958, 16055068, 16055169, 16055205, 16059732, 16061014, 16061340, 16069372, 16072290, 16076925, 16079491, 16099435, 16100057, 16102323, 16103900, 16110034, 16112334, 16136812, 16140626, 16173177, 16201031, 16227429, 16231421, 16252598, 16267519, 16299534, 16317414, 16343551, 16343809, 16344412, 16344570, 16345580, 16346069, 16347192, 16351377, 16351602, 16351850, 16352355, 16364823, 16407118, 16473583, 16477441, 16489237, 16494093, 16494185, ...));

// Starting run at generation <start>:
58000 

Mutation<17:0>
Generation	Ne	Frequency	WT	HET	HOM
58000	34039	0.160434	23992	9172	875	1
1	1	1
58001	34039	0.158686	24076	9123	840	29438
1	1	2
58002	17341	0.179805	11646	5154	541	21706
1	1	2
58003	17679	0.20168	11297	5633	749	15045
1	1	2
58004	17872	0.237355	10401	6458	1013	15150
1	1	2
58005	18241	0.27811	9512	7312	1417	15443
1	1	1
58006	34039	0.277344	17783	13631	2625	17810
1	1	1
58007	34039	0.275919	17864	13566	2609	29423
1	1	1
58008	34039	0.277637	17796	13585	2658	29407
1	1	1
58009	34039	0.278313	17725	13681	2633	29426
1	1	1
58010	34039	0.277417	17690	13812	2537	29416
1	1	1
58011	34039	0.27987	17588	13849	2602	29481
1	1	1
58012	34039	0.282499	17590	13666	2783	29400
1	1	1
58013	34039	0.283102	17511	13783	2745	29507
1	1	1
58014	34039	0.282397	17485	13883	2671	29510
1	1	1
58015	34039	0.27987	17639	13747	2653	29364
1	1	1
58016	34039	0.276198	17858	13559	2622	29419
