// Initial random seed:
2317916327791

// RunInitializeCallbacks():
initializeSLiMOptions(keepPedigrees = T);
initializeTreeSeq();
initializeMutationType(1, 0, "f", 0);
initializeGenomicElementType(1, m1, 1);
initializeGenomicElement(g1, 0, 51304565);
initializeMutationRate(0);
initializeRecombinationRate(c(8.09699e-08, 8.13152e-08, 8.13197e-08, 8.13263e-08, 8.12961e-08, 8.02477e-08, 8.02692e-08, 5.68315e-08, 5.68597e-08, 5.68962e-08, 4.41942e-08, 4.41836e-08, 4.42037e-08, 4.31059e-08, 4.29861e-08, 4.2993e-08, 4.29909e-08, 4.31146e-08, 4.32474e-08, 4.32826e-08, 4.32803e-08, 4.32802e-08, 4.33316e-08, 4.34767e-08, 4.39324e-08, 4.39672e-08, 4.39672e-08, 4.40611e-08, 4.40643e-08, 4.41027e-08, 3.66609e-08, 4.40668e-08, 4.4136e-08, 4.41371e-08, 4.41319e-08, 4.41383e-08, 4.41345e-08, 4.32378e-08, 4.23466e-08, 4.15945e-08, 3.61129e-08, 2.7472e-08, 2.58494e-08, 1.67211e-08, 1.6637e-08, 1.11387e-09, 1.11391e-09, 1.13358e-09, 1.23635e-09, 1.23635e-09, ...), c(16052616, 16053622, 16053657, 16053756, 16054711, 16054958, 16055068, 16055169, 16055205, 16059732, 16061014, 16061340, 16069372, 16072290, 16076925, 16079491, 16099435, 16100057, 16102323, 16103900, 16110034, 16112334, 16136812, 16140626, 16173177, 16201031, 16227429, 16231421, 16252598, 16267519, 16299534, 16317414, 16343551, 16343809, 16344412, 16344570, 16345580, 16346069, 16347192, 16351377, 16351602, 16351850, 16352355, 16364823, 16407118, 16473583, 16477441, 16489237, 16494093, 16494185, ...));

// Starting run at generation <start>:
58000 

Mutation<17:0>
Generation	Ne	Frequency	WT	HET	HOM
58000	34039	0.160434	23992	9172	875	1
1	1	1
58001	34039	0.160595	23978	9189	872	29405
1	1	2
58002	17595	0.180023	11849	5157	589	21797
1	1	2
58003	17515	0.204054	11099	5684	732	15094
1	1	2
58004	17636	0.236221	10284	6372	980	15061
1	1	2
58005	18145	0.277762	9497	7216	1432	15160
1	1	1
58006	34039	0.276639	17847	13551	2641	17704
1	1	1
58007	34039	0.274964	17915	13529	2595	29548
1	1	1
58008	34039	0.275801	17796	13710	2533	29508
1	1	1
58009	34039	0.277535	17746	13692	2601	29371
1	1	1
58010	34039	0.274288	17856	13693	2490	29411
1	1	1
58011	34039	0.274171	18012	13389	2638	29518
1	1	1
58012	34039	0.274611	17962	13459	2618	29447
1	1	1
58013	34039	0.276022	17826	13635	2578	29479
1	1	1
58014	34039	0.276624	17772	13702	2565	29329
1	1	1
58015	34039	0.276653	17763	13718	2558	29432
1	1	1
58016	34039	0.277652	17700	13776	2563	29419
