// Initial random seed:
2317876327789

// RunInitializeCallbacks():
initializeSLiMOptions(keepPedigrees = T);
initializeTreeSeq();
initializeMutationType(1, 0, "f", 0);
initializeGenomicElementType(1, m1, 1);
initializeGenomicElement(g1, 0, 51304565);
initializeMutationRate(0);
initializeRecombinationRate(c(8.09699e-08, 8.13152e-08, 8.13197e-08, 8.13263e-08, 8.12961e-08, 8.02477e-08, 8.02692e-08, 5.68315e-08, 5.68597e-08, 5.68962e-08, 4.41942e-08, 4.41836e-08, 4.42037e-08, 4.31059e-08, 4.29861e-08, 4.2993e-08, 4.29909e-08, 4.31146e-08, 4.32474e-08, 4.32826e-08, 4.32803e-08, 4.32802e-08, 4.33316e-08, 4.34767e-08, 4.39324e-08, 4.39672e-08, 4.39672e-08, 4.40611e-08, 4.40643e-08, 4.41027e-08, 3.66609e-08, 4.40668e-08, 4.4136e-08, 4.41371e-08, 4.41319e-08, 4.41383e-08, 4.41345e-08, 4.32378e-08, 4.23466e-08, 4.15945e-08, 3.61129e-08, 2.7472e-08, 2.58494e-08, 1.67211e-08, 1.6637e-08, 1.11387e-09, 1.11391e-09, 1.13358e-09, 1.23635e-09, 1.23635e-09, ...), c(16052616, 16053622, 16053657, 16053756, 16054711, 16054958, 16055068, 16055169, 16055205, 16059732, 16061014, 16061340, 16069372, 16072290, 16076925, 16079491, 16099435, 16100057, 16102323, 16103900, 16110034, 16112334, 16136812, 16140626, 16173177, 16201031, 16227429, 16231421, 16252598, 16267519, 16299534, 16317414, 16343551, 16343809, 16344412, 16344570, 16345580, 16346069, 16347192, 16351377, 16351602, 16351850, 16352355, 16364823, 16407118, 16473583, 16477441, 16489237, 16494093, 16494185, ...));

// Starting run at generation <start>:
58000 

Mutation<17:0>
Generation	Ne	Frequency	WT	HET	HOM
58000	34039	0.160434	23992	9172	875	1
1	1	1
58001	34039	0.160125	24006	9165	868	29371
1	1	2
58002	17368	0.181771	11641	5140	587	21644
1	1	2
58003	17545	0.21234	10877	5885	783	14991
1	1	2
58004	17831	0.242864	10228	6545	1058	15113
1	1	2
58005	18183	0.283534	9319	7417	1447	15358
1	1	1
58006	34039	0.28272	17477	13877	2685	17757
1	1	1
58007	34039	0.28316	17495	13811	2733	29373
1	1	1
58008	34039	0.282881	17489	13842	2708	29387
1	1	1
58009	34039	0.285041	17386	13901	2752	29343
1	1	1
58010	34039	0.284438	17338	14038	2663	29378
1	1	1
58011	34039	0.283116	17484	13836	2719	29468
1	1	1
58012	34039	0.285232	17425	13810	2804	29477
1	1	1
58013	34039	0.284218	17549	13631	2859	29471
1	1	1
58014	34039	0.285731	17391	13844	2804	29327
1	1	1
58015	34039	0.284527	17402	13904	2733	29406
1	1	1
58016	34039	0.286598	17357	13853	2829	29507
