// Initial random seed:
2317956327791

// RunInitializeCallbacks():
initializeSLiMOptions(keepPedigrees = T);
initializeTreeSeq();
initializeMutationType(1, 0, "f", 0);
initializeGenomicElementType(1, m1, 1);
initializeGenomicElement(g1, 0, 51304565);
initializeMutationRate(0);
initializeRecombinationRate(c(8.09699e-08, 8.13152e-08, 8.13197e-08, 8.13263e-08, 8.12961e-08, 8.02477e-08, 8.02692e-08, 5.68315e-08, 5.68597e-08, 5.68962e-08, 4.41942e-08, 4.41836e-08, 4.42037e-08, 4.31059e-08, 4.29861e-08, 4.2993e-08, 4.29909e-08, 4.31146e-08, 4.32474e-08, 4.32826e-08, 4.32803e-08, 4.32802e-08, 4.33316e-08, 4.34767e-08, 4.39324e-08, 4.39672e-08, 4.39672e-08, 4.40611e-08, 4.40643e-08, 4.41027e-08, 3.66609e-08, 4.40668e-08, 4.4136e-08, 4.41371e-08, 4.41319e-08, 4.41383e-08, 4.41345e-08, 4.32378e-08, 4.23466e-08, 4.15945e-08, 3.61129e-08, 2.7472e-08, 2.58494e-08, 1.67211e-08, 1.6637e-08, 1.11387e-09, 1.11391e-09, 1.13358e-09, 1.23635e-09, 1.23635e-09, ...), c(16052616, 16053622, 16053657, 16053756, 16054711, 16054958, 16055068, 16055169, 16055205, 16059732, 16061014, 16061340, 16069372, 16072290, 16076925, 16079491, 16099435, 16100057, 16102323, 16103900, 16110034, 16112334, 16136812, 16140626, 16173177, 16201031, 16227429, 16231421, 16252598, 16267519, 16299534, 16317414, 16343551, 16343809, 16344412, 16344570, 16345580, 16346069, 16347192, 16351377, 16351602, 16351850, 16352355, 16364823, 16407118, 16473583, 16477441, 16489237, 16494093, 16494185, ...));

// Starting run at generation <start>:
58000 

Mutation<17:0>
Generation	Ne	Frequency	WT	HET	HOM
58000	34039	0.160434	23992	9172	875	1
1	1	1
58001	34039	0.159317	24052	9128	859	29411
1	1	2
58002	17479	0.177585	11813	5124	542	21672
1	1	2
58003	17775	0.204388	11285	5714	776	15185
1	1	2
58004	18151	0.235745	10565	6614	972	15441
1	1	2
58005	18035	0.268866	9673	7026	1336	15521
1	1	1
58006	34039	0.26734	18232	13414	2393	17618
1	1	1
58007	34039	0.270234	18096	13489	2454	29480
1	1	1
58008	34039	0.270513	18092	13478	2469	29489
1	1	1
58009	34039	0.267899	18229	13382	2428	29423
1	1	1
58010	34039	0.265108	18382	13266	2391	29321
1	1	1
58011	34039	0.264241	18362	13365	2312	29365
1	1	1
58012	34039	0.263521	18494	13150	2395	29390
1	1	1
58013	34039	0.264505	18428	13215	2396	29451
1	1	1
58014	34039	0.262052	18538	13162	2339	29430
1	1	1
58015	34039	0.261009	18567	13175	2297	29414
1	1	1
58016	34039	0.263154	18414	13335	2290	29438
