// Initial random seed:
2317776327790

// RunInitializeCallbacks():
initializeSLiMOptions(keepPedigrees = T);
initializeTreeSeq();
initializeMutationType(1, 0, "f", 0);
initializeGenomicElementType(1, m1, 1);
initializeGenomicElement(g1, 0, 51304565);
initializeMutationRate(0);
initializeRecombinationRate(c(8.09699e-08, 8.13152e-08, 8.13197e-08, 8.13263e-08, 8.12961e-08, 8.02477e-08, 8.02692e-08, 5.68315e-08, 5.68597e-08, 5.68962e-08, 4.41942e-08, 4.41836e-08, 4.42037e-08, 4.31059e-08, 4.29861e-08, 4.2993e-08, 4.29909e-08, 4.31146e-08, 4.32474e-08, 4.32826e-08, 4.32803e-08, 4.32802e-08, 4.33316e-08, 4.34767e-08, 4.39324e-08, 4.39672e-08, 4.39672e-08, 4.40611e-08, 4.40643e-08, 4.41027e-08, 3.66609e-08, 4.40668e-08, 4.4136e-08, 4.41371e-08, 4.41319e-08, 4.41383e-08, 4.41345e-08, 4.32378e-08, 4.23466e-08, 4.15945e-08, 3.61129e-08, 2.7472e-08, 2.58494e-08, 1.67211e-08, 1.6637e-08, 1.11387e-09, 1.11391e-09, 1.13358e-09, 1.23635e-09, 1.23635e-09, ...), c(16052616, 16053622, 16053657, 16053756, 16054711, 16054958, 16055068, 16055169, 16055205, 16059732, 16061014, 16061340, 16069372, 16072290, 16076925, 16079491, 16099435, 16100057, 16102323, 16103900, 16110034, 16112334, 16136812, 16140626, 16173177, 16201031, 16227429, 16231421, 16252598, 16267519, 16299534, 16317414, 16343551, 16343809, 16344412, 16344570, 16345580, 16346069, 16347192, 16351377, 16351602, 16351850, 16352355, 16364823, 16407118, 16473583, 16477441, 16489237, 16494093, 16494185, ...));

// Starting run at generation <start>:
58000 

Mutation<17:0>
Generation	Ne	Frequency	WT	HET	HOM
58000	34039	0.160434	23992	9172	875	1
1	1	1
58001	34039	0.158289	24123	9056	860	29487
1	1	2
58002	17429	0.183688	11615	5225	589	21742
1	1	2
58003	17610	0.207041	11085	5758	767	15017
1	1	2
58004	17682	0.242026	10179	6447	1056	15153
1	1	2
58005	18161	0.281317	9385	7334	1442	15345
1	1	1
58006	34039	0.284115	17450	13836	2753	17766
1	1	1
58007	34039	0.285907	17361	13892	2786	29456
1	1	1
58008	34039	0.283087	17524	13758	2757	29441
1	1	1
58009	34039	0.284453	17423	13867	2749	29462
1	1	1
58010	34039	0.284409	17416	13884	2739	29411
1	1	1
58011	34039	0.283601	17493	13785	2761	29398
1	1	1
58012	34039	0.281075	17615	13713	2711	29459
1	1	1
58013	34039	0.280693	17620	13729	2690	29472
1	1	1
58014	34039	0.282896	17501	13817	2721	29481
1	1	1
58015	34039	0.282514	17560	13725	2754	29408
1	1	1
58016	34039	0.284218	17460	13809	2770	29500
