// Initial random seed:
2317866327789

// RunInitializeCallbacks():
initializeSLiMOptions(keepPedigrees = T);
initializeTreeSeq();
initializeMutationType(1, 0, "f", 0);
initializeGenomicElementType(1, m1, 1);
initializeGenomicElement(g1, 0, 51304565);
initializeMutationRate(0);
initializeRecombinationRate(c(8.09699e-08, 8.13152e-08, 8.13197e-08, 8.13263e-08, 8.12961e-08, 8.02477e-08, 8.02692e-08, 5.68315e-08, 5.68597e-08, 5.68962e-08, 4.41942e-08, 4.41836e-08, 4.42037e-08, 4.31059e-08, 4.29861e-08, 4.2993e-08, 4.29909e-08, 4.31146e-08, 4.32474e-08, 4.32826e-08, 4.32803e-08, 4.32802e-08, 4.33316e-08, 4.34767e-08, 4.39324e-08, 4.39672e-08, 4.39672e-08, 4.40611e-08, 4.40643e-08, 4.41027e-08, 3.66609e-08, 4.40668e-08, 4.4136e-08, 4.41371e-08, 4.41319e-08, 4.41383e-08, 4.41345e-08, 4.32378e-08, 4.23466e-08, 4.15945e-08, 3.61129e-08, 2.7472e-08, 2.58494e-08, 1.67211e-08, 1.6637e-08, 1.11387e-09, 1.11391e-09, 1.13358e-09, 1.23635e-09, 1.23635e-09, ...), c(16052616, 16053622, 16053657, 16053756, 16054711, 16054958, 16055068, 16055169, 16055205, 16059732, 16061014, 16061340, 16069372, 16072290, 16076925, 16079491, 16099435, 16100057, 16102323, 16103900, 16110034, 16112334, 16136812, 16140626, 16173177, 16201031, 16227429, 16231421, 16252598, 16267519, 16299534, 16317414, 16343551, 16343809, 16344412, 16344570, 16345580, 16346069, 16347192, 16351377, 16351602, 16351850, 16352355, 16364823, 16407118, 16473583, 16477441, 16489237, 16494093, 16494185, ...));

// Starting run at generation <start>:
58000 

Mutation<17:0>
Generation	Ne	Frequency	WT	HET	HOM
58000	34039	0.160434	23992	9172	875	1
1	1	1
58001	34039	0.162123	23839	9363	837	29471
1	1	2
58002	17290	0.183343	11498	5244	548	21585
1	1	2
58003	17622	0.206645	11138	5685	799	14971
1	1	2
58004	17650	0.239348	10225	6401	1024	15166
1	1	2
58005	18210	0.282565	9437	7255	1518	15233
1	1	1
58006	34039	0.279415	17612	13832	2595	17795
1	1	1
58007	34039	0.281075	17641	13661	2737	29442
1	1	1
58008	34039	0.279753	17601	13831	2607	29441
1	1	1
58009	34039	0.27423	17963	13483	2593	29411
1	1	1
58010	34039	0.273657	17986	13476	2577	29374
1	1	1
58011	34039	0.274024	17925	13573	2541	29401
1	1	1
58012	34039	0.272437	18075	13381	2583	29520
1	1	1
58013	34039	0.273466	17967	13527	2545	29474
1	1	1
58014	34039	0.274376	17925	13549	2565	29466
1	1	1
58015	34039	0.275698	17789	13731	2519	29463
1	1	1
58016	34039	0.275654	17790	13732	2517	29478
